[ 2016-09-28T09:22:18+08:00 ] 171.221.254.8 /
INFO: [ app_init ] --START--
INFO: Run Behavior\BuildLiteBehavior [ RunTime:0.000011s ]
INFO: [ app_init ] --END-- [ RunTime:0.000351s ]
INFO: [ app_begin ] --START--
INFO: Run Behavior\ReadHtmlCacheBehavior [ RunTime:0.001547s ]
INFO: [ app_begin ] --END-- [ RunTime:0.001622s ]
INFO: [ view_parse ] --START--
INFO: [ template_filter ] --START--
INFO: Run Behavior\ContentReplaceBehavior [ RunTime:0.000142s ]
INFO: [ template_filter ] --END-- [ RunTime:0.000201s ]
NOTIC: [8] Undefined variable: web_title D:\website\blog\Application\Runtime\Cache\Home\2a94b8bda04ff446dcedd42276fc99ee.php 第 9 行.
NOTIC: [8] Undefined variable: web_title D:\website\blog\Application\Runtime\Cache\Home\2a94b8bda04ff446dcedd42276fc99ee.php 第 23 行.
NOTIC: [8] Undefined variable: web_title D:\website\blog\Application\Runtime\Cache\Home\2a94b8bda04ff446dcedd42276fc99ee.php 第 23 行.
NOTIC: [8] Undefined variable: web_title D:\website\blog\Application\Runtime\Cache\Home\2a94b8bda04ff446dcedd42276fc99ee.php 第 68 行.
NOTIC: [8] Undefined variable: web_title D:\website\blog\Application\Runtime\Cache\Home\2a94b8bda04ff446dcedd42276fc99ee.php 第 68 行.
INFO: Run Behavior\ParseTemplateBehavior [ RunTime:0.017211s ]
INFO: [ view_parse ] --END-- [ RunTime:0.017275s ]
INFO: [ view_filter ] --START--
INFO: Run Behavior\WriteHtmlCacheBehavior [ RunTime:0.000921s ]
INFO: [ view_filter ] --END-- [ RunTime:0.000973s ]
INFO: [ app_end ] --START--
INFO: Run Behavior\ShowPageTraceBehavior [ RunTime:0.000670s ]
INFO: [ app_end ] --END-- [ RunTime:0.000722s ]

[ 2016-09-28T09:24:47+08:00 ] 171.221.254.8 /
INFO: [ app_init ] --START--
INFO: Run Behavior\BuildLiteBehavior [ RunTime:0.000028s ]
INFO: [ app_init ] --END-- [ RunTime:0.000821s ]
INFO: [ app_begin ] --START--
INFO: Run Behavior\ReadHtmlCacheBehavior [ RunTime:0.001202s ]
INFO: [ app_begin ] --END-- [ RunTime:0.001385s ]
INFO: [ view_parse ] --START--
INFO: [ template_filter ] --START--
INFO: Run Behavior\ContentReplaceBehavior [ RunTime:0.000133s ]
INFO: [ template_filter ] --END-- [ RunTime:0.000192s ]
NOTIC: [8] Undefined variable: web_title D:\website\blog\Application\Runtime\Cache\Home\2a94b8bda04ff446dcedd42276fc99ee.php 第 9 行.
NOTIC: [8] Undefined variable: web_title D:\website\blog\Application\Runtime\Cache\Home\2a94b8bda04ff446dcedd42276fc99ee.php 第 23 行.
NOTIC: [8] Undefined variable: web_title D:\website\blog\Application\Runtime\Cache\Home\2a94b8bda04ff446dcedd42276fc99ee.php 第 23 行.
NOTIC: [8] Undefined variable: web_title D:\website\blog\Application\Runtime\Cache\Home\2a94b8bda04ff446dcedd42276fc99ee.php 第 68 行.
NOTIC: [8] Undefined variable: web_title D:\website\blog\Application\Runtime\Cache\Home\2a94b8bda04ff446dcedd42276fc99ee.php 第 68 行.
INFO: Run Behavior\ParseTemplateBehavior [ RunTime:0.018238s ]
INFO: [ view_parse ] --END-- [ RunTime:0.018321s ]
INFO: [ view_filter ] --START--
INFO: Run Behavior\WriteHtmlCacheBehavior [ RunTime:0.000394s ]
INFO: [ view_filter ] --END-- [ RunTime:0.000441s ]
INFO: [ app_end ] --START--
INFO: Run Behavior\ShowPageTraceBehavior [ RunTime:0.000639s ]
INFO: [ app_end ] --END-- [ RunTime:0.000690s ]

[ 2016-09-28T09:24:52+08:00 ] 171.221.254.8 /
INFO: [ app_init ] --START--
INFO: Run Behavior\BuildLiteBehavior [ RunTime:0.000018s ]
INFO: [ app_init ] --END-- [ RunTime:0.000503s ]
INFO: [ app_begin ] --START--
INFO: Run Behavior\ReadHtmlCacheBehavior [ RunTime:0.000746s ]
INFO: [ app_begin ] --END-- [ RunTime:0.000817s ]
INFO: [ view_parse ] --START--
INFO: [ template_filter ] --START--
INFO: Run Behavior\ContentReplaceBehavior [ RunTime:0.000131s ]
INFO: [ template_filter ] --END-- [ RunTime:0.000187s ]
NOTIC: [8] Undefined variable: web_title D:\website\blog\Application\Runtime\Cache\Home\2a94b8bda04ff446dcedd42276fc99ee.php 第 9 行.
NOTIC: [8] Undefined variable: web_title D:\website\blog\Application\Runtime\Cache\Home\2a94b8bda04ff446dcedd42276fc99ee.php 第 23 行.
NOTIC: [8] Undefined variable: web_title D:\website\blog\Application\Runtime\Cache\Home\2a94b8bda04ff446dcedd42276fc99ee.php 第 23 行.
NOTIC: [8] Undefined variable: web_title D:\website\blog\Application\Runtime\Cache\Home\2a94b8bda04ff446dcedd42276fc99ee.php 第 68 行.
NOTIC: [8] Undefined variable: web_title D:\website\blog\Application\Runtime\Cache\Home\2a94b8bda04ff446dcedd42276fc99ee.php 第 68 行.
INFO: Run Behavior\ParseTemplateBehavior [ RunTime:0.013838s ]
INFO: [ view_parse ] --END-- [ RunTime:0.013905s ]
INFO: [ view_filter ] --START--
INFO: Run Behavior\WriteHtmlCacheBehavior [ RunTime:0.000399s ]
INFO: [ view_filter ] --END-- [ RunTime:0.000448s ]
INFO: [ app_end ] --START--
INFO: Run Behavior\ShowPageTraceBehavior [ RunTime:0.000568s ]
INFO: [ app_end ] --END-- [ RunTime:0.000620s ]

[ 2016-09-28T09:24:53+08:00 ] 171.221.254.8 /
INFO: [ app_init ] --START--
INFO: Run Behavior\BuildLiteBehavior [ RunTime:0.000026s ]
INFO: [ app_init ] --END-- [ RunTime:0.000704s ]
INFO: [ app_begin ] --START--
INFO: Run Behavior\ReadHtmlCacheBehavior [ RunTime:0.000909s ]
INFO: [ app_begin ] --END-- [ RunTime:0.001021s ]
INFO: [ view_parse ] --START--
INFO: [ template_filter ] --START--
INFO: Run Behavior\ContentReplaceBehavior [ RunTime:0.000137s ]
INFO: [ template_filter ] --END-- [ RunTime:0.000200s ]
NOTIC: [8] Undefined variable: web_title D:\website\blog\Application\Runtime\Cache\Home\2a94b8bda04ff446dcedd42276fc99ee.php 第 9 行.
NOTIC: [8] Undefined variable: web_title D:\website\blog\Application\Runtime\Cache\Home\2a94b8bda04ff446dcedd42276fc99ee.php 第 23 行.
NOTIC: [8] Undefined variable: web_title D:\website\blog\Application\Runtime\Cache\Home\2a94b8bda04ff446dcedd42276fc99ee.php 第 23 行.
NOTIC: [8] Undefined variable: web_title D:\website\blog\Application\Runtime\Cache\Home\2a94b8bda04ff446dcedd42276fc99ee.php 第 68 行.
NOTIC: [8] Undefined variable: web_title D:\website\blog\Application\Runtime\Cache\Home\2a94b8bda04ff446dcedd42276fc99ee.php 第 68 行.
INFO: Run Behavior\ParseTemplateBehavior [ RunTime:0.012172s ]
INFO: [ view_parse ] --END-- [ RunTime:0.012258s ]
INFO: [ view_filter ] --START--
INFO: Run Behavior\WriteHtmlCacheBehavior [ RunTime:0.000444s ]
INFO: [ view_filter ] --END-- [ RunTime:0.000514s ]
INFO: [ app_end ] --START--
INFO: Run Behavior\ShowPageTraceBehavior [ RunTime:0.000649s ]
INFO: [ app_end ] --END-- [ RunTime:0.000727s ]

[ 2016-09-28T10:27:02+08:00 ] 171.221.254.8 /
INFO: [ app_init ] --START--
INFO: Run Behavior\BuildLiteBehavior [ RunTime:0.000026s ]
INFO: [ app_init ] --END-- [ RunTime:0.000708s ]
INFO: [ app_begin ] --START--
INFO: Run Behavior\ReadHtmlCacheBehavior [ RunTime:0.000942s ]
INFO: [ app_begin ] --END-- [ RunTime:0.001066s ]
INFO: [ view_parse ] --START--
INFO: [ template_filter ] --START--
INFO: Run Behavior\ContentReplaceBehavior [ RunTime:0.000130s ]
INFO: [ template_filter ] --END-- [ RunTime:0.000185s ]
NOTIC: [8] Undefined variable: web_title D:\website\blog\Application\Runtime\Cache\Home\2a94b8bda04ff446dcedd42276fc99ee.php 第 9 行.
NOTIC: [8] Undefined variable: web_title D:\website\blog\Application\Runtime\Cache\Home\2a94b8bda04ff446dcedd42276fc99ee.php 第 23 行.
NOTIC: [8] Undefined variable: web_title D:\website\blog\Application\Runtime\Cache\Home\2a94b8bda04ff446dcedd42276fc99ee.php 第 23 行.
NOTIC: [8] Undefined variable: web_title D:\website\blog\Application\Runtime\Cache\Home\2a94b8bda04ff446dcedd42276fc99ee.php 第 68 行.
NOTIC: [8] Undefined variable: web_title D:\website\blog\Application\Runtime\Cache\Home\2a94b8bda04ff446dcedd42276fc99ee.php 第 68 行.
INFO: Run Behavior\ParseTemplateBehavior [ RunTime:0.016176s ]
INFO: [ view_parse ] --END-- [ RunTime:0.016256s ]
INFO: [ view_filter ] --START--
INFO: Run Behavior\WriteHtmlCacheBehavior [ RunTime:0.000338s ]
INFO: [ view_filter ] --END-- [ RunTime:0.000379s ]
INFO: [ app_end ] --START--
INFO: Run Behavior\ShowPageTraceBehavior [ RunTime:0.000544s ]
INFO: [ app_end ] --END-- [ RunTime:0.000593s ]

[ 2016-09-28T11:11:06+08:00 ] 171.221.254.8 /
INFO: [ app_init ] --START--
INFO: Run Behavior\BuildLiteBehavior [ RunTime:0.000020s ]
INFO: [ app_init ] --END-- [ RunTime:0.000479s ]
INFO: [ app_begin ] --START--
INFO: Run Behavior\ReadHtmlCacheBehavior [ RunTime:0.000604s ]
INFO: [ app_begin ] --END-- [ RunTime:0.000683s ]
INFO: [ view_parse ] --START--
INFO: [ template_filter ] --START--
INFO: Run Behavior\ContentReplaceBehavior [ RunTime:0.000201s ]
INFO: [ template_filter ] --END-- [ RunTime:0.000280s ]
NOTIC: [8] Undefined variable: web_title D:\website\blog\Application\Runtime\Cache\Home\2a94b8bda04ff446dcedd42276fc99ee.php 第 9 行.
NOTIC: [8] Undefined variable: web_title D:\website\blog\Application\Runtime\Cache\Home\2a94b8bda04ff446dcedd42276fc99ee.php 第 23 行.
NOTIC: [8] Undefined variable: web_title D:\website\blog\Application\Runtime\Cache\Home\2a94b8bda04ff446dcedd42276fc99ee.php 第 23 行.
NOTIC: [8] Undefined variable: web_title D:\website\blog\Application\Runtime\Cache\Home\2a94b8bda04ff446dcedd42276fc99ee.php 第 68 行.
NOTIC: [8] Undefined variable: web_title D:\website\blog\Application\Runtime\Cache\Home\2a94b8bda04ff446dcedd42276fc99ee.php 第 68 行.
INFO: Run Behavior\ParseTemplateBehavior [ RunTime:0.013265s ]
INFO: [ view_parse ] --END-- [ RunTime:0.013322s ]
INFO: [ view_filter ] --START--
INFO: Run Behavior\WriteHtmlCacheBehavior [ RunTime:0.000274s ]
INFO: [ view_filter ] --END-- [ RunTime:0.000317s ]
INFO: [ app_end ] --START--
INFO: Run Behavior\ShowPageTraceBehavior [ RunTime:0.000524s ]
INFO: [ app_end ] --END-- [ RunTime:0.000580s ]

[ 2016-09-28T22:40:35+08:00 ] 127.0.0.1 /home/upload/getUpLoad.html
INFO: [ app_init ] --START--
INFO: Run Behavior\BuildLiteBehavior [ RunTime:0.000028s ]
INFO: [ app_init ] --END-- [ RunTime:0.000709s ]
INFO: [ app_begin ] --START--
INFO: Run Behavior\ReadHtmlCacheBehavior [ RunTime:0.001105s ]
INFO: [ app_begin ] --END-- [ RunTime:0.001227s ]

[ 2016-09-28T22:44:40+08:00 ] 127.0.0.1 /home/upload/getUpLoad.html
INFO: [ app_init ] --START--
INFO: Run Behavior\BuildLiteBehavior [ RunTime:0.000030s ]
INFO: [ app_init ] --END-- [ RunTime:0.000711s ]
INFO: [ app_begin ] --START--
INFO: Run Behavior\ReadHtmlCacheBehavior [ RunTime:0.000830s ]
INFO: [ app_begin ] --END-- [ RunTime:0.000921s ]

[ 2016-09-28T23:39:59+08:00 ] 192.168.0.100 /
INFO: [ app_init ] --START--
INFO: Run Behavior\BuildLiteBehavior [ RunTime:0.000024s ]
INFO: [ app_init ] --END-- [ RunTime:0.001287s ]
INFO: [ app_begin ] --START--
INFO: Run Behavior\ReadHtmlCacheBehavior [ RunTime:0.002231s ]
INFO: [ app_begin ] --END-- [ RunTime:0.002320s ]
INFO: [ view_parse ] --START--
INFO: [ template_filter ] --START--
INFO: Run Behavior\ContentReplaceBehavior [ RunTime:0.000193s ]
INFO: [ template_filter ] --END-- [ RunTime:0.000260s ]
NOTIC: [8] Undefined variable: web_title D:\website\blog\Application\Runtime\Cache\Home\2a94b8bda04ff446dcedd42276fc99ee.php 第 9 行.
NOTIC: [8] Undefined variable: web_title D:\website\blog\Application\Runtime\Cache\Home\2a94b8bda04ff446dcedd42276fc99ee.php 第 23 行.
NOTIC: [8] Undefined variable: web_title D:\website\blog\Application\Runtime\Cache\Home\2a94b8bda04ff446dcedd42276fc99ee.php 第 23 行.
NOTIC: [8] Undefined variable: web_title D:\website\blog\Application\Runtime\Cache\Home\2a94b8bda04ff446dcedd42276fc99ee.php 第 68 行.
NOTIC: [8] Undefined variable: web_title D:\website\blog\Application\Runtime\Cache\Home\2a94b8bda04ff446dcedd42276fc99ee.php 第 68 行.
INFO: Run Behavior\ParseTemplateBehavior [ RunTime:0.024821s ]
INFO: [ view_parse ] --END-- [ RunTime:0.024910s ]
INFO: [ view_filter ] --START--
INFO: Run Behavior\WriteHtmlCacheBehavior [ RunTime:0.002456s ]
INFO: [ view_filter ] --END-- [ RunTime:0.002551s ]
INFO: [ app_end ] --START--
INFO: Run Behavior\ShowPageTraceBehavior [ RunTime:0.002510s ]
INFO: [ app_end ] --END-- [ RunTime:0.002648s ]

[ 2016-09-28T23:45:56+08:00 ] 125.71.134.108 /
INFO: [ app_init ] --START--
INFO: Run Behavior\BuildLiteBehavior [ RunTime:0.000015s ]
INFO: [ app_init ] --END-- [ RunTime:0.000463s ]
INFO: [ app_begin ] --START--
INFO: Run Behavior\ReadHtmlCacheBehavior [ RunTime:0.000742s ]
INFO: [ app_begin ] --END-- [ RunTime:0.000794s ]
INFO: [ view_parse ] --START--
INFO: [ template_filter ] --START--
INFO: Run Behavior\ContentReplaceBehavior [ RunTime:0.000154s ]
INFO: [ template_filter ] --END-- [ RunTime:0.000211s ]
NOTIC: [8] Undefined variable: web_title D:\website\blog\Application\Runtime\Cache\Home\2a94b8bda04ff446dcedd42276fc99ee.php 第 9 行.
NOTIC: [8] Undefined variable: web_title D:\website\blog\Application\Runtime\Cache\Home\2a94b8bda04ff446dcedd42276fc99ee.php 第 23 行.
NOTIC: [8] Undefined variable: web_title D:\website\blog\Application\Runtime\Cache\Home\2a94b8bda04ff446dcedd42276fc99ee.php 第 23 行.
NOTIC: [8] Undefined variable: web_title D:\website\blog\Application\Runtime\Cache\Home\2a94b8bda04ff446dcedd42276fc99ee.php 第 68 行.
NOTIC: [8] Undefined variable: web_title D:\website\blog\Application\Runtime\Cache\Home\2a94b8bda04ff446dcedd42276fc99ee.php 第 68 行.
INFO: Run Behavior\ParseTemplateBehavior [ RunTime:0.013651s ]
INFO: [ view_parse ] --END-- [ RunTime:0.013714s ]
INFO: [ view_filter ] --START--
INFO: Run Behavior\WriteHtmlCacheBehavior [ RunTime:0.000565s ]
INFO: [ view_filter ] --END-- [ RunTime:0.000609s ]
INFO: [ app_end ] --START--
INFO: Run Behavior\ShowPageTraceBehavior [ RunTime:0.000753s ]
INFO: [ app_end ] --END-- [ RunTime:0.000803s ]

[ 2016-09-28T23:47:48+08:00 ] 192.168.0.100 /home/index/lists.html
INFO: [ app_init ] --START--
INFO: Run Behavior\BuildLiteBehavior [ RunTime:0.000024s ]
INFO: [ app_init ] --END-- [ RunTime:0.000707s ]
INFO: [ app_begin ] --START--
INFO: Run Behavior\ReadHtmlCacheBehavior [ RunTime:0.001457s ]
INFO: [ app_begin ] --END-- [ RunTime:0.001572s ]
SQL: SHOW COLUMNS FROM `tp_article` [ RunTime:0.0186s ]
SQL: SELECT * FROM `tp_article`  [ RunTime:0.0128s ]
INFO: [ view_parse ] --START--
INFO: [ template_filter ] --START--
INFO: Run Behavior\ContentReplaceBehavior [ RunTime:0.000086s ]
INFO: [ template_filter ] --END-- [ RunTime:0.000179s ]
NOTIC: [8] Undefined index: id D:\website\blog\Application\Runtime\Cache\Home\72653c5b98bacce026832b51aa92934a.php 第 28 行.
NOTIC: [8] Undefined index: tags_name D:\website\blog\Application\Runtime\Cache\Home\72653c5b98bacce026832b51aa92934a.php 第 28 行.
NOTIC: [8] Undefined index: tags_name D:\website\blog\Application\Runtime\Cache\Home\72653c5b98bacce026832b51aa92934a.php 第 28 行.
NOTIC: [8] Undefined index: counts D:\website\blog\Application\Runtime\Cache\Home\72653c5b98bacce026832b51aa92934a.php 第 28 行.
INFO: Run Behavior\ParseTemplateBehavior [ RunTime:0.014745s ]
INFO: [ view_parse ] --END-- [ RunTime:0.014842s ]
INFO: [ view_filter ] --START--
INFO: Run Behavior\WriteHtmlCacheBehavior [ RunTime:0.001012s ]
INFO: [ view_filter ] --END-- [ RunTime:0.001101s ]
NOTIC: [2] Cannot modify header information - headers already sent by (output started at D:\website\blog\ThinkPHP\Common\functions.php:850) D:\website\blog\ThinkPHP\Library\Think\View.class.php 第 91 行.
NOTIC: [2] Cannot modify header information - headers already sent by (output started at D:\website\blog\ThinkPHP\Common\functions.php:850) D:\website\blog\ThinkPHP\Library\Think\View.class.php 第 92 行.
NOTIC: [2] Cannot modify header information - headers already sent by (output started at D:\website\blog\ThinkPHP\Common\functions.php:850) D:\website\blog\ThinkPHP\Library\Think\View.class.php 第 93 行.
INFO: [ app_end ] --START--
INFO: Run Behavior\ShowPageTraceBehavior [ RunTime:0.001262s ]
INFO: [ app_end ] --END-- [ RunTime:0.001363s ]

[ 2016-09-28T23:48:03+08:00 ] 192.168.0.100 /home/index/lists.html
INFO: [ app_init ] --START--
INFO: Run Behavior\BuildLiteBehavior [ RunTime:0.000015s ]
INFO: [ app_init ] --END-- [ RunTime:0.000397s ]
INFO: [ app_begin ] --START--
INFO: Run Behavior\ReadHtmlCacheBehavior [ RunTime:0.000770s ]
INFO: [ app_begin ] --END-- [ RunTime:0.000825s ]
SQL: SHOW COLUMNS FROM `tp_article` [ RunTime:0.0354s ]
SQL: SELECT * FROM `tp_article`  [ RunTime:0.0122s ]
INFO: [ view_parse ] --START--
INFO: [ template_filter ] --START--
INFO: Run Behavior\ContentReplaceBehavior [ RunTime:0.000060s ]
INFO: [ template_filter ] --END-- [ RunTime:0.000128s ]
NOTIC: [8] Undefined index: tags_name D:\website\blog\Application\Runtime\Cache\Home\72653c5b98bacce026832b51aa92934a.php 第 28 行.
NOTIC: [8] Undefined index: tags_name D:\website\blog\Application\Runtime\Cache\Home\72653c5b98bacce026832b51aa92934a.php 第 28 行.
NOTIC: [8] Undefined index: counts D:\website\blog\Application\Runtime\Cache\Home\72653c5b98bacce026832b51aa92934a.php 第 28 行.
NOTIC: [8] Undefined index: tags_name D:\website\blog\Application\Runtime\Cache\Home\72653c5b98bacce026832b51aa92934a.php 第 28 行.
NOTIC: [8] Undefined index: tags_name D:\website\blog\Application\Runtime\Cache\Home\72653c5b98bacce026832b51aa92934a.php 第 28 行.
NOTIC: [8] Undefined index: counts D:\website\blog\Application\Runtime\Cache\Home\72653c5b98bacce026832b51aa92934a.php 第 28 行.
NOTIC: [8] Undefined index: tags_name D:\website\blog\Application\Runtime\Cache\Home\72653c5b98bacce026832b51aa92934a.php 第 28 行.
NOTIC: [8] Undefined index: tags_name D:\website\blog\Application\Runtime\Cache\Home\72653c5b98bacce026832b51aa92934a.php 第 28 行.
NOTIC: [8] Undefined index: counts D:\website\blog\Application\Runtime\Cache\Home\72653c5b98bacce026832b51aa92934a.php 第 28 行.
NOTIC: [8] Undefined index: tags_name D:\website\blog\Application\Runtime\Cache\Home\72653c5b98bacce026832b51aa92934a.php 第 28 行.
NOTIC: [8] Undefined index: tags_name D:\website\blog\Application\Runtime\Cache\Home\72653c5b98bacce026832b51aa92934a.php 第 28 行.
NOTIC: [8] Undefined index: counts D:\website\blog\Application\Runtime\Cache\Home\72653c5b98bacce026832b51aa92934a.php 第 28 行.
NOTIC: [8] Undefined index: tags_name D:\website\blog\Application\Runtime\Cache\Home\72653c5b98bacce026832b51aa92934a.php 第 28 行.
NOTIC: [8] Undefined index: tags_name D:\website\blog\Application\Runtime\Cache\Home\72653c5b98bacce026832b51aa92934a.php 第 28 行.
NOTIC: [8] Undefined index: counts D:\website\blog\Application\Runtime\Cache\Home\72653c5b98bacce026832b51aa92934a.php 第 28 行.
NOTIC: [8] Undefined index: tags_name D:\website\blog\Application\Runtime\Cache\Home\72653c5b98bacce026832b51aa92934a.php 第 28 行.
NOTIC: [8] Undefined index: tags_name D:\website\blog\Application\Runtime\Cache\Home\72653c5b98bacce026832b51aa92934a.php 第 28 行.
NOTIC: [8] Undefined index: counts D:\website\blog\Application\Runtime\Cache\Home\72653c5b98bacce026832b51aa92934a.php 第 28 行.
INFO: Run Behavior\ParseTemplateBehavior [ RunTime:0.009109s ]
INFO: [ view_parse ] --END-- [ RunTime:0.009182s ]
INFO: [ view_filter ] --START--
INFO: Run Behavior\WriteHtmlCacheBehavior [ RunTime:0.001334s ]
INFO: [ view_filter ] --END-- [ RunTime:0.001405s ]
NOTIC: [2] Cannot modify header information - headers already sent by (output started at D:\website\blog\ThinkPHP\Common\functions.php:850) D:\website\blog\ThinkPHP\Library\Think\View.class.php 第 91 行.
NOTIC: [2] Cannot modify header information - headers already sent by (output started at D:\website\blog\ThinkPHP\Common\functions.php:850) D:\website\blog\ThinkPHP\Library\Think\View.class.php 第 92 行.
NOTIC: [2] Cannot modify header information - headers already sent by (output started at D:\website\blog\ThinkPHP\Common\functions.php:850) D:\website\blog\ThinkPHP\Library\Think\View.class.php 第 93 行.
INFO: [ app_end ] --START--
INFO: Run Behavior\ShowPageTraceBehavior [ RunTime:0.001034s ]
INFO: [ app_end ] --END-- [ RunTime:0.001103s ]

[ 2016-09-28T23:48:05+08:00 ] 192.168.0.100 /home/index/lists.html
INFO: [ app_init ] --START--
INFO: Run Behavior\BuildLiteBehavior [ RunTime:0.000012s ]
INFO: [ app_init ] --END-- [ RunTime:0.000362s ]
INFO: [ app_begin ] --START--
INFO: Run Behavior\ReadHtmlCacheBehavior [ RunTime:0.000772s ]
INFO: [ app_begin ] --END-- [ RunTime:0.000826s ]
SQL: SHOW COLUMNS FROM `tp_article` [ RunTime:0.0318s ]
SQL: SELECT * FROM `tp_article`  [ RunTime:0.0146s ]
INFO: [ view_parse ] --START--
INFO: [ template_filter ] --START--
INFO: Run Behavior\ContentReplaceBehavior [ RunTime:0.000061s ]
INFO: [ template_filter ] --END-- [ RunTime:0.000127s ]
NOTIC: [8] Undefined index: tags_name D:\website\blog\Application\Runtime\Cache\Home\72653c5b98bacce026832b51aa92934a.php 第 28 行.
NOTIC: [8] Undefined index: tags_name D:\website\blog\Application\Runtime\Cache\Home\72653c5b98bacce026832b51aa92934a.php 第 28 行.
NOTIC: [8] Undefined index: counts D:\website\blog\Application\Runtime\Cache\Home\72653c5b98bacce026832b51aa92934a.php 第 28 行.
NOTIC: [8] Undefined index: tags_name D:\website\blog\Application\Runtime\Cache\Home\72653c5b98bacce026832b51aa92934a.php 第 28 行.
NOTIC: [8] Undefined index: tags_name D:\website\blog\Application\Runtime\Cache\Home\72653c5b98bacce026832b51aa92934a.php 第 28 行.
NOTIC: [8] Undefined index: counts D:\website\blog\Application\Runtime\Cache\Home\72653c5b98bacce026832b51aa92934a.php 第 28 行.
NOTIC: [8] Undefined index: tags_name D:\website\blog\Application\Runtime\Cache\Home\72653c5b98bacce026832b51aa92934a.php 第 28 行.
NOTIC: [8] Undefined index: tags_name D:\website\blog\Application\Runtime\Cache\Home\72653c5b98bacce026832b51aa92934a.php 第 28 行.
NOTIC: [8] Undefined index: counts D:\website\blog\Application\Runtime\Cache\Home\72653c5b98bacce026832b51aa92934a.php 第 28 行.
NOTIC: [8] Undefined index: tags_name D:\website\blog\Application\Runtime\Cache\Home\72653c5b98bacce026832b51aa92934a.php 第 28 行.
NOTIC: [8] Undefined index: tags_name D:\website\blog\Application\Runtime\Cache\Home\72653c5b98bacce026832b51aa92934a.php 第 28 行.
NOTIC: [8] Undefined index: counts D:\website\blog\Application\Runtime\Cache\Home\72653c5b98bacce026832b51aa92934a.php 第 28 行.
NOTIC: [8] Undefined index: tags_name D:\website\blog\Application\Runtime\Cache\Home\72653c5b98bacce026832b51aa92934a.php 第 28 行.
NOTIC: [8] Undefined index: tags_name D:\website\blog\Application\Runtime\Cache\Home\72653c5b98bacce026832b51aa92934a.php 第 28 行.
NOTIC: [8] Undefined index: counts D:\website\blog\Application\Runtime\Cache\Home\72653c5b98bacce026832b51aa92934a.php 第 28 行.
NOTIC: [8] Undefined index: tags_name D:\website\blog\Application\Runtime\Cache\Home\72653c5b98bacce026832b51aa92934a.php 第 28 行.
NOTIC: [8] Undefined index: tags_name D:\website\blog\Application\Runtime\Cache\Home\72653c5b98bacce026832b51aa92934a.php 第 28 行.
NOTIC: [8] Undefined index: counts D:\website\blog\Application\Runtime\Cache\Home\72653c5b98bacce026832b51aa92934a.php 第 28 行.
INFO: Run Behavior\ParseTemplateBehavior [ RunTime:0.010744s ]
INFO: [ view_parse ] --END-- [ RunTime:0.010806s ]
INFO: [ view_filter ] --START--
INFO: Run Behavior\WriteHtmlCacheBehavior [ RunTime:0.000829s ]
INFO: [ view_filter ] --END-- [ RunTime:0.000887s ]
NOTIC: [2] Cannot modify header information - headers already sent by (output started at D:\website\blog\ThinkPHP\Common\functions.php:850) D:\website\blog\ThinkPHP\Library\Think\View.class.php 第 91 行.
NOTIC: [2] Cannot modify header information - headers already sent by (output started at D:\website\blog\ThinkPHP\Common\functions.php:850) D:\website\blog\ThinkPHP\Library\Think\View.class.php 第 92 行.
NOTIC: [2] Cannot modify header information - headers already sent by (output started at D:\website\blog\ThinkPHP\Common\functions.php:850) D:\website\blog\ThinkPHP\Library\Think\View.class.php 第 93 行.
INFO: [ app_end ] --START--
INFO: Run Behavior\ShowPageTraceBehavior [ RunTime:0.002858s ]
INFO: [ app_end ] --END-- [ RunTime:0.003065s ]

[ 2016-09-28T23:48:08+08:00 ] 192.168.0.100 /home/index/lists.html
INFO: [ app_init ] --START--
INFO: Run Behavior\BuildLiteBehavior [ RunTime:0.000024s ]
INFO: [ app_init ] --END-- [ RunTime:0.000741s ]
INFO: [ app_begin ] --START--
INFO: Run Behavior\ReadHtmlCacheBehavior [ RunTime:0.000843s ]
INFO: [ app_begin ] --END-- [ RunTime:0.000928s ]
SQL: SHOW COLUMNS FROM `tp_article` [ RunTime:0.0359s ]
SQL: SELECT * FROM `tp_article`  [ RunTime:0.0144s ]
INFO: [ view_parse ] --START--
INFO: [ template_filter ] --START--
INFO: Run Behavior\ContentReplaceBehavior [ RunTime:0.000055s ]
INFO: [ template_filter ] --END-- [ RunTime:0.000110s ]
NOTIC: [8] Undefined index: tags_name D:\website\blog\Application\Runtime\Cache\Home\72653c5b98bacce026832b51aa92934a.php 第 28 行.
NOTIC: [8] Undefined index: tags_name D:\website\blog\Application\Runtime\Cache\Home\72653c5b98bacce026832b51aa92934a.php 第 28 行.
NOTIC: [8] Undefined index: counts D:\website\blog\Application\Runtime\Cache\Home\72653c5b98bacce026832b51aa92934a.php 第 28 行.
NOTIC: [8] Undefined index: tags_name D:\website\blog\Application\Runtime\Cache\Home\72653c5b98bacce026832b51aa92934a.php 第 28 行.
NOTIC: [8] Undefined index: tags_name D:\website\blog\Application\Runtime\Cache\Home\72653c5b98bacce026832b51aa92934a.php 第 28 行.
NOTIC: [8] Undefined index: counts D:\website\blog\Application\Runtime\Cache\Home\72653c5b98bacce026832b51aa92934a.php 第 28 行.
NOTIC: [8] Undefined index: tags_name D:\website\blog\Application\Runtime\Cache\Home\72653c5b98bacce026832b51aa92934a.php 第 28 行.
NOTIC: [8] Undefined index: tags_name D:\website\blog\Application\Runtime\Cache\Home\72653c5b98bacce026832b51aa92934a.php 第 28 行.
NOTIC: [8] Undefined index: counts D:\website\blog\Application\Runtime\Cache\Home\72653c5b98bacce026832b51aa92934a.php 第 28 行.
NOTIC: [8] Undefined index: tags_name D:\website\blog\Application\Runtime\Cache\Home\72653c5b98bacce026832b51aa92934a.php 第 28 行.
NOTIC: [8] Undefined index: tags_name D:\website\blog\Application\Runtime\Cache\Home\72653c5b98bacce026832b51aa92934a.php 第 28 行.
NOTIC: [8] Undefined index: counts D:\website\blog\Application\Runtime\Cache\Home\72653c5b98bacce026832b51aa92934a.php 第 28 行.
NOTIC: [8] Undefined index: tags_name D:\website\blog\Application\Runtime\Cache\Home\72653c5b98bacce026832b51aa92934a.php 第 28 行.
NOTIC: [8] Undefined index: tags_name D:\website\blog\Application\Runtime\Cache\Home\72653c5b98bacce026832b51aa92934a.php 第 28 行.
NOTIC: [8] Undefined index: counts D:\website\blog\Application\Runtime\Cache\Home\72653c5b98bacce026832b51aa92934a.php 第 28 行.
NOTIC: [8] Undefined index: tags_name D:\website\blog\Application\Runtime\Cache\Home\72653c5b98bacce026832b51aa92934a.php 第 28 行.
NOTIC: [8] Undefined index: tags_name D:\website\blog\Application\Runtime\Cache\Home\72653c5b98bacce026832b51aa92934a.php 第 28 行.
NOTIC: [8] Undefined index: counts D:\website\blog\Application\Runtime\Cache\Home\72653c5b98bacce026832b51aa92934a.php 第 28 行.
INFO: Run Behavior\ParseTemplateBehavior [ RunTime:0.009178s ]
INFO: [ view_parse ] --END-- [ RunTime:0.009262s ]
INFO: [ view_filter ] --START--
INFO: Run Behavior\WriteHtmlCacheBehavior [ RunTime:0.000917s ]
INFO: [ view_filter ] --END-- [ RunTime:0.000989s ]
NOTIC: [2] Cannot modify header information - headers already sent by (output started at D:\website\blog\ThinkPHP\Common\functions.php:850) D:\website\blog\ThinkPHP\Library\Think\View.class.php 第 91 行.
NOTIC: [2] Cannot modify header information - headers already sent by (output started at D:\website\blog\ThinkPHP\Common\functions.php:850) D:\website\blog\ThinkPHP\Library\Think\View.class.php 第 92 行.
NOTIC: [2] Cannot modify header information - headers already sent by (output started at D:\website\blog\ThinkPHP\Common\functions.php:850) D:\website\blog\ThinkPHP\Library\Think\View.class.php 第 93 行.
INFO: [ app_end ] --START--
INFO: Run Behavior\ShowPageTraceBehavior [ RunTime:0.001063s ]
INFO: [ app_end ] --END-- [ RunTime:0.001132s ]

[ 2016-09-28T23:48:17+08:00 ] 192.168.0.100 /home/index/lists.html
INFO: [ app_init ] --START--
INFO: Run Behavior\BuildLiteBehavior [ RunTime:0.000023s ]
INFO: [ app_init ] --END-- [ RunTime:0.000689s ]
INFO: [ app_begin ] --START--
INFO: Run Behavior\ReadHtmlCacheBehavior [ RunTime:0.000965s ]
INFO: [ app_begin ] --END-- [ RunTime:0.001077s ]
SQL: SHOW COLUMNS FROM `tp_article` [ RunTime:0.0162s ]
SQL: SELECT * FROM `tp_article`  [ RunTime:0.0206s ]
INFO: [ view_parse ] --START--
INFO: [ template_filter ] --START--
INFO: Run Behavior\ContentReplaceBehavior [ RunTime:0.000059s ]
INFO: [ template_filter ] --END-- [ RunTime:0.000125s ]
NOTIC: [8] Undefined index: tags_name D:\website\blog\Application\Runtime\Cache\Home\72653c5b98bacce026832b51aa92934a.php 第 28 行.
NOTIC: [8] Undefined index: tags_name D:\website\blog\Application\Runtime\Cache\Home\72653c5b98bacce026832b51aa92934a.php 第 28 行.
NOTIC: [8] Undefined index: counts D:\website\blog\Application\Runtime\Cache\Home\72653c5b98bacce026832b51aa92934a.php 第 28 行.
NOTIC: [8] Undefined index: tags_name D:\website\blog\Application\Runtime\Cache\Home\72653c5b98bacce026832b51aa92934a.php 第 28 行.
NOTIC: [8] Undefined index: tags_name D:\website\blog\Application\Runtime\Cache\Home\72653c5b98bacce026832b51aa92934a.php 第 28 行.
NOTIC: [8] Undefined index: counts D:\website\blog\Application\Runtime\Cache\Home\72653c5b98bacce026832b51aa92934a.php 第 28 行.
NOTIC: [8] Undefined index: tags_name D:\website\blog\Application\Runtime\Cache\Home\72653c5b98bacce026832b51aa92934a.php 第 28 行.
NOTIC: [8] Undefined index: tags_name D:\website\blog\Application\Runtime\Cache\Home\72653c5b98bacce026832b51aa92934a.php 第 28 行.
NOTIC: [8] Undefined index: counts D:\website\blog\Application\Runtime\Cache\Home\72653c5b98bacce026832b51aa92934a.php 第 28 行.
NOTIC: [8] Undefined index: tags_name D:\website\blog\Application\Runtime\Cache\Home\72653c5b98bacce026832b51aa92934a.php 第 28 行.
NOTIC: [8] Undefined index: tags_name D:\website\blog\Application\Runtime\Cache\Home\72653c5b98bacce026832b51aa92934a.php 第 28 行.
NOTIC: [8] Undefined index: counts D:\website\blog\Application\Runtime\Cache\Home\72653c5b98bacce026832b51aa92934a.php 第 28 行.
NOTIC: [8] Undefined index: tags_name D:\website\blog\Application\Runtime\Cache\Home\72653c5b98bacce026832b51aa92934a.php 第 28 行.
NOTIC: [8] Undefined index: tags_name D:\website\blog\Application\Runtime\Cache\Home\72653c5b98bacce026832b51aa92934a.php 第 28 行.
NOTIC: [8] Undefined index: counts D:\website\blog\Application\Runtime\Cache\Home\72653c5b98bacce026832b51aa92934a.php 第 28 行.
NOTIC: [8] Undefined index: tags_name D:\website\blog\Application\Runtime\Cache\Home\72653c5b98bacce026832b51aa92934a.php 第 28 行.
NOTIC: [8] Undefined index: tags_name D:\website\blog\Application\Runtime\Cache\Home\72653c5b98bacce026832b51aa92934a.php 第 28 行.
NOTIC: [8] Undefined index: counts D:\website\blog\Application\Runtime\Cache\Home\72653c5b98bacce026832b51aa92934a.php 第 28 行.
INFO: Run Behavior\ParseTemplateBehavior [ RunTime:0.009365s ]
INFO: [ view_parse ] --END-- [ RunTime:0.009426s ]
INFO: [ view_filter ] --START--
INFO: Run Behavior\WriteHtmlCacheBehavior [ RunTime:0.000440s ]
INFO: [ view_filter ] --END-- [ RunTime:0.000493s ]
INFO: [ app_end ] --START--
INFO: Run Behavior\ShowPageTraceBehavior [ RunTime:0.001114s ]
INFO: [ app_end ] --END-- [ RunTime:0.001227s ]

