[ 2016-09-14T00:01:02+08:00 ] 192.168.0.100 /blog/home/upload/index.html
INFO: [ app_init ] --START--
INFO: Run Behavior\BuildLiteBehavior [ RunTime:0.000013s ]
INFO: [ app_init ] --END-- [ RunTime:0.000695s ]
INFO: [ app_begin ] --START--
INFO: Run Behavior\ReadHtmlCacheBehavior [ RunTime:0.000869s ]
INFO: [ app_begin ] --END-- [ RunTime:0.000923s ]
INFO: [ view_parse ] --START--
INFO: [ template_filter ] --START--
INFO: Run Behavior\ContentReplaceBehavior [ RunTime:0.000087s ]
INFO: [ template_filter ] --END-- [ RunTime:0.000144s ]
NOTIC: [8] Undefined variable: web_title D:\Program Files\PHP\Apache2.2\htdocs\blog\Application\Runtime\Cache\Home\3d7f4c0ce379939c2e6a1f694faf6825.php 第 9 行.
NOTIC: [8] Undefined variable: web_title D:\Program Files\PHP\Apache2.2\htdocs\blog\Application\Runtime\Cache\Home\3d7f4c0ce379939c2e6a1f694faf6825.php 第 23 行.
NOTIC: [8] Undefined variable: web_title D:\Program Files\PHP\Apache2.2\htdocs\blog\Application\Runtime\Cache\Home\3d7f4c0ce379939c2e6a1f694faf6825.php 第 23 行.
NOTIC: [8] Undefined variable: web_title D:\Program Files\PHP\Apache2.2\htdocs\blog\Application\Runtime\Cache\Home\3d7f4c0ce379939c2e6a1f694faf6825.php 第 68 行.
NOTIC: [8] Undefined variable: web_title D:\Program Files\PHP\Apache2.2\htdocs\blog\Application\Runtime\Cache\Home\3d7f4c0ce379939c2e6a1f694faf6825.php 第 68 行.
INFO: Run Behavior\ParseTemplateBehavior [ RunTime:0.013664s ]
INFO: [ view_parse ] --END-- [ RunTime:0.013723s ]
INFO: [ view_filter ] --START--
INFO: Run Behavior\WriteHtmlCacheBehavior [ RunTime:0.000751s ]
INFO: [ view_filter ] --END-- [ RunTime:0.000796s ]
INFO: [ app_end ] --START--
INFO: Run Behavior\ShowPageTraceBehavior [ RunTime:0.000918s ]
INFO: [ app_end ] --END-- [ RunTime:0.000965s ]

[ 2016-09-14T00:01:02+08:00 ] 192.168.0.100 /blog/home/upload/image_logo.jpg
INFO: [ app_init ] --START--
INFO: Run Behavior\BuildLiteBehavior [ RunTime:0.000014s ]
INFO: [ app_init ] --END-- [ RunTime:0.000673s ]

[ 2016-09-14T00:01:03+08:00 ] 192.168.0.100 /blog/home/upload/index.js.map
INFO: [ app_init ] --START--
INFO: Run Behavior\BuildLiteBehavior [ RunTime:0.000024s ]
INFO: [ app_init ] --END-- [ RunTime:0.001278s ]
INFO: [ app_begin ] --START--
INFO: Run Behavior\ReadHtmlCacheBehavior [ RunTime:0.001316s ]
INFO: [ app_begin ] --END-- [ RunTime:0.001419s ]
ERR: 非法操作:index.js.map

[ 2016-09-14T00:01:50+08:00 ] 192.168.0.100 /blog/home/upload/index.html
INFO: [ app_init ] --START--
INFO: Run Behavior\BuildLiteBehavior [ RunTime:0.000014s ]
INFO: [ app_init ] --END-- [ RunTime:0.000851s ]
INFO: [ app_begin ] --START--
INFO: Run Behavior\ReadHtmlCacheBehavior [ RunTime:0.001574s ]
INFO: [ app_begin ] --END-- [ RunTime:0.001676s ]
INFO: [ view_parse ] --START--
INFO: [ template_filter ] --START--
INFO: Run Behavior\ContentReplaceBehavior [ RunTime:0.000153s ]
INFO: [ template_filter ] --END-- [ RunTime:0.000294s ]
NOTIC: [8] Undefined variable: web_title D:\Program Files\PHP\Apache2.2\htdocs\blog\Application\Runtime\Cache\Home\3d7f4c0ce379939c2e6a1f694faf6825.php 第 9 行.
NOTIC: [8] Undefined variable: web_title D:\Program Files\PHP\Apache2.2\htdocs\blog\Application\Runtime\Cache\Home\3d7f4c0ce379939c2e6a1f694faf6825.php 第 23 行.
NOTIC: [8] Undefined variable: web_title D:\Program Files\PHP\Apache2.2\htdocs\blog\Application\Runtime\Cache\Home\3d7f4c0ce379939c2e6a1f694faf6825.php 第 23 行.
NOTIC: [8] Undefined variable: web_title D:\Program Files\PHP\Apache2.2\htdocs\blog\Application\Runtime\Cache\Home\3d7f4c0ce379939c2e6a1f694faf6825.php 第 68 行.
NOTIC: [8] Undefined variable: web_title D:\Program Files\PHP\Apache2.2\htdocs\blog\Application\Runtime\Cache\Home\3d7f4c0ce379939c2e6a1f694faf6825.php 第 68 行.
INFO: Run Behavior\ParseTemplateBehavior [ RunTime:0.019129s ]
INFO: [ view_parse ] --END-- [ RunTime:0.019222s ]
INFO: [ view_filter ] --START--
INFO: Run Behavior\WriteHtmlCacheBehavior [ RunTime:0.000967s ]
INFO: [ view_filter ] --END-- [ RunTime:0.001043s ]
INFO: [ app_end ] --START--
INFO: Run Behavior\ShowPageTraceBehavior [ RunTime:0.001451s ]
INFO: [ app_end ] --END-- [ RunTime:0.001535s ]

[ 2016-09-14T00:01:51+08:00 ] 192.168.0.100 /blog/home/upload/image_logo.jpg
INFO: [ app_init ] --START--
INFO: Run Behavior\BuildLiteBehavior [ RunTime:0.000023s ]
INFO: [ app_init ] --END-- [ RunTime:0.000979s ]

[ 2016-09-14T00:01:51+08:00 ] 192.168.0.100 /blog/home/upload/index.js.map
INFO: [ app_init ] --START--
INFO: Run Behavior\BuildLiteBehavior [ RunTime:0.000024s ]
INFO: [ app_init ] --END-- [ RunTime:0.002037s ]
INFO: [ app_begin ] --START--
INFO: Run Behavior\ReadHtmlCacheBehavior [ RunTime:0.001203s ]
INFO: [ app_begin ] --END-- [ RunTime:0.001302s ]
ERR: 非法操作:index.js.map

[ 2016-09-14T00:03:36+08:00 ] 192.168.0.100 /blog/home/upload/index.html
INFO: [ app_init ] --START--
INFO: Run Behavior\BuildLiteBehavior [ RunTime:0.000024s ]
INFO: [ app_init ] --END-- [ RunTime:0.001028s ]
INFO: [ app_begin ] --START--
INFO: Run Behavior\ReadHtmlCacheBehavior [ RunTime:0.001331s ]
INFO: [ app_begin ] --END-- [ RunTime:0.001404s ]
INFO: [ view_parse ] --START--
INFO: [ template_filter ] --START--
INFO: Run Behavior\ContentReplaceBehavior [ RunTime:0.000086s ]
INFO: [ template_filter ] --END-- [ RunTime:0.000142s ]
NOTIC: [8] Undefined variable: web_title D:\Program Files\PHP\Apache2.2\htdocs\blog\Application\Runtime\Cache\Home\3d7f4c0ce379939c2e6a1f694faf6825.php 第 9 行.
NOTIC: [8] Undefined variable: web_title D:\Program Files\PHP\Apache2.2\htdocs\blog\Application\Runtime\Cache\Home\3d7f4c0ce379939c2e6a1f694faf6825.php 第 23 行.
NOTIC: [8] Undefined variable: web_title D:\Program Files\PHP\Apache2.2\htdocs\blog\Application\Runtime\Cache\Home\3d7f4c0ce379939c2e6a1f694faf6825.php 第 23 行.
NOTIC: [8] Undefined variable: web_title D:\Program Files\PHP\Apache2.2\htdocs\blog\Application\Runtime\Cache\Home\3d7f4c0ce379939c2e6a1f694faf6825.php 第 68 行.
NOTIC: [8] Undefined variable: web_title D:\Program Files\PHP\Apache2.2\htdocs\blog\Application\Runtime\Cache\Home\3d7f4c0ce379939c2e6a1f694faf6825.php 第 68 行.
INFO: Run Behavior\ParseTemplateBehavior [ RunTime:0.018328s ]
INFO: [ view_parse ] --END-- [ RunTime:0.018415s ]
INFO: [ view_filter ] --START--
INFO: Run Behavior\WriteHtmlCacheBehavior [ RunTime:0.000986s ]
INFO: [ view_filter ] --END-- [ RunTime:0.001042s ]
INFO: [ app_end ] --START--
INFO: Run Behavior\ShowPageTraceBehavior [ RunTime:0.001555s ]
INFO: [ app_end ] --END-- [ RunTime:0.001627s ]

[ 2016-09-14T00:03:36+08:00 ] 192.168.0.100 /blog/home/upload/image_logo.jpg
INFO: [ app_init ] --START--
INFO: Run Behavior\BuildLiteBehavior [ RunTime:0.000024s ]
INFO: [ app_init ] --END-- [ RunTime:0.002009s ]

[ 2016-09-14T00:03:37+08:00 ] 192.168.0.100 /blog/home/upload/index.js.map
INFO: [ app_init ] --START--
INFO: Run Behavior\BuildLiteBehavior [ RunTime:0.000024s ]
INFO: [ app_init ] --END-- [ RunTime:0.001148s ]
INFO: [ app_begin ] --START--
INFO: Run Behavior\ReadHtmlCacheBehavior [ RunTime:0.001793s ]
INFO: [ app_begin ] --END-- [ RunTime:0.001925s ]
ERR: 非法操作:index.js.map

[ 2016-09-14T00:05:02+08:00 ] 192.168.0.100 /blog/home/upload/index.html
INFO: [ app_init ] --START--
INFO: Run Behavior\BuildLiteBehavior [ RunTime:0.000016s ]
INFO: [ app_init ] --END-- [ RunTime:0.000681s ]
INFO: [ app_begin ] --START--
INFO: Run Behavior\ReadHtmlCacheBehavior [ RunTime:0.000722s ]
INFO: [ app_begin ] --END-- [ RunTime:0.000776s ]
INFO: [ view_parse ] --START--
INFO: [ template_filter ] --START--
INFO: Run Behavior\ContentReplaceBehavior [ RunTime:0.000088s ]
INFO: [ template_filter ] --END-- [ RunTime:0.000146s ]
NOTIC: [8] Undefined variable: web_title D:\Program Files\PHP\Apache2.2\htdocs\blog\Application\Runtime\Cache\Home\3d7f4c0ce379939c2e6a1f694faf6825.php 第 9 行.
NOTIC: [8] Undefined variable: web_title D:\Program Files\PHP\Apache2.2\htdocs\blog\Application\Runtime\Cache\Home\3d7f4c0ce379939c2e6a1f694faf6825.php 第 23 行.
NOTIC: [8] Undefined variable: web_title D:\Program Files\PHP\Apache2.2\htdocs\blog\Application\Runtime\Cache\Home\3d7f4c0ce379939c2e6a1f694faf6825.php 第 23 行.
NOTIC: [8] Undefined variable: web_title D:\Program Files\PHP\Apache2.2\htdocs\blog\Application\Runtime\Cache\Home\3d7f4c0ce379939c2e6a1f694faf6825.php 第 68 行.
NOTIC: [8] Undefined variable: web_title D:\Program Files\PHP\Apache2.2\htdocs\blog\Application\Runtime\Cache\Home\3d7f4c0ce379939c2e6a1f694faf6825.php 第 68 行.
INFO: Run Behavior\ParseTemplateBehavior [ RunTime:0.013746s ]
INFO: [ view_parse ] --END-- [ RunTime:0.013806s ]
INFO: [ view_filter ] --START--
INFO: Run Behavior\WriteHtmlCacheBehavior [ RunTime:0.000746s ]
INFO: [ view_filter ] --END-- [ RunTime:0.000791s ]
INFO: [ app_end ] --START--
INFO: Run Behavior\ShowPageTraceBehavior [ RunTime:0.001010s ]
INFO: [ app_end ] --END-- [ RunTime:0.001063s ]

[ 2016-09-14T00:05:02+08:00 ] 192.168.0.100 /blog/home/upload/image_logo.jpg
INFO: [ app_init ] --START--
INFO: Run Behavior\BuildLiteBehavior [ RunTime:0.000013s ]
INFO: [ app_init ] --END-- [ RunTime:0.000667s ]

[ 2016-09-14T00:05:03+08:00 ] 192.168.0.100 /blog/home/upload/index.js.map
INFO: [ app_init ] --START--
INFO: Run Behavior\BuildLiteBehavior [ RunTime:0.000014s ]
INFO: [ app_init ] --END-- [ RunTime:0.000631s ]
INFO: [ app_begin ] --START--
INFO: Run Behavior\ReadHtmlCacheBehavior [ RunTime:0.001143s ]
INFO: [ app_begin ] --END-- [ RunTime:0.001226s ]
ERR: 非法操作:index.js.map

[ 2016-09-14T00:05:15+08:00 ] 192.168.0.100 /blog/home/upload/index.html
INFO: [ app_init ] --START--
INFO: Run Behavior\BuildLiteBehavior [ RunTime:0.000013s ]
INFO: [ app_init ] --END-- [ RunTime:0.000699s ]
INFO: [ app_begin ] --START--
INFO: Run Behavior\ReadHtmlCacheBehavior [ RunTime:0.000760s ]
INFO: [ app_begin ] --END-- [ RunTime:0.000824s ]
INFO: [ view_parse ] --START--
INFO: [ template_filter ] --START--
INFO: Run Behavior\ContentReplaceBehavior [ RunTime:0.000084s ]
INFO: [ template_filter ] --END-- [ RunTime:0.000141s ]
NOTIC: [8] Undefined variable: web_title D:\Program Files\PHP\Apache2.2\htdocs\blog\Application\Runtime\Cache\Home\3d7f4c0ce379939c2e6a1f694faf6825.php 第 9 行.
NOTIC: [8] Undefined variable: web_title D:\Program Files\PHP\Apache2.2\htdocs\blog\Application\Runtime\Cache\Home\3d7f4c0ce379939c2e6a1f694faf6825.php 第 23 行.
NOTIC: [8] Undefined variable: web_title D:\Program Files\PHP\Apache2.2\htdocs\blog\Application\Runtime\Cache\Home\3d7f4c0ce379939c2e6a1f694faf6825.php 第 23 行.
NOTIC: [8] Undefined variable: web_title D:\Program Files\PHP\Apache2.2\htdocs\blog\Application\Runtime\Cache\Home\3d7f4c0ce379939c2e6a1f694faf6825.php 第 68 行.
NOTIC: [8] Undefined variable: web_title D:\Program Files\PHP\Apache2.2\htdocs\blog\Application\Runtime\Cache\Home\3d7f4c0ce379939c2e6a1f694faf6825.php 第 68 行.
INFO: Run Behavior\ParseTemplateBehavior [ RunTime:0.012762s ]
INFO: [ view_parse ] --END-- [ RunTime:0.012841s ]
INFO: [ view_filter ] --START--
INFO: Run Behavior\WriteHtmlCacheBehavior [ RunTime:0.000679s ]
INFO: [ view_filter ] --END-- [ RunTime:0.000722s ]
INFO: [ app_end ] --START--
INFO: Run Behavior\ShowPageTraceBehavior [ RunTime:0.001351s ]
INFO: [ app_end ] --END-- [ RunTime:0.001440s ]

[ 2016-09-14T00:05:16+08:00 ] 192.168.0.100 /blog/home/upload/image_logo.jpg
INFO: [ app_init ] --START--
INFO: Run Behavior\BuildLiteBehavior [ RunTime:0.000019s ]
INFO: [ app_init ] --END-- [ RunTime:0.000846s ]

[ 2016-09-14T00:05:17+08:00 ] 192.168.0.100 /blog/home/upload/index.js.map
INFO: [ app_init ] --START--
INFO: Run Behavior\BuildLiteBehavior [ RunTime:0.000023s ]
INFO: [ app_init ] --END-- [ RunTime:0.002096s ]
INFO: [ app_begin ] --START--
INFO: Run Behavior\ReadHtmlCacheBehavior [ RunTime:0.001236s ]
INFO: [ app_begin ] --END-- [ RunTime:0.001344s ]
ERR: 非法操作:index.js.map

[ 2016-09-14T00:05:23+08:00 ] 192.168.0.100 /blog/home/upload/index.html
INFO: [ app_init ] --START--
INFO: Run Behavior\BuildLiteBehavior [ RunTime:0.000023s ]
INFO: [ app_init ] --END-- [ RunTime:0.000988s ]
INFO: [ app_begin ] --START--
INFO: Run Behavior\ReadHtmlCacheBehavior [ RunTime:0.001090s ]
INFO: [ app_begin ] --END-- [ RunTime:0.001211s ]
INFO: [ view_parse ] --START--
INFO: [ template_filter ] --START--
INFO: Run Behavior\ContentReplaceBehavior [ RunTime:0.000087s ]
INFO: [ template_filter ] --END-- [ RunTime:0.000146s ]
NOTIC: [8] Undefined variable: web_title D:\Program Files\PHP\Apache2.2\htdocs\blog\Application\Runtime\Cache\Home\3d7f4c0ce379939c2e6a1f694faf6825.php 第 9 行.
NOTIC: [8] Undefined variable: web_title D:\Program Files\PHP\Apache2.2\htdocs\blog\Application\Runtime\Cache\Home\3d7f4c0ce379939c2e6a1f694faf6825.php 第 23 行.
NOTIC: [8] Undefined variable: web_title D:\Program Files\PHP\Apache2.2\htdocs\blog\Application\Runtime\Cache\Home\3d7f4c0ce379939c2e6a1f694faf6825.php 第 23 行.
NOTIC: [8] Undefined variable: web_title D:\Program Files\PHP\Apache2.2\htdocs\blog\Application\Runtime\Cache\Home\3d7f4c0ce379939c2e6a1f694faf6825.php 第 68 行.
NOTIC: [8] Undefined variable: web_title D:\Program Files\PHP\Apache2.2\htdocs\blog\Application\Runtime\Cache\Home\3d7f4c0ce379939c2e6a1f694faf6825.php 第 68 行.
INFO: Run Behavior\ParseTemplateBehavior [ RunTime:0.013562s ]
INFO: [ view_parse ] --END-- [ RunTime:0.013641s ]
INFO: [ view_filter ] --START--
INFO: Run Behavior\WriteHtmlCacheBehavior [ RunTime:0.000941s ]
INFO: [ view_filter ] --END-- [ RunTime:0.001002s ]
INFO: [ app_end ] --START--
INFO: Run Behavior\ShowPageTraceBehavior [ RunTime:0.001073s ]
INFO: [ app_end ] --END-- [ RunTime:0.001129s ]

[ 2016-09-14T00:05:23+08:00 ] 192.168.0.100 /blog/home/upload/image_logo.jpg
INFO: [ app_init ] --START--
INFO: Run Behavior\BuildLiteBehavior [ RunTime:0.000023s ]
INFO: [ app_init ] --END-- [ RunTime:0.000992s ]

[ 2016-09-14T00:05:24+08:00 ] 192.168.0.100 /blog/home/upload/index.js.map
INFO: [ app_init ] --START--
INFO: Run Behavior\BuildLiteBehavior [ RunTime:0.000025s ]
INFO: [ app_init ] --END-- [ RunTime:0.001264s ]
INFO: [ app_begin ] --START--
INFO: Run Behavior\ReadHtmlCacheBehavior [ RunTime:0.001469s ]
INFO: [ app_begin ] --END-- [ RunTime:0.001583s ]
ERR: 非法操作:index.js.map

[ 2016-09-14T00:05:50+08:00 ] 192.168.0.100 /blog/home/upload/index.html
INFO: [ app_init ] --START--
INFO: Run Behavior\BuildLiteBehavior [ RunTime:0.000029s ]
INFO: [ app_init ] --END-- [ RunTime:0.001572s ]
INFO: [ app_begin ] --START--
INFO: Run Behavior\ReadHtmlCacheBehavior [ RunTime:0.001456s ]
INFO: [ app_begin ] --END-- [ RunTime:0.001712s ]
INFO: [ view_parse ] --START--
INFO: [ template_filter ] --START--
INFO: Run Behavior\ContentReplaceBehavior [ RunTime:0.000085s ]
INFO: [ template_filter ] --END-- [ RunTime:0.000143s ]
NOTIC: [8] Undefined variable: web_title D:\Program Files\PHP\Apache2.2\htdocs\blog\Application\Runtime\Cache\Home\3d7f4c0ce379939c2e6a1f694faf6825.php 第 9 行.
NOTIC: [8] Undefined variable: web_title D:\Program Files\PHP\Apache2.2\htdocs\blog\Application\Runtime\Cache\Home\3d7f4c0ce379939c2e6a1f694faf6825.php 第 23 行.
NOTIC: [8] Undefined variable: web_title D:\Program Files\PHP\Apache2.2\htdocs\blog\Application\Runtime\Cache\Home\3d7f4c0ce379939c2e6a1f694faf6825.php 第 23 行.
NOTIC: [8] Undefined variable: web_title D:\Program Files\PHP\Apache2.2\htdocs\blog\Application\Runtime\Cache\Home\3d7f4c0ce379939c2e6a1f694faf6825.php 第 68 行.
NOTIC: [8] Undefined variable: web_title D:\Program Files\PHP\Apache2.2\htdocs\blog\Application\Runtime\Cache\Home\3d7f4c0ce379939c2e6a1f694faf6825.php 第 68 行.
INFO: Run Behavior\ParseTemplateBehavior [ RunTime:0.015511s ]
INFO: [ view_parse ] --END-- [ RunTime:0.015587s ]
INFO: [ view_filter ] --START--
INFO: Run Behavior\WriteHtmlCacheBehavior [ RunTime:0.001039s ]
INFO: [ view_filter ] --END-- [ RunTime:0.001119s ]
INFO: [ app_end ] --START--
INFO: Run Behavior\ShowPageTraceBehavior [ RunTime:0.001260s ]
INFO: [ app_end ] --END-- [ RunTime:0.001329s ]

[ 2016-09-14T00:05:51+08:00 ] 192.168.0.100 /blog/home/upload/image_logo.jpg
INFO: [ app_init ] --START--
INFO: Run Behavior\BuildLiteBehavior [ RunTime:0.000014s ]
INFO: [ app_init ] --END-- [ RunTime:0.000620s ]

[ 2016-09-14T00:05:52+08:00 ] 192.168.0.100 /blog/home/upload/index.js.map
INFO: [ app_init ] --START--
INFO: Run Behavior\BuildLiteBehavior [ RunTime:0.000021s ]
INFO: [ app_init ] --END-- [ RunTime:0.000690s ]
INFO: [ app_begin ] --START--
INFO: Run Behavior\ReadHtmlCacheBehavior [ RunTime:0.000912s ]
INFO: [ app_begin ] --END-- [ RunTime:0.000987s ]
ERR: 非法操作:index.js.map

[ 2016-09-14T00:06:11+08:00 ] 192.168.0.100 /blog/home/upload/index.html
INFO: [ app_init ] --START--
INFO: Run Behavior\BuildLiteBehavior [ RunTime:0.000014s ]
INFO: [ app_init ] --END-- [ RunTime:0.000685s ]
INFO: [ app_begin ] --START--
INFO: Run Behavior\ReadHtmlCacheBehavior [ RunTime:0.000865s ]
INFO: [ app_begin ] --END-- [ RunTime:0.000924s ]
INFO: [ view_parse ] --START--
INFO: [ template_filter ] --START--
INFO: Run Behavior\ContentReplaceBehavior [ RunTime:0.000088s ]
INFO: [ template_filter ] --END-- [ RunTime:0.000150s ]
NOTIC: [8] Undefined variable: web_title D:\Program Files\PHP\Apache2.2\htdocs\blog\Application\Runtime\Cache\Home\3d7f4c0ce379939c2e6a1f694faf6825.php 第 9 行.
NOTIC: [8] Undefined variable: web_title D:\Program Files\PHP\Apache2.2\htdocs\blog\Application\Runtime\Cache\Home\3d7f4c0ce379939c2e6a1f694faf6825.php 第 23 行.
NOTIC: [8] Undefined variable: web_title D:\Program Files\PHP\Apache2.2\htdocs\blog\Application\Runtime\Cache\Home\3d7f4c0ce379939c2e6a1f694faf6825.php 第 23 行.
NOTIC: [8] Undefined variable: web_title D:\Program Files\PHP\Apache2.2\htdocs\blog\Application\Runtime\Cache\Home\3d7f4c0ce379939c2e6a1f694faf6825.php 第 68 行.
NOTIC: [8] Undefined variable: web_title D:\Program Files\PHP\Apache2.2\htdocs\blog\Application\Runtime\Cache\Home\3d7f4c0ce379939c2e6a1f694faf6825.php 第 68 行.
INFO: Run Behavior\ParseTemplateBehavior [ RunTime:0.017116s ]
INFO: [ view_parse ] --END-- [ RunTime:0.017176s ]
INFO: [ view_filter ] --START--
INFO: Run Behavior\WriteHtmlCacheBehavior [ RunTime:0.000816s ]
INFO: [ view_filter ] --END-- [ RunTime:0.000861s ]
INFO: [ app_end ] --START--
INFO: Run Behavior\ShowPageTraceBehavior [ RunTime:0.000901s ]
INFO: [ app_end ] --END-- [ RunTime:0.000945s ]

[ 2016-09-14T00:06:11+08:00 ] 192.168.0.100 /blog/home/upload/image_logo.jpg
INFO: [ app_init ] --START--
INFO: Run Behavior\BuildLiteBehavior [ RunTime:0.000018s ]
INFO: [ app_init ] --END-- [ RunTime:0.000792s ]

[ 2016-09-14T00:06:12+08:00 ] 192.168.0.100 /blog/home/upload/index.js.map
INFO: [ app_init ] --START--
INFO: Run Behavior\BuildLiteBehavior [ RunTime:0.000021s ]
INFO: [ app_init ] --END-- [ RunTime:0.000885s ]
INFO: [ app_begin ] --START--
INFO: Run Behavior\ReadHtmlCacheBehavior [ RunTime:0.001131s ]
INFO: [ app_begin ] --END-- [ RunTime:0.001234s ]
ERR: 非法操作:index.js.map

[ 2016-09-14T00:06:15+08:00 ] 192.168.0.100 /blog/home/upload/index.html
INFO: [ app_init ] --START--
INFO: Run Behavior\BuildLiteBehavior [ RunTime:0.000014s ]
INFO: [ app_init ] --END-- [ RunTime:0.000789s ]
INFO: [ app_begin ] --START--
INFO: Run Behavior\ReadHtmlCacheBehavior [ RunTime:0.001153s ]
INFO: [ app_begin ] --END-- [ RunTime:0.001234s ]
INFO: [ view_parse ] --START--
INFO: [ template_filter ] --START--
INFO: Run Behavior\ContentReplaceBehavior [ RunTime:0.000099s ]
INFO: [ template_filter ] --END-- [ RunTime:0.000164s ]
NOTIC: [8] Undefined variable: web_title D:\Program Files\PHP\Apache2.2\htdocs\blog\Application\Runtime\Cache\Home\3d7f4c0ce379939c2e6a1f694faf6825.php 第 9 行.
NOTIC: [8] Undefined variable: web_title D:\Program Files\PHP\Apache2.2\htdocs\blog\Application\Runtime\Cache\Home\3d7f4c0ce379939c2e6a1f694faf6825.php 第 23 行.
NOTIC: [8] Undefined variable: web_title D:\Program Files\PHP\Apache2.2\htdocs\blog\Application\Runtime\Cache\Home\3d7f4c0ce379939c2e6a1f694faf6825.php 第 23 行.
NOTIC: [8] Undefined variable: web_title D:\Program Files\PHP\Apache2.2\htdocs\blog\Application\Runtime\Cache\Home\3d7f4c0ce379939c2e6a1f694faf6825.php 第 68 行.
NOTIC: [8] Undefined variable: web_title D:\Program Files\PHP\Apache2.2\htdocs\blog\Application\Runtime\Cache\Home\3d7f4c0ce379939c2e6a1f694faf6825.php 第 68 行.
INFO: Run Behavior\ParseTemplateBehavior [ RunTime:0.013416s ]
INFO: [ view_parse ] --END-- [ RunTime:0.013490s ]
INFO: [ view_filter ] --START--
INFO: Run Behavior\WriteHtmlCacheBehavior [ RunTime:0.000891s ]
INFO: [ view_filter ] --END-- [ RunTime:0.000939s ]
INFO: [ app_end ] --START--
INFO: Run Behavior\ShowPageTraceBehavior [ RunTime:0.000915s ]
INFO: [ app_end ] --END-- [ RunTime:0.000960s ]

[ 2016-09-14T00:06:15+08:00 ] 192.168.0.100 /blog/home/upload/image_logo.jpg
INFO: [ app_init ] --START--
INFO: Run Behavior\BuildLiteBehavior [ RunTime:0.000020s ]
INFO: [ app_init ] --END-- [ RunTime:0.000731s ]

[ 2016-09-14T00:06:16+08:00 ] 192.168.0.100 /blog/home/upload/index.js.map
INFO: [ app_init ] --START--
INFO: Run Behavior\BuildLiteBehavior [ RunTime:0.000023s ]
INFO: [ app_init ] --END-- [ RunTime:0.001109s ]
INFO: [ app_begin ] --START--
INFO: Run Behavior\ReadHtmlCacheBehavior [ RunTime:0.001235s ]
INFO: [ app_begin ] --END-- [ RunTime:0.001340s ]
ERR: 非法操作:index.js.map

[ 2016-09-14T00:06:45+08:00 ] 192.168.0.100 /blog/home/upload/index.html
INFO: [ app_init ] --START--
INFO: Run Behavior\BuildLiteBehavior [ RunTime:0.000012s ]
INFO: [ app_init ] --END-- [ RunTime:0.000609s ]
INFO: [ app_begin ] --START--
INFO: Run Behavior\ReadHtmlCacheBehavior [ RunTime:0.000689s ]
INFO: [ app_begin ] --END-- [ RunTime:0.000738s ]
INFO: [ view_parse ] --START--
INFO: [ template_filter ] --START--
INFO: Run Behavior\ContentReplaceBehavior [ RunTime:0.000102s ]
INFO: [ template_filter ] --END-- [ RunTime:0.000189s ]
NOTIC: [8] Undefined variable: web_title D:\Program Files\PHP\Apache2.2\htdocs\blog\Application\Runtime\Cache\Home\3d7f4c0ce379939c2e6a1f694faf6825.php 第 9 行.
NOTIC: [8] Undefined variable: web_title D:\Program Files\PHP\Apache2.2\htdocs\blog\Application\Runtime\Cache\Home\3d7f4c0ce379939c2e6a1f694faf6825.php 第 23 行.
NOTIC: [8] Undefined variable: web_title D:\Program Files\PHP\Apache2.2\htdocs\blog\Application\Runtime\Cache\Home\3d7f4c0ce379939c2e6a1f694faf6825.php 第 23 行.
NOTIC: [8] Undefined variable: web_title D:\Program Files\PHP\Apache2.2\htdocs\blog\Application\Runtime\Cache\Home\3d7f4c0ce379939c2e6a1f694faf6825.php 第 68 行.
NOTIC: [8] Undefined variable: web_title D:\Program Files\PHP\Apache2.2\htdocs\blog\Application\Runtime\Cache\Home\3d7f4c0ce379939c2e6a1f694faf6825.php 第 68 行.
INFO: Run Behavior\ParseTemplateBehavior [ RunTime:0.012645s ]
INFO: [ view_parse ] --END-- [ RunTime:0.012709s ]
INFO: [ view_filter ] --START--
INFO: Run Behavior\WriteHtmlCacheBehavior [ RunTime:0.001000s ]
INFO: [ view_filter ] --END-- [ RunTime:0.001057s ]
INFO: [ app_end ] --START--
INFO: Run Behavior\ShowPageTraceBehavior [ RunTime:0.001030s ]
INFO: [ app_end ] --END-- [ RunTime:0.001081s ]

[ 2016-09-14T00:06:45+08:00 ] 192.168.0.100 /blog/home/upload/image_logo.jpg
INFO: [ app_init ] --START--
INFO: Run Behavior\BuildLiteBehavior [ RunTime:0.000023s ]
INFO: [ app_init ] --END-- [ RunTime:0.001061s ]

[ 2016-09-14T00:06:46+08:00 ] 192.168.0.100 /blog/home/upload/index.js.map
INFO: [ app_init ] --START--
INFO: Run Behavior\BuildLiteBehavior [ RunTime:0.000014s ]
INFO: [ app_init ] --END-- [ RunTime:0.000842s ]
INFO: [ app_begin ] --START--
INFO: Run Behavior\ReadHtmlCacheBehavior [ RunTime:0.000999s ]
INFO: [ app_begin ] --END-- [ RunTime:0.001100s ]
ERR: 非法操作:index.js.map

[ 2016-09-14T00:06:58+08:00 ] 192.168.0.100 /blog/home/upload/index.html
INFO: [ app_init ] --START--
INFO: Run Behavior\BuildLiteBehavior [ RunTime:0.000017s ]
INFO: [ app_init ] --END-- [ RunTime:0.000788s ]
INFO: [ app_begin ] --START--
INFO: Run Behavior\ReadHtmlCacheBehavior [ RunTime:0.000891s ]
INFO: [ app_begin ] --END-- [ RunTime:0.000956s ]
INFO: [ view_parse ] --START--
INFO: [ template_filter ] --START--
INFO: Run Behavior\ContentReplaceBehavior [ RunTime:0.000108s ]
INFO: [ template_filter ] --END-- [ RunTime:0.000177s ]
NOTIC: [8] Undefined variable: web_title D:\Program Files\PHP\Apache2.2\htdocs\blog\Application\Runtime\Cache\Home\3d7f4c0ce379939c2e6a1f694faf6825.php 第 9 行.
NOTIC: [8] Undefined variable: web_title D:\Program Files\PHP\Apache2.2\htdocs\blog\Application\Runtime\Cache\Home\3d7f4c0ce379939c2e6a1f694faf6825.php 第 23 行.
NOTIC: [8] Undefined variable: web_title D:\Program Files\PHP\Apache2.2\htdocs\blog\Application\Runtime\Cache\Home\3d7f4c0ce379939c2e6a1f694faf6825.php 第 23 行.
NOTIC: [8] Undefined variable: web_title D:\Program Files\PHP\Apache2.2\htdocs\blog\Application\Runtime\Cache\Home\3d7f4c0ce379939c2e6a1f694faf6825.php 第 68 行.
NOTIC: [8] Undefined variable: web_title D:\Program Files\PHP\Apache2.2\htdocs\blog\Application\Runtime\Cache\Home\3d7f4c0ce379939c2e6a1f694faf6825.php 第 68 行.
INFO: Run Behavior\ParseTemplateBehavior [ RunTime:0.014415s ]
INFO: [ view_parse ] --END-- [ RunTime:0.014485s ]
INFO: [ view_filter ] --START--
INFO: Run Behavior\WriteHtmlCacheBehavior [ RunTime:0.002608s ]
INFO: [ view_filter ] --END-- [ RunTime:0.002691s ]
INFO: [ app_end ] --START--
INFO: Run Behavior\ShowPageTraceBehavior [ RunTime:0.001529s ]
INFO: [ app_end ] --END-- [ RunTime:0.001609s ]

[ 2016-09-14T00:06:59+08:00 ] 192.168.0.100 /blog/home/upload/image_logo.jpg
INFO: [ app_init ] --START--
INFO: Run Behavior\BuildLiteBehavior [ RunTime:0.000019s ]
INFO: [ app_init ] --END-- [ RunTime:0.000933s ]

[ 2016-09-14T00:07:00+08:00 ] 192.168.0.100 /blog/home/upload/index.js.map
INFO: [ app_init ] --START--
INFO: Run Behavior\BuildLiteBehavior [ RunTime:0.000024s ]
INFO: [ app_init ] --END-- [ RunTime:0.001040s ]
INFO: [ app_begin ] --START--
INFO: Run Behavior\ReadHtmlCacheBehavior [ RunTime:0.001272s ]
INFO: [ app_begin ] --END-- [ RunTime:0.001375s ]
ERR: 非法操作:index.js.map

[ 2016-09-14T00:07:23+08:00 ] 192.168.0.100 /blog/home/upload/index.html
INFO: [ app_init ] --START--
INFO: Run Behavior\BuildLiteBehavior [ RunTime:0.000026s ]
INFO: [ app_init ] --END-- [ RunTime:0.001130s ]
INFO: [ app_begin ] --START--
INFO: Run Behavior\ReadHtmlCacheBehavior [ RunTime:0.001363s ]
INFO: [ app_begin ] --END-- [ RunTime:0.001447s ]
INFO: [ view_parse ] --START--
INFO: [ template_filter ] --START--
INFO: Run Behavior\ContentReplaceBehavior [ RunTime:0.000120s ]
INFO: [ template_filter ] --END-- [ RunTime:0.000196s ]
NOTIC: [8] Undefined variable: web_title D:\Program Files\PHP\Apache2.2\htdocs\blog\Application\Runtime\Cache\Home\3d7f4c0ce379939c2e6a1f694faf6825.php 第 9 行.
NOTIC: [8] Undefined variable: web_title D:\Program Files\PHP\Apache2.2\htdocs\blog\Application\Runtime\Cache\Home\3d7f4c0ce379939c2e6a1f694faf6825.php 第 23 行.
NOTIC: [8] Undefined variable: web_title D:\Program Files\PHP\Apache2.2\htdocs\blog\Application\Runtime\Cache\Home\3d7f4c0ce379939c2e6a1f694faf6825.php 第 23 行.
NOTIC: [8] Undefined variable: web_title D:\Program Files\PHP\Apache2.2\htdocs\blog\Application\Runtime\Cache\Home\3d7f4c0ce379939c2e6a1f694faf6825.php 第 68 行.
NOTIC: [8] Undefined variable: web_title D:\Program Files\PHP\Apache2.2\htdocs\blog\Application\Runtime\Cache\Home\3d7f4c0ce379939c2e6a1f694faf6825.php 第 68 行.
INFO: Run Behavior\ParseTemplateBehavior [ RunTime:0.018572s ]
INFO: [ view_parse ] --END-- [ RunTime:0.018652s ]
INFO: [ view_filter ] --START--
INFO: Run Behavior\WriteHtmlCacheBehavior [ RunTime:0.001202s ]
INFO: [ view_filter ] --END-- [ RunTime:0.001304s ]
INFO: [ app_end ] --START--
INFO: Run Behavior\ShowPageTraceBehavior [ RunTime:0.001753s ]
INFO: [ app_end ] --END-- [ RunTime:0.001849s ]

[ 2016-09-14T00:07:23+08:00 ] 192.168.0.100 /blog/home/upload/image_logo.jpg
INFO: [ app_init ] --START--
INFO: Run Behavior\BuildLiteBehavior [ RunTime:0.000019s ]
INFO: [ app_init ] --END-- [ RunTime:0.000646s ]

[ 2016-09-14T00:07:24+08:00 ] 192.168.0.100 /blog/home/upload/index.js.map
INFO: [ app_init ] --START--
INFO: Run Behavior\BuildLiteBehavior [ RunTime:0.000022s ]
INFO: [ app_init ] --END-- [ RunTime:0.001046s ]
INFO: [ app_begin ] --START--
INFO: Run Behavior\ReadHtmlCacheBehavior [ RunTime:0.001124s ]
INFO: [ app_begin ] --END-- [ RunTime:0.001221s ]
ERR: 非法操作:index.js.map

[ 2016-09-14T00:07:32+08:00 ] 192.168.0.100 /blog/home/upload/index.html
INFO: [ app_init ] --START--
INFO: Run Behavior\BuildLiteBehavior [ RunTime:0.000012s ]
INFO: [ app_init ] --END-- [ RunTime:0.000647s ]
INFO: [ app_begin ] --START--
INFO: Run Behavior\ReadHtmlCacheBehavior [ RunTime:0.000773s ]
INFO: [ app_begin ] --END-- [ RunTime:0.000824s ]
INFO: [ view_parse ] --START--
INFO: [ template_filter ] --START--
INFO: Run Behavior\ContentReplaceBehavior [ RunTime:0.000083s ]
INFO: [ template_filter ] --END-- [ RunTime:0.000138s ]
NOTIC: [8] Undefined variable: web_title D:\Program Files\PHP\Apache2.2\htdocs\blog\Application\Runtime\Cache\Home\3d7f4c0ce379939c2e6a1f694faf6825.php 第 9 行.
NOTIC: [8] Undefined variable: web_title D:\Program Files\PHP\Apache2.2\htdocs\blog\Application\Runtime\Cache\Home\3d7f4c0ce379939c2e6a1f694faf6825.php 第 23 行.
NOTIC: [8] Undefined variable: web_title D:\Program Files\PHP\Apache2.2\htdocs\blog\Application\Runtime\Cache\Home\3d7f4c0ce379939c2e6a1f694faf6825.php 第 23 行.
NOTIC: [8] Undefined variable: web_title D:\Program Files\PHP\Apache2.2\htdocs\blog\Application\Runtime\Cache\Home\3d7f4c0ce379939c2e6a1f694faf6825.php 第 68 行.
NOTIC: [8] Undefined variable: web_title D:\Program Files\PHP\Apache2.2\htdocs\blog\Application\Runtime\Cache\Home\3d7f4c0ce379939c2e6a1f694faf6825.php 第 68 行.
INFO: Run Behavior\ParseTemplateBehavior [ RunTime:0.012608s ]
INFO: [ view_parse ] --END-- [ RunTime:0.012690s ]
INFO: [ view_filter ] --START--
INFO: Run Behavior\WriteHtmlCacheBehavior [ RunTime:0.000773s ]
INFO: [ view_filter ] --END-- [ RunTime:0.000823s ]
INFO: [ app_end ] --START--
INFO: Run Behavior\ShowPageTraceBehavior [ RunTime:0.000923s ]
INFO: [ app_end ] --END-- [ RunTime:0.000970s ]

[ 2016-09-14T00:07:32+08:00 ] 192.168.0.100 /blog/home/upload/image_logo.jpg
INFO: [ app_init ] --START--
INFO: Run Behavior\BuildLiteBehavior [ RunTime:0.000023s ]
INFO: [ app_init ] --END-- [ RunTime:0.001013s ]

[ 2016-09-14T00:07:34+08:00 ] 192.168.0.100 /blog/home/upload/index.js.map
INFO: [ app_init ] --START--
INFO: Run Behavior\BuildLiteBehavior [ RunTime:0.000024s ]
INFO: [ app_init ] --END-- [ RunTime:0.001703s ]
INFO: [ app_begin ] --START--
INFO: Run Behavior\ReadHtmlCacheBehavior [ RunTime:0.001408s ]
INFO: [ app_begin ] --END-- [ RunTime:0.001510s ]
ERR: 非法操作:index.js.map

[ 2016-09-14T00:07:42+08:00 ] 192.168.0.100 /blog/home/upload/index.html
INFO: [ app_init ] --START--
INFO: Run Behavior\BuildLiteBehavior [ RunTime:0.000013s ]
INFO: [ app_init ] --END-- [ RunTime:0.000699s ]
INFO: [ app_begin ] --START--
INFO: Run Behavior\ReadHtmlCacheBehavior [ RunTime:0.000897s ]
INFO: [ app_begin ] --END-- [ RunTime:0.000956s ]
INFO: [ view_parse ] --START--
INFO: [ template_filter ] --START--
INFO: Run Behavior\ContentReplaceBehavior [ RunTime:0.000085s ]
INFO: [ template_filter ] --END-- [ RunTime:0.000140s ]
NOTIC: [8] Undefined variable: web_title D:\Program Files\PHP\Apache2.2\htdocs\blog\Application\Runtime\Cache\Home\3d7f4c0ce379939c2e6a1f694faf6825.php 第 9 行.
NOTIC: [8] Undefined variable: web_title D:\Program Files\PHP\Apache2.2\htdocs\blog\Application\Runtime\Cache\Home\3d7f4c0ce379939c2e6a1f694faf6825.php 第 23 行.
NOTIC: [8] Undefined variable: web_title D:\Program Files\PHP\Apache2.2\htdocs\blog\Application\Runtime\Cache\Home\3d7f4c0ce379939c2e6a1f694faf6825.php 第 23 行.
NOTIC: [8] Undefined variable: web_title D:\Program Files\PHP\Apache2.2\htdocs\blog\Application\Runtime\Cache\Home\3d7f4c0ce379939c2e6a1f694faf6825.php 第 68 行.
NOTIC: [8] Undefined variable: web_title D:\Program Files\PHP\Apache2.2\htdocs\blog\Application\Runtime\Cache\Home\3d7f4c0ce379939c2e6a1f694faf6825.php 第 68 行.
INFO: Run Behavior\ParseTemplateBehavior [ RunTime:0.011473s ]
INFO: [ view_parse ] --END-- [ RunTime:0.011548s ]
INFO: [ view_filter ] --START--
INFO: Run Behavior\WriteHtmlCacheBehavior [ RunTime:0.000607s ]
INFO: [ view_filter ] --END-- [ RunTime:0.000652s ]
INFO: [ app_end ] --START--
INFO: Run Behavior\ShowPageTraceBehavior [ RunTime:0.000905s ]
INFO: [ app_end ] --END-- [ RunTime:0.000949s ]

[ 2016-09-14T00:07:42+08:00 ] 192.168.0.100 /blog/home/upload/image_logo.jpg
INFO: [ app_init ] --START--
INFO: Run Behavior\BuildLiteBehavior [ RunTime:0.000016s ]
INFO: [ app_init ] --END-- [ RunTime:0.000915s ]

[ 2016-09-14T00:07:44+08:00 ] 192.168.0.100 /blog/home/upload/index.js.map
INFO: [ app_init ] --START--
INFO: Run Behavior\BuildLiteBehavior [ RunTime:0.000022s ]
INFO: [ app_init ] --END-- [ RunTime:0.000974s ]
INFO: [ app_begin ] --START--
INFO: Run Behavior\ReadHtmlCacheBehavior [ RunTime:0.001509s ]
INFO: [ app_begin ] --END-- [ RunTime:0.001631s ]
ERR: 非法操作:index.js.map

[ 2016-09-14T00:07:52+08:00 ] 192.168.0.100 /blog/home/upload/index.html
INFO: [ app_init ] --START--
INFO: Run Behavior\BuildLiteBehavior [ RunTime:0.000014s ]
INFO: [ app_init ] --END-- [ RunTime:0.000652s ]
INFO: [ app_begin ] --START--
INFO: Run Behavior\ReadHtmlCacheBehavior [ RunTime:0.000694s ]
INFO: [ app_begin ] --END-- [ RunTime:0.000747s ]
INFO: [ view_parse ] --START--
INFO: [ template_filter ] --START--
INFO: Run Behavior\ContentReplaceBehavior [ RunTime:0.000086s ]
INFO: [ template_filter ] --END-- [ RunTime:0.000142s ]
NOTIC: [8] Undefined variable: web_title D:\Program Files\PHP\Apache2.2\htdocs\blog\Application\Runtime\Cache\Home\3d7f4c0ce379939c2e6a1f694faf6825.php 第 9 行.
NOTIC: [8] Undefined variable: web_title D:\Program Files\PHP\Apache2.2\htdocs\blog\Application\Runtime\Cache\Home\3d7f4c0ce379939c2e6a1f694faf6825.php 第 23 行.
NOTIC: [8] Undefined variable: web_title D:\Program Files\PHP\Apache2.2\htdocs\blog\Application\Runtime\Cache\Home\3d7f4c0ce379939c2e6a1f694faf6825.php 第 23 行.
NOTIC: [8] Undefined variable: web_title D:\Program Files\PHP\Apache2.2\htdocs\blog\Application\Runtime\Cache\Home\3d7f4c0ce379939c2e6a1f694faf6825.php 第 68 行.
NOTIC: [8] Undefined variable: web_title D:\Program Files\PHP\Apache2.2\htdocs\blog\Application\Runtime\Cache\Home\3d7f4c0ce379939c2e6a1f694faf6825.php 第 68 行.
INFO: Run Behavior\ParseTemplateBehavior [ RunTime:0.014653s ]
INFO: [ view_parse ] --END-- [ RunTime:0.014720s ]
INFO: [ view_filter ] --START--
INFO: Run Behavior\WriteHtmlCacheBehavior [ RunTime:0.000511s ]
INFO: [ view_filter ] --END-- [ RunTime:0.000554s ]
INFO: [ app_end ] --START--
INFO: Run Behavior\ShowPageTraceBehavior [ RunTime:0.000917s ]
INFO: [ app_end ] --END-- [ RunTime:0.000970s ]

[ 2016-09-14T00:07:52+08:00 ] 192.168.0.100 /blog/home/upload/image_logo.jpg
INFO: [ app_init ] --START--
INFO: Run Behavior\BuildLiteBehavior [ RunTime:0.000023s ]
INFO: [ app_init ] --END-- [ RunTime:0.001075s ]

[ 2016-09-14T00:07:53+08:00 ] 192.168.0.100 /blog/home/upload/index.js.map
INFO: [ app_init ] --START--
INFO: Run Behavior\BuildLiteBehavior [ RunTime:0.000022s ]
INFO: [ app_init ] --END-- [ RunTime:0.000996s ]
INFO: [ app_begin ] --START--
INFO: Run Behavior\ReadHtmlCacheBehavior [ RunTime:0.001236s ]
INFO: [ app_begin ] --END-- [ RunTime:0.001393s ]
ERR: 非法操作:index.js.map

[ 2016-09-14T00:08:32+08:00 ] 192.168.0.100 /blog/home/upload/index.html
INFO: [ app_init ] --START--
INFO: Run Behavior\BuildLiteBehavior [ RunTime:0.000013s ]
INFO: [ app_init ] --END-- [ RunTime:0.000624s ]
INFO: [ app_begin ] --START--
INFO: Run Behavior\ReadHtmlCacheBehavior [ RunTime:0.000785s ]
INFO: [ app_begin ] --END-- [ RunTime:0.000836s ]
INFO: [ view_parse ] --START--
INFO: [ template_filter ] --START--
INFO: Run Behavior\ContentReplaceBehavior [ RunTime:0.000084s ]
INFO: [ template_filter ] --END-- [ RunTime:0.000139s ]
NOTIC: [8] Undefined variable: web_title D:\Program Files\PHP\Apache2.2\htdocs\blog\Application\Runtime\Cache\Home\3d7f4c0ce379939c2e6a1f694faf6825.php 第 9 行.
NOTIC: [8] Undefined variable: web_title D:\Program Files\PHP\Apache2.2\htdocs\blog\Application\Runtime\Cache\Home\3d7f4c0ce379939c2e6a1f694faf6825.php 第 23 行.
NOTIC: [8] Undefined variable: web_title D:\Program Files\PHP\Apache2.2\htdocs\blog\Application\Runtime\Cache\Home\3d7f4c0ce379939c2e6a1f694faf6825.php 第 23 行.
NOTIC: [8] Undefined variable: web_title D:\Program Files\PHP\Apache2.2\htdocs\blog\Application\Runtime\Cache\Home\3d7f4c0ce379939c2e6a1f694faf6825.php 第 68 行.
NOTIC: [8] Undefined variable: web_title D:\Program Files\PHP\Apache2.2\htdocs\blog\Application\Runtime\Cache\Home\3d7f4c0ce379939c2e6a1f694faf6825.php 第 68 行.
INFO: Run Behavior\ParseTemplateBehavior [ RunTime:0.011776s ]
INFO: [ view_parse ] --END-- [ RunTime:0.011859s ]
INFO: [ view_filter ] --START--
INFO: Run Behavior\WriteHtmlCacheBehavior [ RunTime:0.000767s ]
INFO: [ view_filter ] --END-- [ RunTime:0.000817s ]
INFO: [ app_end ] --START--
INFO: Run Behavior\ShowPageTraceBehavior [ RunTime:0.000805s ]
INFO: [ app_end ] --END-- [ RunTime:0.000851s ]

[ 2016-09-14T00:08:33+08:00 ] 192.168.0.100 /blog/home/upload/image_logo.jpg
INFO: [ app_init ] --START--
INFO: Run Behavior\BuildLiteBehavior [ RunTime:0.000014s ]
INFO: [ app_init ] --END-- [ RunTime:0.000792s ]

[ 2016-09-14T00:08:33+08:00 ] 192.168.0.100 /blog/home/upload/index.js.map
INFO: [ app_init ] --START--
INFO: Run Behavior\BuildLiteBehavior [ RunTime:0.000024s ]
INFO: [ app_init ] --END-- [ RunTime:0.001154s ]
INFO: [ app_begin ] --START--
INFO: Run Behavior\ReadHtmlCacheBehavior [ RunTime:0.001481s ]
INFO: [ app_begin ] --END-- [ RunTime:0.001596s ]
ERR: 非法操作:index.js.map

[ 2016-09-14T00:08:38+08:00 ] 192.168.0.100 /blog/home/upload/index.html
INFO: [ app_init ] --START--
INFO: Run Behavior\BuildLiteBehavior [ RunTime:0.000013s ]
INFO: [ app_init ] --END-- [ RunTime:0.000691s ]
INFO: [ app_begin ] --START--
INFO: Run Behavior\ReadHtmlCacheBehavior [ RunTime:0.000901s ]
INFO: [ app_begin ] --END-- [ RunTime:0.000989s ]
INFO: [ view_parse ] --START--
INFO: [ template_filter ] --START--
INFO: Run Behavior\ContentReplaceBehavior [ RunTime:0.000102s ]
INFO: [ template_filter ] --END-- [ RunTime:0.000171s ]
NOTIC: [8] Undefined variable: web_title D:\Program Files\PHP\Apache2.2\htdocs\blog\Application\Runtime\Cache\Home\3d7f4c0ce379939c2e6a1f694faf6825.php 第 9 行.
NOTIC: [8] Undefined variable: web_title D:\Program Files\PHP\Apache2.2\htdocs\blog\Application\Runtime\Cache\Home\3d7f4c0ce379939c2e6a1f694faf6825.php 第 23 行.
NOTIC: [8] Undefined variable: web_title D:\Program Files\PHP\Apache2.2\htdocs\blog\Application\Runtime\Cache\Home\3d7f4c0ce379939c2e6a1f694faf6825.php 第 23 行.
NOTIC: [8] Undefined variable: web_title D:\Program Files\PHP\Apache2.2\htdocs\blog\Application\Runtime\Cache\Home\3d7f4c0ce379939c2e6a1f694faf6825.php 第 68 行.
NOTIC: [8] Undefined variable: web_title D:\Program Files\PHP\Apache2.2\htdocs\blog\Application\Runtime\Cache\Home\3d7f4c0ce379939c2e6a1f694faf6825.php 第 68 行.
INFO: Run Behavior\ParseTemplateBehavior [ RunTime:0.011253s ]
INFO: [ view_parse ] --END-- [ RunTime:0.011317s ]
INFO: [ view_filter ] --START--
INFO: Run Behavior\WriteHtmlCacheBehavior [ RunTime:0.000716s ]
INFO: [ view_filter ] --END-- [ RunTime:0.000760s ]
INFO: [ app_end ] --START--
INFO: Run Behavior\ShowPageTraceBehavior [ RunTime:0.000913s ]
INFO: [ app_end ] --END-- [ RunTime:0.000957s ]

[ 2016-09-14T00:08:38+08:00 ] 192.168.0.100 /blog/home/upload/image_logo.jpg
INFO: [ app_init ] --START--
INFO: Run Behavior\BuildLiteBehavior [ RunTime:0.000017s ]
INFO: [ app_init ] --END-- [ RunTime:0.000842s ]

[ 2016-09-14T00:08:39+08:00 ] 192.168.0.100 /blog/home/upload/index.js.map
INFO: [ app_init ] --START--
INFO: Run Behavior\BuildLiteBehavior [ RunTime:0.000017s ]
INFO: [ app_init ] --END-- [ RunTime:0.000707s ]
INFO: [ app_begin ] --START--
INFO: Run Behavior\ReadHtmlCacheBehavior [ RunTime:0.000787s ]
INFO: [ app_begin ] --END-- [ RunTime:0.000854s ]
ERR: 非法操作:index.js.map

[ 2016-09-14T00:08:47+08:00 ] 192.168.0.100 /blog/home/upload/index.html
INFO: [ app_init ] --START--
INFO: Run Behavior\BuildLiteBehavior [ RunTime:0.000020s ]
INFO: [ app_init ] --END-- [ RunTime:0.000706s ]
INFO: [ app_begin ] --START--
INFO: Run Behavior\ReadHtmlCacheBehavior [ RunTime:0.000941s ]
INFO: [ app_begin ] --END-- [ RunTime:0.001006s ]
INFO: [ view_parse ] --START--
INFO: [ template_filter ] --START--
INFO: Run Behavior\ContentReplaceBehavior [ RunTime:0.000106s ]
INFO: [ template_filter ] --END-- [ RunTime:0.000160s ]
NOTIC: [8] Undefined variable: web_title D:\Program Files\PHP\Apache2.2\htdocs\blog\Application\Runtime\Cache\Home\3d7f4c0ce379939c2e6a1f694faf6825.php 第 9 行.
NOTIC: [8] Undefined variable: web_title D:\Program Files\PHP\Apache2.2\htdocs\blog\Application\Runtime\Cache\Home\3d7f4c0ce379939c2e6a1f694faf6825.php 第 23 行.
NOTIC: [8] Undefined variable: web_title D:\Program Files\PHP\Apache2.2\htdocs\blog\Application\Runtime\Cache\Home\3d7f4c0ce379939c2e6a1f694faf6825.php 第 23 行.
NOTIC: [8] Undefined variable: web_title D:\Program Files\PHP\Apache2.2\htdocs\blog\Application\Runtime\Cache\Home\3d7f4c0ce379939c2e6a1f694faf6825.php 第 68 行.
NOTIC: [8] Undefined variable: web_title D:\Program Files\PHP\Apache2.2\htdocs\blog\Application\Runtime\Cache\Home\3d7f4c0ce379939c2e6a1f694faf6825.php 第 68 行.
INFO: Run Behavior\ParseTemplateBehavior [ RunTime:0.011620s ]
INFO: [ view_parse ] --END-- [ RunTime:0.011675s ]
INFO: [ view_filter ] --START--
INFO: Run Behavior\WriteHtmlCacheBehavior [ RunTime:0.000610s ]
INFO: [ view_filter ] --END-- [ RunTime:0.000653s ]
INFO: [ app_end ] --START--
INFO: Run Behavior\ShowPageTraceBehavior [ RunTime:0.001107s ]
INFO: [ app_end ] --END-- [ RunTime:0.001153s ]

[ 2016-09-14T00:08:47+08:00 ] 192.168.0.100 /blog/home/upload/image_logo.jpg
INFO: [ app_init ] --START--
INFO: Run Behavior\BuildLiteBehavior [ RunTime:0.000030s ]
INFO: [ app_init ] --END-- [ RunTime:0.002025s ]

[ 2016-09-14T00:08:48+08:00 ] 192.168.0.100 /blog/home/upload/index.js.map
INFO: [ app_init ] --START--
INFO: Run Behavior\BuildLiteBehavior [ RunTime:0.000022s ]
INFO: [ app_init ] --END-- [ RunTime:0.000919s ]
INFO: [ app_begin ] --START--
INFO: Run Behavior\ReadHtmlCacheBehavior [ RunTime:0.001533s ]
INFO: [ app_begin ] --END-- [ RunTime:0.001640s ]
ERR: 非法操作:index.js.map

[ 2016-09-14T00:09:21+08:00 ] 192.168.0.100 /blog/home/upload/index.html
INFO: [ app_init ] --START--
INFO: Run Behavior\BuildLiteBehavior [ RunTime:0.000013s ]
INFO: [ app_init ] --END-- [ RunTime:0.000626s ]
INFO: [ app_begin ] --START--
INFO: Run Behavior\ReadHtmlCacheBehavior [ RunTime:0.000735s ]
INFO: [ app_begin ] --END-- [ RunTime:0.000784s ]
INFO: [ view_parse ] --START--
INFO: [ template_filter ] --START--
INFO: Run Behavior\ContentReplaceBehavior [ RunTime:0.000095s ]
INFO: [ template_filter ] --END-- [ RunTime:0.000150s ]
NOTIC: [8] Undefined variable: web_title D:\Program Files\PHP\Apache2.2\htdocs\blog\Application\Runtime\Cache\Home\3d7f4c0ce379939c2e6a1f694faf6825.php 第 9 行.
NOTIC: [8] Undefined variable: web_title D:\Program Files\PHP\Apache2.2\htdocs\blog\Application\Runtime\Cache\Home\3d7f4c0ce379939c2e6a1f694faf6825.php 第 23 行.
NOTIC: [8] Undefined variable: web_title D:\Program Files\PHP\Apache2.2\htdocs\blog\Application\Runtime\Cache\Home\3d7f4c0ce379939c2e6a1f694faf6825.php 第 23 行.
NOTIC: [8] Undefined variable: web_title D:\Program Files\PHP\Apache2.2\htdocs\blog\Application\Runtime\Cache\Home\3d7f4c0ce379939c2e6a1f694faf6825.php 第 68 行.
NOTIC: [8] Undefined variable: web_title D:\Program Files\PHP\Apache2.2\htdocs\blog\Application\Runtime\Cache\Home\3d7f4c0ce379939c2e6a1f694faf6825.php 第 68 行.
INFO: Run Behavior\ParseTemplateBehavior [ RunTime:0.013734s ]
INFO: [ view_parse ] --END-- [ RunTime:0.013790s ]
INFO: [ view_filter ] --START--
INFO: Run Behavior\WriteHtmlCacheBehavior [ RunTime:0.000715s ]
INFO: [ view_filter ] --END-- [ RunTime:0.000758s ]
INFO: [ app_end ] --START--
INFO: Run Behavior\ShowPageTraceBehavior [ RunTime:0.000822s ]
INFO: [ app_end ] --END-- [ RunTime:0.000867s ]

[ 2016-09-14T00:09:21+08:00 ] 192.168.0.100 /blog/home/upload/image_logo.jpg
INFO: [ app_init ] --START--
INFO: Run Behavior\BuildLiteBehavior [ RunTime:0.000052s ]
INFO: [ app_init ] --END-- [ RunTime:0.002228s ]

[ 2016-09-14T00:09:22+08:00 ] 192.168.0.100 /blog/home/upload/index.js.map
INFO: [ app_init ] --START--
INFO: Run Behavior\BuildLiteBehavior [ RunTime:0.000024s ]
INFO: [ app_init ] --END-- [ RunTime:0.001439s ]
INFO: [ app_begin ] --START--
INFO: Run Behavior\ReadHtmlCacheBehavior [ RunTime:0.001405s ]
INFO: [ app_begin ] --END-- [ RunTime:0.001507s ]
ERR: 非法操作:index.js.map

[ 2016-09-14T00:09:36+08:00 ] 192.168.0.100 /blog/home/upload/index.html
INFO: [ app_init ] --START--
INFO: Run Behavior\BuildLiteBehavior [ RunTime:0.000013s ]
INFO: [ app_init ] --END-- [ RunTime:0.000640s ]
INFO: [ app_begin ] --START--
INFO: Run Behavior\ReadHtmlCacheBehavior [ RunTime:0.000993s ]
INFO: [ app_begin ] --END-- [ RunTime:0.001052s ]
INFO: [ view_parse ] --START--
INFO: [ template_filter ] --START--
INFO: Run Behavior\ContentReplaceBehavior [ RunTime:0.000135s ]
INFO: [ template_filter ] --END-- [ RunTime:0.000221s ]
NOTIC: [8] Undefined variable: web_title D:\Program Files\PHP\Apache2.2\htdocs\blog\Application\Runtime\Cache\Home\3d7f4c0ce379939c2e6a1f694faf6825.php 第 9 行.
NOTIC: [8] Undefined variable: web_title D:\Program Files\PHP\Apache2.2\htdocs\blog\Application\Runtime\Cache\Home\3d7f4c0ce379939c2e6a1f694faf6825.php 第 23 行.
NOTIC: [8] Undefined variable: web_title D:\Program Files\PHP\Apache2.2\htdocs\blog\Application\Runtime\Cache\Home\3d7f4c0ce379939c2e6a1f694faf6825.php 第 23 行.
NOTIC: [8] Undefined variable: web_title D:\Program Files\PHP\Apache2.2\htdocs\blog\Application\Runtime\Cache\Home\3d7f4c0ce379939c2e6a1f694faf6825.php 第 68 行.
NOTIC: [8] Undefined variable: web_title D:\Program Files\PHP\Apache2.2\htdocs\blog\Application\Runtime\Cache\Home\3d7f4c0ce379939c2e6a1f694faf6825.php 第 68 行.
INFO: Run Behavior\ParseTemplateBehavior [ RunTime:0.011760s ]
INFO: [ view_parse ] --END-- [ RunTime:0.011819s ]
INFO: [ view_filter ] --START--
INFO: Run Behavior\WriteHtmlCacheBehavior [ RunTime:0.000642s ]
INFO: [ view_filter ] --END-- [ RunTime:0.000694s ]
INFO: [ app_end ] --START--
INFO: Run Behavior\ShowPageTraceBehavior [ RunTime:0.000983s ]
INFO: [ app_end ] --END-- [ RunTime:0.001050s ]

[ 2016-09-14T00:09:36+08:00 ] 192.168.0.100 /blog/home/upload/image_logo.jpg
INFO: [ app_init ] --START--
INFO: Run Behavior\BuildLiteBehavior [ RunTime:0.000014s ]
INFO: [ app_init ] --END-- [ RunTime:0.000692s ]

[ 2016-09-14T00:09:37+08:00 ] 192.168.0.100 /blog/home/upload/index.js.map
INFO: [ app_init ] --START--
INFO: Run Behavior\BuildLiteBehavior [ RunTime:0.000023s ]
INFO: [ app_init ] --END-- [ RunTime:0.001011s ]
INFO: [ app_begin ] --START--
INFO: Run Behavior\ReadHtmlCacheBehavior [ RunTime:0.001327s ]
INFO: [ app_begin ] --END-- [ RunTime:0.001431s ]
ERR: 非法操作:index.js.map

[ 2016-09-14T00:09:44+08:00 ] 192.168.0.100 /blog/home/upload/index.html
INFO: [ app_init ] --START--
INFO: Run Behavior\BuildLiteBehavior [ RunTime:0.000012s ]
INFO: [ app_init ] --END-- [ RunTime:0.000723s ]
INFO: [ app_begin ] --START--
INFO: Run Behavior\ReadHtmlCacheBehavior [ RunTime:0.000918s ]
INFO: [ app_begin ] --END-- [ RunTime:0.000970s ]
INFO: [ view_parse ] --START--
INFO: [ template_filter ] --START--
INFO: Run Behavior\ContentReplaceBehavior [ RunTime:0.000082s ]
INFO: [ template_filter ] --END-- [ RunTime:0.000137s ]
NOTIC: [8] Undefined variable: web_title D:\Program Files\PHP\Apache2.2\htdocs\blog\Application\Runtime\Cache\Home\3d7f4c0ce379939c2e6a1f694faf6825.php 第 9 行.
NOTIC: [8] Undefined variable: web_title D:\Program Files\PHP\Apache2.2\htdocs\blog\Application\Runtime\Cache\Home\3d7f4c0ce379939c2e6a1f694faf6825.php 第 23 行.
NOTIC: [8] Undefined variable: web_title D:\Program Files\PHP\Apache2.2\htdocs\blog\Application\Runtime\Cache\Home\3d7f4c0ce379939c2e6a1f694faf6825.php 第 23 行.
NOTIC: [8] Undefined variable: web_title D:\Program Files\PHP\Apache2.2\htdocs\blog\Application\Runtime\Cache\Home\3d7f4c0ce379939c2e6a1f694faf6825.php 第 68 行.
NOTIC: [8] Undefined variable: web_title D:\Program Files\PHP\Apache2.2\htdocs\blog\Application\Runtime\Cache\Home\3d7f4c0ce379939c2e6a1f694faf6825.php 第 68 行.
INFO: Run Behavior\ParseTemplateBehavior [ RunTime:0.012922s ]
INFO: [ view_parse ] --END-- [ RunTime:0.012986s ]
INFO: [ view_filter ] --START--
INFO: Run Behavior\WriteHtmlCacheBehavior [ RunTime:0.000753s ]
INFO: [ view_filter ] --END-- [ RunTime:0.000797s ]
INFO: [ app_end ] --START--
INFO: Run Behavior\ShowPageTraceBehavior [ RunTime:0.000989s ]
INFO: [ app_end ] --END-- [ RunTime:0.001034s ]

[ 2016-09-14T00:09:44+08:00 ] 192.168.0.100 /blog/home/upload/image_logo.jpg
INFO: [ app_init ] --START--
INFO: Run Behavior\BuildLiteBehavior [ RunTime:0.000019s ]
INFO: [ app_init ] --END-- [ RunTime:0.000625s ]

[ 2016-09-14T00:09:45+08:00 ] 192.168.0.100 /blog/home/upload/index.js.map
INFO: [ app_init ] --START--
INFO: Run Behavior\BuildLiteBehavior [ RunTime:0.000023s ]
INFO: [ app_init ] --END-- [ RunTime:0.000870s ]
INFO: [ app_begin ] --START--
INFO: Run Behavior\ReadHtmlCacheBehavior [ RunTime:0.001278s ]
INFO: [ app_begin ] --END-- [ RunTime:0.001385s ]
ERR: 非法操作:index.js.map

[ 2016-09-14T00:10:02+08:00 ] 192.168.0.100 /blog/home/upload/index.html
INFO: [ app_init ] --START--
INFO: Run Behavior\BuildLiteBehavior [ RunTime:0.000014s ]
INFO: [ app_init ] --END-- [ RunTime:0.000592s ]
INFO: [ app_begin ] --START--
INFO: Run Behavior\ReadHtmlCacheBehavior [ RunTime:0.000696s ]
INFO: [ app_begin ] --END-- [ RunTime:0.000747s ]
INFO: [ view_parse ] --START--
INFO: [ template_filter ] --START--
INFO: Run Behavior\ContentReplaceBehavior [ RunTime:0.000087s ]
INFO: [ template_filter ] --END-- [ RunTime:0.000154s ]
NOTIC: [8] Undefined variable: web_title D:\Program Files\PHP\Apache2.2\htdocs\blog\Application\Runtime\Cache\Home\3d7f4c0ce379939c2e6a1f694faf6825.php 第 9 行.
NOTIC: [8] Undefined variable: web_title D:\Program Files\PHP\Apache2.2\htdocs\blog\Application\Runtime\Cache\Home\3d7f4c0ce379939c2e6a1f694faf6825.php 第 23 行.
NOTIC: [8] Undefined variable: web_title D:\Program Files\PHP\Apache2.2\htdocs\blog\Application\Runtime\Cache\Home\3d7f4c0ce379939c2e6a1f694faf6825.php 第 23 行.
NOTIC: [8] Undefined variable: web_title D:\Program Files\PHP\Apache2.2\htdocs\blog\Application\Runtime\Cache\Home\3d7f4c0ce379939c2e6a1f694faf6825.php 第 68 行.
NOTIC: [8] Undefined variable: web_title D:\Program Files\PHP\Apache2.2\htdocs\blog\Application\Runtime\Cache\Home\3d7f4c0ce379939c2e6a1f694faf6825.php 第 68 行.
INFO: Run Behavior\ParseTemplateBehavior [ RunTime:0.011885s ]
INFO: [ view_parse ] --END-- [ RunTime:0.011957s ]
INFO: [ view_filter ] --START--
INFO: Run Behavior\WriteHtmlCacheBehavior [ RunTime:0.000629s ]
INFO: [ view_filter ] --END-- [ RunTime:0.000678s ]
INFO: [ app_end ] --START--
INFO: Run Behavior\ShowPageTraceBehavior [ RunTime:0.000848s ]
INFO: [ app_end ] --END-- [ RunTime:0.000895s ]

[ 2016-09-14T00:10:02+08:00 ] 192.168.0.100 /blog/home/upload/image_logo.jpg
INFO: [ app_init ] --START--
INFO: Run Behavior\BuildLiteBehavior [ RunTime:0.000013s ]
INFO: [ app_init ] --END-- [ RunTime:0.000598s ]

[ 2016-09-14T00:10:03+08:00 ] 192.168.0.100 /blog/home/upload/index.js.map
INFO: [ app_init ] --START--
INFO: Run Behavior\BuildLiteBehavior [ RunTime:0.000026s ]
INFO: [ app_init ] --END-- [ RunTime:0.001000s ]
INFO: [ app_begin ] --START--
INFO: Run Behavior\ReadHtmlCacheBehavior [ RunTime:0.001444s ]
INFO: [ app_begin ] --END-- [ RunTime:0.001543s ]
ERR: 非法操作:index.js.map

[ 2016-09-14T00:10:10+08:00 ] 192.168.0.100 /blog/home/upload/index.html
INFO: [ app_init ] --START--
INFO: Run Behavior\BuildLiteBehavior [ RunTime:0.000022s ]
INFO: [ app_init ] --END-- [ RunTime:0.000890s ]
INFO: [ app_begin ] --START--
INFO: Run Behavior\ReadHtmlCacheBehavior [ RunTime:0.000895s ]
INFO: [ app_begin ] --END-- [ RunTime:0.000974s ]
INFO: [ view_parse ] --START--
INFO: [ template_filter ] --START--
INFO: Run Behavior\ContentReplaceBehavior [ RunTime:0.000117s ]
INFO: [ template_filter ] --END-- [ RunTime:0.000193s ]
NOTIC: [8] Undefined variable: web_title D:\Program Files\PHP\Apache2.2\htdocs\blog\Application\Runtime\Cache\Home\3d7f4c0ce379939c2e6a1f694faf6825.php 第 9 行.
NOTIC: [8] Undefined variable: web_title D:\Program Files\PHP\Apache2.2\htdocs\blog\Application\Runtime\Cache\Home\3d7f4c0ce379939c2e6a1f694faf6825.php 第 23 行.
NOTIC: [8] Undefined variable: web_title D:\Program Files\PHP\Apache2.2\htdocs\blog\Application\Runtime\Cache\Home\3d7f4c0ce379939c2e6a1f694faf6825.php 第 23 行.
NOTIC: [8] Undefined variable: web_title D:\Program Files\PHP\Apache2.2\htdocs\blog\Application\Runtime\Cache\Home\3d7f4c0ce379939c2e6a1f694faf6825.php 第 68 行.
NOTIC: [8] Undefined variable: web_title D:\Program Files\PHP\Apache2.2\htdocs\blog\Application\Runtime\Cache\Home\3d7f4c0ce379939c2e6a1f694faf6825.php 第 68 行.
INFO: Run Behavior\ParseTemplateBehavior [ RunTime:0.015182s ]
INFO: [ view_parse ] --END-- [ RunTime:0.015263s ]
INFO: [ view_filter ] --START--
INFO: Run Behavior\WriteHtmlCacheBehavior [ RunTime:0.001233s ]
INFO: [ view_filter ] --END-- [ RunTime:0.001316s ]
INFO: [ app_end ] --START--
INFO: Run Behavior\ShowPageTraceBehavior [ RunTime:0.001550s ]
INFO: [ app_end ] --END-- [ RunTime:0.001638s ]

[ 2016-09-14T00:10:10+08:00 ] 192.168.0.100 /blog/home/upload/image_logo.jpg
INFO: [ app_init ] --START--
INFO: Run Behavior\BuildLiteBehavior [ RunTime:0.000021s ]
INFO: [ app_init ] --END-- [ RunTime:0.001011s ]

[ 2016-09-14T00:10:11+08:00 ] 192.168.0.100 /blog/home/upload/index.js.map
INFO: [ app_init ] --START--
INFO: Run Behavior\BuildLiteBehavior [ RunTime:0.000022s ]
INFO: [ app_init ] --END-- [ RunTime:0.000884s ]
INFO: [ app_begin ] --START--
INFO: Run Behavior\ReadHtmlCacheBehavior [ RunTime:0.000808s ]
INFO: [ app_begin ] --END-- [ RunTime:0.000884s ]
ERR: 非法操作:index.js.map

[ 2016-09-14T00:10:33+08:00 ] 192.168.0.100 /blog/home/upload/index.html
INFO: [ app_init ] --START--
INFO: Run Behavior\BuildLiteBehavior [ RunTime:0.000015s ]
INFO: [ app_init ] --END-- [ RunTime:0.000643s ]
INFO: [ app_begin ] --START--
INFO: Run Behavior\ReadHtmlCacheBehavior [ RunTime:0.000835s ]
INFO: [ app_begin ] --END-- [ RunTime:0.000905s ]
INFO: [ view_parse ] --START--
INFO: [ template_filter ] --START--
INFO: Run Behavior\ContentReplaceBehavior [ RunTime:0.000131s ]
INFO: [ template_filter ] --END-- [ RunTime:0.000219s ]
NOTIC: [8] Undefined variable: web_title D:\Program Files\PHP\Apache2.2\htdocs\blog\Application\Runtime\Cache\Home\3d7f4c0ce379939c2e6a1f694faf6825.php 第 9 行.
NOTIC: [8] Undefined variable: web_title D:\Program Files\PHP\Apache2.2\htdocs\blog\Application\Runtime\Cache\Home\3d7f4c0ce379939c2e6a1f694faf6825.php 第 23 行.
NOTIC: [8] Undefined variable: web_title D:\Program Files\PHP\Apache2.2\htdocs\blog\Application\Runtime\Cache\Home\3d7f4c0ce379939c2e6a1f694faf6825.php 第 23 行.
NOTIC: [8] Undefined variable: web_title D:\Program Files\PHP\Apache2.2\htdocs\blog\Application\Runtime\Cache\Home\3d7f4c0ce379939c2e6a1f694faf6825.php 第 68 行.
NOTIC: [8] Undefined variable: web_title D:\Program Files\PHP\Apache2.2\htdocs\blog\Application\Runtime\Cache\Home\3d7f4c0ce379939c2e6a1f694faf6825.php 第 68 行.
INFO: Run Behavior\ParseTemplateBehavior [ RunTime:0.016701s ]
INFO: [ view_parse ] --END-- [ RunTime:0.016796s ]
INFO: [ view_filter ] --START--
INFO: Run Behavior\WriteHtmlCacheBehavior [ RunTime:0.000674s ]
INFO: [ view_filter ] --END-- [ RunTime:0.000798s ]
INFO: [ app_end ] --START--
INFO: Run Behavior\ShowPageTraceBehavior [ RunTime:0.001182s ]
INFO: [ app_end ] --END-- [ RunTime:0.001264s ]

[ 2016-09-14T00:10:33+08:00 ] 192.168.0.100 /blog/home/upload/image_logo.jpg
INFO: [ app_init ] --START--
INFO: Run Behavior\BuildLiteBehavior [ RunTime:0.000028s ]
INFO: [ app_init ] --END-- [ RunTime:0.001525s ]

[ 2016-09-14T00:10:34+08:00 ] 192.168.0.100 /blog/home/upload/index.js.map
INFO: [ app_init ] --START--
INFO: Run Behavior\BuildLiteBehavior [ RunTime:0.000014s ]
INFO: [ app_init ] --END-- [ RunTime:0.000644s ]
INFO: [ app_begin ] --START--
INFO: Run Behavior\ReadHtmlCacheBehavior [ RunTime:0.001245s ]
INFO: [ app_begin ] --END-- [ RunTime:0.001354s ]
ERR: 非法操作:index.js.map

[ 2016-09-14T00:25:08+08:00 ] 183.61.236.90 /blog/
INFO: [ app_init ] --START--
INFO: Run Behavior\BuildLiteBehavior [ RunTime:0.000025s ]
INFO: [ app_init ] --END-- [ RunTime:0.001112s ]
INFO: [ app_begin ] --START--
INFO: Run Behavior\ReadHtmlCacheBehavior [ RunTime:0.001146s ]
INFO: [ app_begin ] --END-- [ RunTime:0.001210s ]
INFO: [ view_parse ] --START--
INFO: [ template_filter ] --START--
INFO: Run Behavior\ContentReplaceBehavior [ RunTime:0.000267s ]
INFO: [ template_filter ] --END-- [ RunTime:0.000341s ]
NOTIC: [8] Undefined variable: web_title /www/users/HA213565/WEB/blog/Application/Runtime/Cache/Home/2a94b8bda04ff446dcedd42276fc99ee.php 第 9 行.
NOTIC: [8] Undefined variable: web_title /www/users/HA213565/WEB/blog/Application/Runtime/Cache/Home/2a94b8bda04ff446dcedd42276fc99ee.php 第 23 行.
NOTIC: [8] Undefined variable: web_title /www/users/HA213565/WEB/blog/Application/Runtime/Cache/Home/2a94b8bda04ff446dcedd42276fc99ee.php 第 23 行.
NOTIC: [8] Undefined variable: web_title /www/users/HA213565/WEB/blog/Application/Runtime/Cache/Home/2a94b8bda04ff446dcedd42276fc99ee.php 第 68 行.
NOTIC: [8] Undefined variable: web_title /www/users/HA213565/WEB/blog/Application/Runtime/Cache/Home/2a94b8bda04ff446dcedd42276fc99ee.php 第 68 行.
INFO: Run Behavior\ParseTemplateBehavior [ RunTime:0.040367s ]
INFO: [ view_parse ] --END-- [ RunTime:0.040448s ]
INFO: [ view_filter ] --START--
INFO: Run Behavior\WriteHtmlCacheBehavior [ RunTime:0.004143s ]
INFO: [ view_filter ] --END-- [ RunTime:0.004227s ]
INFO: [ app_end ] --START--
INFO: Run Behavior\ShowPageTraceBehavior [ RunTime:0.001827s ]
INFO: [ app_end ] --END-- [ RunTime:0.001896s ]

[ 2016-09-14T00:25:38+08:00 ] 183.61.236.90 /blog/home/upload
INFO: [ app_init ] --START--
INFO: Run Behavior\BuildLiteBehavior [ RunTime:0.000030s ]
INFO: [ app_init ] --END-- [ RunTime:0.001673s ]
INFO: [ app_begin ] --START--
INFO: Run Behavior\ReadHtmlCacheBehavior [ RunTime:0.002836s ]
INFO: [ app_begin ] --END-- [ RunTime:0.002959s ]
INFO: [ view_parse ] --START--
INFO: [ template_filter ] --START--
INFO: Run Behavior\ContentReplaceBehavior [ RunTime:0.000159s ]
INFO: [ template_filter ] --END-- [ RunTime:0.000280s ]
NOTIC: [8] Undefined variable: web_title /www/users/HA213565/WEB/blog/Application/Runtime/Cache/Home/3d7f4c0ce379939c2e6a1f694faf6825.php 第 9 行.
NOTIC: [8] Undefined variable: web_title /www/users/HA213565/WEB/blog/Application/Runtime/Cache/Home/3d7f4c0ce379939c2e6a1f694faf6825.php 第 23 行.
NOTIC: [8] Undefined variable: web_title /www/users/HA213565/WEB/blog/Application/Runtime/Cache/Home/3d7f4c0ce379939c2e6a1f694faf6825.php 第 23 行.
NOTIC: [8] Undefined variable: web_title /www/users/HA213565/WEB/blog/Application/Runtime/Cache/Home/3d7f4c0ce379939c2e6a1f694faf6825.php 第 68 行.
NOTIC: [8] Undefined variable: web_title /www/users/HA213565/WEB/blog/Application/Runtime/Cache/Home/3d7f4c0ce379939c2e6a1f694faf6825.php 第 68 行.
INFO: Run Behavior\ParseTemplateBehavior [ RunTime:0.030591s ]
INFO: [ view_parse ] --END-- [ RunTime:0.030656s ]
INFO: [ view_filter ] --START--
INFO: Run Behavior\WriteHtmlCacheBehavior [ RunTime:0.000568s ]
INFO: [ view_filter ] --END-- [ RunTime:0.000619s ]
INFO: [ app_end ] --START--
INFO: Run Behavior\ShowPageTraceBehavior [ RunTime:0.004905s ]
INFO: [ app_end ] --END-- [ RunTime:0.005003s ]

[ 2016-09-14T00:25:38+08:00 ] 183.61.236.90 /blog/home/image_logo.jpg
INFO: [ app_init ] --START--
INFO: Run Behavior\BuildLiteBehavior [ RunTime:0.000026s ]
INFO: [ app_init ] --END-- [ RunTime:0.000954s ]

[ 2016-09-14T00:32:29+08:00 ] 183.61.236.90 /blog/
INFO: [ app_init ] --START--
INFO: Run Behavior\BuildLiteBehavior [ RunTime:0.000034s ]
INFO: [ app_init ] --END-- [ RunTime:0.012583s ]
INFO: [ app_begin ] --START--
INFO: Run Behavior\ReadHtmlCacheBehavior [ RunTime:0.011498s ]
INFO: [ app_begin ] --END-- [ RunTime:0.011600s ]
INFO: [ view_parse ] --START--
INFO: [ template_filter ] --START--
INFO: Run Behavior\ContentReplaceBehavior [ RunTime:0.009854s ]
INFO: [ template_filter ] --END-- [ RunTime:0.009962s ]
NOTIC: [8] Undefined variable: web_title /www/users/HA213565/WEB/blog/Application/Runtime/Cache/Home/2a94b8bda04ff446dcedd42276fc99ee.php 第 9 行.
NOTIC: [8] Undefined variable: web_title /www/users/HA213565/WEB/blog/Application/Runtime/Cache/Home/2a94b8bda04ff446dcedd42276fc99ee.php 第 23 行.
NOTIC: [8] Undefined variable: web_title /www/users/HA213565/WEB/blog/Application/Runtime/Cache/Home/2a94b8bda04ff446dcedd42276fc99ee.php 第 23 行.
NOTIC: [8] Undefined variable: web_title /www/users/HA213565/WEB/blog/Application/Runtime/Cache/Home/2a94b8bda04ff446dcedd42276fc99ee.php 第 68 行.
NOTIC: [8] Undefined variable: web_title /www/users/HA213565/WEB/blog/Application/Runtime/Cache/Home/2a94b8bda04ff446dcedd42276fc99ee.php 第 68 行.
INFO: Run Behavior\ParseTemplateBehavior [ RunTime:0.106218s ]
INFO: [ view_parse ] --END-- [ RunTime:0.106319s ]
INFO: [ view_filter ] --START--
INFO: Run Behavior\WriteHtmlCacheBehavior [ RunTime:0.014074s ]
INFO: [ view_filter ] --END-- [ RunTime:0.014174s ]
INFO: [ app_end ] --START--
INFO: Run Behavior\ShowPageTraceBehavior [ RunTime:0.002992s ]
INFO: [ app_end ] --END-- [ RunTime:0.003078s ]

[ 2016-09-14T00:32:54+08:00 ] 183.61.236.90 /blog/home/upload
INFO: [ app_init ] --START--
INFO: Run Behavior\BuildLiteBehavior [ RunTime:0.000055s ]
INFO: [ app_init ] --END-- [ RunTime:0.000917s ]
INFO: [ app_begin ] --START--
INFO: Run Behavior\ReadHtmlCacheBehavior [ RunTime:0.001957s ]
INFO: [ app_begin ] --END-- [ RunTime:0.002056s ]
INFO: [ view_parse ] --START--
INFO: [ template_filter ] --START--
INFO: Run Behavior\ContentReplaceBehavior [ RunTime:0.000153s ]
INFO: [ template_filter ] --END-- [ RunTime:0.000229s ]
NOTIC: [8] Undefined variable: web_title /www/users/HA213565/WEB/blog/Application/Runtime/Cache/Home/3d7f4c0ce379939c2e6a1f694faf6825.php 第 9 行.
NOTIC: [8] Undefined variable: web_title /www/users/HA213565/WEB/blog/Application/Runtime/Cache/Home/3d7f4c0ce379939c2e6a1f694faf6825.php 第 23 行.
NOTIC: [8] Undefined variable: web_title /www/users/HA213565/WEB/blog/Application/Runtime/Cache/Home/3d7f4c0ce379939c2e6a1f694faf6825.php 第 23 行.
NOTIC: [8] Undefined variable: web_title /www/users/HA213565/WEB/blog/Application/Runtime/Cache/Home/3d7f4c0ce379939c2e6a1f694faf6825.php 第 68 行.
NOTIC: [8] Undefined variable: web_title /www/users/HA213565/WEB/blog/Application/Runtime/Cache/Home/3d7f4c0ce379939c2e6a1f694faf6825.php 第 68 行.
INFO: Run Behavior\ParseTemplateBehavior [ RunTime:0.032085s ]
INFO: [ view_parse ] --END-- [ RunTime:0.032154s ]
INFO: [ view_filter ] --START--
INFO: Run Behavior\WriteHtmlCacheBehavior [ RunTime:0.000559s ]
INFO: [ view_filter ] --END-- [ RunTime:0.000615s ]
INFO: [ app_end ] --START--
INFO: Run Behavior\ShowPageTraceBehavior [ RunTime:0.001387s ]
INFO: [ app_end ] --END-- [ RunTime:0.001453s ]

[ 2016-09-14T00:32:54+08:00 ] 183.61.236.90 /blog/home/image_logo.jpg
INFO: [ app_init ] --START--
INFO: Run Behavior\BuildLiteBehavior [ RunTime:0.000033s ]
INFO: [ app_init ] --END-- [ RunTime:0.002273s ]

[ 2016-09-14T00:35:49+08:00 ] 183.61.236.90 /blog/home/upload
INFO: [ app_init ] --START--
INFO: Run Behavior\BuildLiteBehavior [ RunTime:0.000034s ]
INFO: [ app_init ] --END-- [ RunTime:0.009872s ]
INFO: [ app_begin ] --START--
INFO: Run Behavior\ReadHtmlCacheBehavior [ RunTime:0.012558s ]
INFO: [ app_begin ] --END-- [ RunTime:0.012648s ]
INFO: [ view_parse ] --START--
INFO: [ template_filter ] --START--
INFO: Run Behavior\ContentReplaceBehavior [ RunTime:0.000146s ]
INFO: [ template_filter ] --END-- [ RunTime:0.000221s ]
NOTIC: [8] Undefined variable: web_title /www/users/HA213565/WEB/blog/Application/Runtime/Cache/Home/3d7f4c0ce379939c2e6a1f694faf6825.php 第 9 行.
NOTIC: [8] Undefined variable: web_title /www/users/HA213565/WEB/blog/Application/Runtime/Cache/Home/3d7f4c0ce379939c2e6a1f694faf6825.php 第 23 行.
NOTIC: [8] Undefined variable: web_title /www/users/HA213565/WEB/blog/Application/Runtime/Cache/Home/3d7f4c0ce379939c2e6a1f694faf6825.php 第 23 行.
NOTIC: [8] Undefined variable: web_title /www/users/HA213565/WEB/blog/Application/Runtime/Cache/Home/3d7f4c0ce379939c2e6a1f694faf6825.php 第 68 行.
NOTIC: [8] Undefined variable: web_title /www/users/HA213565/WEB/blog/Application/Runtime/Cache/Home/3d7f4c0ce379939c2e6a1f694faf6825.php 第 68 行.
INFO: Run Behavior\ParseTemplateBehavior [ RunTime:0.133916s ]
INFO: [ view_parse ] --END-- [ RunTime:0.134043s ]
INFO: [ view_filter ] --START--
INFO: Run Behavior\WriteHtmlCacheBehavior [ RunTime:0.014067s ]
INFO: [ view_filter ] --END-- [ RunTime:0.014138s ]
INFO: [ app_end ] --START--
INFO: Run Behavior\ShowPageTraceBehavior [ RunTime:0.002971s ]
INFO: [ app_end ] --END-- [ RunTime:0.003043s ]

[ 2016-09-14T01:04:18+08:00 ] 183.61.236.90 /blog/home/upload/index.html
INFO: [ app_init ] --START--
INFO: Run Behavior\BuildLiteBehavior [ RunTime:0.000029s ]
INFO: [ app_init ] --END-- [ RunTime:0.014289s ]
INFO: [ app_begin ] --START--
INFO: Run Behavior\ReadHtmlCacheBehavior [ RunTime:0.014918s ]
INFO: [ app_begin ] --END-- [ RunTime:0.015004s ]
INFO: [ view_parse ] --START--
INFO: [ template_filter ] --START--
INFO: Run Behavior\ContentReplaceBehavior [ RunTime:0.040723s ]
INFO: [ template_filter ] --END-- [ RunTime:0.040824s ]
NOTIC: [8] Undefined variable: web_title /www/users/HA213565/WEB/blog/Application/Runtime/Cache/Home/3d7f4c0ce379939c2e6a1f694faf6825.php 第 9 行.
NOTIC: [8] Undefined variable: web_title /www/users/HA213565/WEB/blog/Application/Runtime/Cache/Home/3d7f4c0ce379939c2e6a1f694faf6825.php 第 23 行.
NOTIC: [8] Undefined variable: web_title /www/users/HA213565/WEB/blog/Application/Runtime/Cache/Home/3d7f4c0ce379939c2e6a1f694faf6825.php 第 23 行.
NOTIC: [8] Undefined variable: web_title /www/users/HA213565/WEB/blog/Application/Runtime/Cache/Home/3d7f4c0ce379939c2e6a1f694faf6825.php 第 68 行.
NOTIC: [8] Undefined variable: web_title /www/users/HA213565/WEB/blog/Application/Runtime/Cache/Home/3d7f4c0ce379939c2e6a1f694faf6825.php 第 68 行.
INFO: Run Behavior\ParseTemplateBehavior [ RunTime:0.161061s ]
INFO: [ view_parse ] --END-- [ RunTime:0.161125s ]
INFO: [ view_filter ] --START--
INFO: Run Behavior\WriteHtmlCacheBehavior [ RunTime:0.026012s ]
INFO: [ view_filter ] --END-- [ RunTime:0.026100s ]
INFO: [ app_end ] --START--
INFO: Run Behavior\ShowPageTraceBehavior [ RunTime:0.002166s ]
INFO: [ app_end ] --END-- [ RunTime:0.002261s ]

[ 2016-09-14T01:04:19+08:00 ] 183.61.236.115 /blog/home/upload/image_logo.jpg
INFO: [ app_init ] --START--
INFO: Run Behavior\BuildLiteBehavior [ RunTime:0.000030s ]
INFO: [ app_init ] --END-- [ RunTime:0.001401s ]

[ 2016-09-14T01:04:20+08:00 ] 183.61.236.90 /blog/home/upload/index.js.map
INFO: [ app_init ] --START--
INFO: Run Behavior\BuildLiteBehavior [ RunTime:0.000031s ]
INFO: [ app_init ] --END-- [ RunTime:0.001130s ]
INFO: [ app_begin ] --START--
INFO: Run Behavior\ReadHtmlCacheBehavior [ RunTime:0.001729s ]
INFO: [ app_begin ] --END-- [ RunTime:0.001810s ]
ERR: 非法操作:index.js.map

[ 2016-09-14T01:12:01+08:00 ] 183.61.236.90 /blog/home/upload
INFO: [ app_init ] --START--
INFO: Run Behavior\BuildLiteBehavior [ RunTime:0.000029s ]
INFO: [ app_init ] --END-- [ RunTime:0.009209s ]
INFO: [ app_begin ] --START--
INFO: Run Behavior\ReadHtmlCacheBehavior [ RunTime:0.001161s ]
INFO: [ app_begin ] --END-- [ RunTime:0.001267s ]
INFO: [ view_parse ] --START--
INFO: [ template_filter ] --START--
INFO: Run Behavior\ContentReplaceBehavior [ RunTime:0.000872s ]
INFO: [ template_filter ] --END-- [ RunTime:0.001033s ]
NOTIC: [8] Undefined variable: web_title /www/users/HA213565/WEB/blog/Application/Runtime/Cache/Home/3d7f4c0ce379939c2e6a1f694faf6825.php 第 9 行.
NOTIC: [8] Undefined variable: web_title /www/users/HA213565/WEB/blog/Application/Runtime/Cache/Home/3d7f4c0ce379939c2e6a1f694faf6825.php 第 23 行.
NOTIC: [8] Undefined variable: web_title /www/users/HA213565/WEB/blog/Application/Runtime/Cache/Home/3d7f4c0ce379939c2e6a1f694faf6825.php 第 23 行.
NOTIC: [8] Undefined variable: web_title /www/users/HA213565/WEB/blog/Application/Runtime/Cache/Home/3d7f4c0ce379939c2e6a1f694faf6825.php 第 68 行.
NOTIC: [8] Undefined variable: web_title /www/users/HA213565/WEB/blog/Application/Runtime/Cache/Home/3d7f4c0ce379939c2e6a1f694faf6825.php 第 68 行.
INFO: Run Behavior\ParseTemplateBehavior [ RunTime:0.045018s ]
INFO: [ view_parse ] --END-- [ RunTime:0.045078s ]
INFO: [ view_filter ] --START--
INFO: Run Behavior\WriteHtmlCacheBehavior [ RunTime:0.000597s ]
INFO: [ view_filter ] --END-- [ RunTime:0.000649s ]
INFO: [ app_end ] --START--
INFO: Run Behavior\ShowPageTraceBehavior [ RunTime:0.011590s ]
INFO: [ app_end ] --END-- [ RunTime:0.011665s ]

[ 2016-09-14T01:12:02+08:00 ] 183.61.236.90 /blog/home/image_logo.jpg
INFO: [ app_init ] --START--
INFO: Run Behavior\BuildLiteBehavior [ RunTime:0.000028s ]
INFO: [ app_init ] --END-- [ RunTime:0.010814s ]

[ 2016-09-14T01:12:34+08:00 ] 183.61.236.90 /blog/home/upload
INFO: [ app_init ] --START--
INFO: Run Behavior\BuildLiteBehavior [ RunTime:0.000028s ]
INFO: [ app_init ] --END-- [ RunTime:0.001066s ]
INFO: [ app_begin ] --START--
INFO: Run Behavior\ReadHtmlCacheBehavior [ RunTime:0.001680s ]
INFO: [ app_begin ] --END-- [ RunTime:0.001824s ]
INFO: [ view_parse ] --START--
INFO: [ template_filter ] --START--
INFO: Run Behavior\ContentReplaceBehavior [ RunTime:0.000151s ]
INFO: [ template_filter ] --END-- [ RunTime:0.000276s ]
NOTIC: [8] Undefined variable: web_title /www/users/HA213565/WEB/blog/Application/Runtime/Cache/Home/3d7f4c0ce379939c2e6a1f694faf6825.php 第 9 行.
NOTIC: [8] Undefined variable: web_title /www/users/HA213565/WEB/blog/Application/Runtime/Cache/Home/3d7f4c0ce379939c2e6a1f694faf6825.php 第 23 行.
NOTIC: [8] Undefined variable: web_title /www/users/HA213565/WEB/blog/Application/Runtime/Cache/Home/3d7f4c0ce379939c2e6a1f694faf6825.php 第 23 行.
NOTIC: [8] Undefined variable: web_title /www/users/HA213565/WEB/blog/Application/Runtime/Cache/Home/3d7f4c0ce379939c2e6a1f694faf6825.php 第 68 行.
NOTIC: [8] Undefined variable: web_title /www/users/HA213565/WEB/blog/Application/Runtime/Cache/Home/3d7f4c0ce379939c2e6a1f694faf6825.php 第 68 行.
INFO: Run Behavior\ParseTemplateBehavior [ RunTime:0.033042s ]
INFO: [ view_parse ] --END-- [ RunTime:0.033183s ]
INFO: [ view_filter ] --START--
INFO: Run Behavior\WriteHtmlCacheBehavior [ RunTime:0.000584s ]
INFO: [ view_filter ] --END-- [ RunTime:0.000635s ]
INFO: [ app_end ] --START--
INFO: Run Behavior\ShowPageTraceBehavior [ RunTime:0.001243s ]
INFO: [ app_end ] --END-- [ RunTime:0.001300s ]

[ 2016-09-14T20:33:42+08:00 ] 125.71.135.170 /
INFO: [ app_init ] --START--
INFO: Run Behavior\BuildLiteBehavior [ RunTime:0.000027s ]
INFO: [ app_init ] --END-- [ RunTime:0.002471s ]
INFO: [ app_begin ] --START--
INFO: Run Behavior\ReadHtmlCacheBehavior [ RunTime:0.000882s ]
INFO: [ app_begin ] --END-- [ RunTime:0.000949s ]
INFO: [ view_parse ] --START--
INFO: [ template_filter ] --START--
INFO: Run Behavior\ContentReplaceBehavior [ RunTime:0.000219s ]
INFO: [ template_filter ] --END-- [ RunTime:0.000317s ]
NOTIC: [8] Undefined variable: web_title D:\website\blog\Application\Runtime\Cache\Home\2a94b8bda04ff446dcedd42276fc99ee.php 第 9 行.
NOTIC: [8] Undefined variable: web_title D:\website\blog\Application\Runtime\Cache\Home\2a94b8bda04ff446dcedd42276fc99ee.php 第 23 行.
NOTIC: [8] Undefined variable: web_title D:\website\blog\Application\Runtime\Cache\Home\2a94b8bda04ff446dcedd42276fc99ee.php 第 23 行.
NOTIC: [8] Undefined variable: web_title D:\website\blog\Application\Runtime\Cache\Home\2a94b8bda04ff446dcedd42276fc99ee.php 第 68 行.
NOTIC: [8] Undefined variable: web_title D:\website\blog\Application\Runtime\Cache\Home\2a94b8bda04ff446dcedd42276fc99ee.php 第 68 行.
INFO: Run Behavior\ParseTemplateBehavior [ RunTime:0.024088s ]
INFO: [ view_parse ] --END-- [ RunTime:0.024164s ]
INFO: [ view_filter ] --START--
INFO: Run Behavior\WriteHtmlCacheBehavior [ RunTime:0.001926s ]
INFO: [ view_filter ] --END-- [ RunTime:0.002012s ]
INFO: [ app_end ] --START--
INFO: Run Behavior\ShowPageTraceBehavior [ RunTime:0.001266s ]
INFO: [ app_end ] --END-- [ RunTime:0.001353s ]

[ 2016-09-14T20:35:37+08:00 ] 106.120.160.119 /
INFO: [ app_init ] --START--
INFO: Run Behavior\BuildLiteBehavior [ RunTime:0.000013s ]
INFO: [ app_init ] --END-- [ RunTime:0.000698s ]
INFO: [ app_begin ] --START--
INFO: Run Behavior\ReadHtmlCacheBehavior [ RunTime:0.000909s ]
INFO: [ app_begin ] --END-- [ RunTime:0.000959s ]
INFO: [ view_parse ] --START--
INFO: [ template_filter ] --START--
INFO: Run Behavior\ContentReplaceBehavior [ RunTime:0.000130s ]
INFO: [ template_filter ] --END-- [ RunTime:0.000186s ]
NOTIC: [8] Undefined variable: web_title D:\website\blog\Application\Runtime\Cache\Home\2a94b8bda04ff446dcedd42276fc99ee.php 第 9 行.
NOTIC: [8] Undefined variable: web_title D:\website\blog\Application\Runtime\Cache\Home\2a94b8bda04ff446dcedd42276fc99ee.php 第 23 行.
NOTIC: [8] Undefined variable: web_title D:\website\blog\Application\Runtime\Cache\Home\2a94b8bda04ff446dcedd42276fc99ee.php 第 23 行.
NOTIC: [8] Undefined variable: web_title D:\website\blog\Application\Runtime\Cache\Home\2a94b8bda04ff446dcedd42276fc99ee.php 第 68 行.
NOTIC: [8] Undefined variable: web_title D:\website\blog\Application\Runtime\Cache\Home\2a94b8bda04ff446dcedd42276fc99ee.php 第 68 行.
INFO: Run Behavior\ParseTemplateBehavior [ RunTime:0.013700s ]
INFO: [ view_parse ] --END-- [ RunTime:0.013767s ]
INFO: [ view_filter ] --START--
INFO: Run Behavior\WriteHtmlCacheBehavior [ RunTime:0.000709s ]
INFO: [ view_filter ] --END-- [ RunTime:0.000755s ]
INFO: [ app_end ] --START--
INFO: Run Behavior\ShowPageTraceBehavior [ RunTime:0.001235s ]
INFO: [ app_end ] --END-- [ RunTime:0.001298s ]

[ 2016-09-14T20:35:48+08:00 ] 101.199.108.54 /
INFO: [ app_init ] --START--
INFO: Run Behavior\BuildLiteBehavior [ RunTime:0.000022s ]
INFO: [ app_init ] --END-- [ RunTime:0.000971s ]
INFO: [ app_begin ] --START--
INFO: Run Behavior\ReadHtmlCacheBehavior [ RunTime:0.001175s ]
INFO: [ app_begin ] --END-- [ RunTime:0.001274s ]
INFO: [ view_parse ] --START--
INFO: [ template_filter ] --START--
INFO: Run Behavior\ContentReplaceBehavior [ RunTime:0.000136s ]
INFO: [ template_filter ] --END-- [ RunTime:0.000194s ]
NOTIC: [8] Undefined variable: web_title D:\website\blog\Application\Runtime\Cache\Home\2a94b8bda04ff446dcedd42276fc99ee.php 第 9 行.
NOTIC: [8] Undefined variable: web_title D:\website\blog\Application\Runtime\Cache\Home\2a94b8bda04ff446dcedd42276fc99ee.php 第 23 行.
NOTIC: [8] Undefined variable: web_title D:\website\blog\Application\Runtime\Cache\Home\2a94b8bda04ff446dcedd42276fc99ee.php 第 23 行.
NOTIC: [8] Undefined variable: web_title D:\website\blog\Application\Runtime\Cache\Home\2a94b8bda04ff446dcedd42276fc99ee.php 第 68 行.
NOTIC: [8] Undefined variable: web_title D:\website\blog\Application\Runtime\Cache\Home\2a94b8bda04ff446dcedd42276fc99ee.php 第 68 行.
INFO: Run Behavior\ParseTemplateBehavior [ RunTime:0.015986s ]
INFO: [ view_parse ] --END-- [ RunTime:0.016057s ]
INFO: [ view_filter ] --START--
INFO: Run Behavior\WriteHtmlCacheBehavior [ RunTime:0.001760s ]
INFO: [ view_filter ] --END-- [ RunTime:0.001835s ]
INFO: [ app_end ] --START--
INFO: Run Behavior\ShowPageTraceBehavior [ RunTime:0.001147s ]
INFO: [ app_end ] --END-- [ RunTime:0.001235s ]

[ 2016-09-14T21:44:01+08:00 ] 125.71.135.170 /
INFO: [ app_init ] --START--
INFO: Run Behavior\BuildLiteBehavior [ RunTime:0.000042s ]
INFO: [ app_init ] --END-- [ RunTime:0.017709s ]
INFO: [ app_begin ] --START--
INFO: Run Behavior\ReadHtmlCacheBehavior [ RunTime:0.027546s ]
INFO: [ app_begin ] --END-- [ RunTime:0.027760s ]
INFO: [ view_parse ] --START--
INFO: [ template_filter ] --START--
INFO: Run Behavior\ContentReplaceBehavior [ RunTime:0.000262s ]
INFO: [ template_filter ] --END-- [ RunTime:0.000365s ]
NOTIC: [8] Undefined variable: web_title D:\website\blog\Application\Runtime\Cache\Home\2a94b8bda04ff446dcedd42276fc99ee.php 第 9 行.
NOTIC: [8] Undefined variable: web_title D:\website\blog\Application\Runtime\Cache\Home\2a94b8bda04ff446dcedd42276fc99ee.php 第 23 行.
NOTIC: [8] Undefined variable: web_title D:\website\blog\Application\Runtime\Cache\Home\2a94b8bda04ff446dcedd42276fc99ee.php 第 23 行.
NOTIC: [8] Undefined variable: web_title D:\website\blog\Application\Runtime\Cache\Home\2a94b8bda04ff446dcedd42276fc99ee.php 第 68 行.
NOTIC: [8] Undefined variable: web_title D:\website\blog\Application\Runtime\Cache\Home\2a94b8bda04ff446dcedd42276fc99ee.php 第 68 行.
INFO: Run Behavior\ParseTemplateBehavior [ RunTime:0.138090s ]
INFO: [ view_parse ] --END-- [ RunTime:0.138225s ]
INFO: [ view_filter ] --START--
INFO: Run Behavior\WriteHtmlCacheBehavior [ RunTime:0.010197s ]
INFO: [ view_filter ] --END-- [ RunTime:0.010277s ]
INFO: [ app_end ] --START--
INFO: Run Behavior\ShowPageTraceBehavior [ RunTime:0.017944s ]
INFO: [ app_end ] --END-- [ RunTime:0.018028s ]

[ 2016-09-14T21:44:23+08:00 ] 125.71.135.170 /home/upload
INFO: [ app_init ] --START--
INFO: Run Behavior\BuildLiteBehavior [ RunTime:0.000015s ]
INFO: [ app_init ] --END-- [ RunTime:0.000622s ]
INFO: [ app_begin ] --START--
INFO: Run Behavior\ReadHtmlCacheBehavior [ RunTime:0.000794s ]
INFO: [ app_begin ] --END-- [ RunTime:0.000846s ]
INFO: [ view_parse ] --START--
INFO: [ template_filter ] --START--
INFO: Run Behavior\ContentReplaceBehavior [ RunTime:0.000083s ]
INFO: [ template_filter ] --END-- [ RunTime:0.000138s ]
NOTIC: [8] Undefined variable: web_title D:\website\blog\Application\Runtime\Cache\Home\3d7f4c0ce379939c2e6a1f694faf6825.php 第 9 行.
NOTIC: [8] Undefined variable: web_title D:\website\blog\Application\Runtime\Cache\Home\3d7f4c0ce379939c2e6a1f694faf6825.php 第 23 行.
NOTIC: [8] Undefined variable: web_title D:\website\blog\Application\Runtime\Cache\Home\3d7f4c0ce379939c2e6a1f694faf6825.php 第 23 行.
NOTIC: [8] Undefined variable: web_title D:\website\blog\Application\Runtime\Cache\Home\3d7f4c0ce379939c2e6a1f694faf6825.php 第 68 行.
NOTIC: [8] Undefined variable: web_title D:\website\blog\Application\Runtime\Cache\Home\3d7f4c0ce379939c2e6a1f694faf6825.php 第 68 行.
INFO: Run Behavior\ParseTemplateBehavior [ RunTime:0.024123s ]
INFO: [ view_parse ] --END-- [ RunTime:0.024189s ]
INFO: [ view_filter ] --START--
INFO: Run Behavior\WriteHtmlCacheBehavior [ RunTime:0.001829s ]
INFO: [ view_filter ] --END-- [ RunTime:0.001888s ]
INFO: [ app_end ] --START--
INFO: Run Behavior\ShowPageTraceBehavior [ RunTime:0.001003s ]
INFO: [ app_end ] --END-- [ RunTime:0.001055s ]

[ 2016-09-14T21:44:23+08:00 ] 125.71.135.170 /home/image_logo.jpg
INFO: [ app_init ] --START--
INFO: Run Behavior\BuildLiteBehavior [ RunTime:0.000013s ]
INFO: [ app_init ] --END-- [ RunTime:0.000616s ]

[ 2016-09-14T21:44:33+08:00 ] 125.71.135.170 /home/upload/upload.html
INFO: [ app_init ] --START--
INFO: Run Behavior\BuildLiteBehavior [ RunTime:0.000019s ]
INFO: [ app_init ] --END-- [ RunTime:0.000816s ]
INFO: [ app_begin ] --START--
INFO: Run Behavior\ReadHtmlCacheBehavior [ RunTime:0.000811s ]
INFO: [ app_begin ] --END-- [ RunTime:0.000871s ]
INFO: [ view_parse ] --START--
INFO: [ template_filter ] --START--
INFO: Run Behavior\ContentReplaceBehavior [ RunTime:0.000087s ]
INFO: [ template_filter ] --END-- [ RunTime:0.000157s ]
INFO: Run Behavior\ParseTemplateBehavior [ RunTime:0.041797s ]
INFO: [ view_parse ] --END-- [ RunTime:0.041859s ]
INFO: [ view_filter ] --START--
INFO: Run Behavior\WriteHtmlCacheBehavior [ RunTime:0.001596s ]
INFO: [ view_filter ] --END-- [ RunTime:0.001649s ]
INFO: [ app_end ] --START--
INFO: Run Behavior\ShowPageTraceBehavior [ RunTime:0.000912s ]
INFO: [ app_end ] --END-- [ RunTime:0.000966s ]

[ 2016-09-14T21:44:47+08:00 ] 125.71.135.170 /home/upload/getUpLoad.html
INFO: [ app_init ] --START--
INFO: Run Behavior\BuildLiteBehavior [ RunTime:0.000015s ]
INFO: [ app_init ] --END-- [ RunTime:0.000746s ]
INFO: [ app_begin ] --START--
INFO: Run Behavior\ReadHtmlCacheBehavior [ RunTime:0.001177s ]
INFO: [ app_begin ] --END-- [ RunTime:0.001247s ]

[ 2016-09-14T21:44:47+08:00 ] 125.71.135.170 /
INFO: [ app_init ] --START--
INFO: Run Behavior\BuildLiteBehavior [ RunTime:0.000014s ]
INFO: [ app_init ] --END-- [ RunTime:0.000702s ]
INFO: [ app_begin ] --START--
INFO: Run Behavior\ReadHtmlCacheBehavior [ RunTime:0.001082s ]
INFO: [ app_begin ] --END-- [ RunTime:0.001140s ]
INFO: [ view_parse ] --START--
INFO: [ template_filter ] --START--
INFO: Run Behavior\ContentReplaceBehavior [ RunTime:0.000158s ]
INFO: [ template_filter ] --END-- [ RunTime:0.000213s ]
NOTIC: [8] Undefined variable: web_title D:\website\blog\Application\Runtime\Cache\Home\2a94b8bda04ff446dcedd42276fc99ee.php 第 9 行.
NOTIC: [8] Undefined variable: web_title D:\website\blog\Application\Runtime\Cache\Home\2a94b8bda04ff446dcedd42276fc99ee.php 第 23 行.
NOTIC: [8] Undefined variable: web_title D:\website\blog\Application\Runtime\Cache\Home\2a94b8bda04ff446dcedd42276fc99ee.php 第 23 行.
NOTIC: [8] Undefined variable: web_title D:\website\blog\Application\Runtime\Cache\Home\2a94b8bda04ff446dcedd42276fc99ee.php 第 68 行.
NOTIC: [8] Undefined variable: web_title D:\website\blog\Application\Runtime\Cache\Home\2a94b8bda04ff446dcedd42276fc99ee.php 第 68 行.
INFO: Run Behavior\ParseTemplateBehavior [ RunTime:0.015502s ]
INFO: [ view_parse ] --END-- [ RunTime:0.015558s ]
INFO: [ view_filter ] --START--
INFO: Run Behavior\WriteHtmlCacheBehavior [ RunTime:0.001912s ]
INFO: [ view_filter ] --END-- [ RunTime:0.001973s ]
INFO: [ app_end ] --START--
INFO: Run Behavior\ShowPageTraceBehavior [ RunTime:0.001285s ]
INFO: [ app_end ] --END-- [ RunTime:0.001346s ]

[ 2016-09-14T21:45:07+08:00 ] 125.71.135.170 /home/upload/getUpLoad.html
INFO: [ app_init ] --START--
INFO: Run Behavior\BuildLiteBehavior [ RunTime:0.000013s ]
INFO: [ app_init ] --END-- [ RunTime:0.000558s ]
INFO: [ app_begin ] --START--
INFO: Run Behavior\ReadHtmlCacheBehavior [ RunTime:0.000937s ]
INFO: [ app_begin ] --END-- [ RunTime:0.001000s ]

[ 2016-09-14T21:45:54+08:00 ] 106.120.160.119 /home/upload
INFO: [ app_init ] --START--
INFO: Run Behavior\BuildLiteBehavior [ RunTime:0.000017s ]
INFO: [ app_init ] --END-- [ RunTime:0.001025s ]
INFO: [ app_begin ] --START--
INFO: Run Behavior\ReadHtmlCacheBehavior [ RunTime:0.001322s ]
INFO: [ app_begin ] --END-- [ RunTime:0.001409s ]
INFO: [ view_parse ] --START--
INFO: [ template_filter ] --START--
INFO: Run Behavior\ContentReplaceBehavior [ RunTime:0.000115s ]
INFO: [ template_filter ] --END-- [ RunTime:0.000188s ]
NOTIC: [8] Undefined variable: web_title D:\website\blog\Application\Runtime\Cache\Home\3d7f4c0ce379939c2e6a1f694faf6825.php 第 9 行.
NOTIC: [8] Undefined variable: web_title D:\website\blog\Application\Runtime\Cache\Home\3d7f4c0ce379939c2e6a1f694faf6825.php 第 23 行.
NOTIC: [8] Undefined variable: web_title D:\website\blog\Application\Runtime\Cache\Home\3d7f4c0ce379939c2e6a1f694faf6825.php 第 23 行.
NOTIC: [8] Undefined variable: web_title D:\website\blog\Application\Runtime\Cache\Home\3d7f4c0ce379939c2e6a1f694faf6825.php 第 68 行.
NOTIC: [8] Undefined variable: web_title D:\website\blog\Application\Runtime\Cache\Home\3d7f4c0ce379939c2e6a1f694faf6825.php 第 68 行.
INFO: Run Behavior\ParseTemplateBehavior [ RunTime:0.015729s ]
INFO: [ view_parse ] --END-- [ RunTime:0.015801s ]
INFO: [ view_filter ] --START--
INFO: Run Behavior\WriteHtmlCacheBehavior [ RunTime:0.002156s ]
INFO: [ view_filter ] --END-- [ RunTime:0.002223s ]
INFO: [ app_end ] --START--
INFO: Run Behavior\ShowPageTraceBehavior [ RunTime:0.001147s ]
INFO: [ app_end ] --END-- [ RunTime:0.001225s ]

[ 2016-09-14T21:46:15+08:00 ] 220.181.132.195 /home/upload
INFO: [ app_init ] --START--
INFO: Run Behavior\BuildLiteBehavior [ RunTime:0.000020s ]
INFO: [ app_init ] --END-- [ RunTime:0.001028s ]
INFO: [ app_begin ] --START--
INFO: Run Behavior\ReadHtmlCacheBehavior [ RunTime:0.001222s ]
INFO: [ app_begin ] --END-- [ RunTime:0.001317s ]
INFO: [ view_parse ] --START--
INFO: [ template_filter ] --START--
INFO: Run Behavior\ContentReplaceBehavior [ RunTime:0.000086s ]
INFO: [ template_filter ] --END-- [ RunTime:0.000139s ]
NOTIC: [8] Undefined variable: web_title D:\website\blog\Application\Runtime\Cache\Home\3d7f4c0ce379939c2e6a1f694faf6825.php 第 9 行.
NOTIC: [8] Undefined variable: web_title D:\website\blog\Application\Runtime\Cache\Home\3d7f4c0ce379939c2e6a1f694faf6825.php 第 23 行.
NOTIC: [8] Undefined variable: web_title D:\website\blog\Application\Runtime\Cache\Home\3d7f4c0ce379939c2e6a1f694faf6825.php 第 23 行.
NOTIC: [8] Undefined variable: web_title D:\website\blog\Application\Runtime\Cache\Home\3d7f4c0ce379939c2e6a1f694faf6825.php 第 68 行.
NOTIC: [8] Undefined variable: web_title D:\website\blog\Application\Runtime\Cache\Home\3d7f4c0ce379939c2e6a1f694faf6825.php 第 68 行.
INFO: Run Behavior\ParseTemplateBehavior [ RunTime:0.010997s ]
INFO: [ view_parse ] --END-- [ RunTime:0.011070s ]
INFO: [ view_filter ] --START--
INFO: Run Behavior\WriteHtmlCacheBehavior [ RunTime:0.001661s ]
INFO: [ view_filter ] --END-- [ RunTime:0.001731s ]
INFO: [ app_end ] --START--
INFO: Run Behavior\ShowPageTraceBehavior [ RunTime:0.000895s ]
INFO: [ app_end ] --END-- [ RunTime:0.000946s ]

[ 2016-09-14T21:47:45+08:00 ] 127.0.0.1 /index.php
INFO: [ app_init ] --START--
INFO: Run Behavior\BuildLiteBehavior [ RunTime:0.000022s ]
INFO: [ app_init ] --END-- [ RunTime:0.000957s ]
INFO: [ app_begin ] --START--
INFO: Run Behavior\ReadHtmlCacheBehavior [ RunTime:0.003758s ]
INFO: [ app_begin ] --END-- [ RunTime:0.003871s ]
INFO: [ view_parse ] --START--
INFO: [ template_filter ] --START--
INFO: Run Behavior\ContentReplaceBehavior [ RunTime:0.000211s ]
INFO: [ template_filter ] --END-- [ RunTime:0.000303s ]
NOTIC: [8] Undefined variable: web_title D:\website\blog\Application\Runtime\Cache\Home\2a94b8bda04ff446dcedd42276fc99ee.php 第 9 行.
NOTIC: [8] Undefined variable: web_title D:\website\blog\Application\Runtime\Cache\Home\2a94b8bda04ff446dcedd42276fc99ee.php 第 23 行.
NOTIC: [8] Undefined variable: web_title D:\website\blog\Application\Runtime\Cache\Home\2a94b8bda04ff446dcedd42276fc99ee.php 第 23 行.
NOTIC: [8] Undefined variable: web_title D:\website\blog\Application\Runtime\Cache\Home\2a94b8bda04ff446dcedd42276fc99ee.php 第 68 行.
NOTIC: [8] Undefined variable: web_title D:\website\blog\Application\Runtime\Cache\Home\2a94b8bda04ff446dcedd42276fc99ee.php 第 68 行.
INFO: Run Behavior\ParseTemplateBehavior [ RunTime:0.025291s ]
INFO: [ view_parse ] --END-- [ RunTime:0.025383s ]
INFO: [ view_filter ] --START--
INFO: Run Behavior\WriteHtmlCacheBehavior [ RunTime:0.003450s ]
INFO: [ view_filter ] --END-- [ RunTime:0.003540s ]
INFO: [ app_end ] --START--
INFO: Run Behavior\ShowPageTraceBehavior [ RunTime:0.009204s ]
INFO: [ app_end ] --END-- [ RunTime:0.009327s ]

[ 2016-09-14T21:50:11+08:00 ] 125.71.135.170 /
INFO: [ app_init ] --START--
INFO: Run Behavior\BuildLiteBehavior [ RunTime:0.000036s ]
INFO: [ app_init ] --END-- [ RunTime:0.001124s ]
INFO: [ app_begin ] --START--
INFO: Run Behavior\ReadHtmlCacheBehavior [ RunTime:0.002766s ]
INFO: [ app_begin ] --END-- [ RunTime:0.002873s ]
INFO: [ view_parse ] --START--
INFO: [ template_filter ] --START--
INFO: Run Behavior\ContentReplaceBehavior [ RunTime:0.000213s ]
INFO: [ template_filter ] --END-- [ RunTime:0.000306s ]
NOTIC: [8] Undefined variable: web_title D:\website\blog\Application\Runtime\Cache\Home\2a94b8bda04ff446dcedd42276fc99ee.php 第 9 行.
NOTIC: [8] Undefined variable: web_title D:\website\blog\Application\Runtime\Cache\Home\2a94b8bda04ff446dcedd42276fc99ee.php 第 23 行.
NOTIC: [8] Undefined variable: web_title D:\website\blog\Application\Runtime\Cache\Home\2a94b8bda04ff446dcedd42276fc99ee.php 第 23 行.
NOTIC: [8] Undefined variable: web_title D:\website\blog\Application\Runtime\Cache\Home\2a94b8bda04ff446dcedd42276fc99ee.php 第 68 行.
NOTIC: [8] Undefined variable: web_title D:\website\blog\Application\Runtime\Cache\Home\2a94b8bda04ff446dcedd42276fc99ee.php 第 68 行.
INFO: Run Behavior\ParseTemplateBehavior [ RunTime:0.021814s ]
INFO: [ view_parse ] --END-- [ RunTime:0.021901s ]
INFO: [ view_filter ] --START--
INFO: Run Behavior\WriteHtmlCacheBehavior [ RunTime:0.002388s ]
INFO: [ view_filter ] --END-- [ RunTime:0.002589s ]
INFO: [ app_end ] --START--
INFO: Run Behavior\ShowPageTraceBehavior [ RunTime:0.001706s ]
INFO: [ app_end ] --END-- [ RunTime:0.001809s ]

[ 2016-09-14T21:50:30+08:00 ] 114.242.250.207 /
INFO: [ app_init ] --START--
INFO: Run Behavior\BuildLiteBehavior [ RunTime:0.000022s ]
INFO: [ app_init ] --END-- [ RunTime:0.001061s ]
INFO: [ app_begin ] --START--
INFO: Run Behavior\ReadHtmlCacheBehavior [ RunTime:0.001338s ]
INFO: [ app_begin ] --END-- [ RunTime:0.001427s ]
INFO: [ view_parse ] --START--
INFO: [ template_filter ] --START--
INFO: Run Behavior\ContentReplaceBehavior [ RunTime:0.000128s ]
INFO: [ template_filter ] --END-- [ RunTime:0.000181s ]
NOTIC: [8] Undefined variable: web_title D:\website\blog\Application\Runtime\Cache\Home\2a94b8bda04ff446dcedd42276fc99ee.php 第 9 行.
NOTIC: [8] Undefined variable: web_title D:\website\blog\Application\Runtime\Cache\Home\2a94b8bda04ff446dcedd42276fc99ee.php 第 23 行.
NOTIC: [8] Undefined variable: web_title D:\website\blog\Application\Runtime\Cache\Home\2a94b8bda04ff446dcedd42276fc99ee.php 第 23 行.
NOTIC: [8] Undefined variable: web_title D:\website\blog\Application\Runtime\Cache\Home\2a94b8bda04ff446dcedd42276fc99ee.php 第 68 行.
NOTIC: [8] Undefined variable: web_title D:\website\blog\Application\Runtime\Cache\Home\2a94b8bda04ff446dcedd42276fc99ee.php 第 68 行.
INFO: Run Behavior\ParseTemplateBehavior [ RunTime:0.015722s ]
INFO: [ view_parse ] --END-- [ RunTime:0.015791s ]
INFO: [ view_filter ] --START--
INFO: Run Behavior\WriteHtmlCacheBehavior [ RunTime:0.000803s ]
INFO: [ view_filter ] --END-- [ RunTime:0.000851s ]
INFO: [ app_end ] --START--
INFO: Run Behavior\ShowPageTraceBehavior [ RunTime:0.000951s ]
INFO: [ app_end ] --END-- [ RunTime:0.001001s ]

[ 2016-09-14T21:50:54+08:00 ] 114.242.250.207 /
INFO: [ app_init ] --START--
INFO: Run Behavior\BuildLiteBehavior [ RunTime:0.000022s ]
INFO: [ app_init ] --END-- [ RunTime:0.001113s ]
INFO: [ app_begin ] --START--
INFO: Run Behavior\ReadHtmlCacheBehavior [ RunTime:0.001476s ]
INFO: [ app_begin ] --END-- [ RunTime:0.001579s ]
INFO: [ view_parse ] --START--
INFO: [ template_filter ] --START--
INFO: Run Behavior\ContentReplaceBehavior [ RunTime:0.000130s ]
INFO: [ template_filter ] --END-- [ RunTime:0.000189s ]
NOTIC: [8] Undefined variable: web_title D:\website\blog\Application\Runtime\Cache\Home\2a94b8bda04ff446dcedd42276fc99ee.php 第 9 行.
NOTIC: [8] Undefined variable: web_title D:\website\blog\Application\Runtime\Cache\Home\2a94b8bda04ff446dcedd42276fc99ee.php 第 23 行.
NOTIC: [8] Undefined variable: web_title D:\website\blog\Application\Runtime\Cache\Home\2a94b8bda04ff446dcedd42276fc99ee.php 第 23 行.
NOTIC: [8] Undefined variable: web_title D:\website\blog\Application\Runtime\Cache\Home\2a94b8bda04ff446dcedd42276fc99ee.php 第 68 行.
NOTIC: [8] Undefined variable: web_title D:\website\blog\Application\Runtime\Cache\Home\2a94b8bda04ff446dcedd42276fc99ee.php 第 68 行.
INFO: Run Behavior\ParseTemplateBehavior [ RunTime:0.016393s ]
INFO: [ view_parse ] --END-- [ RunTime:0.016473s ]
INFO: [ view_filter ] --START--
INFO: Run Behavior\WriteHtmlCacheBehavior [ RunTime:0.001758s ]
INFO: [ view_filter ] --END-- [ RunTime:0.001818s ]
INFO: [ app_end ] --START--
INFO: Run Behavior\ShowPageTraceBehavior [ RunTime:0.001025s ]
INFO: [ app_end ] --END-- [ RunTime:0.001089s ]

[ 2016-09-14T21:51:00+08:00 ] 114.242.250.207 /
INFO: [ app_init ] --START--
INFO: Run Behavior\BuildLiteBehavior [ RunTime:0.000021s ]
INFO: [ app_init ] --END-- [ RunTime:0.001168s ]
INFO: [ app_begin ] --START--
INFO: Run Behavior\ReadHtmlCacheBehavior [ RunTime:0.002076s ]
INFO: [ app_begin ] --END-- [ RunTime:0.002223s ]
INFO: [ view_parse ] --START--
INFO: [ template_filter ] --START--
INFO: Run Behavior\ContentReplaceBehavior [ RunTime:0.000128s ]
INFO: [ template_filter ] --END-- [ RunTime:0.000183s ]
NOTIC: [8] Undefined variable: web_title D:\website\blog\Application\Runtime\Cache\Home\2a94b8bda04ff446dcedd42276fc99ee.php 第 9 行.
NOTIC: [8] Undefined variable: web_title D:\website\blog\Application\Runtime\Cache\Home\2a94b8bda04ff446dcedd42276fc99ee.php 第 23 行.
NOTIC: [8] Undefined variable: web_title D:\website\blog\Application\Runtime\Cache\Home\2a94b8bda04ff446dcedd42276fc99ee.php 第 23 行.
NOTIC: [8] Undefined variable: web_title D:\website\blog\Application\Runtime\Cache\Home\2a94b8bda04ff446dcedd42276fc99ee.php 第 68 行.
NOTIC: [8] Undefined variable: web_title D:\website\blog\Application\Runtime\Cache\Home\2a94b8bda04ff446dcedd42276fc99ee.php 第 68 行.
INFO: Run Behavior\ParseTemplateBehavior [ RunTime:0.013290s ]
INFO: [ view_parse ] --END-- [ RunTime:0.013371s ]
INFO: [ view_filter ] --START--
INFO: Run Behavior\WriteHtmlCacheBehavior [ RunTime:0.000825s ]
INFO: [ view_filter ] --END-- [ RunTime:0.000878s ]
INFO: [ app_end ] --START--
INFO: Run Behavior\ShowPageTraceBehavior [ RunTime:0.001040s ]
INFO: [ app_end ] --END-- [ RunTime:0.001098s ]

[ 2016-09-14T22:45:52+08:00 ] 125.71.135.170 /
INFO: [ app_init ] --START--
INFO: Run Behavior\BuildLiteBehavior [ RunTime:0.000058s ]
INFO: [ app_init ] --END-- [ RunTime:0.111216s ]
INFO: [ app_begin ] --START--
INFO: Run Behavior\ReadHtmlCacheBehavior [ RunTime:0.027930s ]
INFO: [ app_begin ] --END-- [ RunTime:0.028075s ]
INFO: [ view_parse ] --START--
INFO: [ template_filter ] --START--
INFO: Run Behavior\ContentReplaceBehavior [ RunTime:0.000498s ]
INFO: [ template_filter ] --END-- [ RunTime:0.000662s ]
NOTIC: [8] Undefined variable: web_title D:\website\blog\Application\Runtime\Cache\Home\2a94b8bda04ff446dcedd42276fc99ee.php 第 9 行.
NOTIC: [8] Undefined variable: web_title D:\website\blog\Application\Runtime\Cache\Home\2a94b8bda04ff446dcedd42276fc99ee.php 第 23 行.
NOTIC: [8] Undefined variable: web_title D:\website\blog\Application\Runtime\Cache\Home\2a94b8bda04ff446dcedd42276fc99ee.php 第 23 行.
NOTIC: [8] Undefined variable: web_title D:\website\blog\Application\Runtime\Cache\Home\2a94b8bda04ff446dcedd42276fc99ee.php 第 68 行.
NOTIC: [8] Undefined variable: web_title D:\website\blog\Application\Runtime\Cache\Home\2a94b8bda04ff446dcedd42276fc99ee.php 第 68 行.
INFO: Run Behavior\ParseTemplateBehavior [ RunTime:0.340236s ]
INFO: [ view_parse ] --END-- [ RunTime:0.340426s ]
INFO: [ view_filter ] --START--
INFO: Run Behavior\WriteHtmlCacheBehavior [ RunTime:0.022768s ]
INFO: [ view_filter ] --END-- [ RunTime:0.022853s ]
INFO: [ app_end ] --START--
INFO: Run Behavior\ShowPageTraceBehavior [ RunTime:0.018371s ]
INFO: [ app_end ] --END-- [ RunTime:0.018467s ]

[ 2016-09-14T23:31:31+08:00 ] 125.71.135.170 /
INFO: [ app_init ] --START--
INFO: Run Behavior\BuildLiteBehavior [ RunTime:0.000026s ]
INFO: [ app_init ] --END-- [ RunTime:0.050535s ]
INFO: [ app_begin ] --START--
INFO: Run Behavior\ReadHtmlCacheBehavior [ RunTime:0.055138s ]
INFO: [ app_begin ] --END-- [ RunTime:0.055214s ]
INFO: [ view_parse ] --START--
INFO: [ template_filter ] --START--
INFO: Run Behavior\ContentReplaceBehavior [ RunTime:0.000171s ]
INFO: [ template_filter ] --END-- [ RunTime:0.000261s ]
NOTIC: [8] Undefined variable: web_title D:\website\blog\Application\Runtime\Cache\Home\2a94b8bda04ff446dcedd42276fc99ee.php 第 9 行.
NOTIC: [8] Undefined variable: web_title D:\website\blog\Application\Runtime\Cache\Home\2a94b8bda04ff446dcedd42276fc99ee.php 第 23 行.
NOTIC: [8] Undefined variable: web_title D:\website\blog\Application\Runtime\Cache\Home\2a94b8bda04ff446dcedd42276fc99ee.php 第 23 行.
NOTIC: [8] Undefined variable: web_title D:\website\blog\Application\Runtime\Cache\Home\2a94b8bda04ff446dcedd42276fc99ee.php 第 68 行.
NOTIC: [8] Undefined variable: web_title D:\website\blog\Application\Runtime\Cache\Home\2a94b8bda04ff446dcedd42276fc99ee.php 第 68 行.
INFO: Run Behavior\ParseTemplateBehavior [ RunTime:0.303835s ]
INFO: [ view_parse ] --END-- [ RunTime:0.303904s ]
INFO: [ view_filter ] --START--
INFO: Run Behavior\WriteHtmlCacheBehavior [ RunTime:0.022129s ]
INFO: [ view_filter ] --END-- [ RunTime:0.022187s ]
INFO: [ app_end ] --START--
INFO: Run Behavior\ShowPageTraceBehavior [ RunTime:0.028926s ]
INFO: [ app_end ] --END-- [ RunTime:0.028994s ]

