[ 2016-10-03T20:06:44+08:00 ] 125.71.132.94 /
INFO: [ app_init ] --START--
INFO: Run Behavior\BuildLiteBehavior [ RunTime:0.000024s ]
INFO: [ app_init ] --END-- [ RunTime:0.000634s ]
INFO: [ app_begin ] --START--
INFO: Run Behavior\ReadHtmlCacheBehavior [ RunTime:0.000786s ]
INFO: [ app_begin ] --END-- [ RunTime:0.000980s ]
INFO: [ view_parse ] --START--
INFO: [ template_filter ] --START--
INFO: Run Behavior\ContentReplaceBehavior [ RunTime:0.000154s ]
INFO: [ template_filter ] --END-- [ RunTime:0.000270s ]
NOTIC: [8] Undefined variable: web_title D:\website\blog\Application\Runtime\Cache\Home\2a94b8bda04ff446dcedd42276fc99ee.php 第 9 行.
NOTIC: [8] Undefined variable: web_title D:\website\blog\Application\Runtime\Cache\Home\2a94b8bda04ff446dcedd42276fc99ee.php 第 23 行.
NOTIC: [8] Undefined variable: web_title D:\website\blog\Application\Runtime\Cache\Home\2a94b8bda04ff446dcedd42276fc99ee.php 第 23 行.
NOTIC: [8] Undefined variable: web_title D:\website\blog\Application\Runtime\Cache\Home\2a94b8bda04ff446dcedd42276fc99ee.php 第 68 行.
NOTIC: [8] Undefined variable: web_title D:\website\blog\Application\Runtime\Cache\Home\2a94b8bda04ff446dcedd42276fc99ee.php 第 68 行.
INFO: Run Behavior\ParseTemplateBehavior [ RunTime:0.102459s ]
INFO: [ view_parse ] --END-- [ RunTime:0.102525s ]
INFO: [ view_filter ] --START--
INFO: Run Behavior\WriteHtmlCacheBehavior [ RunTime:0.000916s ]
INFO: [ view_filter ] --END-- [ RunTime:0.001042s ]
INFO: [ app_end ] --START--
INFO: Run Behavior\ShowPageTraceBehavior [ RunTime:0.001111s ]
INFO: [ app_end ] --END-- [ RunTime:0.001204s ]

[ 2016-10-03T20:07:16+08:00 ] 125.71.132.94 /
INFO: [ app_init ] --START--
INFO: Run Behavior\BuildLiteBehavior [ RunTime:0.000024s ]
INFO: [ app_init ] --END-- [ RunTime:0.000769s ]
INFO: [ app_begin ] --START--
INFO: Run Behavior\ReadHtmlCacheBehavior [ RunTime:0.000736s ]
INFO: [ app_begin ] --END-- [ RunTime:0.000828s ]
INFO: [ view_parse ] --START--
INFO: [ template_filter ] --START--
INFO: Run Behavior\ContentReplaceBehavior [ RunTime:0.000149s ]
INFO: [ template_filter ] --END-- [ RunTime:0.000261s ]
NOTIC: [8] Undefined variable: web_title D:\website\blog\Application\Runtime\Cache\Home\2a94b8bda04ff446dcedd42276fc99ee.php 第 9 行.
NOTIC: [8] Undefined variable: web_title D:\website\blog\Application\Runtime\Cache\Home\2a94b8bda04ff446dcedd42276fc99ee.php 第 23 行.
NOTIC: [8] Undefined variable: web_title D:\website\blog\Application\Runtime\Cache\Home\2a94b8bda04ff446dcedd42276fc99ee.php 第 23 行.
NOTIC: [8] Undefined variable: web_title D:\website\blog\Application\Runtime\Cache\Home\2a94b8bda04ff446dcedd42276fc99ee.php 第 68 行.
NOTIC: [8] Undefined variable: web_title D:\website\blog\Application\Runtime\Cache\Home\2a94b8bda04ff446dcedd42276fc99ee.php 第 68 行.
INFO: Run Behavior\ParseTemplateBehavior [ RunTime:0.015997s ]
INFO: [ view_parse ] --END-- [ RunTime:0.016111s ]
INFO: [ view_filter ] --START--
INFO: Run Behavior\WriteHtmlCacheBehavior [ RunTime:0.000717s ]
INFO: [ view_filter ] --END-- [ RunTime:0.000801s ]
INFO: [ app_end ] --START--
INFO: Run Behavior\ShowPageTraceBehavior [ RunTime:0.001288s ]
INFO: [ app_end ] --END-- [ RunTime:0.001393s ]

[ 2016-10-03T20:07:17+08:00 ] 125.71.132.94 /
INFO: [ app_init ] --START--
INFO: Run Behavior\BuildLiteBehavior [ RunTime:0.000025s ]
INFO: [ app_init ] --END-- [ RunTime:0.000591s ]
INFO: [ app_begin ] --START--
INFO: Run Behavior\ReadHtmlCacheBehavior [ RunTime:0.000776s ]
INFO: [ app_begin ] --END-- [ RunTime:0.000889s ]
INFO: [ view_parse ] --START--
INFO: [ template_filter ] --START--
INFO: Run Behavior\ContentReplaceBehavior [ RunTime:0.000158s ]
INFO: [ template_filter ] --END-- [ RunTime:0.000359s ]
NOTIC: [8] Undefined variable: web_title D:\website\blog\Application\Runtime\Cache\Home\2a94b8bda04ff446dcedd42276fc99ee.php 第 9 行.
NOTIC: [8] Undefined variable: web_title D:\website\blog\Application\Runtime\Cache\Home\2a94b8bda04ff446dcedd42276fc99ee.php 第 23 行.
NOTIC: [8] Undefined variable: web_title D:\website\blog\Application\Runtime\Cache\Home\2a94b8bda04ff446dcedd42276fc99ee.php 第 23 行.
NOTIC: [8] Undefined variable: web_title D:\website\blog\Application\Runtime\Cache\Home\2a94b8bda04ff446dcedd42276fc99ee.php 第 68 行.
NOTIC: [8] Undefined variable: web_title D:\website\blog\Application\Runtime\Cache\Home\2a94b8bda04ff446dcedd42276fc99ee.php 第 68 行.
INFO: Run Behavior\ParseTemplateBehavior [ RunTime:0.018925s ]
INFO: [ view_parse ] --END-- [ RunTime:0.019084s ]
INFO: [ view_filter ] --START--
INFO: Run Behavior\WriteHtmlCacheBehavior [ RunTime:0.000847s ]
INFO: [ view_filter ] --END-- [ RunTime:0.000945s ]
INFO: [ app_end ] --START--
INFO: Run Behavior\ShowPageTraceBehavior [ RunTime:0.001427s ]
INFO: [ app_end ] --END-- [ RunTime:0.001538s ]

[ 2016-10-03T20:10:22+08:00 ] 125.71.132.94 /
INFO: [ app_init ] --START--
INFO: Run Behavior\BuildLiteBehavior [ RunTime:0.000026s ]
INFO: [ app_init ] --END-- [ RunTime:0.000636s ]
INFO: [ app_begin ] --START--
INFO: Run Behavior\ReadHtmlCacheBehavior [ RunTime:0.000745s ]
INFO: [ app_begin ] --END-- [ RunTime:0.000832s ]
INFO: [ view_parse ] --START--
INFO: [ template_filter ] --START--
INFO: Run Behavior\ContentReplaceBehavior [ RunTime:0.000092s ]
INFO: [ template_filter ] --END-- [ RunTime:0.000151s ]
NOTIC: [8] Undefined variable: web_title D:\website\blog\Application\Runtime\Cache\Home\2a94b8bda04ff446dcedd42276fc99ee.php 第 9 行.
NOTIC: [8] Undefined variable: web_title D:\website\blog\Application\Runtime\Cache\Home\2a94b8bda04ff446dcedd42276fc99ee.php 第 23 行.
NOTIC: [8] Undefined variable: web_title D:\website\blog\Application\Runtime\Cache\Home\2a94b8bda04ff446dcedd42276fc99ee.php 第 23 行.
NOTIC: [8] Undefined variable: web_title D:\website\blog\Application\Runtime\Cache\Home\2a94b8bda04ff446dcedd42276fc99ee.php 第 68 行.
NOTIC: [8] Undefined variable: web_title D:\website\blog\Application\Runtime\Cache\Home\2a94b8bda04ff446dcedd42276fc99ee.php 第 68 行.
INFO: Run Behavior\ParseTemplateBehavior [ RunTime:0.012911s ]
INFO: [ view_parse ] --END-- [ RunTime:0.012969s ]
INFO: [ view_filter ] --START--
INFO: Run Behavior\WriteHtmlCacheBehavior [ RunTime:0.000382s ]
INFO: [ view_filter ] --END-- [ RunTime:0.000423s ]
INFO: [ app_end ] --START--
INFO: Run Behavior\ShowPageTraceBehavior [ RunTime:0.000556s ]
INFO: [ app_end ] --END-- [ RunTime:0.000600s ]

[ 2016-10-03T20:10:28+08:00 ] 125.71.132.94 /home/upload/getUpLoad.html
INFO: [ app_init ] --START--
INFO: Run Behavior\BuildLiteBehavior [ RunTime:0.000018s ]
INFO: [ app_init ] --END-- [ RunTime:0.000416s ]
INFO: [ app_begin ] --START--
INFO: Run Behavior\ReadHtmlCacheBehavior [ RunTime:0.000525s ]
INFO: [ app_begin ] --END-- [ RunTime:0.000598s ]

[ 2016-10-03T20:21:16+08:00 ] 125.71.132.94 /
INFO: [ app_init ] --START--
INFO: Run Behavior\BuildLiteBehavior [ RunTime:0.000024s ]
INFO: [ app_init ] --END-- [ RunTime:0.001994s ]
INFO: [ app_begin ] --START--
INFO: Run Behavior\ReadHtmlCacheBehavior [ RunTime:0.001069s ]
INFO: [ app_begin ] --END-- [ RunTime:0.001916s ]
INFO: [ view_parse ] --START--
INFO: [ template_filter ] --START--
INFO: Run Behavior\ContentReplaceBehavior [ RunTime:0.000094s ]
INFO: [ template_filter ] --END-- [ RunTime:0.000152s ]
NOTIC: [8] Undefined variable: web_title D:\website\blog\Application\Runtime\Cache\Home\2a94b8bda04ff446dcedd42276fc99ee.php 第 9 行.
NOTIC: [8] Undefined variable: web_title D:\website\blog\Application\Runtime\Cache\Home\2a94b8bda04ff446dcedd42276fc99ee.php 第 23 行.
NOTIC: [8] Undefined variable: web_title D:\website\blog\Application\Runtime\Cache\Home\2a94b8bda04ff446dcedd42276fc99ee.php 第 23 行.
NOTIC: [8] Undefined variable: web_title D:\website\blog\Application\Runtime\Cache\Home\2a94b8bda04ff446dcedd42276fc99ee.php 第 68 行.
NOTIC: [8] Undefined variable: web_title D:\website\blog\Application\Runtime\Cache\Home\2a94b8bda04ff446dcedd42276fc99ee.php 第 68 行.
INFO: Run Behavior\ParseTemplateBehavior [ RunTime:0.012360s ]
INFO: [ view_parse ] --END-- [ RunTime:0.012421s ]
INFO: [ view_filter ] --START--
INFO: Run Behavior\WriteHtmlCacheBehavior [ RunTime:0.000429s ]
INFO: [ view_filter ] --END-- [ RunTime:0.000482s ]
INFO: [ app_end ] --START--
INFO: Run Behavior\ShowPageTraceBehavior [ RunTime:0.001952s ]
INFO: [ app_end ] --END-- [ RunTime:0.002112s ]

[ 2016-10-03T20:21:26+08:00 ] 125.71.132.94 /home/upload/getUpLoad.html
INFO: [ app_init ] --START--
INFO: Run Behavior\BuildLiteBehavior [ RunTime:0.000013s ]
INFO: [ app_init ] --END-- [ RunTime:0.000319s ]
INFO: [ app_begin ] --START--
INFO: Run Behavior\ReadHtmlCacheBehavior [ RunTime:0.000403s ]
INFO: [ app_begin ] --END-- [ RunTime:0.000449s ]

[ 2016-10-03T20:22:43+08:00 ] 125.71.132.94 /
INFO: [ app_init ] --START--
INFO: Run Behavior\BuildLiteBehavior [ RunTime:0.000015s ]
INFO: [ app_init ] --END-- [ RunTime:0.000491s ]
INFO: [ app_begin ] --START--
INFO: Run Behavior\ReadHtmlCacheBehavior [ RunTime:0.000801s ]
INFO: [ app_begin ] --END-- [ RunTime:0.000885s ]
INFO: [ view_parse ] --START--
INFO: [ template_filter ] --START--
INFO: Run Behavior\ContentReplaceBehavior [ RunTime:0.000090s ]
INFO: [ template_filter ] --END-- [ RunTime:0.000148s ]
NOTIC: [8] Undefined variable: web_title D:\website\blog\Application\Runtime\Cache\Home\2a94b8bda04ff446dcedd42276fc99ee.php 第 9 行.
NOTIC: [8] Undefined variable: web_title D:\website\blog\Application\Runtime\Cache\Home\2a94b8bda04ff446dcedd42276fc99ee.php 第 23 行.
NOTIC: [8] Undefined variable: web_title D:\website\blog\Application\Runtime\Cache\Home\2a94b8bda04ff446dcedd42276fc99ee.php 第 23 行.
NOTIC: [8] Undefined variable: web_title D:\website\blog\Application\Runtime\Cache\Home\2a94b8bda04ff446dcedd42276fc99ee.php 第 68 行.
NOTIC: [8] Undefined variable: web_title D:\website\blog\Application\Runtime\Cache\Home\2a94b8bda04ff446dcedd42276fc99ee.php 第 68 行.
INFO: Run Behavior\ParseTemplateBehavior [ RunTime:0.021392s ]
INFO: [ view_parse ] --END-- [ RunTime:0.021476s ]
INFO: [ view_filter ] --START--
INFO: Run Behavior\WriteHtmlCacheBehavior [ RunTime:0.000579s ]
INFO: [ view_filter ] --END-- [ RunTime:0.000620s ]
INFO: [ app_end ] --START--
INFO: Run Behavior\ShowPageTraceBehavior [ RunTime:0.000567s ]
INFO: [ app_end ] --END-- [ RunTime:0.000622s ]

[ 2016-10-03T20:22:47+08:00 ] 125.71.132.94 /home/upload/getUpLoad.html
INFO: [ app_init ] --START--
INFO: Run Behavior\BuildLiteBehavior [ RunTime:0.000014s ]
INFO: [ app_init ] --END-- [ RunTime:0.000389s ]
INFO: [ app_begin ] --START--
INFO: Run Behavior\ReadHtmlCacheBehavior [ RunTime:0.000437s ]
INFO: [ app_begin ] --END-- [ RunTime:0.000487s ]

[ 2016-10-03T20:23:19+08:00 ] 125.71.132.94 /
INFO: [ app_init ] --START--
INFO: Run Behavior\BuildLiteBehavior [ RunTime:0.000016s ]
INFO: [ app_init ] --END-- [ RunTime:0.000769s ]
INFO: [ app_begin ] --START--
INFO: Run Behavior\ReadHtmlCacheBehavior [ RunTime:0.001393s ]
INFO: [ app_begin ] --END-- [ RunTime:0.001513s ]
INFO: [ view_parse ] --START--
INFO: [ template_filter ] --START--
INFO: Run Behavior\ContentReplaceBehavior [ RunTime:0.000109s ]
INFO: [ template_filter ] --END-- [ RunTime:0.000197s ]
NOTIC: [8] Undefined variable: web_title D:\website\blog\Application\Runtime\Cache\Home\2a94b8bda04ff446dcedd42276fc99ee.php 第 9 行.
NOTIC: [8] Undefined variable: web_title D:\website\blog\Application\Runtime\Cache\Home\2a94b8bda04ff446dcedd42276fc99ee.php 第 23 行.
NOTIC: [8] Undefined variable: web_title D:\website\blog\Application\Runtime\Cache\Home\2a94b8bda04ff446dcedd42276fc99ee.php 第 23 行.
NOTIC: [8] Undefined variable: web_title D:\website\blog\Application\Runtime\Cache\Home\2a94b8bda04ff446dcedd42276fc99ee.php 第 68 行.
NOTIC: [8] Undefined variable: web_title D:\website\blog\Application\Runtime\Cache\Home\2a94b8bda04ff446dcedd42276fc99ee.php 第 68 行.
INFO: Run Behavior\ParseTemplateBehavior [ RunTime:0.014379s ]
INFO: [ view_parse ] --END-- [ RunTime:0.014578s ]
INFO: [ view_filter ] --START--
INFO: Run Behavior\WriteHtmlCacheBehavior [ RunTime:0.000817s ]
INFO: [ view_filter ] --END-- [ RunTime:0.000869s ]
INFO: [ app_end ] --START--
INFO: Run Behavior\ShowPageTraceBehavior [ RunTime:0.002387s ]
INFO: [ app_end ] --END-- [ RunTime:0.002466s ]

[ 2016-10-03T20:23:23+08:00 ] 125.71.132.94 /home/upload/getUpLoad.html
INFO: [ app_init ] --START--
INFO: Run Behavior\BuildLiteBehavior [ RunTime:0.000015s ]
INFO: [ app_init ] --END-- [ RunTime:0.000472s ]
INFO: [ app_begin ] --START--
INFO: Run Behavior\ReadHtmlCacheBehavior [ RunTime:0.000814s ]
INFO: [ app_begin ] --END-- [ RunTime:0.000867s ]

[ 2016-10-03T20:23:34+08:00 ] 125.71.132.94 /
INFO: [ app_init ] --START--
INFO: Run Behavior\BuildLiteBehavior [ RunTime:0.000016s ]
INFO: [ app_init ] --END-- [ RunTime:0.000540s ]
INFO: [ app_begin ] --START--
INFO: Run Behavior\ReadHtmlCacheBehavior [ RunTime:0.001196s ]
INFO: [ app_begin ] --END-- [ RunTime:0.001313s ]
INFO: [ view_parse ] --START--
INFO: [ template_filter ] --START--
INFO: Run Behavior\ContentReplaceBehavior [ RunTime:0.000102s ]
INFO: [ template_filter ] --END-- [ RunTime:0.000166s ]
NOTIC: [8] Undefined variable: web_title D:\website\blog\Application\Runtime\Cache\Home\2a94b8bda04ff446dcedd42276fc99ee.php 第 9 行.
NOTIC: [8] Undefined variable: web_title D:\website\blog\Application\Runtime\Cache\Home\2a94b8bda04ff446dcedd42276fc99ee.php 第 23 行.
NOTIC: [8] Undefined variable: web_title D:\website\blog\Application\Runtime\Cache\Home\2a94b8bda04ff446dcedd42276fc99ee.php 第 23 行.
NOTIC: [8] Undefined variable: web_title D:\website\blog\Application\Runtime\Cache\Home\2a94b8bda04ff446dcedd42276fc99ee.php 第 68 行.
NOTIC: [8] Undefined variable: web_title D:\website\blog\Application\Runtime\Cache\Home\2a94b8bda04ff446dcedd42276fc99ee.php 第 68 行.
INFO: Run Behavior\ParseTemplateBehavior [ RunTime:0.013614s ]
INFO: [ view_parse ] --END-- [ RunTime:0.013719s ]
INFO: [ view_filter ] --START--
INFO: Run Behavior\WriteHtmlCacheBehavior [ RunTime:0.001592s ]
INFO: [ view_filter ] --END-- [ RunTime:0.001670s ]
INFO: [ app_end ] --START--
INFO: Run Behavior\ShowPageTraceBehavior [ RunTime:0.001411s ]
INFO: [ app_end ] --END-- [ RunTime:0.001496s ]

[ 2016-10-03T20:23:35+08:00 ] 125.71.132.94 /home/index/get_article_totalPage.html
INFO: [ app_init ] --START--
INFO: Run Behavior\BuildLiteBehavior [ RunTime:0.000022s ]
INFO: [ app_init ] --END-- [ RunTime:0.000672s ]
INFO: [ app_begin ] --START--
INFO: Run Behavior\ReadHtmlCacheBehavior [ RunTime:0.001539s ]
INFO: [ app_begin ] --END-- [ RunTime:0.001645s ]
SQL: SHOW COLUMNS FROM `tp_article` [ RunTime:0.0311s ]
NOTIC: [8] Undefined index: tags_id D:\website\blog\Application\Home\Entity\Article.class.php 第 42 行.
SQL: SELECT COUNT(*) AS tp_count FROM `tp_article` LIMIT 1   [ RunTime:0.0122s ]

[ 2016-10-03T20:23:35+08:00 ] 125.71.132.94 /home/index/lists.html?start=0&length=3
INFO: [ app_init ] --START--
INFO: Run Behavior\BuildLiteBehavior [ RunTime:0.000016s ]
INFO: [ app_init ] --END-- [ RunTime:0.000759s ]
INFO: [ app_begin ] --START--
INFO: Run Behavior\ReadHtmlCacheBehavior [ RunTime:0.001295s ]
INFO: [ app_begin ] --END-- [ RunTime:0.001392s ]
SQL: SHOW COLUMNS FROM `tp_article` [ RunTime:0.0156s ]
NOTIC: [8] Undefined index: tags_id D:\website\blog\Application\Home\Entity\Article.class.php 第 20 行.
SQL: SELECT a.id,`title`,`reprint_url`,`brief_introduction`,u.uname,`create_time` FROM `tp_article` as a left join tp_user as u on create_user_id = u.id  ORDER BY create_time desc LIMIT 0,3   [ RunTime:0.0047s ]
INFO: [ view_parse ] --START--
INFO: [ template_filter ] --START--
INFO: Run Behavior\ContentReplaceBehavior [ RunTime:0.000156s ]
INFO: [ template_filter ] --END-- [ RunTime:0.000209s ]
NOTIC: [8] Undefined index: create_time2 D:\website\blog\Application\Runtime\Cache\Home\72653c5b98bacce026832b51aa92934a.php 第 14 行.
NOTIC: [8] Undefined index: create_time2 D:\website\blog\Application\Runtime\Cache\Home\72653c5b98bacce026832b51aa92934a.php 第 14 行.
NOTIC: [8] Undefined index: create_time2 D:\website\blog\Application\Runtime\Cache\Home\72653c5b98bacce026832b51aa92934a.php 第 14 行.
INFO: Run Behavior\ParseTemplateBehavior [ RunTime:0.032578s ]
INFO: [ view_parse ] --END-- [ RunTime:0.032641s ]
INFO: [ view_filter ] --START--
INFO: Run Behavior\WriteHtmlCacheBehavior [ RunTime:0.000720s ]
INFO: [ view_filter ] --END-- [ RunTime:0.000769s ]
INFO: [ app_end ] --START--
INFO: Run Behavior\ShowPageTraceBehavior [ RunTime:0.000883s ]
INFO: [ app_end ] --END-- [ RunTime:0.000938s ]

[ 2016-10-03T20:23:38+08:00 ] 125.71.132.94 /
INFO: [ app_init ] --START--
INFO: Run Behavior\BuildLiteBehavior [ RunTime:0.000021s ]
INFO: [ app_init ] --END-- [ RunTime:0.000707s ]
INFO: [ app_begin ] --START--
INFO: Run Behavior\ReadHtmlCacheBehavior [ RunTime:0.001434s ]
INFO: [ app_begin ] --END-- [ RunTime:0.001549s ]
INFO: [ view_parse ] --START--
INFO: [ template_filter ] --START--
INFO: Run Behavior\ContentReplaceBehavior [ RunTime:0.000168s ]
INFO: [ template_filter ] --END-- [ RunTime:0.000277s ]
NOTIC: [8] Undefined variable: web_title D:\website\blog\Application\Runtime\Cache\Home\2a94b8bda04ff446dcedd42276fc99ee.php 第 9 行.
NOTIC: [8] Undefined variable: web_title D:\website\blog\Application\Runtime\Cache\Home\2a94b8bda04ff446dcedd42276fc99ee.php 第 23 行.
NOTIC: [8] Undefined variable: web_title D:\website\blog\Application\Runtime\Cache\Home\2a94b8bda04ff446dcedd42276fc99ee.php 第 23 行.
NOTIC: [8] Undefined variable: web_title D:\website\blog\Application\Runtime\Cache\Home\2a94b8bda04ff446dcedd42276fc99ee.php 第 68 行.
NOTIC: [8] Undefined variable: web_title D:\website\blog\Application\Runtime\Cache\Home\2a94b8bda04ff446dcedd42276fc99ee.php 第 68 行.
INFO: Run Behavior\ParseTemplateBehavior [ RunTime:0.026365s ]
INFO: [ view_parse ] --END-- [ RunTime:0.026475s ]
INFO: [ view_filter ] --START--
INFO: Run Behavior\WriteHtmlCacheBehavior [ RunTime:0.001099s ]
INFO: [ view_filter ] --END-- [ RunTime:0.001186s ]
INFO: [ app_end ] --START--
INFO: Run Behavior\ShowPageTraceBehavior [ RunTime:0.001060s ]
INFO: [ app_end ] --END-- [ RunTime:0.001126s ]

[ 2016-10-03T20:23:39+08:00 ] 125.71.132.94 /home/index/get_article_totalPage.html
INFO: [ app_init ] --START--
INFO: Run Behavior\BuildLiteBehavior [ RunTime:0.000023s ]
INFO: [ app_init ] --END-- [ RunTime:0.000776s ]
INFO: [ app_begin ] --START--
INFO: Run Behavior\ReadHtmlCacheBehavior [ RunTime:0.002054s ]
INFO: [ app_begin ] --END-- [ RunTime:0.002176s ]
SQL: SHOW COLUMNS FROM `tp_article` [ RunTime:0.0302s ]
NOTIC: [8] Undefined index: tags_id D:\website\blog\Application\Home\Entity\Article.class.php 第 42 行.
SQL: SELECT COUNT(*) AS tp_count FROM `tp_article` LIMIT 1   [ RunTime:0.0095s ]

[ 2016-10-03T20:23:39+08:00 ] 125.71.132.94 /home/index/lists.html?start=0&length=3
INFO: [ app_init ] --START--
INFO: Run Behavior\BuildLiteBehavior [ RunTime:0.000022s ]
INFO: [ app_init ] --END-- [ RunTime:0.000601s ]
INFO: [ app_begin ] --START--
INFO: Run Behavior\ReadHtmlCacheBehavior [ RunTime:0.000889s ]
INFO: [ app_begin ] --END-- [ RunTime:0.000956s ]
SQL: SHOW COLUMNS FROM `tp_article` [ RunTime:0.0424s ]
NOTIC: [8] Undefined index: tags_id D:\website\blog\Application\Home\Entity\Article.class.php 第 20 行.
SQL: SELECT a.id,`title`,`reprint_url`,`brief_introduction`,u.uname,`create_time` FROM `tp_article` as a left join tp_user as u on create_user_id = u.id  ORDER BY create_time desc LIMIT 0,3   [ RunTime:0.0472s ]
INFO: [ view_parse ] --START--
INFO: [ template_filter ] --START--
INFO: Run Behavior\ContentReplaceBehavior [ RunTime:0.000162s ]
INFO: [ template_filter ] --END-- [ RunTime:0.000215s ]
NOTIC: [8] Undefined index: create_time2 D:\website\blog\Application\Runtime\Cache\Home\72653c5b98bacce026832b51aa92934a.php 第 14 行.
NOTIC: [8] Undefined index: create_time2 D:\website\blog\Application\Runtime\Cache\Home\72653c5b98bacce026832b51aa92934a.php 第 14 行.
NOTIC: [8] Undefined index: create_time2 D:\website\blog\Application\Runtime\Cache\Home\72653c5b98bacce026832b51aa92934a.php 第 14 行.
INFO: Run Behavior\ParseTemplateBehavior [ RunTime:0.014346s ]
INFO: [ view_parse ] --END-- [ RunTime:0.014403s ]
INFO: [ view_filter ] --START--
INFO: Run Behavior\WriteHtmlCacheBehavior [ RunTime:0.000640s ]
INFO: [ view_filter ] --END-- [ RunTime:0.000678s ]
INFO: [ app_end ] --START--
INFO: Run Behavior\ShowPageTraceBehavior [ RunTime:0.000804s ]
INFO: [ app_end ] --END-- [ RunTime:0.000844s ]

[ 2016-10-03T20:23:46+08:00 ] 125.71.132.94 /
INFO: [ app_init ] --START--
INFO: Run Behavior\BuildLiteBehavior [ RunTime:0.000020s ]
INFO: [ app_init ] --END-- [ RunTime:0.000481s ]
INFO: [ app_begin ] --START--
INFO: Run Behavior\ReadHtmlCacheBehavior [ RunTime:0.000640s ]
INFO: [ app_begin ] --END-- [ RunTime:0.000720s ]
INFO: [ view_parse ] --START--
INFO: [ template_filter ] --START--
INFO: Run Behavior\ContentReplaceBehavior [ RunTime:0.000149s ]
INFO: [ template_filter ] --END-- [ RunTime:0.000247s ]
NOTIC: [8] Undefined variable: web_title D:\website\blog\Application\Runtime\Cache\Home\2a94b8bda04ff446dcedd42276fc99ee.php 第 9 行.
NOTIC: [8] Undefined variable: web_title D:\website\blog\Application\Runtime\Cache\Home\2a94b8bda04ff446dcedd42276fc99ee.php 第 23 行.
NOTIC: [8] Undefined variable: web_title D:\website\blog\Application\Runtime\Cache\Home\2a94b8bda04ff446dcedd42276fc99ee.php 第 23 行.
NOTIC: [8] Undefined variable: web_title D:\website\blog\Application\Runtime\Cache\Home\2a94b8bda04ff446dcedd42276fc99ee.php 第 68 行.
NOTIC: [8] Undefined variable: web_title D:\website\blog\Application\Runtime\Cache\Home\2a94b8bda04ff446dcedd42276fc99ee.php 第 68 行.
INFO: Run Behavior\ParseTemplateBehavior [ RunTime:0.014919s ]
INFO: [ view_parse ] --END-- [ RunTime:0.014994s ]
INFO: [ view_filter ] --START--
INFO: Run Behavior\WriteHtmlCacheBehavior [ RunTime:0.000477s ]
INFO: [ view_filter ] --END-- [ RunTime:0.000522s ]
INFO: [ app_end ] --START--
INFO: Run Behavior\ShowPageTraceBehavior [ RunTime:0.000638s ]
INFO: [ app_end ] --END-- [ RunTime:0.000688s ]

[ 2016-10-03T20:24:15+08:00 ] 125.71.132.94 /
INFO: [ app_init ] --START--
INFO: Run Behavior\BuildLiteBehavior [ RunTime:0.000023s ]
INFO: [ app_init ] --END-- [ RunTime:0.000535s ]
INFO: [ app_begin ] --START--
INFO: Run Behavior\ReadHtmlCacheBehavior [ RunTime:0.000934s ]
INFO: [ app_begin ] --END-- [ RunTime:0.000997s ]
INFO: [ view_parse ] --START--
INFO: [ template_filter ] --START--
INFO: Run Behavior\ContentReplaceBehavior [ RunTime:0.000091s ]
INFO: [ template_filter ] --END-- [ RunTime:0.000153s ]
NOTIC: [8] Undefined variable: web_title D:\website\blog\Application\Runtime\Cache\Home\2a94b8bda04ff446dcedd42276fc99ee.php 第 9 行.
NOTIC: [8] Undefined variable: web_title D:\website\blog\Application\Runtime\Cache\Home\2a94b8bda04ff446dcedd42276fc99ee.php 第 23 行.
NOTIC: [8] Undefined variable: web_title D:\website\blog\Application\Runtime\Cache\Home\2a94b8bda04ff446dcedd42276fc99ee.php 第 23 行.
NOTIC: [8] Undefined variable: web_title D:\website\blog\Application\Runtime\Cache\Home\2a94b8bda04ff446dcedd42276fc99ee.php 第 68 行.
NOTIC: [8] Undefined variable: web_title D:\website\blog\Application\Runtime\Cache\Home\2a94b8bda04ff446dcedd42276fc99ee.php 第 68 行.
INFO: Run Behavior\ParseTemplateBehavior [ RunTime:0.011610s ]
INFO: [ view_parse ] --END-- [ RunTime:0.011678s ]
INFO: [ view_filter ] --START--
INFO: Run Behavior\WriteHtmlCacheBehavior [ RunTime:0.000654s ]
INFO: [ view_filter ] --END-- [ RunTime:0.000716s ]
INFO: [ app_end ] --START--
INFO: Run Behavior\ShowPageTraceBehavior [ RunTime:0.000847s ]
INFO: [ app_end ] --END-- [ RunTime:0.000890s ]

[ 2016-10-03T20:24:42+08:00 ] 125.71.132.94 /
INFO: [ app_init ] --START--
INFO: Run Behavior\BuildLiteBehavior [ RunTime:0.000014s ]
INFO: [ app_init ] --END-- [ RunTime:0.000353s ]
INFO: [ app_begin ] --START--
INFO: Run Behavior\ReadHtmlCacheBehavior [ RunTime:0.000658s ]
INFO: [ app_begin ] --END-- [ RunTime:0.000727s ]
INFO: [ view_parse ] --START--
INFO: [ template_filter ] --START--
INFO: Run Behavior\ContentReplaceBehavior [ RunTime:0.000224s ]
INFO: [ template_filter ] --END-- [ RunTime:0.000356s ]
NOTIC: [8] Undefined variable: web_title D:\website\blog\Application\Runtime\Cache\Home\2a94b8bda04ff446dcedd42276fc99ee.php 第 9 行.
NOTIC: [8] Undefined variable: web_title D:\website\blog\Application\Runtime\Cache\Home\2a94b8bda04ff446dcedd42276fc99ee.php 第 23 行.
NOTIC: [8] Undefined variable: web_title D:\website\blog\Application\Runtime\Cache\Home\2a94b8bda04ff446dcedd42276fc99ee.php 第 23 行.
NOTIC: [8] Undefined variable: web_title D:\website\blog\Application\Runtime\Cache\Home\2a94b8bda04ff446dcedd42276fc99ee.php 第 68 行.
NOTIC: [8] Undefined variable: web_title D:\website\blog\Application\Runtime\Cache\Home\2a94b8bda04ff446dcedd42276fc99ee.php 第 68 行.
INFO: Run Behavior\ParseTemplateBehavior [ RunTime:0.018811s ]
INFO: [ view_parse ] --END-- [ RunTime:0.018893s ]
INFO: [ view_filter ] --START--
INFO: Run Behavior\WriteHtmlCacheBehavior [ RunTime:0.000738s ]
INFO: [ view_filter ] --END-- [ RunTime:0.000810s ]
INFO: [ app_end ] --START--
INFO: Run Behavior\ShowPageTraceBehavior [ RunTime:0.001076s ]
INFO: [ app_end ] --END-- [ RunTime:0.001141s ]

[ 2016-10-03T20:24:57+08:00 ] 125.71.132.94 /
INFO: [ app_init ] --START--
INFO: Run Behavior\BuildLiteBehavior [ RunTime:0.000144s ]
INFO: [ app_init ] --END-- [ RunTime:0.001485s ]
INFO: [ app_begin ] --START--
INFO: Run Behavior\ReadHtmlCacheBehavior [ RunTime:0.001766s ]
INFO: [ app_begin ] --END-- [ RunTime:0.001926s ]
INFO: [ view_parse ] --START--
INFO: [ template_filter ] --START--
INFO: Run Behavior\ContentReplaceBehavior [ RunTime:0.000286s ]
INFO: [ template_filter ] --END-- [ RunTime:0.000420s ]
NOTIC: [8] Undefined variable: web_title D:\website\blog\Application\Runtime\Cache\Home\2a94b8bda04ff446dcedd42276fc99ee.php 第 9 行.
NOTIC: [8] Undefined variable: web_title D:\website\blog\Application\Runtime\Cache\Home\2a94b8bda04ff446dcedd42276fc99ee.php 第 23 行.
NOTIC: [8] Undefined variable: web_title D:\website\blog\Application\Runtime\Cache\Home\2a94b8bda04ff446dcedd42276fc99ee.php 第 23 行.
NOTIC: [8] Undefined variable: web_title D:\website\blog\Application\Runtime\Cache\Home\2a94b8bda04ff446dcedd42276fc99ee.php 第 68 行.
NOTIC: [8] Undefined variable: web_title D:\website\blog\Application\Runtime\Cache\Home\2a94b8bda04ff446dcedd42276fc99ee.php 第 68 行.
INFO: Run Behavior\ParseTemplateBehavior [ RunTime:0.025680s ]
INFO: [ view_parse ] --END-- [ RunTime:0.025796s ]
INFO: [ view_filter ] --START--
INFO: Run Behavior\WriteHtmlCacheBehavior [ RunTime:0.001250s ]
INFO: [ view_filter ] --END-- [ RunTime:0.001357s ]
INFO: [ app_end ] --START--
INFO: Run Behavior\ShowPageTraceBehavior [ RunTime:0.001525s ]
INFO: [ app_end ] --END-- [ RunTime:0.001634s ]

[ 2016-10-03T20:25:42+08:00 ] 125.71.132.94 /
INFO: [ app_init ] --START--
INFO: Run Behavior\BuildLiteBehavior [ RunTime:0.000026s ]
INFO: [ app_init ] --END-- [ RunTime:0.000752s ]
INFO: [ app_begin ] --START--
INFO: Run Behavior\ReadHtmlCacheBehavior [ RunTime:0.002668s ]
INFO: [ app_begin ] --END-- [ RunTime:0.002800s ]
INFO: [ view_parse ] --START--
INFO: [ template_filter ] --START--
INFO: Run Behavior\ContentReplaceBehavior [ RunTime:0.000156s ]
INFO: [ template_filter ] --END-- [ RunTime:0.000266s ]
NOTIC: [8] Undefined variable: web_title D:\website\blog\Application\Runtime\Cache\Home\2a94b8bda04ff446dcedd42276fc99ee.php 第 9 行.
NOTIC: [8] Undefined variable: web_title D:\website\blog\Application\Runtime\Cache\Home\2a94b8bda04ff446dcedd42276fc99ee.php 第 23 行.
NOTIC: [8] Undefined variable: web_title D:\website\blog\Application\Runtime\Cache\Home\2a94b8bda04ff446dcedd42276fc99ee.php 第 23 行.
NOTIC: [8] Undefined variable: web_title D:\website\blog\Application\Runtime\Cache\Home\2a94b8bda04ff446dcedd42276fc99ee.php 第 68 行.
NOTIC: [8] Undefined variable: web_title D:\website\blog\Application\Runtime\Cache\Home\2a94b8bda04ff446dcedd42276fc99ee.php 第 68 行.
INFO: Run Behavior\ParseTemplateBehavior [ RunTime:0.027260s ]
INFO: [ view_parse ] --END-- [ RunTime:0.027368s ]
INFO: [ view_filter ] --START--
INFO: Run Behavior\WriteHtmlCacheBehavior [ RunTime:0.002462s ]
INFO: [ view_filter ] --END-- [ RunTime:0.002566s ]
INFO: [ app_end ] --START--
INFO: Run Behavior\ShowPageTraceBehavior [ RunTime:0.001794s ]
INFO: [ app_end ] --END-- [ RunTime:0.001904s ]

[ 2016-10-03T20:26:12+08:00 ] 125.71.132.94 /
INFO: [ app_init ] --START--
INFO: Run Behavior\BuildLiteBehavior [ RunTime:0.000014s ]
INFO: [ app_init ] --END-- [ RunTime:0.000361s ]
INFO: [ app_begin ] --START--
INFO: Run Behavior\ReadHtmlCacheBehavior [ RunTime:0.000767s ]
INFO: [ app_begin ] --END-- [ RunTime:0.000871s ]
INFO: [ view_parse ] --START--
INFO: [ template_filter ] --START--
INFO: Run Behavior\ContentReplaceBehavior [ RunTime:0.000094s ]
INFO: [ template_filter ] --END-- [ RunTime:0.000156s ]
NOTIC: [8] Undefined variable: web_title D:\website\blog\Application\Runtime\Cache\Home\2a94b8bda04ff446dcedd42276fc99ee.php 第 9 行.
NOTIC: [8] Undefined variable: web_title D:\website\blog\Application\Runtime\Cache\Home\2a94b8bda04ff446dcedd42276fc99ee.php 第 23 行.
NOTIC: [8] Undefined variable: web_title D:\website\blog\Application\Runtime\Cache\Home\2a94b8bda04ff446dcedd42276fc99ee.php 第 23 行.
NOTIC: [8] Undefined variable: web_title D:\website\blog\Application\Runtime\Cache\Home\2a94b8bda04ff446dcedd42276fc99ee.php 第 68 行.
NOTIC: [8] Undefined variable: web_title D:\website\blog\Application\Runtime\Cache\Home\2a94b8bda04ff446dcedd42276fc99ee.php 第 68 行.
INFO: Run Behavior\ParseTemplateBehavior [ RunTime:0.011548s ]
INFO: [ view_parse ] --END-- [ RunTime:0.011614s ]
INFO: [ view_filter ] --START--
INFO: Run Behavior\WriteHtmlCacheBehavior [ RunTime:0.000386s ]
INFO: [ view_filter ] --END-- [ RunTime:0.000431s ]
INFO: [ app_end ] --START--
INFO: Run Behavior\ShowPageTraceBehavior [ RunTime:0.000491s ]
INFO: [ app_end ] --END-- [ RunTime:0.000536s ]

[ 2016-10-03T20:26:27+08:00 ] 125.71.132.94 /
INFO: [ app_init ] --START--
INFO: Run Behavior\BuildLiteBehavior [ RunTime:0.000021s ]
INFO: [ app_init ] --END-- [ RunTime:0.000608s ]
INFO: [ app_begin ] --START--
INFO: Run Behavior\ReadHtmlCacheBehavior [ RunTime:0.000761s ]
INFO: [ app_begin ] --END-- [ RunTime:0.000873s ]
INFO: [ view_parse ] --START--
INFO: [ template_filter ] --START--
INFO: Run Behavior\ContentReplaceBehavior [ RunTime:0.000188s ]
INFO: [ template_filter ] --END-- [ RunTime:0.000325s ]
NOTIC: [8] Undefined variable: web_title D:\website\blog\Application\Runtime\Cache\Home\2a94b8bda04ff446dcedd42276fc99ee.php 第 9 行.
NOTIC: [8] Undefined variable: web_title D:\website\blog\Application\Runtime\Cache\Home\2a94b8bda04ff446dcedd42276fc99ee.php 第 23 行.
NOTIC: [8] Undefined variable: web_title D:\website\blog\Application\Runtime\Cache\Home\2a94b8bda04ff446dcedd42276fc99ee.php 第 23 行.
NOTIC: [8] Undefined variable: web_title D:\website\blog\Application\Runtime\Cache\Home\2a94b8bda04ff446dcedd42276fc99ee.php 第 68 行.
NOTIC: [8] Undefined variable: web_title D:\website\blog\Application\Runtime\Cache\Home\2a94b8bda04ff446dcedd42276fc99ee.php 第 68 行.
INFO: Run Behavior\ParseTemplateBehavior [ RunTime:0.016316s ]
INFO: [ view_parse ] --END-- [ RunTime:0.016420s ]
INFO: [ view_filter ] --START--
INFO: Run Behavior\WriteHtmlCacheBehavior [ RunTime:0.000581s ]
INFO: [ view_filter ] --END-- [ RunTime:0.000664s ]
INFO: [ app_end ] --START--
INFO: Run Behavior\ShowPageTraceBehavior [ RunTime:0.000788s ]
INFO: [ app_end ] --END-- [ RunTime:0.000882s ]

[ 2016-10-03T20:26:40+08:00 ] 125.71.132.94 /
INFO: [ app_init ] --START--
INFO: Run Behavior\BuildLiteBehavior [ RunTime:0.000020s ]
INFO: [ app_init ] --END-- [ RunTime:0.000614s ]
INFO: [ app_begin ] --START--
INFO: Run Behavior\ReadHtmlCacheBehavior [ RunTime:0.001074s ]
INFO: [ app_begin ] --END-- [ RunTime:0.001188s ]
INFO: [ view_parse ] --START--
INFO: [ template_filter ] --START--
INFO: Run Behavior\ContentReplaceBehavior [ RunTime:0.000153s ]
INFO: [ template_filter ] --END-- [ RunTime:0.000248s ]
NOTIC: [8] Undefined variable: web_title D:\website\blog\Application\Runtime\Cache\Home\2a94b8bda04ff446dcedd42276fc99ee.php 第 9 行.
NOTIC: [8] Undefined variable: web_title D:\website\blog\Application\Runtime\Cache\Home\2a94b8bda04ff446dcedd42276fc99ee.php 第 23 行.
NOTIC: [8] Undefined variable: web_title D:\website\blog\Application\Runtime\Cache\Home\2a94b8bda04ff446dcedd42276fc99ee.php 第 23 行.
NOTIC: [8] Undefined variable: web_title D:\website\blog\Application\Runtime\Cache\Home\2a94b8bda04ff446dcedd42276fc99ee.php 第 68 行.
NOTIC: [8] Undefined variable: web_title D:\website\blog\Application\Runtime\Cache\Home\2a94b8bda04ff446dcedd42276fc99ee.php 第 68 行.
INFO: Run Behavior\ParseTemplateBehavior [ RunTime:0.018722s ]
INFO: [ view_parse ] --END-- [ RunTime:0.018821s ]
INFO: [ view_filter ] --START--
INFO: Run Behavior\WriteHtmlCacheBehavior [ RunTime:0.000458s ]
INFO: [ view_filter ] --END-- [ RunTime:0.000507s ]
INFO: [ app_end ] --START--
INFO: Run Behavior\ShowPageTraceBehavior [ RunTime:0.000654s ]
INFO: [ app_end ] --END-- [ RunTime:0.000702s ]

[ 2016-10-03T20:26:43+08:00 ] 125.71.132.94 /
INFO: [ app_init ] --START--
INFO: Run Behavior\BuildLiteBehavior [ RunTime:0.000046s ]
INFO: [ app_init ] --END-- [ RunTime:0.000507s ]
INFO: [ app_begin ] --START--
INFO: Run Behavior\ReadHtmlCacheBehavior [ RunTime:0.000535s ]
INFO: [ app_begin ] --END-- [ RunTime:0.000602s ]
INFO: [ view_parse ] --START--
INFO: [ template_filter ] --START--
INFO: Run Behavior\ContentReplaceBehavior [ RunTime:0.000158s ]
INFO: [ template_filter ] --END-- [ RunTime:0.000269s ]
NOTIC: [8] Undefined variable: web_title D:\website\blog\Application\Runtime\Cache\Home\2a94b8bda04ff446dcedd42276fc99ee.php 第 9 行.
NOTIC: [8] Undefined variable: web_title D:\website\blog\Application\Runtime\Cache\Home\2a94b8bda04ff446dcedd42276fc99ee.php 第 23 行.
NOTIC: [8] Undefined variable: web_title D:\website\blog\Application\Runtime\Cache\Home\2a94b8bda04ff446dcedd42276fc99ee.php 第 23 行.
NOTIC: [8] Undefined variable: web_title D:\website\blog\Application\Runtime\Cache\Home\2a94b8bda04ff446dcedd42276fc99ee.php 第 68 行.
NOTIC: [8] Undefined variable: web_title D:\website\blog\Application\Runtime\Cache\Home\2a94b8bda04ff446dcedd42276fc99ee.php 第 68 行.
INFO: Run Behavior\ParseTemplateBehavior [ RunTime:0.012213s ]
INFO: [ view_parse ] --END-- [ RunTime:0.012286s ]
INFO: [ view_filter ] --START--
INFO: Run Behavior\WriteHtmlCacheBehavior [ RunTime:0.000415s ]
INFO: [ view_filter ] --END-- [ RunTime:0.000461s ]
INFO: [ app_end ] --START--
INFO: Run Behavior\ShowPageTraceBehavior [ RunTime:0.000492s ]
INFO: [ app_end ] --END-- [ RunTime:0.000538s ]

[ 2016-10-03T20:35:24+08:00 ] 125.71.132.94 /
INFO: [ app_init ] --START--
INFO: Run Behavior\BuildLiteBehavior [ RunTime:0.000023s ]
INFO: [ app_init ] --END-- [ RunTime:0.000744s ]
INFO: [ app_begin ] --START--
INFO: Run Behavior\ReadHtmlCacheBehavior [ RunTime:0.001544s ]
INFO: [ app_begin ] --END-- [ RunTime:0.001655s ]
INFO: [ view_parse ] --START--
INFO: [ template_filter ] --START--
INFO: Run Behavior\ContentReplaceBehavior [ RunTime:0.000243s ]
INFO: [ template_filter ] --END-- [ RunTime:0.000362s ]
NOTIC: [8] Undefined variable: web_title D:\website\blog\Application\Runtime\Cache\Home\2a94b8bda04ff446dcedd42276fc99ee.php 第 9 行.
NOTIC: [8] Undefined variable: web_title D:\website\blog\Application\Runtime\Cache\Home\2a94b8bda04ff446dcedd42276fc99ee.php 第 23 行.
NOTIC: [8] Undefined variable: web_title D:\website\blog\Application\Runtime\Cache\Home\2a94b8bda04ff446dcedd42276fc99ee.php 第 23 行.
NOTIC: [8] Undefined variable: web_title D:\website\blog\Application\Runtime\Cache\Home\2a94b8bda04ff446dcedd42276fc99ee.php 第 68 行.
NOTIC: [8] Undefined variable: web_title D:\website\blog\Application\Runtime\Cache\Home\2a94b8bda04ff446dcedd42276fc99ee.php 第 68 行.
INFO: Run Behavior\ParseTemplateBehavior [ RunTime:0.041979s ]
INFO: [ view_parse ] --END-- [ RunTime:0.042092s ]
INFO: [ view_filter ] --START--
INFO: Run Behavior\WriteHtmlCacheBehavior [ RunTime:0.002046s ]
INFO: [ view_filter ] --END-- [ RunTime:0.002171s ]
INFO: [ app_end ] --START--
INFO: Run Behavior\ShowPageTraceBehavior [ RunTime:0.002305s ]
INFO: [ app_end ] --END-- [ RunTime:0.002415s ]

[ 2016-10-03T20:35:45+08:00 ] 125.71.132.94 /
INFO: [ app_init ] --START--
INFO: Run Behavior\BuildLiteBehavior [ RunTime:0.000024s ]
INFO: [ app_init ] --END-- [ RunTime:0.000540s ]
INFO: [ app_begin ] --START--
INFO: Run Behavior\ReadHtmlCacheBehavior [ RunTime:0.000791s ]
INFO: [ app_begin ] --END-- [ RunTime:0.000907s ]
INFO: [ view_parse ] --START--
INFO: [ template_filter ] --START--
INFO: Run Behavior\ContentReplaceBehavior [ RunTime:0.000155s ]
INFO: [ template_filter ] --END-- [ RunTime:0.000276s ]
NOTIC: [8] Undefined variable: web_title D:\website\blog\Application\Runtime\Cache\Home\2a94b8bda04ff446dcedd42276fc99ee.php 第 9 行.
NOTIC: [8] Undefined variable: web_title D:\website\blog\Application\Runtime\Cache\Home\2a94b8bda04ff446dcedd42276fc99ee.php 第 23 行.
NOTIC: [8] Undefined variable: web_title D:\website\blog\Application\Runtime\Cache\Home\2a94b8bda04ff446dcedd42276fc99ee.php 第 23 行.
NOTIC: [8] Undefined variable: web_title D:\website\blog\Application\Runtime\Cache\Home\2a94b8bda04ff446dcedd42276fc99ee.php 第 68 行.
NOTIC: [8] Undefined variable: web_title D:\website\blog\Application\Runtime\Cache\Home\2a94b8bda04ff446dcedd42276fc99ee.php 第 68 行.
INFO: Run Behavior\ParseTemplateBehavior [ RunTime:0.017026s ]
INFO: [ view_parse ] --END-- [ RunTime:0.017143s ]
INFO: [ view_filter ] --START--
INFO: Run Behavior\WriteHtmlCacheBehavior [ RunTime:0.000714s ]
INFO: [ view_filter ] --END-- [ RunTime:0.000791s ]
INFO: [ app_end ] --START--
INFO: Run Behavior\ShowPageTraceBehavior [ RunTime:0.000948s ]
INFO: [ app_end ] --END-- [ RunTime:0.001041s ]

