[ 2016-10-24T23:08:53+08:00 ] 10.169.88.177 /
INFO: [ app_init ] --START--
INFO: Run Behavior\BuildLiteBehavior [ RunTime:0.000017s ]
INFO: [ app_init ] --END-- [ RunTime:0.000349s ]
INFO: [ app_begin ] --START--
INFO: Run Behavior\ReadHtmlCacheBehavior [ RunTime:0.000422s ]
INFO: [ app_begin ] --END-- [ RunTime:0.000471s ]
INFO: [ view_parse ] --START--
INFO: [ template_filter ] --START--
INFO: Run Behavior\ContentReplaceBehavior [ RunTime:0.000082s ]
INFO: [ template_filter ] --END-- [ RunTime:0.000132s ]
NOTIC: [8] Undefined variable: web_title /usr/share/httpd/blog/Application/Runtime/Cache/Home/2a94b8bda04ff446dcedd42276fc99ee.php 第 9 行.
NOTIC: [8] Undefined variable: web_title /usr/share/httpd/blog/Application/Runtime/Cache/Home/2a94b8bda04ff446dcedd42276fc99ee.php 第 23 行.
NOTIC: [8] Undefined variable: web_title /usr/share/httpd/blog/Application/Runtime/Cache/Home/2a94b8bda04ff446dcedd42276fc99ee.php 第 23 行.
NOTIC: [8] Undefined variable: web_title /usr/share/httpd/blog/Application/Runtime/Cache/Home/2a94b8bda04ff446dcedd42276fc99ee.php 第 68 行.
NOTIC: [8] Undefined variable: web_title /usr/share/httpd/blog/Application/Runtime/Cache/Home/2a94b8bda04ff446dcedd42276fc99ee.php 第 68 行.
INFO: Run Behavior\ParseTemplateBehavior [ RunTime:0.008921s ]
INFO: [ view_parse ] --END-- [ RunTime:0.008966s ]
INFO: [ view_filter ] --START--
INFO: Run Behavior\WriteHtmlCacheBehavior [ RunTime:0.000147s ]
INFO: [ view_filter ] --END-- [ RunTime:0.000186s ]
INFO: [ app_end ] --START--
INFO: Run Behavior\ShowPageTraceBehavior [ RunTime:0.000392s ]
INFO: [ app_end ] --END-- [ RunTime:0.000438s ]

[ 2016-10-24T23:09:57+08:00 ] 10.169.88.177 /
INFO: [ app_init ] --START--
INFO: Run Behavior\BuildLiteBehavior [ RunTime:0.000019s ]
INFO: [ app_init ] --END-- [ RunTime:0.000381s ]
INFO: [ app_begin ] --START--
INFO: Run Behavior\ReadHtmlCacheBehavior [ RunTime:0.000690s ]
INFO: [ app_begin ] --END-- [ RunTime:0.000775s ]
INFO: [ view_parse ] --START--
INFO: [ template_filter ] --START--
INFO: Run Behavior\ContentReplaceBehavior [ RunTime:0.000088s ]
INFO: [ template_filter ] --END-- [ RunTime:0.000140s ]
NOTIC: [8] Undefined variable: web_title /usr/share/httpd/blog/Application/Runtime/Cache/Home/2a94b8bda04ff446dcedd42276fc99ee.php 第 9 行.
NOTIC: [8] Undefined variable: web_title /usr/share/httpd/blog/Application/Runtime/Cache/Home/2a94b8bda04ff446dcedd42276fc99ee.php 第 23 行.
NOTIC: [8] Undefined variable: web_title /usr/share/httpd/blog/Application/Runtime/Cache/Home/2a94b8bda04ff446dcedd42276fc99ee.php 第 23 行.
NOTIC: [8] Undefined variable: web_title /usr/share/httpd/blog/Application/Runtime/Cache/Home/2a94b8bda04ff446dcedd42276fc99ee.php 第 68 行.
NOTIC: [8] Undefined variable: web_title /usr/share/httpd/blog/Application/Runtime/Cache/Home/2a94b8bda04ff446dcedd42276fc99ee.php 第 68 行.
INFO: Run Behavior\ParseTemplateBehavior [ RunTime:0.008928s ]
INFO: [ view_parse ] --END-- [ RunTime:0.008976s ]
INFO: [ view_filter ] --START--
INFO: Run Behavior\WriteHtmlCacheBehavior [ RunTime:0.000122s ]
INFO: [ view_filter ] --END-- [ RunTime:0.000161s ]
INFO: [ app_end ] --START--
INFO: Run Behavior\ShowPageTraceBehavior [ RunTime:0.000478s ]
INFO: [ app_end ] --END-- [ RunTime:0.000526s ]

[ 2016-10-24T23:10:03+08:00 ] 10.169.88.177 /
INFO: [ app_init ] --START--
INFO: Run Behavior\BuildLiteBehavior [ RunTime:0.000015s ]
INFO: [ app_init ] --END-- [ RunTime:0.000304s ]
INFO: [ app_begin ] --START--
INFO: Run Behavior\ReadHtmlCacheBehavior [ RunTime:0.000400s ]
INFO: [ app_begin ] --END-- [ RunTime:0.000451s ]
INFO: [ view_parse ] --START--
INFO: [ template_filter ] --START--
INFO: Run Behavior\ContentReplaceBehavior [ RunTime:0.000071s ]
INFO: [ template_filter ] --END-- [ RunTime:0.000122s ]
NOTIC: [8] Undefined variable: web_title /usr/share/httpd/blog/Application/Runtime/Cache/Home/2a94b8bda04ff446dcedd42276fc99ee.php 第 9 行.
NOTIC: [8] Undefined variable: web_title /usr/share/httpd/blog/Application/Runtime/Cache/Home/2a94b8bda04ff446dcedd42276fc99ee.php 第 23 行.
NOTIC: [8] Undefined variable: web_title /usr/share/httpd/blog/Application/Runtime/Cache/Home/2a94b8bda04ff446dcedd42276fc99ee.php 第 23 行.
NOTIC: [8] Undefined variable: web_title /usr/share/httpd/blog/Application/Runtime/Cache/Home/2a94b8bda04ff446dcedd42276fc99ee.php 第 68 行.
NOTIC: [8] Undefined variable: web_title /usr/share/httpd/blog/Application/Runtime/Cache/Home/2a94b8bda04ff446dcedd42276fc99ee.php 第 68 行.
INFO: Run Behavior\ParseTemplateBehavior [ RunTime:0.007905s ]
INFO: [ view_parse ] --END-- [ RunTime:0.007952s ]
INFO: [ view_filter ] --START--
INFO: Run Behavior\WriteHtmlCacheBehavior [ RunTime:0.000120s ]
INFO: [ view_filter ] --END-- [ RunTime:0.000159s ]
INFO: [ app_end ] --START--
INFO: Run Behavior\ShowPageTraceBehavior [ RunTime:0.000388s ]
INFO: [ app_end ] --END-- [ RunTime:0.000435s ]

[ 2016-10-24T23:12:07+08:00 ] 10.169.88.177 /home/archives/index.html
INFO: [ app_init ] --START--
INFO: Run Behavior\BuildLiteBehavior [ RunTime:0.000017s ]
INFO: [ app_init ] --END-- [ RunTime:0.000352s ]
INFO: [ app_begin ] --START--
INFO: Run Behavior\ReadHtmlCacheBehavior [ RunTime:0.000480s ]
INFO: [ app_begin ] --END-- [ RunTime:0.000539s ]
ERR: SQLSTATE[28000] [1045] Access denied for user 'biabia123456'@'iZwz9h1bzg0m2h43o5xbyaZ' (using password: YES)

[ 2016-10-24T23:12:52+08:00 ] 10.169.88.177 /home/archives/index.html
INFO: [ app_init ] --START--
INFO: Run Behavior\BuildLiteBehavior [ RunTime:0.000017s ]
INFO: [ app_init ] --END-- [ RunTime:0.000353s ]
INFO: [ app_begin ] --START--
INFO: Run Behavior\ReadHtmlCacheBehavior [ RunTime:0.000396s ]
INFO: [ app_begin ] --END-- [ RunTime:0.000448s ]
ERR: SQLSTATE[28000] [1045] Access denied for user 'biabia123456'@'iZwz9h1bzg0m2h43o5xbyaZ' (using password: YES)

[ 2016-10-24T23:13:14+08:00 ] 10.169.88.177 /home/archives/index.html
INFO: [ app_init ] --START--
INFO: Run Behavior\BuildLiteBehavior [ RunTime:0.000017s ]
INFO: [ app_init ] --END-- [ RunTime:0.000353s ]
INFO: [ app_begin ] --START--
INFO: Run Behavior\ReadHtmlCacheBehavior [ RunTime:0.000402s ]
INFO: [ app_begin ] --END-- [ RunTime:0.000457s ]
ERR: SQLSTATE[28000] [1045] Access denied for user 'biabia123456'@'iZwz9h1bzg0m2h43o5xbyaZ' (using password: YES)

[ 2016-10-24T23:13:27+08:00 ] 10.169.88.177 /home/archives/index.html
INFO: [ app_init ] --START--
INFO: Run Behavior\BuildLiteBehavior [ RunTime:0.000029s ]
INFO: [ app_init ] --END-- [ RunTime:0.000553s ]
INFO: [ app_begin ] --START--
INFO: Run Behavior\ReadHtmlCacheBehavior [ RunTime:0.000475s ]
INFO: [ app_begin ] --END-- [ RunTime:0.000530s ]
ERR: SQLSTATE[28000] [1045] Access denied for user 'biabia123456'@'iZwz9h1bzg0m2h43o5xbyaZ' (using password: YES)

[ 2016-10-24T23:14:48+08:00 ] 10.169.88.177 /home/archives/index.html
INFO: [ app_init ] --START--
INFO: Run Behavior\BuildLiteBehavior [ RunTime:0.000017s ]
INFO: [ app_init ] --END-- [ RunTime:0.000355s ]
INFO: [ app_begin ] --START--
INFO: Run Behavior\ReadHtmlCacheBehavior [ RunTime:0.000450s ]
INFO: [ app_begin ] --END-- [ RunTime:0.000500s ]
ERR: SQLSTATE[28000] [1045] Access denied for user 'biabia123456'@'iZwz9h1bzg0m2h43o5xbyaZ' (using password: YES)

[ 2016-10-24T23:14:50+08:00 ] 10.169.88.177 /home/archives/index.html
INFO: [ app_init ] --START--
INFO: Run Behavior\BuildLiteBehavior [ RunTime:0.000017s ]
INFO: [ app_init ] --END-- [ RunTime:0.000358s ]
INFO: [ app_begin ] --START--
INFO: Run Behavior\ReadHtmlCacheBehavior [ RunTime:0.000395s ]
INFO: [ app_begin ] --END-- [ RunTime:0.000446s ]
ERR: SQLSTATE[28000] [1045] Access denied for user 'biabia123456'@'iZwz9h1bzg0m2h43o5xbyaZ' (using password: YES)

[ 2016-10-24T23:15:42+08:00 ] 10.169.88.177 /home/archives/index.html
INFO: [ app_init ] --START--
INFO: Run Behavior\BuildLiteBehavior [ RunTime:0.000036s ]
INFO: [ app_init ] --END-- [ RunTime:0.000380s ]
INFO: [ app_begin ] --START--
INFO: Run Behavior\ReadHtmlCacheBehavior [ RunTime:0.000434s ]
INFO: [ app_begin ] --END-- [ RunTime:0.000484s ]
SQL: SHOW COLUMNS FROM `tp_article` [ RunTime:0.0092s ]
SQL: SELECT `create_time`,COUNT( * ),GROUP_CONCAT(id) as id FROM `tp_article` GROUP BY FROM_UNIXTIME( create_time, "%Y年%m月%日" ) ORDER BY create_time DESC  [ RunTime:0.0241s ]
SQL: SELECT `id`,`title`,`create_time` FROM `tp_article` WHERE `id` IN ('33','32','31','30','29','28','27','26','25','34') ORDER BY create_time desc  [ RunTime:0.0003s ]
SQL: SELECT `id`,`title`,`create_time` FROM `tp_article` WHERE `id` IN ('19','20','21','22','24') ORDER BY create_time desc  [ RunTime:0.0002s ]
INFO: [ view_parse ] --START--
INFO: [ template_filter ] --START--
INFO: Run Behavior\ContentReplaceBehavior [ RunTime:0.000088s ]
INFO: [ template_filter ] --END-- [ RunTime:0.000135s ]
NOTIC: [8] Undefined variable: web_title /usr/share/httpd/blog/Application/Runtime/Cache/Home/3366c561da1773637233efd0b7e03a47.php 第 9 行.
NOTIC: [8] Undefined variable: web_title /usr/share/httpd/blog/Application/Runtime/Cache/Home/3366c561da1773637233efd0b7e03a47.php 第 23 行.
NOTIC: [8] Undefined variable: web_title /usr/share/httpd/blog/Application/Runtime/Cache/Home/3366c561da1773637233efd0b7e03a47.php 第 23 行.
NOTIC: [8] Undefined variable: web_title /usr/share/httpd/blog/Application/Runtime/Cache/Home/3366c561da1773637233efd0b7e03a47.php 第 68 行.
NOTIC: [8] Undefined variable: web_title /usr/share/httpd/blog/Application/Runtime/Cache/Home/3366c561da1773637233efd0b7e03a47.php 第 68 行.
NOTIC: [8] Use of undefined constant id - assumed 'id' /usr/share/httpd/blog/Application/Runtime/Cache/Home/3366c561da1773637233efd0b7e03a47.php 第 83 行.
NOTIC: [8] Use of undefined constant id - assumed 'id' /usr/share/httpd/blog/Application/Runtime/Cache/Home/3366c561da1773637233efd0b7e03a47.php 第 83 行.
NOTIC: [8] Use of undefined constant id - assumed 'id' /usr/share/httpd/blog/Application/Runtime/Cache/Home/3366c561da1773637233efd0b7e03a47.php 第 83 行.
NOTIC: [8] Use of undefined constant id - assumed 'id' /usr/share/httpd/blog/Application/Runtime/Cache/Home/3366c561da1773637233efd0b7e03a47.php 第 83 行.
NOTIC: [8] Use of undefined constant id - assumed 'id' /usr/share/httpd/blog/Application/Runtime/Cache/Home/3366c561da1773637233efd0b7e03a47.php 第 83 行.
NOTIC: [8] Use of undefined constant id - assumed 'id' /usr/share/httpd/blog/Application/Runtime/Cache/Home/3366c561da1773637233efd0b7e03a47.php 第 83 行.
NOTIC: [8] Use of undefined constant id - assumed 'id' /usr/share/httpd/blog/Application/Runtime/Cache/Home/3366c561da1773637233efd0b7e03a47.php 第 83 行.
NOTIC: [8] Use of undefined constant id - assumed 'id' /usr/share/httpd/blog/Application/Runtime/Cache/Home/3366c561da1773637233efd0b7e03a47.php 第 83 行.
NOTIC: [8] Use of undefined constant id - assumed 'id' /usr/share/httpd/blog/Application/Runtime/Cache/Home/3366c561da1773637233efd0b7e03a47.php 第 83 行.
NOTIC: [8] Use of undefined constant id - assumed 'id' /usr/share/httpd/blog/Application/Runtime/Cache/Home/3366c561da1773637233efd0b7e03a47.php 第 83 行.
NOTIC: [8] Use of undefined constant id - assumed 'id' /usr/share/httpd/blog/Application/Runtime/Cache/Home/3366c561da1773637233efd0b7e03a47.php 第 83 行.
NOTIC: [8] Use of undefined constant id - assumed 'id' /usr/share/httpd/blog/Application/Runtime/Cache/Home/3366c561da1773637233efd0b7e03a47.php 第 83 行.
NOTIC: [8] Use of undefined constant id - assumed 'id' /usr/share/httpd/blog/Application/Runtime/Cache/Home/3366c561da1773637233efd0b7e03a47.php 第 83 行.
NOTIC: [8] Use of undefined constant id - assumed 'id' /usr/share/httpd/blog/Application/Runtime/Cache/Home/3366c561da1773637233efd0b7e03a47.php 第 83 行.
NOTIC: [8] Use of undefined constant id - assumed 'id' /usr/share/httpd/blog/Application/Runtime/Cache/Home/3366c561da1773637233efd0b7e03a47.php 第 83 行.
INFO: Run Behavior\ParseTemplateBehavior [ RunTime:0.011233s ]
INFO: [ view_parse ] --END-- [ RunTime:0.011320s ]
INFO: [ view_filter ] --START--
INFO: Run Behavior\WriteHtmlCacheBehavior [ RunTime:0.000122s ]
INFO: [ view_filter ] --END-- [ RunTime:0.000160s ]
INFO: [ app_end ] --START--
INFO: Run Behavior\ShowPageTraceBehavior [ RunTime:0.000427s ]
INFO: [ app_end ] --END-- [ RunTime:0.000471s ]

[ 2016-10-24T23:15:44+08:00 ] 10.169.88.177 /home/index/index.html
INFO: [ app_init ] --START--
INFO: Run Behavior\BuildLiteBehavior [ RunTime:0.000016s ]
INFO: [ app_init ] --END-- [ RunTime:0.000313s ]
INFO: [ app_begin ] --START--
INFO: Run Behavior\ReadHtmlCacheBehavior [ RunTime:0.000392s ]
INFO: [ app_begin ] --END-- [ RunTime:0.000443s ]
INFO: [ view_parse ] --START--
INFO: [ template_filter ] --START--
INFO: Run Behavior\ContentReplaceBehavior [ RunTime:0.000093s ]
INFO: [ template_filter ] --END-- [ RunTime:0.000167s ]
NOTIC: [8] Undefined variable: web_title /usr/share/httpd/blog/Application/Runtime/Cache/Home/2a94b8bda04ff446dcedd42276fc99ee.php 第 9 行.
NOTIC: [8] Undefined variable: web_title /usr/share/httpd/blog/Application/Runtime/Cache/Home/2a94b8bda04ff446dcedd42276fc99ee.php 第 23 行.
NOTIC: [8] Undefined variable: web_title /usr/share/httpd/blog/Application/Runtime/Cache/Home/2a94b8bda04ff446dcedd42276fc99ee.php 第 23 行.
NOTIC: [8] Undefined variable: web_title /usr/share/httpd/blog/Application/Runtime/Cache/Home/2a94b8bda04ff446dcedd42276fc99ee.php 第 68 行.
NOTIC: [8] Undefined variable: web_title /usr/share/httpd/blog/Application/Runtime/Cache/Home/2a94b8bda04ff446dcedd42276fc99ee.php 第 68 行.
INFO: Run Behavior\ParseTemplateBehavior [ RunTime:0.008843s ]
INFO: [ view_parse ] --END-- [ RunTime:0.008891s ]
INFO: [ view_filter ] --START--
INFO: Run Behavior\WriteHtmlCacheBehavior [ RunTime:0.000125s ]
INFO: [ view_filter ] --END-- [ RunTime:0.000165s ]
INFO: [ app_end ] --START--
INFO: Run Behavior\ShowPageTraceBehavior [ RunTime:0.000421s ]
INFO: [ app_end ] --END-- [ RunTime:0.000466s ]

[ 2016-10-24T23:15:45+08:00 ] 10.169.88.177 /home/index/get_article_totalPage.html
INFO: [ app_init ] --START--
INFO: Run Behavior\BuildLiteBehavior [ RunTime:0.000015s ]
INFO: [ app_init ] --END-- [ RunTime:0.000308s ]
INFO: [ app_begin ] --START--
INFO: Run Behavior\ReadHtmlCacheBehavior [ RunTime:0.000404s ]
INFO: [ app_begin ] --END-- [ RunTime:0.000452s ]
SQL: SHOW COLUMNS FROM `tp_article` [ RunTime:0.0006s ]
NOTIC: [8] Undefined index: tags_id /usr/share/httpd/blog/Application/Home/Entity/Article.class.php 第 42 行.
SQL: SELECT COUNT(*) AS tp_count FROM `tp_article` LIMIT 1   [ RunTime:0.0002s ]

[ 2016-10-24T23:15:45+08:00 ] 10.169.88.177 /home/index/lists.html?start=0&length=3
INFO: [ app_init ] --START--
INFO: Run Behavior\BuildLiteBehavior [ RunTime:0.000015s ]
INFO: [ app_init ] --END-- [ RunTime:0.000322s ]
INFO: [ app_begin ] --START--
INFO: Run Behavior\ReadHtmlCacheBehavior [ RunTime:0.000402s ]
INFO: [ app_begin ] --END-- [ RunTime:0.000451s ]
SQL: SHOW COLUMNS FROM `tp_article` [ RunTime:0.0006s ]
NOTIC: [8] Undefined index: tags_id /usr/share/httpd/blog/Application/Home/Entity/Article.class.php 第 20 行.
SQL: SELECT a.id,`title`,`reprint_url`,`brief_introduction`,u.uname,`create_time` FROM `tp_article` as a left join tp_user as u on create_user_id = u.id  ORDER BY create_time desc LIMIT 0,3   [ RunTime:0.0004s ]
INFO: [ view_parse ] --START--
INFO: [ template_filter ] --START--
INFO: Run Behavior\ContentReplaceBehavior [ RunTime:0.000127s ]
INFO: [ template_filter ] --END-- [ RunTime:0.000175s ]
NOTIC: [8] Undefined index: create_time2 /usr/share/httpd/blog/Application/Runtime/Cache/Home/72653c5b98bacce026832b51aa92934a.php 第 14 行.
NOTIC: [8] Undefined index: create_time2 /usr/share/httpd/blog/Application/Runtime/Cache/Home/72653c5b98bacce026832b51aa92934a.php 第 14 行.
NOTIC: [8] Undefined index: create_time2 /usr/share/httpd/blog/Application/Runtime/Cache/Home/72653c5b98bacce026832b51aa92934a.php 第 14 行.
INFO: Run Behavior\ParseTemplateBehavior [ RunTime:0.013316s ]
INFO: [ view_parse ] --END-- [ RunTime:0.013368s ]
INFO: [ view_filter ] --START--
INFO: Run Behavior\WriteHtmlCacheBehavior [ RunTime:0.000153s ]
INFO: [ view_filter ] --END-- [ RunTime:0.000190s ]
INFO: [ app_end ] --START--
INFO: Run Behavior\ShowPageTraceBehavior [ RunTime:0.000386s ]
INFO: [ app_end ] --END-- [ RunTime:0.000430s ]

[ 2016-10-24T23:15:57+08:00 ] 10.169.88.177 /home/index/index.html
INFO: [ app_init ] --START--
INFO: Run Behavior\BuildLiteBehavior [ RunTime:0.000016s ]
INFO: [ app_init ] --END-- [ RunTime:0.000317s ]
INFO: [ app_begin ] --START--
INFO: Run Behavior\ReadHtmlCacheBehavior [ RunTime:0.000414s ]
INFO: [ app_begin ] --END-- [ RunTime:0.000465s ]
INFO: [ view_parse ] --START--
INFO: [ template_filter ] --START--
INFO: Run Behavior\ContentReplaceBehavior [ RunTime:0.000095s ]
INFO: [ template_filter ] --END-- [ RunTime:0.000166s ]
NOTIC: [8] Undefined variable: web_title /usr/share/httpd/blog/Application/Runtime/Cache/Home/2a94b8bda04ff446dcedd42276fc99ee.php 第 9 行.
NOTIC: [8] Undefined variable: web_title /usr/share/httpd/blog/Application/Runtime/Cache/Home/2a94b8bda04ff446dcedd42276fc99ee.php 第 23 行.
NOTIC: [8] Undefined variable: web_title /usr/share/httpd/blog/Application/Runtime/Cache/Home/2a94b8bda04ff446dcedd42276fc99ee.php 第 23 行.
NOTIC: [8] Undefined variable: web_title /usr/share/httpd/blog/Application/Runtime/Cache/Home/2a94b8bda04ff446dcedd42276fc99ee.php 第 68 行.
NOTIC: [8] Undefined variable: web_title /usr/share/httpd/blog/Application/Runtime/Cache/Home/2a94b8bda04ff446dcedd42276fc99ee.php 第 68 行.
INFO: Run Behavior\ParseTemplateBehavior [ RunTime:0.009371s ]
INFO: [ view_parse ] --END-- [ RunTime:0.009418s ]
INFO: [ view_filter ] --START--
INFO: Run Behavior\WriteHtmlCacheBehavior [ RunTime:0.000127s ]
INFO: [ view_filter ] --END-- [ RunTime:0.000167s ]
INFO: [ app_end ] --START--
INFO: Run Behavior\ShowPageTraceBehavior [ RunTime:0.000440s ]
INFO: [ app_end ] --END-- [ RunTime:0.000487s ]

[ 2016-10-24T23:15:57+08:00 ] 10.169.88.177 /home/index/get_article_totalPage.html
INFO: [ app_init ] --START--
INFO: Run Behavior\BuildLiteBehavior [ RunTime:0.000016s ]
INFO: [ app_init ] --END-- [ RunTime:0.000346s ]
INFO: [ app_begin ] --START--
INFO: Run Behavior\ReadHtmlCacheBehavior [ RunTime:0.000530s ]
INFO: [ app_begin ] --END-- [ RunTime:0.000639s ]
SQL: SHOW COLUMNS FROM `tp_article` [ RunTime:0.0007s ]
NOTIC: [8] Undefined index: tags_id /usr/share/httpd/blog/Application/Home/Entity/Article.class.php 第 42 行.
SQL: SELECT COUNT(*) AS tp_count FROM `tp_article` LIMIT 1   [ RunTime:0.0003s ]

[ 2016-10-24T23:15:58+08:00 ] 10.169.88.177 /home/index/lists.html?start=0&length=3
INFO: [ app_init ] --START--
INFO: Run Behavior\BuildLiteBehavior [ RunTime:0.000015s ]
INFO: [ app_init ] --END-- [ RunTime:0.000328s ]
INFO: [ app_begin ] --START--
INFO: Run Behavior\ReadHtmlCacheBehavior [ RunTime:0.000403s ]
INFO: [ app_begin ] --END-- [ RunTime:0.000450s ]
SQL: SHOW COLUMNS FROM `tp_article` [ RunTime:0.0006s ]
NOTIC: [8] Undefined index: tags_id /usr/share/httpd/blog/Application/Home/Entity/Article.class.php 第 20 行.
SQL: SELECT a.id,`title`,`reprint_url`,`brief_introduction`,u.uname,`create_time` FROM `tp_article` as a left join tp_user as u on create_user_id = u.id  ORDER BY create_time desc LIMIT 0,3   [ RunTime:0.0004s ]
INFO: [ view_parse ] --START--
INFO: [ template_filter ] --START--
INFO: Run Behavior\ContentReplaceBehavior [ RunTime:0.000139s ]
INFO: [ template_filter ] --END-- [ RunTime:0.000189s ]
NOTIC: [8] Undefined index: create_time2 /usr/share/httpd/blog/Application/Runtime/Cache/Home/72653c5b98bacce026832b51aa92934a.php 第 14 行.
NOTIC: [8] Undefined index: create_time2 /usr/share/httpd/blog/Application/Runtime/Cache/Home/72653c5b98bacce026832b51aa92934a.php 第 14 行.
NOTIC: [8] Undefined index: create_time2 /usr/share/httpd/blog/Application/Runtime/Cache/Home/72653c5b98bacce026832b51aa92934a.php 第 14 行.
INFO: Run Behavior\ParseTemplateBehavior [ RunTime:0.013428s ]
INFO: [ view_parse ] --END-- [ RunTime:0.013479s ]
INFO: [ view_filter ] --START--
INFO: Run Behavior\WriteHtmlCacheBehavior [ RunTime:0.000125s ]
INFO: [ view_filter ] --END-- [ RunTime:0.000162s ]
INFO: [ app_end ] --START--
INFO: Run Behavior\ShowPageTraceBehavior [ RunTime:0.000394s ]
INFO: [ app_end ] --END-- [ RunTime:0.000433s ]

[ 2016-10-24T23:18:44+08:00 ] 10.169.88.177 /home/bing/add_imginfo
INFO: [ app_init ] --START--
INFO: Run Behavior\BuildLiteBehavior [ RunTime:0.000018s ]
INFO: [ app_init ] --END-- [ RunTime:0.000355s ]
INFO: [ app_begin ] --START--
INFO: Run Behavior\ReadHtmlCacheBehavior [ RunTime:0.000415s ]
INFO: [ app_begin ] --END-- [ RunTime:0.000466s ]
SQL: SHOW COLUMNS FROM `tp_bing` [ RunTime:0.0007s ]
SQL: SELECT * FROM `tp_bing` WHERE `img_time` = '2016-10-24' LIMIT 1   [ RunTime:0.0004s ]
SQL: INSERT INTO `tp_bing` (`img_real_url`,`img_url`,`img_url_480`,`img_time`,`img_title`) VALUES ('http://www.bing.comhttp://s.cn.bing.net/az/hprichbg/rb/KingRiver_ZH-CN12008036815_1920x1080.jpg','Uploads/bing/2016-10-24.jpg','Uploads/bing/480.2016-10-24.jpg','2016-10-24','温德姆市附近King河的滩涂，澳大利亚 (© Ralph Lee Hopkins/Offset)') [ RunTime:0.0242s ]
INFO: [ app_end ] --START--
INFO: Run Behavior\ShowPageTraceBehavior [ RunTime:0.000605s ]
INFO: [ app_end ] --END-- [ RunTime:0.000661s ]

[ 2016-10-24T23:18:59+08:00 ] 10.169.88.177 /home/bing/add_imginfo?d=1
INFO: [ app_init ] --START--
INFO: Run Behavior\BuildLiteBehavior [ RunTime:0.000015s ]
INFO: [ app_init ] --END-- [ RunTime:0.000335s ]
INFO: [ app_begin ] --START--
INFO: Run Behavior\ReadHtmlCacheBehavior [ RunTime:0.000388s ]
INFO: [ app_begin ] --END-- [ RunTime:0.000458s ]
SQL: SHOW COLUMNS FROM `tp_bing` [ RunTime:0.0008s ]
SQL: SELECT * FROM `tp_bing` WHERE `img_time` = '2016-10-23' LIMIT 1   [ RunTime:0.0004s ]
INFO: [ app_end ] --START--
INFO: Run Behavior\ShowPageTraceBehavior [ RunTime:0.000407s ]
INFO: [ app_end ] --END-- [ RunTime:0.000467s ]

[ 2016-10-24T23:19:02+08:00 ] 10.169.88.177 /home/bing/add_imginfo
INFO: [ app_init ] --START--
INFO: Run Behavior\BuildLiteBehavior [ RunTime:0.000015s ]
INFO: [ app_init ] --END-- [ RunTime:0.000295s ]
INFO: [ app_begin ] --START--
INFO: Run Behavior\ReadHtmlCacheBehavior [ RunTime:0.000392s ]
INFO: [ app_begin ] --END-- [ RunTime:0.000439s ]
SQL: SHOW COLUMNS FROM `tp_bing` [ RunTime:0.0094s ]
SQL: SELECT * FROM `tp_bing` WHERE `img_time` = '2016-10-24' LIMIT 1   [ RunTime:0.0003s ]
INFO: [ app_end ] --START--
INFO: Run Behavior\ShowPageTraceBehavior [ RunTime:0.000437s ]
INFO: [ app_end ] --END-- [ RunTime:0.000492s ]

[ 2016-10-24T23:19:04+08:00 ] 10.169.88.177 /home/bing/add_imginfo
INFO: [ app_init ] --START--
INFO: Run Behavior\BuildLiteBehavior [ RunTime:0.000015s ]
INFO: [ app_init ] --END-- [ RunTime:0.000318s ]
INFO: [ app_begin ] --START--
INFO: Run Behavior\ReadHtmlCacheBehavior [ RunTime:0.000363s ]
INFO: [ app_begin ] --END-- [ RunTime:0.000410s ]
SQL: SHOW COLUMNS FROM `tp_bing` [ RunTime:0.0006s ]
SQL: SELECT * FROM `tp_bing` WHERE `img_time` = '2016-10-24' LIMIT 1   [ RunTime:0.0003s ]
INFO: [ app_end ] --START--
INFO: Run Behavior\ShowPageTraceBehavior [ RunTime:0.000431s ]
INFO: [ app_end ] --END-- [ RunTime:0.000546s ]

[ 2016-10-24T23:19:05+08:00 ] 10.169.88.177 /home/bing/add_imginfo?d=1
INFO: [ app_init ] --START--
INFO: Run Behavior\BuildLiteBehavior [ RunTime:0.000034s ]
INFO: [ app_init ] --END-- [ RunTime:0.000323s ]
INFO: [ app_begin ] --START--
INFO: Run Behavior\ReadHtmlCacheBehavior [ RunTime:0.000386s ]
INFO: [ app_begin ] --END-- [ RunTime:0.000433s ]
SQL: SHOW COLUMNS FROM `tp_bing` [ RunTime:0.0006s ]
SQL: SELECT * FROM `tp_bing` WHERE `img_time` = '2016-10-23' LIMIT 1   [ RunTime:0.0003s ]
INFO: [ app_end ] --START--
INFO: Run Behavior\ShowPageTraceBehavior [ RunTime:0.000413s ]
INFO: [ app_end ] --END-- [ RunTime:0.000463s ]

[ 2016-10-24T23:19:06+08:00 ] 10.169.88.177 /home/bing/add_imginfo
INFO: [ app_init ] --START--
INFO: Run Behavior\BuildLiteBehavior [ RunTime:0.000015s ]
INFO: [ app_init ] --END-- [ RunTime:0.000315s ]
INFO: [ app_begin ] --START--
INFO: Run Behavior\ReadHtmlCacheBehavior [ RunTime:0.000398s ]
INFO: [ app_begin ] --END-- [ RunTime:0.000447s ]
SQL: SHOW COLUMNS FROM `tp_bing` [ RunTime:0.0006s ]
SQL: SELECT * FROM `tp_bing` WHERE `img_time` = '2016-10-24' LIMIT 1   [ RunTime:0.0003s ]
INFO: [ app_end ] --START--
INFO: Run Behavior\ShowPageTraceBehavior [ RunTime:0.000439s ]
INFO: [ app_end ] --END-- [ RunTime:0.000500s ]

[ 2016-10-24T23:26:06+08:00 ] 10.169.88.177 /home/bing/add_imginfo.html
INFO: [ app_init ] --START--
INFO: Run Behavior\BuildLiteBehavior [ RunTime:0.000015s ]
INFO: [ app_init ] --END-- [ RunTime:0.000309s ]
INFO: [ app_begin ] --START--
INFO: Run Behavior\ReadHtmlCacheBehavior [ RunTime:0.000400s ]
INFO: [ app_begin ] --END-- [ RunTime:0.000451s ]
SQL: SHOW COLUMNS FROM `tp_bing` [ RunTime:0.0006s ]
SQL: SELECT * FROM `tp_bing` WHERE `img_time` = '2016-10-24' LIMIT 1   [ RunTime:0.0004s ]
INFO: [ app_end ] --START--
INFO: Run Behavior\ShowPageTraceBehavior [ RunTime:0.000432s ]
INFO: [ app_end ] --END-- [ RunTime:0.000485s ]

[ 2016-10-24T23:26:12+08:00 ] 10.169.88.177 /
INFO: [ app_init ] --START--
INFO: Run Behavior\BuildLiteBehavior [ RunTime:0.000015s ]
INFO: [ app_init ] --END-- [ RunTime:0.000293s ]
INFO: [ app_begin ] --START--
INFO: Run Behavior\ReadHtmlCacheBehavior [ RunTime:0.000386s ]
INFO: [ app_begin ] --END-- [ RunTime:0.000433s ]
INFO: [ view_parse ] --START--
INFO: [ template_filter ] --START--
INFO: Run Behavior\ContentReplaceBehavior [ RunTime:0.000072s ]
INFO: [ template_filter ] --END-- [ RunTime:0.000119s ]
NOTIC: [8] Undefined variable: web_title /usr/share/httpd/blog/Application/Runtime/Cache/Home/2a94b8bda04ff446dcedd42276fc99ee.php 第 9 行.
NOTIC: [8] Undefined variable: web_title /usr/share/httpd/blog/Application/Runtime/Cache/Home/2a94b8bda04ff446dcedd42276fc99ee.php 第 23 行.
NOTIC: [8] Undefined variable: web_title /usr/share/httpd/blog/Application/Runtime/Cache/Home/2a94b8bda04ff446dcedd42276fc99ee.php 第 23 行.
NOTIC: [8] Undefined variable: web_title /usr/share/httpd/blog/Application/Runtime/Cache/Home/2a94b8bda04ff446dcedd42276fc99ee.php 第 68 行.
NOTIC: [8] Undefined variable: web_title /usr/share/httpd/blog/Application/Runtime/Cache/Home/2a94b8bda04ff446dcedd42276fc99ee.php 第 68 行.
INFO: Run Behavior\ParseTemplateBehavior [ RunTime:0.008125s ]
INFO: [ view_parse ] --END-- [ RunTime:0.008167s ]
INFO: [ view_filter ] --START--
INFO: Run Behavior\WriteHtmlCacheBehavior [ RunTime:0.000119s ]
INFO: [ view_filter ] --END-- [ RunTime:0.000158s ]
INFO: [ app_end ] --START--
INFO: Run Behavior\ShowPageTraceBehavior [ RunTime:0.000408s ]
INFO: [ app_end ] --END-- [ RunTime:0.000449s ]

[ 2016-10-24T23:26:13+08:00 ] 10.169.88.177 /home/index/get_article_totalPage.html
INFO: [ app_init ] --START--
INFO: Run Behavior\BuildLiteBehavior [ RunTime:0.000016s ]
INFO: [ app_init ] --END-- [ RunTime:0.000307s ]
INFO: [ app_begin ] --START--
INFO: Run Behavior\ReadHtmlCacheBehavior [ RunTime:0.000374s ]
INFO: [ app_begin ] --END-- [ RunTime:0.000424s ]
SQL: SHOW COLUMNS FROM `tp_article` [ RunTime:0.0007s ]
NOTIC: [8] Undefined index: tags_id /usr/share/httpd/blog/Application/Home/Entity/Article.class.php 第 42 行.
SQL: SELECT COUNT(*) AS tp_count FROM `tp_article` LIMIT 1   [ RunTime:0.0002s ]

[ 2016-10-24T23:26:14+08:00 ] 10.169.88.177 /home/index/lists.html?start=0&length=3
INFO: [ app_init ] --START--
INFO: Run Behavior\BuildLiteBehavior [ RunTime:0.000015s ]
INFO: [ app_init ] --END-- [ RunTime:0.000307s ]
INFO: [ app_begin ] --START--
INFO: Run Behavior\ReadHtmlCacheBehavior [ RunTime:0.000364s ]
INFO: [ app_begin ] --END-- [ RunTime:0.000406s ]
SQL: SHOW COLUMNS FROM `tp_article` [ RunTime:0.0006s ]
NOTIC: [8] Undefined index: tags_id /usr/share/httpd/blog/Application/Home/Entity/Article.class.php 第 20 行.
SQL: SELECT a.id,`title`,`reprint_url`,`brief_introduction`,u.uname,`create_time` FROM `tp_article` as a left join tp_user as u on create_user_id = u.id  ORDER BY create_time desc LIMIT 0,3   [ RunTime:0.0004s ]
INFO: [ view_parse ] --START--
INFO: [ template_filter ] --START--
INFO: Run Behavior\ContentReplaceBehavior [ RunTime:0.000133s ]
INFO: [ template_filter ] --END-- [ RunTime:0.000184s ]
NOTIC: [8] Undefined index: create_time2 /usr/share/httpd/blog/Application/Runtime/Cache/Home/72653c5b98bacce026832b51aa92934a.php 第 14 行.
NOTIC: [8] Undefined index: create_time2 /usr/share/httpd/blog/Application/Runtime/Cache/Home/72653c5b98bacce026832b51aa92934a.php 第 14 行.
NOTIC: [8] Undefined index: create_time2 /usr/share/httpd/blog/Application/Runtime/Cache/Home/72653c5b98bacce026832b51aa92934a.php 第 14 行.
INFO: Run Behavior\ParseTemplateBehavior [ RunTime:0.012652s ]
INFO: [ view_parse ] --END-- [ RunTime:0.012699s ]
INFO: [ view_filter ] --START--
INFO: Run Behavior\WriteHtmlCacheBehavior [ RunTime:0.000135s ]
INFO: [ view_filter ] --END-- [ RunTime:0.000172s ]
INFO: [ app_end ] --START--
INFO: Run Behavior\ShowPageTraceBehavior [ RunTime:0.000376s ]
INFO: [ app_end ] --END-- [ RunTime:0.000414s ]

[ 2016-10-24T23:26:15+08:00 ] 10.169.88.177 /home/bing/index.html
INFO: [ app_init ] --START--
INFO: Run Behavior\BuildLiteBehavior [ RunTime:0.000015s ]
INFO: [ app_init ] --END-- [ RunTime:0.000327s ]
INFO: [ app_begin ] --START--
INFO: Run Behavior\ReadHtmlCacheBehavior [ RunTime:0.000381s ]
INFO: [ app_begin ] --END-- [ RunTime:0.000428s ]
INFO: [ view_parse ] --START--
INFO: [ template_filter ] --START--
INFO: Run Behavior\ContentReplaceBehavior [ RunTime:0.000075s ]
INFO: [ template_filter ] --END-- [ RunTime:0.000120s ]
NOTIC: [8] Undefined variable: web_title /usr/share/httpd/blog/Application/Runtime/Cache/Home/1ea03fdd8a78f5ec7e5062d3ef956260.php 第 9 行.
NOTIC: [8] Undefined variable: web_title /usr/share/httpd/blog/Application/Runtime/Cache/Home/1ea03fdd8a78f5ec7e5062d3ef956260.php 第 23 行.
NOTIC: [8] Undefined variable: web_title /usr/share/httpd/blog/Application/Runtime/Cache/Home/1ea03fdd8a78f5ec7e5062d3ef956260.php 第 23 行.
NOTIC: [8] Undefined variable: web_title /usr/share/httpd/blog/Application/Runtime/Cache/Home/1ea03fdd8a78f5ec7e5062d3ef956260.php 第 68 行.
NOTIC: [8] Undefined variable: web_title /usr/share/httpd/blog/Application/Runtime/Cache/Home/1ea03fdd8a78f5ec7e5062d3ef956260.php 第 68 行.
INFO: Run Behavior\ParseTemplateBehavior [ RunTime:0.007887s ]
INFO: [ view_parse ] --END-- [ RunTime:0.007931s ]
INFO: [ view_filter ] --START--
INFO: Run Behavior\WriteHtmlCacheBehavior [ RunTime:0.000118s ]
INFO: [ view_filter ] --END-- [ RunTime:0.000157s ]
INFO: [ app_end ] --START--
INFO: Run Behavior\ShowPageTraceBehavior [ RunTime:0.000386s ]
INFO: [ app_end ] --END-- [ RunTime:0.000434s ]

[ 2016-10-24T23:26:15+08:00 ] 10.169.88.177 /home/bing/get_img_totalPage.html
INFO: [ app_init ] --START--
INFO: Run Behavior\BuildLiteBehavior [ RunTime:0.000015s ]
INFO: [ app_init ] --END-- [ RunTime:0.000305s ]
INFO: [ app_begin ] --START--
INFO: Run Behavior\ReadHtmlCacheBehavior [ RunTime:0.000389s ]
INFO: [ app_begin ] --END-- [ RunTime:0.000433s ]
SQL: SHOW COLUMNS FROM `tp_bing` [ RunTime:0.0006s ]
SQL: SELECT COUNT(*) AS tp_count FROM `tp_bing` LIMIT 1   [ RunTime:0.0002s ]

[ 2016-10-24T23:26:16+08:00 ] 10.169.88.177 /home/bing/lists.html?start=0&length=9
INFO: [ app_init ] --START--
INFO: Run Behavior\BuildLiteBehavior [ RunTime:0.000015s ]
INFO: [ app_init ] --END-- [ RunTime:0.000310s ]
INFO: [ app_begin ] --START--
INFO: Run Behavior\ReadHtmlCacheBehavior [ RunTime:0.000377s ]
INFO: [ app_begin ] --END-- [ RunTime:0.000426s ]
SQL: SHOW COLUMNS FROM `tp_bing` [ RunTime:0.0006s ]
NOTIC: [8] Undefined index: field /usr/share/httpd/blog/Application/Home/Entity/Bing.class.php 第 23 行.
SQL: SELECT * FROM `tp_bing` ORDER BY img_time desc LIMIT 0,9   [ RunTime:0.0004s ]
INFO: [ view_parse ] --START--
INFO: [ template_filter ] --START--
INFO: Run Behavior\ContentReplaceBehavior [ RunTime:0.000122s ]
INFO: [ template_filter ] --END-- [ RunTime:0.000168s ]
INFO: Run Behavior\ParseTemplateBehavior [ RunTime:0.011322s ]
INFO: [ view_parse ] --END-- [ RunTime:0.011365s ]
INFO: [ view_filter ] --START--
INFO: Run Behavior\WriteHtmlCacheBehavior [ RunTime:0.000118s ]
INFO: [ view_filter ] --END-- [ RunTime:0.000156s ]
INFO: [ app_end ] --START--
INFO: Run Behavior\ShowPageTraceBehavior [ RunTime:0.000387s ]
INFO: [ app_end ] --END-- [ RunTime:0.000425s ]

[ 2016-10-24T23:27:44+08:00 ] 10.169.88.177 /home/bing/add_imginfo
INFO: [ app_init ] --START--
INFO: Run Behavior\BuildLiteBehavior [ RunTime:0.000026s ]
INFO: [ app_init ] --END-- [ RunTime:0.000424s ]
INFO: [ app_begin ] --START--
INFO: Run Behavior\ReadHtmlCacheBehavior [ RunTime:0.000454s ]
INFO: [ app_begin ] --END-- [ RunTime:0.000505s ]
SQL: SHOW COLUMNS FROM `tp_bing` [ RunTime:0.0006s ]
SQL: SELECT * FROM `tp_bing` WHERE `img_time` = '2016-10-24' LIMIT 1   [ RunTime:0.0004s ]
SQL: INSERT INTO `tp_bing` (`img_real_url`,`img_url`,`img_url_480`,`img_time`,`img_title`) VALUES ('http://www.bing.comhttp://s.cn.bing.net/az/hprichbg/rb/KingRiver_ZH-CN12008036815_1920x1080.jpg','Uploads/bing/2016-10-24.jpg','Uploads/bing/480.2016-10-24.jpg','2016-10-24','温德姆市附近King河的滩涂，澳大利亚 (© Ralph Lee Hopkins/Offset)') [ RunTime:0.0130s ]
INFO: [ app_end ] --START--
INFO: Run Behavior\ShowPageTraceBehavior [ RunTime:0.000518s ]
INFO: [ app_end ] --END-- [ RunTime:0.000571s ]

[ 2016-10-24T23:28:34+08:00 ] 10.169.88.177 /home/bing/add_imginfo.html
INFO: [ app_init ] --START--
INFO: Run Behavior\BuildLiteBehavior [ RunTime:0.000015s ]
INFO: [ app_init ] --END-- [ RunTime:0.000291s ]
INFO: [ app_begin ] --START--
INFO: Run Behavior\ReadHtmlCacheBehavior [ RunTime:0.000392s ]
INFO: [ app_begin ] --END-- [ RunTime:0.000438s ]
SQL: SHOW COLUMNS FROM `tp_bing` [ RunTime:0.0006s ]
SQL: SELECT * FROM `tp_bing` WHERE `img_time` = '2016-10-24' LIMIT 1   [ RunTime:0.0004s ]
INFO: [ app_end ] --START--
INFO: Run Behavior\ShowPageTraceBehavior [ RunTime:0.000427s ]
INFO: [ app_end ] --END-- [ RunTime:0.000481s ]

[ 2016-10-24T23:28:50+08:00 ] 10.169.88.177 /home/bing/index.html
INFO: [ app_init ] --START--
INFO: Run Behavior\BuildLiteBehavior [ RunTime:0.000017s ]
INFO: [ app_init ] --END-- [ RunTime:0.000332s ]
INFO: [ app_begin ] --START--
INFO: Run Behavior\ReadHtmlCacheBehavior [ RunTime:0.000386s ]
INFO: [ app_begin ] --END-- [ RunTime:0.000436s ]
INFO: [ view_parse ] --START--
INFO: [ template_filter ] --START--
INFO: Run Behavior\ContentReplaceBehavior [ RunTime:0.000099s ]
INFO: [ template_filter ] --END-- [ RunTime:0.000174s ]
NOTIC: [8] Undefined variable: web_title /usr/share/httpd/blog/Application/Runtime/Cache/Home/1ea03fdd8a78f5ec7e5062d3ef956260.php 第 9 行.
NOTIC: [8] Undefined variable: web_title /usr/share/httpd/blog/Application/Runtime/Cache/Home/1ea03fdd8a78f5ec7e5062d3ef956260.php 第 23 行.
NOTIC: [8] Undefined variable: web_title /usr/share/httpd/blog/Application/Runtime/Cache/Home/1ea03fdd8a78f5ec7e5062d3ef956260.php 第 23 行.
NOTIC: [8] Undefined variable: web_title /usr/share/httpd/blog/Application/Runtime/Cache/Home/1ea03fdd8a78f5ec7e5062d3ef956260.php 第 68 行.
NOTIC: [8] Undefined variable: web_title /usr/share/httpd/blog/Application/Runtime/Cache/Home/1ea03fdd8a78f5ec7e5062d3ef956260.php 第 68 行.
INFO: Run Behavior\ParseTemplateBehavior [ RunTime:0.009261s ]
INFO: [ view_parse ] --END-- [ RunTime:0.009315s ]
INFO: [ view_filter ] --START--
INFO: Run Behavior\WriteHtmlCacheBehavior [ RunTime:0.000169s ]
INFO: [ view_filter ] --END-- [ RunTime:0.000219s ]
INFO: [ app_end ] --START--
INFO: Run Behavior\ShowPageTraceBehavior [ RunTime:0.000593s ]
INFO: [ app_end ] --END-- [ RunTime:0.000657s ]

[ 2016-10-24T23:28:54+08:00 ] 10.169.88.177 /home/bing/index.js.map
INFO: [ app_init ] --START--
INFO: Run Behavior\BuildLiteBehavior [ RunTime:0.000016s ]
INFO: [ app_init ] --END-- [ RunTime:0.000295s ]
INFO: [ app_begin ] --START--
INFO: Run Behavior\ReadHtmlCacheBehavior [ RunTime:0.000365s ]
INFO: [ app_begin ] --END-- [ RunTime:0.000414s ]
ERR: 非法操作:index.js.map

[ 2016-10-24T23:28:55+08:00 ] 10.169.88.177 /home/bing/get_img_totalPage.html
INFO: [ app_init ] --START--
INFO: Run Behavior\BuildLiteBehavior [ RunTime:0.000022s ]
INFO: [ app_init ] --END-- [ RunTime:0.000417s ]
INFO: [ app_begin ] --START--
INFO: Run Behavior\ReadHtmlCacheBehavior [ RunTime:0.000428s ]
INFO: [ app_begin ] --END-- [ RunTime:0.000476s ]
SQL: SHOW COLUMNS FROM `tp_bing` [ RunTime:0.0006s ]
SQL: SELECT COUNT(*) AS tp_count FROM `tp_bing` LIMIT 1   [ RunTime:0.0003s ]

[ 2016-10-24T23:28:55+08:00 ] 10.169.88.177 /home/bing/lists.html?start=0&length=9
INFO: [ app_init ] --START--
INFO: Run Behavior\BuildLiteBehavior [ RunTime:0.000021s ]
INFO: [ app_init ] --END-- [ RunTime:0.000428s ]
INFO: [ app_begin ] --START--
INFO: Run Behavior\ReadHtmlCacheBehavior [ RunTime:0.000456s ]
INFO: [ app_begin ] --END-- [ RunTime:0.000504s ]
SQL: SHOW COLUMNS FROM `tp_bing` [ RunTime:0.0006s ]
NOTIC: [8] Undefined index: field /usr/share/httpd/blog/Application/Home/Entity/Bing.class.php 第 23 行.
SQL: SELECT * FROM `tp_bing` ORDER BY img_time desc LIMIT 0,9   [ RunTime:0.0004s ]
INFO: [ view_parse ] --START--
INFO: [ template_filter ] --START--
INFO: Run Behavior\ContentReplaceBehavior [ RunTime:0.000127s ]
INFO: [ template_filter ] --END-- [ RunTime:0.000181s ]
INFO: Run Behavior\ParseTemplateBehavior [ RunTime:0.011944s ]
INFO: [ view_parse ] --END-- [ RunTime:0.011994s ]
INFO: [ view_filter ] --START--
INFO: Run Behavior\WriteHtmlCacheBehavior [ RunTime:0.000123s ]
INFO: [ view_filter ] --END-- [ RunTime:0.000161s ]
INFO: [ app_end ] --START--
INFO: Run Behavior\ShowPageTraceBehavior [ RunTime:0.000384s ]
INFO: [ app_end ] --END-- [ RunTime:0.000424s ]

[ 2016-10-24T23:28:57+08:00 ] 10.169.88.177 /home/bing/index.html
INFO: [ app_init ] --START--
INFO: Run Behavior\BuildLiteBehavior [ RunTime:0.000015s ]
INFO: [ app_init ] --END-- [ RunTime:0.000290s ]
INFO: [ app_begin ] --START--
INFO: Run Behavior\ReadHtmlCacheBehavior [ RunTime:0.000371s ]
INFO: [ app_begin ] --END-- [ RunTime:0.000417s ]
INFO: [ view_parse ] --START--
INFO: [ template_filter ] --START--
INFO: Run Behavior\ContentReplaceBehavior [ RunTime:0.000090s ]
INFO: [ template_filter ] --END-- [ RunTime:0.000136s ]
NOTIC: [8] Undefined variable: web_title /usr/share/httpd/blog/Application/Runtime/Cache/Home/1ea03fdd8a78f5ec7e5062d3ef956260.php 第 9 行.
NOTIC: [8] Undefined variable: web_title /usr/share/httpd/blog/Application/Runtime/Cache/Home/1ea03fdd8a78f5ec7e5062d3ef956260.php 第 23 行.
NOTIC: [8] Undefined variable: web_title /usr/share/httpd/blog/Application/Runtime/Cache/Home/1ea03fdd8a78f5ec7e5062d3ef956260.php 第 23 行.
NOTIC: [8] Undefined variable: web_title /usr/share/httpd/blog/Application/Runtime/Cache/Home/1ea03fdd8a78f5ec7e5062d3ef956260.php 第 68 行.
NOTIC: [8] Undefined variable: web_title /usr/share/httpd/blog/Application/Runtime/Cache/Home/1ea03fdd8a78f5ec7e5062d3ef956260.php 第 68 行.
INFO: Run Behavior\ParseTemplateBehavior [ RunTime:0.007640s ]
INFO: [ view_parse ] --END-- [ RunTime:0.007687s ]
INFO: [ view_filter ] --START--
INFO: Run Behavior\WriteHtmlCacheBehavior [ RunTime:0.000137s ]
INFO: [ view_filter ] --END-- [ RunTime:0.000175s ]
INFO: [ app_end ] --START--
INFO: Run Behavior\ShowPageTraceBehavior [ RunTime:0.000423s ]
INFO: [ app_end ] --END-- [ RunTime:0.000473s ]

[ 2016-10-24T23:28:57+08:00 ] 10.169.88.177 /home/bing/get_img_totalPage.html
INFO: [ app_init ] --START--
INFO: Run Behavior\BuildLiteBehavior [ RunTime:0.000015s ]
INFO: [ app_init ] --END-- [ RunTime:0.000289s ]
INFO: [ app_begin ] --START--
INFO: Run Behavior\ReadHtmlCacheBehavior [ RunTime:0.000382s ]
INFO: [ app_begin ] --END-- [ RunTime:0.000427s ]
SQL: SHOW COLUMNS FROM `tp_bing` [ RunTime:0.0006s ]
SQL: SELECT COUNT(*) AS tp_count FROM `tp_bing` LIMIT 1   [ RunTime:0.0002s ]

[ 2016-10-24T23:28:58+08:00 ] 10.169.88.177 /home/bing/lists.html?start=0&length=9
INFO: [ app_init ] --START--
INFO: Run Behavior\BuildLiteBehavior [ RunTime:0.000034s ]
INFO: [ app_init ] --END-- [ RunTime:0.000414s ]
INFO: [ app_begin ] --START--
INFO: Run Behavior\ReadHtmlCacheBehavior [ RunTime:0.000463s ]
INFO: [ app_begin ] --END-- [ RunTime:0.000507s ]
SQL: SHOW COLUMNS FROM `tp_bing` [ RunTime:0.0006s ]
NOTIC: [8] Undefined index: field /usr/share/httpd/blog/Application/Home/Entity/Bing.class.php 第 23 行.
SQL: SELECT * FROM `tp_bing` ORDER BY img_time desc LIMIT 0,9   [ RunTime:0.0004s ]
INFO: [ view_parse ] --START--
INFO: [ template_filter ] --START--
INFO: Run Behavior\ContentReplaceBehavior [ RunTime:0.000116s ]
INFO: [ template_filter ] --END-- [ RunTime:0.000168s ]
INFO: Run Behavior\ParseTemplateBehavior [ RunTime:0.011501s ]
INFO: [ view_parse ] --END-- [ RunTime:0.011549s ]
INFO: [ view_filter ] --START--
INFO: Run Behavior\WriteHtmlCacheBehavior [ RunTime:0.000119s ]
INFO: [ view_filter ] --END-- [ RunTime:0.000156s ]
INFO: [ app_end ] --START--
INFO: Run Behavior\ShowPageTraceBehavior [ RunTime:0.000402s ]
INFO: [ app_end ] --END-- [ RunTime:0.000441s ]

[ 2016-10-24T23:29:01+08:00 ] 10.169.88.177 /home/bing/lists.html?start=9&length=9
INFO: [ app_init ] --START--
INFO: Run Behavior\BuildLiteBehavior [ RunTime:0.000023s ]
INFO: [ app_init ] --END-- [ RunTime:0.000360s ]
INFO: [ app_begin ] --START--
INFO: Run Behavior\ReadHtmlCacheBehavior [ RunTime:0.000394s ]
INFO: [ app_begin ] --END-- [ RunTime:0.000438s ]
SQL: SHOW COLUMNS FROM `tp_bing` [ RunTime:0.0006s ]
NOTIC: [8] Undefined index: field /usr/share/httpd/blog/Application/Home/Entity/Bing.class.php 第 23 行.
SQL: SELECT * FROM `tp_bing` ORDER BY img_time desc LIMIT 9,9   [ RunTime:0.0004s ]
INFO: [ view_parse ] --START--
INFO: [ template_filter ] --START--
INFO: Run Behavior\ContentReplaceBehavior [ RunTime:0.000119s ]
INFO: [ template_filter ] --END-- [ RunTime:0.000165s ]
INFO: Run Behavior\ParseTemplateBehavior [ RunTime:0.011449s ]
INFO: [ view_parse ] --END-- [ RunTime:0.011494s ]
INFO: [ view_filter ] --START--
INFO: Run Behavior\WriteHtmlCacheBehavior [ RunTime:0.000120s ]
INFO: [ view_filter ] --END-- [ RunTime:0.000157s ]
INFO: [ app_end ] --START--
INFO: Run Behavior\ShowPageTraceBehavior [ RunTime:0.000434s ]
INFO: [ app_end ] --END-- [ RunTime:0.000478s ]

[ 2016-10-24T23:29:02+08:00 ] 10.169.88.177 /home/bing/lists.html?start=18&length=9
INFO: [ app_init ] --START--
INFO: Run Behavior\BuildLiteBehavior [ RunTime:0.000015s ]
INFO: [ app_init ] --END-- [ RunTime:0.000312s ]
INFO: [ app_begin ] --START--
INFO: Run Behavior\ReadHtmlCacheBehavior [ RunTime:0.000382s ]
INFO: [ app_begin ] --END-- [ RunTime:0.000428s ]
SQL: SHOW COLUMNS FROM `tp_bing` [ RunTime:0.0006s ]
NOTIC: [8] Undefined index: field /usr/share/httpd/blog/Application/Home/Entity/Bing.class.php 第 23 行.
SQL: SELECT * FROM `tp_bing` ORDER BY img_time desc LIMIT 18,9   [ RunTime:0.0004s ]
INFO: [ view_parse ] --START--
INFO: [ template_filter ] --START--
INFO: Run Behavior\ContentReplaceBehavior [ RunTime:0.000113s ]
INFO: [ template_filter ] --END-- [ RunTime:0.000164s ]
INFO: Run Behavior\ParseTemplateBehavior [ RunTime:0.011834s ]
INFO: [ view_parse ] --END-- [ RunTime:0.011882s ]
INFO: [ view_filter ] --START--
INFO: Run Behavior\WriteHtmlCacheBehavior [ RunTime:0.000120s ]
INFO: [ view_filter ] --END-- [ RunTime:0.000155s ]
INFO: [ app_end ] --START--
INFO: Run Behavior\ShowPageTraceBehavior [ RunTime:0.000388s ]
INFO: [ app_end ] --END-- [ RunTime:0.000428s ]

[ 2016-10-24T23:29:11+08:00 ] 10.169.88.177 /home/index/index.html
INFO: [ app_init ] --START--
INFO: Run Behavior\BuildLiteBehavior [ RunTime:0.000017s ]
INFO: [ app_init ] --END-- [ RunTime:0.000321s ]
INFO: [ app_begin ] --START--
INFO: Run Behavior\ReadHtmlCacheBehavior [ RunTime:0.000392s ]
INFO: [ app_begin ] --END-- [ RunTime:0.000438s ]
INFO: [ view_parse ] --START--
INFO: [ template_filter ] --START--
INFO: Run Behavior\ContentReplaceBehavior [ RunTime:0.000082s ]
INFO: [ template_filter ] --END-- [ RunTime:0.000147s ]
NOTIC: [8] Undefined variable: web_title /usr/share/httpd/blog/Application/Runtime/Cache/Home/2a94b8bda04ff446dcedd42276fc99ee.php 第 9 行.
NOTIC: [8] Undefined variable: web_title /usr/share/httpd/blog/Application/Runtime/Cache/Home/2a94b8bda04ff446dcedd42276fc99ee.php 第 23 行.
NOTIC: [8] Undefined variable: web_title /usr/share/httpd/blog/Application/Runtime/Cache/Home/2a94b8bda04ff446dcedd42276fc99ee.php 第 23 行.
NOTIC: [8] Undefined variable: web_title /usr/share/httpd/blog/Application/Runtime/Cache/Home/2a94b8bda04ff446dcedd42276fc99ee.php 第 68 行.
NOTIC: [8] Undefined variable: web_title /usr/share/httpd/blog/Application/Runtime/Cache/Home/2a94b8bda04ff446dcedd42276fc99ee.php 第 68 行.
INFO: Run Behavior\ParseTemplateBehavior [ RunTime:0.017871s ]
INFO: [ view_parse ] --END-- [ RunTime:0.017916s ]
INFO: [ view_filter ] --START--
INFO: Run Behavior\WriteHtmlCacheBehavior [ RunTime:0.000129s ]
INFO: [ view_filter ] --END-- [ RunTime:0.000176s ]
INFO: [ app_end ] --START--
INFO: Run Behavior\ShowPageTraceBehavior [ RunTime:0.000479s ]
INFO: [ app_end ] --END-- [ RunTime:0.000530s ]

[ 2016-10-24T23:29:12+08:00 ] 10.169.88.177 /home/index/get_article_totalPage.html
INFO: [ app_init ] --START--
INFO: Run Behavior\BuildLiteBehavior [ RunTime:0.000020s ]
INFO: [ app_init ] --END-- [ RunTime:0.000327s ]
INFO: [ app_begin ] --START--
INFO: Run Behavior\ReadHtmlCacheBehavior [ RunTime:0.000489s ]
INFO: [ app_begin ] --END-- [ RunTime:0.000559s ]
SQL: SHOW COLUMNS FROM `tp_article` [ RunTime:0.0006s ]
NOTIC: [8] Undefined index: tags_id /usr/share/httpd/blog/Application/Home/Entity/Article.class.php 第 42 行.
SQL: SELECT COUNT(*) AS tp_count FROM `tp_article` LIMIT 1   [ RunTime:0.0004s ]

[ 2016-10-24T23:29:12+08:00 ] 10.169.88.177 /home/index/lists.html?start=0&length=3
INFO: [ app_init ] --START--
INFO: Run Behavior\BuildLiteBehavior [ RunTime:0.000015s ]
INFO: [ app_init ] --END-- [ RunTime:0.000291s ]
INFO: [ app_begin ] --START--
INFO: Run Behavior\ReadHtmlCacheBehavior [ RunTime:0.000365s ]
INFO: [ app_begin ] --END-- [ RunTime:0.000408s ]
SQL: SHOW COLUMNS FROM `tp_article` [ RunTime:0.0006s ]
NOTIC: [8] Undefined index: tags_id /usr/share/httpd/blog/Application/Home/Entity/Article.class.php 第 20 行.
SQL: SELECT a.id,`title`,`reprint_url`,`brief_introduction`,u.uname,`create_time` FROM `tp_article` as a left join tp_user as u on create_user_id = u.id  ORDER BY create_time desc LIMIT 0,3   [ RunTime:0.0003s ]
INFO: [ view_parse ] --START--
INFO: [ template_filter ] --START--
INFO: Run Behavior\ContentReplaceBehavior [ RunTime:0.000113s ]
INFO: [ template_filter ] --END-- [ RunTime:0.000158s ]
NOTIC: [8] Undefined index: create_time2 /usr/share/httpd/blog/Application/Runtime/Cache/Home/72653c5b98bacce026832b51aa92934a.php 第 14 行.
NOTIC: [8] Undefined index: create_time2 /usr/share/httpd/blog/Application/Runtime/Cache/Home/72653c5b98bacce026832b51aa92934a.php 第 14 行.
NOTIC: [8] Undefined index: create_time2 /usr/share/httpd/blog/Application/Runtime/Cache/Home/72653c5b98bacce026832b51aa92934a.php 第 14 行.
INFO: Run Behavior\ParseTemplateBehavior [ RunTime:0.012339s ]
INFO: [ view_parse ] --END-- [ RunTime:0.012381s ]
INFO: [ view_filter ] --START--
INFO: Run Behavior\WriteHtmlCacheBehavior [ RunTime:0.000118s ]
INFO: [ view_filter ] --END-- [ RunTime:0.000154s ]
INFO: [ app_end ] --START--
INFO: Run Behavior\ShowPageTraceBehavior [ RunTime:0.000364s ]
INFO: [ app_end ] --END-- [ RunTime:0.000402s ]

[ 2016-10-24T23:31:08+08:00 ] 10.169.88.177 /home/bing/add_imginfo
INFO: [ app_init ] --START--
INFO: Run Behavior\BuildLiteBehavior [ RunTime:0.000015s ]
INFO: [ app_init ] --END-- [ RunTime:0.000291s ]
INFO: [ app_begin ] --START--
INFO: Run Behavior\ReadHtmlCacheBehavior [ RunTime:0.000363s ]
INFO: [ app_begin ] --END-- [ RunTime:0.000410s ]
SQL: SHOW COLUMNS FROM `tp_bing` [ RunTime:0.0006s ]
SQL: SELECT * FROM `tp_bing` WHERE `img_time` = '2016-10-24' LIMIT 1   [ RunTime:0.0004s ]
SQL: INSERT INTO `tp_bing` (`img_real_url`,`img_url`,`img_url_480`,`img_time`,`img_title`) VALUES ('http://s.cn.bing.net/az/hprichbg/rb/KingRiver_ZH-CN12008036815_1920x1080.jpg','Uploads/bing/2016-10-24.jpg','Uploads/bing/480.2016-10-24.jpg','2016-10-24','温德姆市附近King河的滩涂，澳大利亚 (© Ralph Lee Hopkins/Offset)') [ RunTime:0.0150s ]
INFO: [ app_end ] --START--
INFO: Run Behavior\ShowPageTraceBehavior [ RunTime:0.000580s ]
INFO: [ app_end ] --END-- [ RunTime:0.000633s ]

[ 2016-10-24T23:31:14+08:00 ] 10.169.88.177 /home/index/index.html
INFO: [ app_init ] --START--
INFO: Run Behavior\BuildLiteBehavior [ RunTime:0.000015s ]
INFO: [ app_init ] --END-- [ RunTime:0.000299s ]
INFO: [ app_begin ] --START--
INFO: Run Behavior\ReadHtmlCacheBehavior [ RunTime:0.000385s ]
INFO: [ app_begin ] --END-- [ RunTime:0.000432s ]
INFO: [ view_parse ] --START--
INFO: [ template_filter ] --START--
INFO: Run Behavior\ContentReplaceBehavior [ RunTime:0.000072s ]
INFO: [ template_filter ] --END-- [ RunTime:0.000117s ]
NOTIC: [8] Undefined variable: web_title /usr/share/httpd/blog/Application/Runtime/Cache/Home/2a94b8bda04ff446dcedd42276fc99ee.php 第 9 行.
NOTIC: [8] Undefined variable: web_title /usr/share/httpd/blog/Application/Runtime/Cache/Home/2a94b8bda04ff446dcedd42276fc99ee.php 第 23 行.
NOTIC: [8] Undefined variable: web_title /usr/share/httpd/blog/Application/Runtime/Cache/Home/2a94b8bda04ff446dcedd42276fc99ee.php 第 23 行.
NOTIC: [8] Undefined variable: web_title /usr/share/httpd/blog/Application/Runtime/Cache/Home/2a94b8bda04ff446dcedd42276fc99ee.php 第 68 行.
NOTIC: [8] Undefined variable: web_title /usr/share/httpd/blog/Application/Runtime/Cache/Home/2a94b8bda04ff446dcedd42276fc99ee.php 第 68 行.
INFO: Run Behavior\ParseTemplateBehavior [ RunTime:0.007909s ]
INFO: [ view_parse ] --END-- [ RunTime:0.007951s ]
INFO: [ view_filter ] --START--
INFO: Run Behavior\WriteHtmlCacheBehavior [ RunTime:0.000118s ]
INFO: [ view_filter ] --END-- [ RunTime:0.000157s ]
INFO: [ app_end ] --START--
INFO: Run Behavior\ShowPageTraceBehavior [ RunTime:0.000396s ]
INFO: [ app_end ] --END-- [ RunTime:0.000436s ]

[ 2016-10-24T23:31:15+08:00 ] 10.169.88.177 /home/index/get_article_totalPage.html
INFO: [ app_init ] --START--
INFO: Run Behavior\BuildLiteBehavior [ RunTime:0.000016s ]
INFO: [ app_init ] --END-- [ RunTime:0.000310s ]
INFO: [ app_begin ] --START--
INFO: Run Behavior\ReadHtmlCacheBehavior [ RunTime:0.000391s ]
INFO: [ app_begin ] --END-- [ RunTime:0.000445s ]
SQL: SHOW COLUMNS FROM `tp_article` [ RunTime:0.0006s ]
NOTIC: [8] Undefined index: tags_id /usr/share/httpd/blog/Application/Home/Entity/Article.class.php 第 42 行.
SQL: SELECT COUNT(*) AS tp_count FROM `tp_article` LIMIT 1   [ RunTime:0.0002s ]

[ 2016-10-24T23:31:15+08:00 ] 10.169.88.177 /home/index/lists.html?start=0&length=3
INFO: [ app_init ] --START--
INFO: Run Behavior\BuildLiteBehavior [ RunTime:0.000015s ]
INFO: [ app_init ] --END-- [ RunTime:0.000287s ]
INFO: [ app_begin ] --START--
INFO: Run Behavior\ReadHtmlCacheBehavior [ RunTime:0.000383s ]
INFO: [ app_begin ] --END-- [ RunTime:0.000425s ]
SQL: SHOW COLUMNS FROM `tp_article` [ RunTime:0.0006s ]
NOTIC: [8] Undefined index: tags_id /usr/share/httpd/blog/Application/Home/Entity/Article.class.php 第 20 行.
SQL: SELECT a.id,`title`,`reprint_url`,`brief_introduction`,u.uname,`create_time` FROM `tp_article` as a left join tp_user as u on create_user_id = u.id  ORDER BY create_time desc LIMIT 0,3   [ RunTime:0.0003s ]
INFO: [ view_parse ] --START--
INFO: [ template_filter ] --START--
INFO: Run Behavior\ContentReplaceBehavior [ RunTime:0.000113s ]
INFO: [ template_filter ] --END-- [ RunTime:0.000159s ]
NOTIC: [8] Undefined index: create_time2 /usr/share/httpd/blog/Application/Runtime/Cache/Home/72653c5b98bacce026832b51aa92934a.php 第 14 行.
NOTIC: [8] Undefined index: create_time2 /usr/share/httpd/blog/Application/Runtime/Cache/Home/72653c5b98bacce026832b51aa92934a.php 第 14 行.
NOTIC: [8] Undefined index: create_time2 /usr/share/httpd/blog/Application/Runtime/Cache/Home/72653c5b98bacce026832b51aa92934a.php 第 14 行.
INFO: Run Behavior\ParseTemplateBehavior [ RunTime:0.012536s ]
INFO: [ view_parse ] --END-- [ RunTime:0.012577s ]
INFO: [ view_filter ] --START--
INFO: Run Behavior\WriteHtmlCacheBehavior [ RunTime:0.000123s ]
INFO: [ view_filter ] --END-- [ RunTime:0.000159s ]
INFO: [ app_end ] --START--
INFO: Run Behavior\ShowPageTraceBehavior [ RunTime:0.000397s ]
INFO: [ app_end ] --END-- [ RunTime:0.000445s ]

[ 2016-10-24T23:31:16+08:00 ] 10.169.88.177 /home/bing/index.html
INFO: [ app_init ] --START--
INFO: Run Behavior\BuildLiteBehavior [ RunTime:0.000015s ]
INFO: [ app_init ] --END-- [ RunTime:0.000318s ]
INFO: [ app_begin ] --START--
INFO: Run Behavior\ReadHtmlCacheBehavior [ RunTime:0.000405s ]
INFO: [ app_begin ] --END-- [ RunTime:0.000452s ]
INFO: [ view_parse ] --START--
INFO: [ template_filter ] --START--
INFO: Run Behavior\ContentReplaceBehavior [ RunTime:0.000076s ]
INFO: [ template_filter ] --END-- [ RunTime:0.000120s ]
NOTIC: [8] Undefined variable: web_title /usr/share/httpd/blog/Application/Runtime/Cache/Home/1ea03fdd8a78f5ec7e5062d3ef956260.php 第 9 行.
NOTIC: [8] Undefined variable: web_title /usr/share/httpd/blog/Application/Runtime/Cache/Home/1ea03fdd8a78f5ec7e5062d3ef956260.php 第 23 行.
NOTIC: [8] Undefined variable: web_title /usr/share/httpd/blog/Application/Runtime/Cache/Home/1ea03fdd8a78f5ec7e5062d3ef956260.php 第 23 行.
NOTIC: [8] Undefined variable: web_title /usr/share/httpd/blog/Application/Runtime/Cache/Home/1ea03fdd8a78f5ec7e5062d3ef956260.php 第 68 行.
NOTIC: [8] Undefined variable: web_title /usr/share/httpd/blog/Application/Runtime/Cache/Home/1ea03fdd8a78f5ec7e5062d3ef956260.php 第 68 行.
INFO: Run Behavior\ParseTemplateBehavior [ RunTime:0.007745s ]
INFO: [ view_parse ] --END-- [ RunTime:0.007788s ]
INFO: [ view_filter ] --START--
INFO: Run Behavior\WriteHtmlCacheBehavior [ RunTime:0.000119s ]
INFO: [ view_filter ] --END-- [ RunTime:0.000158s ]
INFO: [ app_end ] --START--
INFO: Run Behavior\ShowPageTraceBehavior [ RunTime:0.000400s ]
INFO: [ app_end ] --END-- [ RunTime:0.000447s ]

[ 2016-10-24T23:31:16+08:00 ] 10.169.88.177 /home/bing/get_img_totalPage.html
INFO: [ app_init ] --START--
INFO: Run Behavior\BuildLiteBehavior [ RunTime:0.000015s ]
INFO: [ app_init ] --END-- [ RunTime:0.000293s ]
INFO: [ app_begin ] --START--
INFO: Run Behavior\ReadHtmlCacheBehavior [ RunTime:0.000397s ]
INFO: [ app_begin ] --END-- [ RunTime:0.000441s ]
SQL: SHOW COLUMNS FROM `tp_bing` [ RunTime:0.0007s ]
SQL: SELECT COUNT(*) AS tp_count FROM `tp_bing` LIMIT 1   [ RunTime:0.0002s ]

[ 2016-10-24T23:31:16+08:00 ] 10.169.88.177 /home/bing/lists.html?start=0&length=9
INFO: [ app_init ] --START--
INFO: Run Behavior\BuildLiteBehavior [ RunTime:0.000015s ]
INFO: [ app_init ] --END-- [ RunTime:0.000292s ]
INFO: [ app_begin ] --START--
INFO: Run Behavior\ReadHtmlCacheBehavior [ RunTime:0.000386s ]
INFO: [ app_begin ] --END-- [ RunTime:0.000430s ]
SQL: SHOW COLUMNS FROM `tp_bing` [ RunTime:0.0006s ]
NOTIC: [8] Undefined index: field /usr/share/httpd/blog/Application/Home/Entity/Bing.class.php 第 23 行.
SQL: SELECT * FROM `tp_bing` ORDER BY img_time desc LIMIT 0,9   [ RunTime:0.0004s ]
INFO: [ view_parse ] --START--
INFO: [ template_filter ] --START--
INFO: Run Behavior\ContentReplaceBehavior [ RunTime:0.000113s ]
INFO: [ template_filter ] --END-- [ RunTime:0.000159s ]
INFO: Run Behavior\ParseTemplateBehavior [ RunTime:0.010899s ]
INFO: [ view_parse ] --END-- [ RunTime:0.010943s ]
INFO: [ view_filter ] --START--
INFO: Run Behavior\WriteHtmlCacheBehavior [ RunTime:0.000120s ]
INFO: [ view_filter ] --END-- [ RunTime:0.000156s ]
INFO: [ app_end ] --START--
INFO: Run Behavior\ShowPageTraceBehavior [ RunTime:0.000387s ]
INFO: [ app_end ] --END-- [ RunTime:0.000426s ]

[ 2016-10-24T23:31:25+08:00 ] 10.169.88.177 /home/bing/add_imginfo
INFO: [ app_init ] --START--
INFO: Run Behavior\BuildLiteBehavior [ RunTime:0.000016s ]
INFO: [ app_init ] --END-- [ RunTime:0.000302s ]
INFO: [ app_begin ] --START--
INFO: Run Behavior\ReadHtmlCacheBehavior [ RunTime:0.000505s ]
INFO: [ app_begin ] --END-- [ RunTime:0.000552s ]
SQL: SHOW COLUMNS FROM `tp_bing` [ RunTime:0.0006s ]
SQL: SELECT * FROM `tp_bing` WHERE `img_time` = '2016-10-24' LIMIT 1   [ RunTime:0.0004s ]
INFO: [ app_end ] --START--
INFO: Run Behavior\ShowPageTraceBehavior [ RunTime:0.000432s ]
INFO: [ app_end ] --END-- [ RunTime:0.000487s ]

[ 2016-10-24T23:32:27+08:00 ] 10.169.88.177 /home/bing/index.html
INFO: [ app_init ] --START--
INFO: Run Behavior\BuildLiteBehavior [ RunTime:0.000017s ]
INFO: [ app_init ] --END-- [ RunTime:0.000347s ]
INFO: [ app_begin ] --START--
INFO: Run Behavior\ReadHtmlCacheBehavior [ RunTime:0.000412s ]
INFO: [ app_begin ] --END-- [ RunTime:0.000458s ]
INFO: [ view_parse ] --START--
INFO: [ template_filter ] --START--
INFO: Run Behavior\ContentReplaceBehavior [ RunTime:0.000079s ]
INFO: [ template_filter ] --END-- [ RunTime:0.000124s ]
NOTIC: [8] Undefined variable: web_title /usr/share/httpd/blog/Application/Runtime/Cache/Home/1ea03fdd8a78f5ec7e5062d3ef956260.php 第 9 行.
NOTIC: [8] Undefined variable: web_title /usr/share/httpd/blog/Application/Runtime/Cache/Home/1ea03fdd8a78f5ec7e5062d3ef956260.php 第 23 行.
NOTIC: [8] Undefined variable: web_title /usr/share/httpd/blog/Application/Runtime/Cache/Home/1ea03fdd8a78f5ec7e5062d3ef956260.php 第 23 行.
NOTIC: [8] Undefined variable: web_title /usr/share/httpd/blog/Application/Runtime/Cache/Home/1ea03fdd8a78f5ec7e5062d3ef956260.php 第 68 行.
NOTIC: [8] Undefined variable: web_title /usr/share/httpd/blog/Application/Runtime/Cache/Home/1ea03fdd8a78f5ec7e5062d3ef956260.php 第 68 行.
INFO: Run Behavior\ParseTemplateBehavior [ RunTime:0.007728s ]
INFO: [ view_parse ] --END-- [ RunTime:0.007773s ]
INFO: [ view_filter ] --START--
INFO: Run Behavior\WriteHtmlCacheBehavior [ RunTime:0.000118s ]
INFO: [ view_filter ] --END-- [ RunTime:0.000156s ]
INFO: [ app_end ] --START--
INFO: Run Behavior\ShowPageTraceBehavior [ RunTime:0.000411s ]
INFO: [ app_end ] --END-- [ RunTime:0.000459s ]

[ 2016-10-24T23:32:28+08:00 ] 10.169.88.177 /home/bing/get_img_totalPage.html
INFO: [ app_init ] --START--
INFO: Run Behavior\BuildLiteBehavior [ RunTime:0.000017s ]
INFO: [ app_init ] --END-- [ RunTime:0.000297s ]
INFO: [ app_begin ] --START--
INFO: Run Behavior\ReadHtmlCacheBehavior [ RunTime:0.000376s ]
INFO: [ app_begin ] --END-- [ RunTime:0.000419s ]
SQL: SHOW COLUMNS FROM `tp_bing` [ RunTime:0.0006s ]
SQL: SELECT COUNT(*) AS tp_count FROM `tp_bing` LIMIT 1   [ RunTime:0.0003s ]

[ 2016-10-24T23:32:28+08:00 ] 10.169.88.177 /home/bing/lists.html?start=0&length=9
INFO: [ app_init ] --START--
INFO: Run Behavior\BuildLiteBehavior [ RunTime:0.000021s ]
INFO: [ app_init ] --END-- [ RunTime:0.000391s ]
INFO: [ app_begin ] --START--
INFO: Run Behavior\ReadHtmlCacheBehavior [ RunTime:0.000397s ]
INFO: [ app_begin ] --END-- [ RunTime:0.000439s ]
SQL: SHOW COLUMNS FROM `tp_bing` [ RunTime:0.0006s ]
NOTIC: [8] Undefined index: field /usr/share/httpd/blog/Application/Home/Entity/Bing.class.php 第 23 行.
SQL: SELECT * FROM `tp_bing` ORDER BY img_time desc LIMIT 0,9   [ RunTime:0.0004s ]
INFO: [ view_parse ] --START--
INFO: [ template_filter ] --START--
INFO: Run Behavior\ContentReplaceBehavior [ RunTime:0.000123s ]
INFO: [ template_filter ] --END-- [ RunTime:0.000192s ]
INFO: Run Behavior\ParseTemplateBehavior [ RunTime:0.011819s ]
INFO: [ view_parse ] --END-- [ RunTime:0.011867s ]
INFO: [ view_filter ] --START--
INFO: Run Behavior\WriteHtmlCacheBehavior [ RunTime:0.000129s ]
INFO: [ view_filter ] --END-- [ RunTime:0.000166s ]
INFO: [ app_end ] --START--
INFO: Run Behavior\ShowPageTraceBehavior [ RunTime:0.000395s ]
INFO: [ app_end ] --END-- [ RunTime:0.000438s ]

[ 2016-10-24T23:32:30+08:00 ] 10.169.88.177 /home/bing/lists.html?start=9&length=9
INFO: [ app_init ] --START--
INFO: Run Behavior\BuildLiteBehavior [ RunTime:0.000015s ]
INFO: [ app_init ] --END-- [ RunTime:0.000328s ]
INFO: [ app_begin ] --START--
INFO: Run Behavior\ReadHtmlCacheBehavior [ RunTime:0.000358s ]
INFO: [ app_begin ] --END-- [ RunTime:0.000401s ]
SQL: SHOW COLUMNS FROM `tp_bing` [ RunTime:0.0006s ]
NOTIC: [8] Undefined index: field /usr/share/httpd/blog/Application/Home/Entity/Bing.class.php 第 23 行.
SQL: SELECT * FROM `tp_bing` ORDER BY img_time desc LIMIT 9,9   [ RunTime:0.0004s ]
INFO: [ view_parse ] --START--
INFO: [ template_filter ] --START--
INFO: Run Behavior\ContentReplaceBehavior [ RunTime:0.000117s ]
INFO: [ template_filter ] --END-- [ RunTime:0.000170s ]
INFO: Run Behavior\ParseTemplateBehavior [ RunTime:0.011213s ]
INFO: [ view_parse ] --END-- [ RunTime:0.011259s ]
INFO: [ view_filter ] --START--
INFO: Run Behavior\WriteHtmlCacheBehavior [ RunTime:0.000120s ]
INFO: [ view_filter ] --END-- [ RunTime:0.000157s ]
INFO: [ app_end ] --START--
INFO: Run Behavior\ShowPageTraceBehavior [ RunTime:0.000393s ]
INFO: [ app_end ] --END-- [ RunTime:0.000434s ]

[ 2016-10-24T23:32:43+08:00 ] 10.169.88.177 /home/bing/lists.html?start=18&length=9
INFO: [ app_init ] --START--
INFO: Run Behavior\BuildLiteBehavior [ RunTime:0.000019s ]
INFO: [ app_init ] --END-- [ RunTime:0.000369s ]
INFO: [ app_begin ] --START--
INFO: Run Behavior\ReadHtmlCacheBehavior [ RunTime:0.000430s ]
INFO: [ app_begin ] --END-- [ RunTime:0.000473s ]
SQL: SHOW COLUMNS FROM `tp_bing` [ RunTime:0.0006s ]
NOTIC: [8] Undefined index: field /usr/share/httpd/blog/Application/Home/Entity/Bing.class.php 第 23 行.
SQL: SELECT * FROM `tp_bing` ORDER BY img_time desc LIMIT 18,9   [ RunTime:0.0005s ]
INFO: [ view_parse ] --START--
INFO: [ template_filter ] --START--
INFO: Run Behavior\ContentReplaceBehavior [ RunTime:0.000114s ]
INFO: [ template_filter ] --END-- [ RunTime:0.000165s ]
INFO: Run Behavior\ParseTemplateBehavior [ RunTime:0.011579s ]
INFO: [ view_parse ] --END-- [ RunTime:0.011623s ]
INFO: [ view_filter ] --START--
INFO: Run Behavior\WriteHtmlCacheBehavior [ RunTime:0.000117s ]
INFO: [ view_filter ] --END-- [ RunTime:0.000153s ]
INFO: [ app_end ] --START--
INFO: Run Behavior\ShowPageTraceBehavior [ RunTime:0.000475s ]
INFO: [ app_end ] --END-- [ RunTime:0.000522s ]

[ 2016-10-24T23:32:48+08:00 ] 10.169.88.177 /home/bing/lists.html?start=27&length=9
INFO: [ app_init ] --START--
INFO: Run Behavior\BuildLiteBehavior [ RunTime:0.000016s ]
INFO: [ app_init ] --END-- [ RunTime:0.000330s ]
INFO: [ app_begin ] --START--
INFO: Run Behavior\ReadHtmlCacheBehavior [ RunTime:0.000361s ]
INFO: [ app_begin ] --END-- [ RunTime:0.000404s ]
SQL: SHOW COLUMNS FROM `tp_bing` [ RunTime:0.0006s ]
NOTIC: [8] Undefined index: field /usr/share/httpd/blog/Application/Home/Entity/Bing.class.php 第 23 行.
SQL: SELECT * FROM `tp_bing` ORDER BY img_time desc LIMIT 27,9   [ RunTime:0.0004s ]
INFO: [ view_parse ] --START--
INFO: [ template_filter ] --START--
INFO: Run Behavior\ContentReplaceBehavior [ RunTime:0.000131s ]
INFO: [ template_filter ] --END-- [ RunTime:0.000180s ]
INFO: Run Behavior\ParseTemplateBehavior [ RunTime:0.010837s ]
INFO: [ view_parse ] --END-- [ RunTime:0.010881s ]
INFO: [ view_filter ] --START--
INFO: Run Behavior\WriteHtmlCacheBehavior [ RunTime:0.000116s ]
INFO: [ view_filter ] --END-- [ RunTime:0.000170s ]
INFO: [ app_end ] --START--
INFO: Run Behavior\ShowPageTraceBehavior [ RunTime:0.000366s ]
INFO: [ app_end ] --END-- [ RunTime:0.000403s ]

[ 2016-10-24T23:33:52+08:00 ] 10.169.88.177 /
INFO: [ app_init ] --START--
INFO: Run Behavior\BuildLiteBehavior [ RunTime:0.000015s ]
INFO: [ app_init ] --END-- [ RunTime:0.000287s ]
INFO: [ app_begin ] --START--
INFO: Run Behavior\ReadHtmlCacheBehavior [ RunTime:0.003391s ]
INFO: [ app_begin ] --END-- [ RunTime:0.003438s ]
INFO: [ view_parse ] --START--
INFO: [ template_filter ] --START--
INFO: Run Behavior\ContentReplaceBehavior [ RunTime:0.000072s ]
INFO: [ template_filter ] --END-- [ RunTime:0.000117s ]
NOTIC: [8] Undefined variable: web_title /usr/share/httpd/blog/Application/Runtime/Cache/Home/2a94b8bda04ff446dcedd42276fc99ee.php 第 9 行.
NOTIC: [8] Undefined variable: web_title /usr/share/httpd/blog/Application/Runtime/Cache/Home/2a94b8bda04ff446dcedd42276fc99ee.php 第 23 行.
NOTIC: [8] Undefined variable: web_title /usr/share/httpd/blog/Application/Runtime/Cache/Home/2a94b8bda04ff446dcedd42276fc99ee.php 第 23 行.
NOTIC: [8] Undefined variable: web_title /usr/share/httpd/blog/Application/Runtime/Cache/Home/2a94b8bda04ff446dcedd42276fc99ee.php 第 68 行.
NOTIC: [8] Undefined variable: web_title /usr/share/httpd/blog/Application/Runtime/Cache/Home/2a94b8bda04ff446dcedd42276fc99ee.php 第 68 行.
INFO: Run Behavior\ParseTemplateBehavior [ RunTime:0.013405s ]
INFO: [ view_parse ] --END-- [ RunTime:0.013454s ]
INFO: [ view_filter ] --START--
INFO: Run Behavior\WriteHtmlCacheBehavior [ RunTime:0.000123s ]
INFO: [ view_filter ] --END-- [ RunTime:0.000171s ]
INFO: [ app_end ] --START--
INFO: Run Behavior\ShowPageTraceBehavior [ RunTime:0.000393s ]
INFO: [ app_end ] --END-- [ RunTime:0.000437s ]

[ 2016-10-24T23:33:52+08:00 ] 10.169.88.177 /home/bing/get_smallImg_by_time
INFO: [ app_init ] --START--
INFO: Run Behavior\BuildLiteBehavior [ RunTime:0.000013s ]
INFO: [ app_init ] --END-- [ RunTime:0.000271s ]
INFO: [ app_begin ] --START--
INFO: Run Behavior\ReadHtmlCacheBehavior [ RunTime:0.003401s ]
INFO: [ app_begin ] --END-- [ RunTime:0.003445s ]
SQL: SHOW COLUMNS FROM `tp_bing` [ RunTime:0.0006s ]
SQL: SELECT `id`,`img_time`,`img_url_480`,`img_title`,`img_real_url` FROM `tp_bing` WHERE `img_time` = '2016-10-24' LIMIT 1   [ RunTime:0.0004s ]

[ 2016-10-24T23:33:53+08:00 ] 10.169.88.177 /home/index/index.html
INFO: [ app_init ] --START--
INFO: Run Behavior\BuildLiteBehavior [ RunTime:0.000036s ]
INFO: [ app_init ] --END-- [ RunTime:0.000344s ]
INFO: [ app_begin ] --START--
INFO: Run Behavior\ReadHtmlCacheBehavior [ RunTime:0.000377s ]
INFO: [ app_begin ] --END-- [ RunTime:0.000423s ]
INFO: [ view_parse ] --START--
INFO: [ template_filter ] --START--
INFO: Run Behavior\ContentReplaceBehavior [ RunTime:0.000087s ]
INFO: [ template_filter ] --END-- [ RunTime:0.000133s ]
NOTIC: [8] Undefined variable: web_title /usr/share/httpd/blog/Application/Runtime/Cache/Home/2a94b8bda04ff446dcedd42276fc99ee.php 第 9 行.
NOTIC: [8] Undefined variable: web_title /usr/share/httpd/blog/Application/Runtime/Cache/Home/2a94b8bda04ff446dcedd42276fc99ee.php 第 23 行.
NOTIC: [8] Undefined variable: web_title /usr/share/httpd/blog/Application/Runtime/Cache/Home/2a94b8bda04ff446dcedd42276fc99ee.php 第 23 行.
NOTIC: [8] Undefined variable: web_title /usr/share/httpd/blog/Application/Runtime/Cache/Home/2a94b8bda04ff446dcedd42276fc99ee.php 第 68 行.
NOTIC: [8] Undefined variable: web_title /usr/share/httpd/blog/Application/Runtime/Cache/Home/2a94b8bda04ff446dcedd42276fc99ee.php 第 68 行.
INFO: Run Behavior\ParseTemplateBehavior [ RunTime:0.007666s ]
INFO: [ view_parse ] --END-- [ RunTime:0.007708s ]
INFO: [ view_filter ] --START--
INFO: Run Behavior\WriteHtmlCacheBehavior [ RunTime:0.000119s ]
INFO: [ view_filter ] --END-- [ RunTime:0.000158s ]
INFO: [ app_end ] --START--
INFO: Run Behavior\ShowPageTraceBehavior [ RunTime:0.000404s ]
INFO: [ app_end ] --END-- [ RunTime:0.000444s ]

[ 2016-10-24T23:33:53+08:00 ] 10.169.88.177 /home/index/get_article_totalPage.html
INFO: [ app_init ] --START--
INFO: Run Behavior\BuildLiteBehavior [ RunTime:0.000015s ]
INFO: [ app_init ] --END-- [ RunTime:0.000291s ]
INFO: [ app_begin ] --START--
INFO: Run Behavior\ReadHtmlCacheBehavior [ RunTime:0.000379s ]
INFO: [ app_begin ] --END-- [ RunTime:0.000422s ]
SQL: SHOW COLUMNS FROM `tp_article` [ RunTime:0.0006s ]
NOTIC: [8] Undefined index: tags_id /usr/share/httpd/blog/Application/Home/Entity/Article.class.php 第 42 行.
SQL: SELECT COUNT(*) AS tp_count FROM `tp_article` LIMIT 1   [ RunTime:0.0002s ]

[ 2016-10-24T23:33:53+08:00 ] 10.169.88.177 /home/index/lists.html?start=0&length=3
INFO: [ app_init ] --START--
INFO: Run Behavior\BuildLiteBehavior [ RunTime:0.000018s ]
INFO: [ app_init ] --END-- [ RunTime:0.000305s ]
INFO: [ app_begin ] --START--
INFO: Run Behavior\ReadHtmlCacheBehavior [ RunTime:0.000478s ]
INFO: [ app_begin ] --END-- [ RunTime:0.000522s ]
SQL: SHOW COLUMNS FROM `tp_article` [ RunTime:0.0006s ]
NOTIC: [8] Undefined index: tags_id /usr/share/httpd/blog/Application/Home/Entity/Article.class.php 第 20 行.
SQL: SELECT a.id,`title`,`reprint_url`,`brief_introduction`,u.uname,`create_time` FROM `tp_article` as a left join tp_user as u on create_user_id = u.id  ORDER BY create_time desc LIMIT 0,3   [ RunTime:0.0003s ]
INFO: [ view_parse ] --START--
INFO: [ template_filter ] --START--
INFO: Run Behavior\ContentReplaceBehavior [ RunTime:0.000128s ]
INFO: [ template_filter ] --END-- [ RunTime:0.000176s ]
NOTIC: [8] Undefined index: create_time2 /usr/share/httpd/blog/Application/Runtime/Cache/Home/72653c5b98bacce026832b51aa92934a.php 第 14 行.
NOTIC: [8] Undefined index: create_time2 /usr/share/httpd/blog/Application/Runtime/Cache/Home/72653c5b98bacce026832b51aa92934a.php 第 14 行.
NOTIC: [8] Undefined index: create_time2 /usr/share/httpd/blog/Application/Runtime/Cache/Home/72653c5b98bacce026832b51aa92934a.php 第 14 行.
INFO: Run Behavior\ParseTemplateBehavior [ RunTime:0.012537s ]
INFO: [ view_parse ] --END-- [ RunTime:0.012577s ]
INFO: [ view_filter ] --START--
INFO: Run Behavior\WriteHtmlCacheBehavior [ RunTime:0.000122s ]
INFO: [ view_filter ] --END-- [ RunTime:0.000158s ]
INFO: [ app_end ] --START--
INFO: Run Behavior\ShowPageTraceBehavior [ RunTime:0.000432s ]
INFO: [ app_end ] --END-- [ RunTime:0.000471s ]

[ 2016-10-24T23:33:57+08:00 ] 10.169.88.177 /home/bing/get_smallImg_lists?start=0&length=5
INFO: [ app_init ] --START--
INFO: Run Behavior\BuildLiteBehavior [ RunTime:0.000018s ]
INFO: [ app_init ] --END-- [ RunTime:0.000327s ]
INFO: [ app_begin ] --START--
INFO: Run Behavior\ReadHtmlCacheBehavior [ RunTime:0.000381s ]
INFO: [ app_begin ] --END-- [ RunTime:0.000424s ]
SQL: SHOW COLUMNS FROM `tp_bing` [ RunTime:0.0006s ]
SQL: SELECT `id`,`img_time`,`img_url_480`,`img_title` FROM `tp_bing` ORDER BY img_time desc LIMIT 0,5   [ RunTime:0.0004s ]

[ 2016-10-24T23:33:57+08:00 ] 10.169.88.177 /home/bing/get_img_totalPage?pageSize=5
INFO: [ app_init ] --START--
INFO: Run Behavior\BuildLiteBehavior [ RunTime:0.000014s ]
INFO: [ app_init ] --END-- [ RunTime:0.000300s ]
INFO: [ app_begin ] --START--
INFO: Run Behavior\ReadHtmlCacheBehavior [ RunTime:0.000411s ]
INFO: [ app_begin ] --END-- [ RunTime:0.000457s ]
SQL: SHOW COLUMNS FROM `tp_bing` [ RunTime:0.0005s ]
SQL: SELECT COUNT(*) AS tp_count FROM `tp_bing` LIMIT 1   [ RunTime:0.0002s ]

[ 2016-10-24T23:34:02+08:00 ] 10.169.88.177 /home/bing/get_smallImg_lists?start=5&length=5
INFO: [ app_init ] --START--
INFO: Run Behavior\BuildLiteBehavior [ RunTime:0.000019s ]
INFO: [ app_init ] --END-- [ RunTime:0.000321s ]
INFO: [ app_begin ] --START--
INFO: Run Behavior\ReadHtmlCacheBehavior [ RunTime:0.000389s ]
INFO: [ app_begin ] --END-- [ RunTime:0.000432s ]
SQL: SHOW COLUMNS FROM `tp_bing` [ RunTime:0.0006s ]
SQL: SELECT `id`,`img_time`,`img_url_480`,`img_title` FROM `tp_bing` ORDER BY img_time desc LIMIT 5,5   [ RunTime:0.0004s ]

[ 2016-10-24T23:34:04+08:00 ] 10.169.88.177 /home/bing/get_smallImg_lists?start=10&length=5
INFO: [ app_init ] --START--
INFO: Run Behavior\BuildLiteBehavior [ RunTime:0.000021s ]
INFO: [ app_init ] --END-- [ RunTime:0.000344s ]
INFO: [ app_begin ] --START--
INFO: Run Behavior\ReadHtmlCacheBehavior [ RunTime:0.000406s ]
INFO: [ app_begin ] --END-- [ RunTime:0.000453s ]
SQL: SHOW COLUMNS FROM `tp_bing` [ RunTime:0.0006s ]
SQL: SELECT `id`,`img_time`,`img_url_480`,`img_title` FROM `tp_bing` ORDER BY img_time desc LIMIT 10,5   [ RunTime:0.0004s ]

[ 2016-10-24T23:34:07+08:00 ] 10.169.88.177 /home/bing/get_smallImg_lists?start=15&length=5
INFO: [ app_init ] --START--
INFO: Run Behavior\BuildLiteBehavior [ RunTime:0.000015s ]
INFO: [ app_init ] --END-- [ RunTime:0.000313s ]
INFO: [ app_begin ] --START--
INFO: Run Behavior\ReadHtmlCacheBehavior [ RunTime:0.000395s ]
INFO: [ app_begin ] --END-- [ RunTime:0.000438s ]
SQL: SHOW COLUMNS FROM `tp_bing` [ RunTime:0.0006s ]
SQL: SELECT `id`,`img_time`,`img_url_480`,`img_title` FROM `tp_bing` ORDER BY img_time desc LIMIT 15,5   [ RunTime:0.0004s ]

[ 2016-10-24T23:34:10+08:00 ] 10.169.88.177 /home/bing/get_smallImg_lists?start=20&length=5
INFO: [ app_init ] --START--
INFO: Run Behavior\BuildLiteBehavior [ RunTime:0.000015s ]
INFO: [ app_init ] --END-- [ RunTime:0.000296s ]
INFO: [ app_begin ] --START--
INFO: Run Behavior\ReadHtmlCacheBehavior [ RunTime:0.000388s ]
INFO: [ app_begin ] --END-- [ RunTime:0.000432s ]
SQL: SHOW COLUMNS FROM `tp_bing` [ RunTime:0.0006s ]
SQL: SELECT `id`,`img_time`,`img_url_480`,`img_title` FROM `tp_bing` ORDER BY img_time desc LIMIT 20,5   [ RunTime:0.0004s ]

[ 2016-10-24T23:34:12+08:00 ] 10.169.88.177 /home/bing/get_smallImg_lists?start=25&length=5
INFO: [ app_init ] --START--
INFO: Run Behavior\BuildLiteBehavior [ RunTime:0.000015s ]
INFO: [ app_init ] --END-- [ RunTime:0.000290s ]
INFO: [ app_begin ] --START--
INFO: Run Behavior\ReadHtmlCacheBehavior [ RunTime:0.000356s ]
INFO: [ app_begin ] --END-- [ RunTime:0.000399s ]
SQL: SHOW COLUMNS FROM `tp_bing` [ RunTime:0.0005s ]
SQL: SELECT `id`,`img_time`,`img_url_480`,`img_title` FROM `tp_bing` ORDER BY img_time desc LIMIT 25,5   [ RunTime:0.0004s ]

[ 2016-10-24T23:34:13+08:00 ] 10.169.88.177 /home/bing/get_smallImg_lists?start=30&length=5
INFO: [ app_init ] --START--
INFO: Run Behavior\BuildLiteBehavior [ RunTime:0.000015s ]
INFO: [ app_init ] --END-- [ RunTime:0.000285s ]
INFO: [ app_begin ] --START--
INFO: Run Behavior\ReadHtmlCacheBehavior [ RunTime:0.000357s ]
INFO: [ app_begin ] --END-- [ RunTime:0.000398s ]
SQL: SHOW COLUMNS FROM `tp_bing` [ RunTime:0.0006s ]
SQL: SELECT `id`,`img_time`,`img_url_480`,`img_title` FROM `tp_bing` ORDER BY img_time desc LIMIT 30,5   [ RunTime:0.0004s ]

[ 2016-10-24T23:34:35+08:00 ] 10.169.88.177 /home/bing/index.html
INFO: [ app_init ] --START--
INFO: Run Behavior\BuildLiteBehavior [ RunTime:0.000019s ]
INFO: [ app_init ] --END-- [ RunTime:0.000329s ]
INFO: [ app_begin ] --START--
INFO: Run Behavior\ReadHtmlCacheBehavior [ RunTime:0.000415s ]
INFO: [ app_begin ] --END-- [ RunTime:0.000466s ]
INFO: [ view_parse ] --START--
INFO: [ template_filter ] --START--
INFO: Run Behavior\ContentReplaceBehavior [ RunTime:0.000083s ]
INFO: [ template_filter ] --END-- [ RunTime:0.000144s ]
NOTIC: [8] Undefined variable: web_title /usr/share/httpd/blog/Application/Runtime/Cache/Home/1ea03fdd8a78f5ec7e5062d3ef956260.php 第 9 行.
NOTIC: [8] Undefined variable: web_title /usr/share/httpd/blog/Application/Runtime/Cache/Home/1ea03fdd8a78f5ec7e5062d3ef956260.php 第 23 行.
NOTIC: [8] Undefined variable: web_title /usr/share/httpd/blog/Application/Runtime/Cache/Home/1ea03fdd8a78f5ec7e5062d3ef956260.php 第 23 行.
NOTIC: [8] Undefined variable: web_title /usr/share/httpd/blog/Application/Runtime/Cache/Home/1ea03fdd8a78f5ec7e5062d3ef956260.php 第 68 行.
NOTIC: [8] Undefined variable: web_title /usr/share/httpd/blog/Application/Runtime/Cache/Home/1ea03fdd8a78f5ec7e5062d3ef956260.php 第 68 行.
INFO: Run Behavior\ParseTemplateBehavior [ RunTime:0.008130s ]
INFO: [ view_parse ] --END-- [ RunTime:0.008187s ]
INFO: [ view_filter ] --START--
INFO: Run Behavior\WriteHtmlCacheBehavior [ RunTime:0.000122s ]
INFO: [ view_filter ] --END-- [ RunTime:0.000166s ]
INFO: [ app_end ] --START--
INFO: Run Behavior\ShowPageTraceBehavior [ RunTime:0.000484s ]
INFO: [ app_end ] --END-- [ RunTime:0.000539s ]

[ 2016-10-24T23:34:35+08:00 ] 10.169.88.177 /home/bing/get_img_totalPage.html
INFO: [ app_init ] --START--
INFO: Run Behavior\BuildLiteBehavior [ RunTime:0.000014s ]
INFO: [ app_init ] --END-- [ RunTime:0.000309s ]
INFO: [ app_begin ] --START--
INFO: Run Behavior\ReadHtmlCacheBehavior [ RunTime:0.000403s ]
INFO: [ app_begin ] --END-- [ RunTime:0.000451s ]
SQL: SHOW COLUMNS FROM `tp_bing` [ RunTime:0.0006s ]
SQL: SELECT COUNT(*) AS tp_count FROM `tp_bing` LIMIT 1   [ RunTime:0.0003s ]

[ 2016-10-24T23:34:35+08:00 ] 10.169.88.177 /home/bing/lists.html?start=0&length=9
INFO: [ app_init ] --START--
INFO: Run Behavior\BuildLiteBehavior [ RunTime:0.000034s ]
INFO: [ app_init ] --END-- [ RunTime:0.000308s ]
INFO: [ app_begin ] --START--
INFO: Run Behavior\ReadHtmlCacheBehavior [ RunTime:0.000362s ]
INFO: [ app_begin ] --END-- [ RunTime:0.000405s ]
SQL: SHOW COLUMNS FROM `tp_bing` [ RunTime:0.0006s ]
NOTIC: [8] Undefined index: field /usr/share/httpd/blog/Application/Home/Entity/Bing.class.php 第 23 行.
SQL: SELECT * FROM `tp_bing` ORDER BY img_time desc LIMIT 0,9   [ RunTime:0.0004s ]
INFO: [ view_parse ] --START--
INFO: [ template_filter ] --START--
INFO: Run Behavior\ContentReplaceBehavior [ RunTime:0.000119s ]
INFO: [ template_filter ] --END-- [ RunTime:0.000166s ]
INFO: Run Behavior\ParseTemplateBehavior [ RunTime:0.011484s ]
INFO: [ view_parse ] --END-- [ RunTime:0.011529s ]
INFO: [ view_filter ] --START--
INFO: Run Behavior\WriteHtmlCacheBehavior [ RunTime:0.000122s ]
INFO: [ view_filter ] --END-- [ RunTime:0.000159s ]
INFO: [ app_end ] --START--
INFO: Run Behavior\ShowPageTraceBehavior [ RunTime:0.000381s ]
INFO: [ app_end ] --END-- [ RunTime:0.000420s ]

[ 2016-10-24T23:34:37+08:00 ] 10.169.88.177 /home/bing/lists.html?start=9&length=9
INFO: [ app_init ] --START--
INFO: Run Behavior\BuildLiteBehavior [ RunTime:0.000015s ]
INFO: [ app_init ] --END-- [ RunTime:0.000291s ]
INFO: [ app_begin ] --START--
INFO: Run Behavior\ReadHtmlCacheBehavior [ RunTime:0.000384s ]
INFO: [ app_begin ] --END-- [ RunTime:0.000426s ]
SQL: SHOW COLUMNS FROM `tp_bing` [ RunTime:0.0006s ]
NOTIC: [8] Undefined index: field /usr/share/httpd/blog/Application/Home/Entity/Bing.class.php 第 23 行.
SQL: SELECT * FROM `tp_bing` ORDER BY img_time desc LIMIT 9,9   [ RunTime:0.0004s ]
INFO: [ view_parse ] --START--
INFO: [ template_filter ] --START--
INFO: Run Behavior\ContentReplaceBehavior [ RunTime:0.000142s ]
INFO: [ template_filter ] --END-- [ RunTime:0.000200s ]
INFO: Run Behavior\ParseTemplateBehavior [ RunTime:0.011174s ]
INFO: [ view_parse ] --END-- [ RunTime:0.011219s ]
INFO: [ view_filter ] --START--
INFO: Run Behavior\WriteHtmlCacheBehavior [ RunTime:0.000121s ]
INFO: [ view_filter ] --END-- [ RunTime:0.000157s ]
INFO: [ app_end ] --START--
INFO: Run Behavior\ShowPageTraceBehavior [ RunTime:0.000397s ]
INFO: [ app_end ] --END-- [ RunTime:0.000452s ]

[ 2016-10-24T23:34:40+08:00 ] 10.169.88.177 /home/bing/lists.html?start=18&length=9
INFO: [ app_init ] --START--
INFO: Run Behavior\BuildLiteBehavior [ RunTime:0.000015s ]
INFO: [ app_init ] --END-- [ RunTime:0.000292s ]
INFO: [ app_begin ] --START--
INFO: Run Behavior\ReadHtmlCacheBehavior [ RunTime:0.000389s ]
INFO: [ app_begin ] --END-- [ RunTime:0.000442s ]
SQL: SHOW COLUMNS FROM `tp_bing` [ RunTime:0.0140s ]
NOTIC: [8] Undefined index: field /usr/share/httpd/blog/Application/Home/Entity/Bing.class.php 第 23 行.
SQL: SELECT * FROM `tp_bing` ORDER BY img_time desc LIMIT 18,9   [ RunTime:0.0004s ]
INFO: [ view_parse ] --START--
INFO: [ template_filter ] --START--
INFO: Run Behavior\ContentReplaceBehavior [ RunTime:0.000116s ]
INFO: [ template_filter ] --END-- [ RunTime:0.000164s ]
INFO: Run Behavior\ParseTemplateBehavior [ RunTime:0.011528s ]
INFO: [ view_parse ] --END-- [ RunTime:0.011572s ]
INFO: [ view_filter ] --START--
INFO: Run Behavior\WriteHtmlCacheBehavior [ RunTime:0.000123s ]
INFO: [ view_filter ] --END-- [ RunTime:0.000159s ]
INFO: [ app_end ] --START--
INFO: Run Behavior\ShowPageTraceBehavior [ RunTime:0.000397s ]
INFO: [ app_end ] --END-- [ RunTime:0.000436s ]

[ 2016-10-24T23:37:16+08:00 ] 10.169.88.177 /home/bing/add_imginfo?d=10
INFO: [ app_init ] --START--
INFO: Run Behavior\BuildLiteBehavior [ RunTime:0.000015s ]
INFO: [ app_init ] --END-- [ RunTime:0.000296s ]
INFO: [ app_begin ] --START--
INFO: Run Behavior\ReadHtmlCacheBehavior [ RunTime:0.000400s ]
INFO: [ app_begin ] --END-- [ RunTime:0.000447s ]
SQL: SHOW COLUMNS FROM `tp_bing` [ RunTime:0.0006s ]
SQL: SELECT * FROM `tp_bing` WHERE `img_time` = '2016-10-14' LIMIT 1   [ RunTime:0.0004s ]
INFO: [ app_end ] --START--
INFO: Run Behavior\ShowPageTraceBehavior [ RunTime:0.000421s ]
INFO: [ app_end ] --END-- [ RunTime:0.000472s ]

[ 2016-10-24T23:37:21+08:00 ] 10.169.88.177 /home/bing/add_imginfo?d=9
INFO: [ app_init ] --START--
INFO: Run Behavior\BuildLiteBehavior [ RunTime:0.000014s ]
INFO: [ app_init ] --END-- [ RunTime:0.000289s ]
INFO: [ app_begin ] --START--
INFO: Run Behavior\ReadHtmlCacheBehavior [ RunTime:0.000359s ]
INFO: [ app_begin ] --END-- [ RunTime:0.000405s ]
SQL: SHOW COLUMNS FROM `tp_bing` [ RunTime:0.0026s ]
SQL: SELECT * FROM `tp_bing` WHERE `img_time` = '2016-10-15' LIMIT 1   [ RunTime:0.0003s ]
INFO: [ app_end ] --START--
INFO: Run Behavior\ShowPageTraceBehavior [ RunTime:0.000421s ]
INFO: [ app_end ] --END-- [ RunTime:0.000473s ]

[ 2016-10-24T23:37:26+08:00 ] 10.169.88.177 /home/bing/add_imginfo?d=8
INFO: [ app_init ] --START--
INFO: Run Behavior\BuildLiteBehavior [ RunTime:0.000015s ]
INFO: [ app_init ] --END-- [ RunTime:0.000289s ]
INFO: [ app_begin ] --START--
INFO: Run Behavior\ReadHtmlCacheBehavior [ RunTime:0.000382s ]
INFO: [ app_begin ] --END-- [ RunTime:0.000428s ]
SQL: SHOW COLUMNS FROM `tp_bing` [ RunTime:0.0006s ]
SQL: SELECT * FROM `tp_bing` WHERE `img_time` = '2016-10-16' LIMIT 1   [ RunTime:0.0003s ]
SQL: INSERT INTO `tp_bing` (`img_real_url`,`img_url`,`img_url_480`,`img_time`,`img_title`) VALUES ('http://s.cn.bing.net/az/hprichbg/rb/VaranasiBoat_ZH-CN8290748524_1920x1080.jpg','Uploads/bing/2016-10-16.jpg','Uploads/bing/480.2016-10-16.jpg','2016-10-16','恒河里的一条船，瓦拉纳西，印度 (© David Santiago Garcia/Aurora Photos)') [ RunTime:0.0063s ]
INFO: [ app_end ] --START--
INFO: Run Behavior\ShowPageTraceBehavior [ RunTime:0.000593s ]
INFO: [ app_end ] --END-- [ RunTime:0.000646s ]

[ 2016-10-24T23:37:32+08:00 ] 10.169.88.177 /home/bing/add_imginfo?d=7
INFO: [ app_init ] --START--
INFO: Run Behavior\BuildLiteBehavior [ RunTime:0.000015s ]
INFO: [ app_init ] --END-- [ RunTime:0.000290s ]
INFO: [ app_begin ] --START--
INFO: Run Behavior\ReadHtmlCacheBehavior [ RunTime:0.000366s ]
INFO: [ app_begin ] --END-- [ RunTime:0.000430s ]
SQL: SHOW COLUMNS FROM `tp_bing` [ RunTime:0.0006s ]
SQL: SELECT * FROM `tp_bing` WHERE `img_time` = '2016-10-17' LIMIT 1   [ RunTime:0.0003s ]
SQL: INSERT INTO `tp_bing` (`img_real_url`,`img_url`,`img_url_480`,`img_time`,`img_title`) VALUES ('http://s.cn.bing.net/az/hprichbg/rb/GreaterFlamingos_ZH-CN13656214069_1920x1080.jpg','Uploads/bing/2016-10-17.jpg','Uploads/bing/480.2016-10-17.jpg','2016-10-17','坦桑尼亚的大火烈鸟 (© DLILLC/Corbis/VCG Getty Images)') [ RunTime:0.0097s ]
INFO: [ app_end ] --START--
INFO: Run Behavior\ShowPageTraceBehavior [ RunTime:0.000605s ]
INFO: [ app_end ] --END-- [ RunTime:0.000663s ]

[ 2016-10-24T23:37:37+08:00 ] 10.169.88.177 /home/bing/add_imginfo?d=6
INFO: [ app_init ] --START--
INFO: Run Behavior\BuildLiteBehavior [ RunTime:0.000015s ]
INFO: [ app_init ] --END-- [ RunTime:0.000313s ]
INFO: [ app_begin ] --START--
INFO: Run Behavior\ReadHtmlCacheBehavior [ RunTime:0.000402s ]
INFO: [ app_begin ] --END-- [ RunTime:0.000451s ]
SQL: SHOW COLUMNS FROM `tp_bing` [ RunTime:0.0006s ]
SQL: SELECT * FROM `tp_bing` WHERE `img_time` = '2016-10-18' LIMIT 1   [ RunTime:0.0004s ]
SQL: INSERT INTO `tp_bing` (`img_real_url`,`img_url`,`img_url_480`,`img_time`,`img_title`) VALUES ('http://s.cn.bing.net/az/hprichbg/rb/TheForadada_ZH-CN8007497690_1920x1080.jpg','Uploads/bing/2016-10-18.jpg','Uploads/bing/480.2016-10-18.jpg','2016-10-18','在福拉达达的石灰石悬崖，加泰罗尼亚，西班牙 (© Inaki Relanzon/Minden Pictures)') [ RunTime:0.0095s ]
INFO: [ app_end ] --START--
INFO: Run Behavior\ShowPageTraceBehavior [ RunTime:0.000592s ]
INFO: [ app_end ] --END-- [ RunTime:0.000645s ]

[ 2016-10-24T23:37:43+08:00 ] 10.169.88.177 /home/bing/add_imginfo?d=5
INFO: [ app_init ] --START--
INFO: Run Behavior\BuildLiteBehavior [ RunTime:0.000015s ]
INFO: [ app_init ] --END-- [ RunTime:0.000313s ]
INFO: [ app_begin ] --START--
INFO: Run Behavior\ReadHtmlCacheBehavior [ RunTime:0.000386s ]
INFO: [ app_begin ] --END-- [ RunTime:0.000456s ]
SQL: SHOW COLUMNS FROM `tp_bing` [ RunTime:0.0006s ]
SQL: SELECT * FROM `tp_bing` WHERE `img_time` = '2016-10-19' LIMIT 1   [ RunTime:0.0003s ]
SQL: INSERT INTO `tp_bing` (`img_real_url`,`img_url`,`img_url_480`,`img_time`,`img_title`) VALUES ('http://s.cn.bing.net/az/hprichbg/rb/HalongBayVideo_ZH-CN9374479696_1920x1080.jpg','Uploads/bing/2016-10-19.jpg','Uploads/bing/480.2016-10-19.jpg','2016-10-19','下龙湾的日落， 越南 (© Banana Republic Images/Shutterstock)') [ RunTime:0.0049s ]
INFO: [ app_end ] --START--
INFO: Run Behavior\ShowPageTraceBehavior [ RunTime:0.000550s ]
INFO: [ app_end ] --END-- [ RunTime:0.000610s ]

[ 2016-10-24T23:37:47+08:00 ] 10.169.88.177 /home/bing/add_imginfo?d=4
INFO: [ app_init ] --START--
INFO: Run Behavior\BuildLiteBehavior [ RunTime:0.000015s ]
INFO: [ app_init ] --END-- [ RunTime:0.000385s ]
INFO: [ app_begin ] --START--
INFO: Run Behavior\ReadHtmlCacheBehavior [ RunTime:0.000362s ]
INFO: [ app_begin ] --END-- [ RunTime:0.000407s ]
SQL: SHOW COLUMNS FROM `tp_bing` [ RunTime:0.0006s ]
SQL: SELECT * FROM `tp_bing` WHERE `img_time` = '2016-10-20' LIMIT 1   [ RunTime:0.0003s ]
SQL: INSERT INTO `tp_bing` (`img_real_url`,`img_url`,`img_url_480`,`img_time`,`img_title`) VALUES ('http://s.cn.bing.net/az/hprichbg/rb/YorklynCoveredBridge_ZH-CN9725813153_1920x1080.jpg','Uploads/bing/2016-10-20.jpg','Uploads/bing/480.2016-10-20.jpg','2016-10-20','约克林村庄的阿什兰棚桥，美国特拉华州 (© Robert Kirk/Getty Images)') [ RunTime:0.0189s ]
INFO: [ app_end ] --START--
INFO: Run Behavior\ShowPageTraceBehavior [ RunTime:0.000562s ]
INFO: [ app_end ] --END-- [ RunTime:0.000612s ]

[ 2016-10-24T23:37:51+08:00 ] 10.169.88.177 /home/bing/add_imginfo?d=3
INFO: [ app_init ] --START--
INFO: Run Behavior\BuildLiteBehavior [ RunTime:0.000016s ]
INFO: [ app_init ] --END-- [ RunTime:0.000316s ]
INFO: [ app_begin ] --START--
INFO: Run Behavior\ReadHtmlCacheBehavior [ RunTime:0.000381s ]
INFO: [ app_begin ] --END-- [ RunTime:0.000431s ]
SQL: SHOW COLUMNS FROM `tp_bing` [ RunTime:0.0006s ]
SQL: SELECT * FROM `tp_bing` WHERE `img_time` = '2016-10-21' LIMIT 1   [ RunTime:0.0004s ]
SQL: INSERT INTO `tp_bing` (`img_real_url`,`img_url`,`img_url_480`,`img_time`,`img_title`) VALUES ('http://s.cn.bing.net/az/hprichbg/rb/MuseumClouds_ZH-CN12976052707_1920x1080.jpg','Uploads/bing/2016-10-21.jpg','Uploads/bing/480.2016-10-21.jpg','2016-10-21','云层中的梅斯纳尔山博物馆，意大利 (© Alberto Simonetti/Getty Images)') [ RunTime:0.0136s ]
INFO: [ app_end ] --START--
INFO: Run Behavior\ShowPageTraceBehavior [ RunTime:0.000578s ]
INFO: [ app_end ] --END-- [ RunTime:0.000632s ]

[ 2016-10-24T23:37:54+08:00 ] 10.169.88.177 /home/bing/add_imginfo?d=2
INFO: [ app_init ] --START--
INFO: Run Behavior\BuildLiteBehavior [ RunTime:0.000014s ]
INFO: [ app_init ] --END-- [ RunTime:0.000294s ]
INFO: [ app_begin ] --START--
INFO: Run Behavior\ReadHtmlCacheBehavior [ RunTime:0.000387s ]
INFO: [ app_begin ] --END-- [ RunTime:0.000433s ]
SQL: SHOW COLUMNS FROM `tp_bing` [ RunTime:0.0006s ]
SQL: SELECT * FROM `tp_bing` WHERE `img_time` = '2016-10-22' LIMIT 1   [ RunTime:0.0003s ]
SQL: INSERT INTO `tp_bing` (`img_real_url`,`img_url`,`img_url_480`,`img_time`,`img_title`) VALUES ('http://s.cn.bing.net/az/hprichbg/rb/MountTarawera_ZH-CN9325208378_1920x1080.jpg','Uploads/bing/2016-10-22.jpg','Uploads/bing/480.2016-10-22.jpg','2016-10-22','塔拉韦拉火山，新西兰北岛 (© Look Foto/Aurora Photos)') [ RunTime:0.0150s ]
INFO: [ app_end ] --START--
INFO: Run Behavior\ShowPageTraceBehavior [ RunTime:0.000550s ]
INFO: [ app_end ] --END-- [ RunTime:0.000601s ]

[ 2016-10-24T23:37:58+08:00 ] 10.169.88.177 /home/bing/add_imginfo?d=1
INFO: [ app_init ] --START--
INFO: Run Behavior\BuildLiteBehavior [ RunTime:0.000015s ]
INFO: [ app_init ] --END-- [ RunTime:0.000286s ]
INFO: [ app_begin ] --START--
INFO: Run Behavior\ReadHtmlCacheBehavior [ RunTime:0.000358s ]
INFO: [ app_begin ] --END-- [ RunTime:0.000404s ]
SQL: SHOW COLUMNS FROM `tp_bing` [ RunTime:0.0006s ]
SQL: SELECT * FROM `tp_bing` WHERE `img_time` = '2016-10-23' LIMIT 1   [ RunTime:0.0003s ]
SQL: INSERT INTO `tp_bing` (`img_real_url`,`img_url`,`img_url_480`,`img_time`,`img_title`) VALUES ('http://s.cn.bing.net/az/hprichbg/rb/RanwuLake_ZH-CN12859816630_1920x1080.jpg','Uploads/bing/2016-10-23.jpg','Uploads/bing/480.2016-10-23.jpg','2016-10-23','【今日霜降】西藏昌都市然乌湖 (© Yuanping/iStock/Getty Images Plus)') [ RunTime:0.0095s ]
INFO: [ app_end ] --START--
INFO: Run Behavior\ShowPageTraceBehavior [ RunTime:0.000537s ]
INFO: [ app_end ] --END-- [ RunTime:0.000587s ]

[ 2016-10-24T23:38:03+08:00 ] 10.169.88.177 /home/bing/add_imginfo
INFO: [ app_init ] --START--
INFO: Run Behavior\BuildLiteBehavior [ RunTime:0.000016s ]
INFO: [ app_init ] --END-- [ RunTime:0.000318s ]
INFO: [ app_begin ] --START--
INFO: Run Behavior\ReadHtmlCacheBehavior [ RunTime:0.000384s ]
INFO: [ app_begin ] --END-- [ RunTime:0.000430s ]
SQL: SHOW COLUMNS FROM `tp_bing` [ RunTime:0.0006s ]
SQL: SELECT * FROM `tp_bing` WHERE `img_time` = '2016-10-24' LIMIT 1   [ RunTime:0.0004s ]
SQL: INSERT INTO `tp_bing` (`img_real_url`,`img_url`,`img_url_480`,`img_time`,`img_title`) VALUES ('http://s.cn.bing.net/az/hprichbg/rb/KingRiver_ZH-CN12008036815_1920x1080.jpg','Uploads/bing/2016-10-24.jpg','Uploads/bing/480.2016-10-24.jpg','2016-10-24','温德姆市附近King河的滩涂，澳大利亚 (© Ralph Lee Hopkins/Offset)') [ RunTime:0.0081s ]
INFO: [ app_end ] --START--
INFO: Run Behavior\ShowPageTraceBehavior [ RunTime:0.000552s ]
INFO: [ app_end ] --END-- [ RunTime:0.000602s ]

[ 2016-10-24T23:38:12+08:00 ] 10.169.88.177 /
INFO: [ app_init ] --START--
INFO: Run Behavior\BuildLiteBehavior [ RunTime:0.000014s ]
INFO: [ app_init ] --END-- [ RunTime:0.000286s ]
INFO: [ app_begin ] --START--
INFO: Run Behavior\ReadHtmlCacheBehavior [ RunTime:0.000379s ]
INFO: [ app_begin ] --END-- [ RunTime:0.000543s ]
INFO: [ view_parse ] --START--
INFO: [ template_filter ] --START--
INFO: Run Behavior\ContentReplaceBehavior [ RunTime:0.000072s ]
INFO: [ template_filter ] --END-- [ RunTime:0.000117s ]
NOTIC: [8] Undefined variable: web_title /usr/share/httpd/blog/Application/Runtime/Cache/Home/2a94b8bda04ff446dcedd42276fc99ee.php 第 9 行.
NOTIC: [8] Undefined variable: web_title /usr/share/httpd/blog/Application/Runtime/Cache/Home/2a94b8bda04ff446dcedd42276fc99ee.php 第 23 行.
NOTIC: [8] Undefined variable: web_title /usr/share/httpd/blog/Application/Runtime/Cache/Home/2a94b8bda04ff446dcedd42276fc99ee.php 第 23 行.
NOTIC: [8] Undefined variable: web_title /usr/share/httpd/blog/Application/Runtime/Cache/Home/2a94b8bda04ff446dcedd42276fc99ee.php 第 68 行.
NOTIC: [8] Undefined variable: web_title /usr/share/httpd/blog/Application/Runtime/Cache/Home/2a94b8bda04ff446dcedd42276fc99ee.php 第 68 行.
INFO: Run Behavior\ParseTemplateBehavior [ RunTime:0.007848s ]
INFO: [ view_parse ] --END-- [ RunTime:0.007904s ]
INFO: [ view_filter ] --START--
INFO: Run Behavior\WriteHtmlCacheBehavior [ RunTime:0.000161s ]
INFO: [ view_filter ] --END-- [ RunTime:0.000203s ]
INFO: [ app_end ] --START--
INFO: Run Behavior\ShowPageTraceBehavior [ RunTime:0.000560s ]
INFO: [ app_end ] --END-- [ RunTime:0.000605s ]

[ 2016-10-24T23:38:12+08:00 ] 10.169.88.177 /home/index/get_article_totalPage.html
INFO: [ app_init ] --START--
INFO: Run Behavior\BuildLiteBehavior [ RunTime:0.000015s ]
INFO: [ app_init ] --END-- [ RunTime:0.000288s ]
INFO: [ app_begin ] --START--
INFO: Run Behavior\ReadHtmlCacheBehavior [ RunTime:0.000355s ]
INFO: [ app_begin ] --END-- [ RunTime:0.000398s ]
SQL: SHOW COLUMNS FROM `tp_article` [ RunTime:0.0006s ]
NOTIC: [8] Undefined index: tags_id /usr/share/httpd/blog/Application/Home/Entity/Article.class.php 第 42 行.
SQL: SELECT COUNT(*) AS tp_count FROM `tp_article` LIMIT 1   [ RunTime:0.0002s ]

[ 2016-10-24T23:38:13+08:00 ] 10.169.88.177 /home/index/lists.html?start=0&length=3
INFO: [ app_init ] --START--
INFO: Run Behavior\BuildLiteBehavior [ RunTime:0.000014s ]
INFO: [ app_init ] --END-- [ RunTime:0.000291s ]
INFO: [ app_begin ] --START--
INFO: Run Behavior\ReadHtmlCacheBehavior [ RunTime:0.000363s ]
INFO: [ app_begin ] --END-- [ RunTime:0.000406s ]
SQL: SHOW COLUMNS FROM `tp_article` [ RunTime:0.0006s ]
NOTIC: [8] Undefined index: tags_id /usr/share/httpd/blog/Application/Home/Entity/Article.class.php 第 20 行.
SQL: SELECT a.id,`title`,`reprint_url`,`brief_introduction`,u.uname,`create_time` FROM `tp_article` as a left join tp_user as u on create_user_id = u.id  ORDER BY create_time desc LIMIT 0,3   [ RunTime:0.0003s ]
INFO: [ view_parse ] --START--
INFO: [ template_filter ] --START--
INFO: Run Behavior\ContentReplaceBehavior [ RunTime:0.000149s ]
INFO: [ template_filter ] --END-- [ RunTime:0.000207s ]
NOTIC: [8] Undefined index: create_time2 /usr/share/httpd/blog/Application/Runtime/Cache/Home/72653c5b98bacce026832b51aa92934a.php 第 14 行.
NOTIC: [8] Undefined index: create_time2 /usr/share/httpd/blog/Application/Runtime/Cache/Home/72653c5b98bacce026832b51aa92934a.php 第 14 行.
NOTIC: [8] Undefined index: create_time2 /usr/share/httpd/blog/Application/Runtime/Cache/Home/72653c5b98bacce026832b51aa92934a.php 第 14 行.
INFO: Run Behavior\ParseTemplateBehavior [ RunTime:0.012641s ]
INFO: [ view_parse ] --END-- [ RunTime:0.012690s ]
INFO: [ view_filter ] --START--
INFO: Run Behavior\WriteHtmlCacheBehavior [ RunTime:0.000119s ]
INFO: [ view_filter ] --END-- [ RunTime:0.000156s ]
INFO: [ app_end ] --START--
INFO: Run Behavior\ShowPageTraceBehavior [ RunTime:0.000406s ]
INFO: [ app_end ] --END-- [ RunTime:0.000462s ]

[ 2016-10-24T23:38:14+08:00 ] 10.169.88.177 /home/bing/index.html
INFO: [ app_init ] --START--
INFO: Run Behavior\BuildLiteBehavior [ RunTime:0.000015s ]
INFO: [ app_init ] --END-- [ RunTime:0.000310s ]
INFO: [ app_begin ] --START--
INFO: Run Behavior\ReadHtmlCacheBehavior [ RunTime:0.000363s ]
INFO: [ app_begin ] --END-- [ RunTime:0.000416s ]
INFO: [ view_parse ] --START--
INFO: [ template_filter ] --START--
INFO: Run Behavior\ContentReplaceBehavior [ RunTime:0.000082s ]
INFO: [ template_filter ] --END-- [ RunTime:0.000139s ]
NOTIC: [8] Undefined variable: web_title /usr/share/httpd/blog/Application/Runtime/Cache/Home/1ea03fdd8a78f5ec7e5062d3ef956260.php 第 9 行.
NOTIC: [8] Undefined variable: web_title /usr/share/httpd/blog/Application/Runtime/Cache/Home/1ea03fdd8a78f5ec7e5062d3ef956260.php 第 23 行.
NOTIC: [8] Undefined variable: web_title /usr/share/httpd/blog/Application/Runtime/Cache/Home/1ea03fdd8a78f5ec7e5062d3ef956260.php 第 23 行.
NOTIC: [8] Undefined variable: web_title /usr/share/httpd/blog/Application/Runtime/Cache/Home/1ea03fdd8a78f5ec7e5062d3ef956260.php 第 68 行.
NOTIC: [8] Undefined variable: web_title /usr/share/httpd/blog/Application/Runtime/Cache/Home/1ea03fdd8a78f5ec7e5062d3ef956260.php 第 68 行.
INFO: Run Behavior\ParseTemplateBehavior [ RunTime:0.008153s ]
INFO: [ view_parse ] --END-- [ RunTime:0.008197s ]
INFO: [ view_filter ] --START--
INFO: Run Behavior\WriteHtmlCacheBehavior [ RunTime:0.000119s ]
INFO: [ view_filter ] --END-- [ RunTime:0.000158s ]
INFO: [ app_end ] --START--
INFO: Run Behavior\ShowPageTraceBehavior [ RunTime:0.000446s ]
INFO: [ app_end ] --END-- [ RunTime:0.000524s ]

[ 2016-10-24T23:38:15+08:00 ] 10.169.88.177 /home/bing/get_img_totalPage.html
INFO: [ app_init ] --START--
INFO: Run Behavior\BuildLiteBehavior [ RunTime:0.000015s ]
INFO: [ app_init ] --END-- [ RunTime:0.000298s ]
INFO: [ app_begin ] --START--
INFO: Run Behavior\ReadHtmlCacheBehavior [ RunTime:0.000388s ]
INFO: [ app_begin ] --END-- [ RunTime:0.000433s ]
SQL: SHOW COLUMNS FROM `tp_bing` [ RunTime:0.0006s ]
SQL: SELECT COUNT(*) AS tp_count FROM `tp_bing` LIMIT 1   [ RunTime:0.0002s ]

[ 2016-10-24T23:38:15+08:00 ] 10.169.88.177 /home/bing/lists.html?start=0&length=9
INFO: [ app_init ] --START--
INFO: Run Behavior\BuildLiteBehavior [ RunTime:0.000015s ]
INFO: [ app_init ] --END-- [ RunTime:0.000289s ]
INFO: [ app_begin ] --START--
INFO: Run Behavior\ReadHtmlCacheBehavior [ RunTime:0.000486s ]
INFO: [ app_begin ] --END-- [ RunTime:0.000531s ]
SQL: SHOW COLUMNS FROM `tp_bing` [ RunTime:0.0006s ]
NOTIC: [8] Undefined index: field /usr/share/httpd/blog/Application/Home/Entity/Bing.class.php 第 23 行.
SQL: SELECT * FROM `tp_bing` ORDER BY img_time desc LIMIT 0,9   [ RunTime:0.0004s ]
INFO: [ view_parse ] --START--
INFO: [ template_filter ] --START--
INFO: Run Behavior\ContentReplaceBehavior [ RunTime:0.000115s ]
INFO: [ template_filter ] --END-- [ RunTime:0.000168s ]
INFO: Run Behavior\ParseTemplateBehavior [ RunTime:0.011197s ]
INFO: [ view_parse ] --END-- [ RunTime:0.011260s ]
INFO: [ view_filter ] --START--
INFO: Run Behavior\WriteHtmlCacheBehavior [ RunTime:0.000127s ]
INFO: [ view_filter ] --END-- [ RunTime:0.000175s ]
INFO: [ app_end ] --START--
INFO: Run Behavior\ShowPageTraceBehavior [ RunTime:0.000387s ]
INFO: [ app_end ] --END-- [ RunTime:0.000429s ]

[ 2016-10-24T23:38:36+08:00 ] 10.169.88.177 /home/bing/lists.html?start=9&length=9
INFO: [ app_init ] --START--
INFO: Run Behavior\BuildLiteBehavior [ RunTime:0.000015s ]
INFO: [ app_init ] --END-- [ RunTime:0.000304s ]
INFO: [ app_begin ] --START--
INFO: Run Behavior\ReadHtmlCacheBehavior [ RunTime:0.000399s ]
INFO: [ app_begin ] --END-- [ RunTime:0.000446s ]
SQL: SHOW COLUMNS FROM `tp_bing` [ RunTime:0.0006s ]
NOTIC: [8] Undefined index: field /usr/share/httpd/blog/Application/Home/Entity/Bing.class.php 第 23 行.
SQL: SELECT * FROM `tp_bing` ORDER BY img_time desc LIMIT 9,9   [ RunTime:0.0005s ]
INFO: [ view_parse ] --START--
INFO: [ template_filter ] --START--
INFO: Run Behavior\ContentReplaceBehavior [ RunTime:0.000115s ]
INFO: [ template_filter ] --END-- [ RunTime:0.000170s ]
INFO: Run Behavior\ParseTemplateBehavior [ RunTime:0.011797s ]
INFO: [ view_parse ] --END-- [ RunTime:0.011845s ]
INFO: [ view_filter ] --START--
INFO: Run Behavior\WriteHtmlCacheBehavior [ RunTime:0.000123s ]
INFO: [ view_filter ] --END-- [ RunTime:0.000161s ]
INFO: [ app_end ] --START--
INFO: Run Behavior\ShowPageTraceBehavior [ RunTime:0.000383s ]
INFO: [ app_end ] --END-- [ RunTime:0.000423s ]

[ 2016-10-24T23:38:38+08:00 ] 10.169.88.177 /home/bing/lists.html?start=18&length=9
INFO: [ app_init ] --START--
INFO: Run Behavior\BuildLiteBehavior [ RunTime:0.000015s ]
INFO: [ app_init ] --END-- [ RunTime:0.000287s ]
INFO: [ app_begin ] --START--
INFO: Run Behavior\ReadHtmlCacheBehavior [ RunTime:0.000386s ]
INFO: [ app_begin ] --END-- [ RunTime:0.000427s ]
SQL: SHOW COLUMNS FROM `tp_bing` [ RunTime:0.0006s ]
NOTIC: [8] Undefined index: field /usr/share/httpd/blog/Application/Home/Entity/Bing.class.php 第 23 行.
SQL: SELECT * FROM `tp_bing` ORDER BY img_time desc LIMIT 18,9   [ RunTime:0.0004s ]
INFO: [ view_parse ] --START--
INFO: [ template_filter ] --START--
INFO: Run Behavior\ContentReplaceBehavior [ RunTime:0.000119s ]
INFO: [ template_filter ] --END-- [ RunTime:0.000171s ]
INFO: Run Behavior\ParseTemplateBehavior [ RunTime:0.011129s ]
INFO: [ view_parse ] --END-- [ RunTime:0.011174s ]
INFO: [ view_filter ] --START--
INFO: Run Behavior\WriteHtmlCacheBehavior [ RunTime:0.000123s ]
INFO: [ view_filter ] --END-- [ RunTime:0.000160s ]
INFO: [ app_end ] --START--
INFO: Run Behavior\ShowPageTraceBehavior [ RunTime:0.000400s ]
INFO: [ app_end ] --END-- [ RunTime:0.000441s ]

[ 2016-10-24T23:38:39+08:00 ] 10.169.88.177 /home/bing/lists.html?start=27&length=9
INFO: [ app_init ] --START--
INFO: Run Behavior\BuildLiteBehavior [ RunTime:0.000014s ]
INFO: [ app_init ] --END-- [ RunTime:0.000287s ]
INFO: [ app_begin ] --START--
INFO: Run Behavior\ReadHtmlCacheBehavior [ RunTime:0.000359s ]
INFO: [ app_begin ] --END-- [ RunTime:0.000401s ]
SQL: SHOW COLUMNS FROM `tp_bing` [ RunTime:0.0007s ]
NOTIC: [8] Undefined index: field /usr/share/httpd/blog/Application/Home/Entity/Bing.class.php 第 23 行.
SQL: SELECT * FROM `tp_bing` ORDER BY img_time desc LIMIT 27,9   [ RunTime:0.0004s ]
INFO: [ view_parse ] --START--
INFO: [ template_filter ] --START--
INFO: Run Behavior\ContentReplaceBehavior [ RunTime:0.000124s ]
INFO: [ template_filter ] --END-- [ RunTime:0.000192s ]
INFO: Run Behavior\ParseTemplateBehavior [ RunTime:0.011629s ]
INFO: [ view_parse ] --END-- [ RunTime:0.011676s ]
INFO: [ view_filter ] --START--
INFO: Run Behavior\WriteHtmlCacheBehavior [ RunTime:0.000162s ]
INFO: [ view_filter ] --END-- [ RunTime:0.000202s ]
INFO: [ app_end ] --START--
INFO: Run Behavior\ShowPageTraceBehavior [ RunTime:0.000410s ]
INFO: [ app_end ] --END-- [ RunTime:0.000450s ]

