[ 2016-10-13T00:01:37+08:00 ] 127.0.0.1 /home/bing/add_imginfo.html
INFO: [ app_init ] --START--
INFO: Run Behavior\BuildLiteBehavior [ RunTime:0.000017s ]
INFO: [ app_init ] --END-- [ RunTime:0.001221s ]
INFO: [ app_begin ] --START--
INFO: Run Behavior\ReadHtmlCacheBehavior [ RunTime:0.011154s ]
INFO: [ app_begin ] --END-- [ RunTime:0.011234s ]
SQL: SHOW COLUMNS FROM `tp_bing` [ RunTime:0.0160s ]
SQL: SELECT * FROM `tp_bing` WHERE `img_time` = '2016-10-13' LIMIT 1   [ RunTime:0.0091s ]
SQL: INSERT INTO `tp_bing` (`img_real_url`,`img_url`,`img_time`,`img_title`) VALUES ('http://s.cn.bing.net/az/hprichbg/rb/WaddenSeaIsland_ZH-CN11536663361_1920x1080.jpg','Uploads/bing/2016-10-13.jpg','2016-10-13','Zuiderduintjes岛，西弗里西亚群岛，荷兰 (© Pete Leonard/Getty Images)') [ RunTime:0.1525s ]
INFO: [ view_parse ] --START--
INFO: [ template_filter ] --START--
INFO: Run Behavior\ContentReplaceBehavior [ RunTime:0.000047s ]
INFO: [ template_filter ] --END-- [ RunTime:0.000122s ]
INFO: Run Behavior\ParseTemplateBehavior [ RunTime:0.044800s ]
INFO: [ view_parse ] --END-- [ RunTime:0.044888s ]
INFO: [ view_filter ] --START--
INFO: Run Behavior\WriteHtmlCacheBehavior [ RunTime:0.007905s ]
INFO: [ view_filter ] --END-- [ RunTime:0.007971s ]
INFO: [ app_end ] --START--
INFO: Run Behavior\ShowPageTraceBehavior [ RunTime:0.012037s ]
INFO: [ app_end ] --END-- [ RunTime:0.012109s ]

