[ 2016-10-30T00:01:02+08:00 ] 10.169.88.177 /home/bing/add_imginfo.html
INFO: [ app_init ] --START--
INFO: Run Behavior\BuildLiteBehavior [ RunTime:0.000015s ]
INFO: [ app_init ] --END-- [ RunTime:0.000309s ]
INFO: [ app_begin ] --START--
INFO: Run Behavior\ReadHtmlCacheBehavior [ RunTime:0.000376s ]
INFO: [ app_begin ] --END-- [ RunTime:0.000423s ]
SQL: SHOW COLUMNS FROM `tp_bing` [ RunTime:0.0006s ]
SQL: SELECT * FROM `tp_bing` WHERE `img_time` = '2016-10-30' LIMIT 1   [ RunTime:0.0004s ]
SQL: INSERT INTO `tp_bing` (`img_real_url`,`img_url`,`img_url_480`,`img_time`,`img_title`) VALUES ('http://s.cn.bing.net/az/hprichbg/rb/RedMaple_ZH-CN13551827423_1920x1080.jpg','Uploads/bing/2016-10-30.jpg','Uploads/bing/480.2016-10-30.jpg','2016-10-30','九寨沟国家公园内的枫树 (© Cornelia Doerr/Getty Images)') [ RunTime:0.0332s ]
INFO: [ app_end ] --START--
INFO: Run Behavior\ShowPageTraceBehavior [ RunTime:0.000566s ]
INFO: [ app_end ] --END-- [ RunTime:0.000619s ]

[ 2016-10-30T00:32:12+08:00 ] 10.169.88.177 /bing
INFO: [ app_init ] --START--
INFO: Run Behavior\BuildLiteBehavior [ RunTime:0.000015s ]
INFO: [ app_init ] --END-- [ RunTime:0.000300s ]
INFO: [ app_begin ] --START--
INFO: Run Behavior\ReadHtmlCacheBehavior [ RunTime:0.000376s ]
INFO: [ app_begin ] --END-- [ RunTime:0.000424s ]
SQL: SHOW COLUMNS FROM `tp_bing` [ RunTime:0.0006s ]
SQL: SELECT * FROM `tp_bing` WHERE `img_time` = '2016-10-30' LIMIT 1   [ RunTime:0.0004s ]

[ 2016-10-30T01:38:31+08:00 ] 10.169.88.177 /home/archives/index.html
INFO: [ app_init ] --START--
INFO: Run Behavior\BuildLiteBehavior [ RunTime:0.000015s ]
INFO: [ app_init ] --END-- [ RunTime:0.000310s ]
INFO: [ app_begin ] --START--
INFO: Run Behavior\ReadHtmlCacheBehavior [ RunTime:0.000453s ]
INFO: [ app_begin ] --END-- [ RunTime:0.000505s ]
SQL: SHOW COLUMNS FROM `tp_article` [ RunTime:0.0006s ]
SQL: SELECT `create_time`,COUNT( * ),GROUP_CONCAT(id) as id FROM `tp_article` GROUP BY FROM_UNIXTIME( create_time, "%Y年%m月%日" ) ORDER BY create_time DESC  [ RunTime:0.0007s ]
SQL: SELECT `id`,`title`,`create_time` FROM `tp_article` WHERE `id` IN ('33','32','31','30','29','28','27','26','25','34') ORDER BY create_time desc  [ RunTime:0.0003s ]
SQL: SELECT `id`,`title`,`create_time` FROM `tp_article` WHERE `id` IN ('19','20','21','22','24') ORDER BY create_time desc  [ RunTime:0.0003s ]
INFO: [ view_parse ] --START--
INFO: [ template_filter ] --START--
INFO: Run Behavior\ContentReplaceBehavior [ RunTime:0.000079s ]
INFO: [ template_filter ] --END-- [ RunTime:0.000135s ]
NOTIC: [8] Undefined variable: web_title /usr/share/httpd/blog/Application/Runtime/Cache/Home/3366c561da1773637233efd0b7e03a47.php 第 9 行.
NOTIC: [8] Undefined variable: web_title /usr/share/httpd/blog/Application/Runtime/Cache/Home/3366c561da1773637233efd0b7e03a47.php 第 23 行.
NOTIC: [8] Undefined variable: web_title /usr/share/httpd/blog/Application/Runtime/Cache/Home/3366c561da1773637233efd0b7e03a47.php 第 23 行.
NOTIC: [8] Undefined variable: web_title /usr/share/httpd/blog/Application/Runtime/Cache/Home/3366c561da1773637233efd0b7e03a47.php 第 68 行.
NOTIC: [8] Undefined variable: web_title /usr/share/httpd/blog/Application/Runtime/Cache/Home/3366c561da1773637233efd0b7e03a47.php 第 68 行.
NOTIC: [8] Use of undefined constant id - assumed 'id' /usr/share/httpd/blog/Application/Runtime/Cache/Home/3366c561da1773637233efd0b7e03a47.php 第 83 行.
NOTIC: [8] Use of undefined constant id - assumed 'id' /usr/share/httpd/blog/Application/Runtime/Cache/Home/3366c561da1773637233efd0b7e03a47.php 第 83 行.
NOTIC: [8] Use of undefined constant id - assumed 'id' /usr/share/httpd/blog/Application/Runtime/Cache/Home/3366c561da1773637233efd0b7e03a47.php 第 83 行.
NOTIC: [8] Use of undefined constant id - assumed 'id' /usr/share/httpd/blog/Application/Runtime/Cache/Home/3366c561da1773637233efd0b7e03a47.php 第 83 行.
NOTIC: [8] Use of undefined constant id - assumed 'id' /usr/share/httpd/blog/Application/Runtime/Cache/Home/3366c561da1773637233efd0b7e03a47.php 第 83 行.
NOTIC: [8] Use of undefined constant id - assumed 'id' /usr/share/httpd/blog/Application/Runtime/Cache/Home/3366c561da1773637233efd0b7e03a47.php 第 83 行.
NOTIC: [8] Use of undefined constant id - assumed 'id' /usr/share/httpd/blog/Application/Runtime/Cache/Home/3366c561da1773637233efd0b7e03a47.php 第 83 行.
NOTIC: [8] Use of undefined constant id - assumed 'id' /usr/share/httpd/blog/Application/Runtime/Cache/Home/3366c561da1773637233efd0b7e03a47.php 第 83 行.
NOTIC: [8] Use of undefined constant id - assumed 'id' /usr/share/httpd/blog/Application/Runtime/Cache/Home/3366c561da1773637233efd0b7e03a47.php 第 83 行.
NOTIC: [8] Use of undefined constant id - assumed 'id' /usr/share/httpd/blog/Application/Runtime/Cache/Home/3366c561da1773637233efd0b7e03a47.php 第 83 行.
NOTIC: [8] Use of undefined constant id - assumed 'id' /usr/share/httpd/blog/Application/Runtime/Cache/Home/3366c561da1773637233efd0b7e03a47.php 第 83 行.
NOTIC: [8] Use of undefined constant id - assumed 'id' /usr/share/httpd/blog/Application/Runtime/Cache/Home/3366c561da1773637233efd0b7e03a47.php 第 83 行.
NOTIC: [8] Use of undefined constant id - assumed 'id' /usr/share/httpd/blog/Application/Runtime/Cache/Home/3366c561da1773637233efd0b7e03a47.php 第 83 行.
NOTIC: [8] Use of undefined constant id - assumed 'id' /usr/share/httpd/blog/Application/Runtime/Cache/Home/3366c561da1773637233efd0b7e03a47.php 第 83 行.
NOTIC: [8] Use of undefined constant id - assumed 'id' /usr/share/httpd/blog/Application/Runtime/Cache/Home/3366c561da1773637233efd0b7e03a47.php 第 83 行.
INFO: Run Behavior\ParseTemplateBehavior [ RunTime:0.010747s ]
INFO: [ view_parse ] --END-- [ RunTime:0.010793s ]
INFO: [ view_filter ] --START--
INFO: Run Behavior\WriteHtmlCacheBehavior [ RunTime:0.000121s ]
INFO: [ view_filter ] --END-- [ RunTime:0.000178s ]
INFO: [ app_end ] --START--
INFO: Run Behavior\ShowPageTraceBehavior [ RunTime:0.000389s ]
INFO: [ app_end ] --END-- [ RunTime:0.000431s ]

[ 2016-10-30T06:09:50+08:00 ] 10.169.88.177 /
INFO: [ app_init ] --START--
INFO: Run Behavior\BuildLiteBehavior [ RunTime:0.000016s ]
INFO: [ app_init ] --END-- [ RunTime:0.000376s ]
INFO: [ app_begin ] --START--
INFO: Run Behavior\ReadHtmlCacheBehavior [ RunTime:0.000420s ]
INFO: [ app_begin ] --END-- [ RunTime:0.000477s ]
INFO: [ view_parse ] --START--
INFO: [ template_filter ] --START--
INFO: Run Behavior\ContentReplaceBehavior [ RunTime:0.000089s ]
INFO: [ template_filter ] --END-- [ RunTime:0.000137s ]
NOTIC: [8] Undefined variable: web_title /usr/share/httpd/blog/Application/Runtime/Cache/Home/2a94b8bda04ff446dcedd42276fc99ee.php 第 9 行.
NOTIC: [8] Undefined variable: web_title /usr/share/httpd/blog/Application/Runtime/Cache/Home/2a94b8bda04ff446dcedd42276fc99ee.php 第 23 行.
NOTIC: [8] Undefined variable: web_title /usr/share/httpd/blog/Application/Runtime/Cache/Home/2a94b8bda04ff446dcedd42276fc99ee.php 第 23 行.
NOTIC: [8] Undefined variable: web_title /usr/share/httpd/blog/Application/Runtime/Cache/Home/2a94b8bda04ff446dcedd42276fc99ee.php 第 68 行.
NOTIC: [8] Undefined variable: web_title /usr/share/httpd/blog/Application/Runtime/Cache/Home/2a94b8bda04ff446dcedd42276fc99ee.php 第 68 行.
INFO: Run Behavior\ParseTemplateBehavior [ RunTime:0.008790s ]
INFO: [ view_parse ] --END-- [ RunTime:0.008834s ]
INFO: [ view_filter ] --START--
INFO: Run Behavior\WriteHtmlCacheBehavior [ RunTime:0.000128s ]
INFO: [ view_filter ] --END-- [ RunTime:0.000170s ]
INFO: [ app_end ] --START--
INFO: Run Behavior\ShowPageTraceBehavior [ RunTime:0.000419s ]
INFO: [ app_end ] --END-- [ RunTime:0.000469s ]

[ 2016-10-30T14:31:52+08:00 ] 10.169.88.177 /home/index/index/tags_id/13.html
INFO: [ app_init ] --START--
INFO: Run Behavior\BuildLiteBehavior [ RunTime:0.000022s ]
INFO: [ app_init ] --END-- [ RunTime:0.000439s ]
INFO: [ app_begin ] --START--
INFO: Run Behavior\ReadHtmlCacheBehavior [ RunTime:0.000467s ]
INFO: [ app_begin ] --END-- [ RunTime:0.000517s ]
INFO: [ view_parse ] --START--
INFO: [ template_filter ] --START--
INFO: Run Behavior\ContentReplaceBehavior [ RunTime:0.000084s ]
INFO: [ template_filter ] --END-- [ RunTime:0.000134s ]
NOTIC: [8] Undefined variable: web_title /usr/share/httpd/blog/Application/Runtime/Cache/Home/2a94b8bda04ff446dcedd42276fc99ee.php 第 9 行.
NOTIC: [8] Undefined variable: web_title /usr/share/httpd/blog/Application/Runtime/Cache/Home/2a94b8bda04ff446dcedd42276fc99ee.php 第 23 行.
NOTIC: [8] Undefined variable: web_title /usr/share/httpd/blog/Application/Runtime/Cache/Home/2a94b8bda04ff446dcedd42276fc99ee.php 第 23 行.
NOTIC: [8] Undefined variable: web_title /usr/share/httpd/blog/Application/Runtime/Cache/Home/2a94b8bda04ff446dcedd42276fc99ee.php 第 68 行.
NOTIC: [8] Undefined variable: web_title /usr/share/httpd/blog/Application/Runtime/Cache/Home/2a94b8bda04ff446dcedd42276fc99ee.php 第 68 行.
INFO: Run Behavior\ParseTemplateBehavior [ RunTime:0.008763s ]
INFO: [ view_parse ] --END-- [ RunTime:0.008814s ]
INFO: [ view_filter ] --START--
INFO: Run Behavior\WriteHtmlCacheBehavior [ RunTime:0.000128s ]
INFO: [ view_filter ] --END-- [ RunTime:0.000169s ]
INFO: [ app_end ] --START--
INFO: Run Behavior\ShowPageTraceBehavior [ RunTime:0.000405s ]
INFO: [ app_end ] --END-- [ RunTime:0.000467s ]

