[ 2016-11-02T00:01:03+08:00 ] 10.169.88.177 /home/bing/add_imginfo.html
INFO: [ app_init ] --START--
INFO: Run Behavior\BuildLiteBehavior [ RunTime:0.000015s ]
INFO: [ app_init ] --END-- [ RunTime:0.000302s ]
INFO: [ app_begin ] --START--
INFO: Run Behavior\ReadHtmlCacheBehavior [ RunTime:0.001085s ]
INFO: [ app_begin ] --END-- [ RunTime:0.001134s ]
SQL: SHOW COLUMNS FROM `tp_bing` [ RunTime:0.0007s ]
SQL: SELECT * FROM `tp_bing` WHERE `img_time` = '2016-11-02' LIMIT 1   [ RunTime:0.0004s ]
NOTIC: [8] Undefined index: error /usr/share/httpd/blog/Application/Model/Qiniu.class.php 第 56 行.
NOTIC: [8] Undefined index: error /usr/share/httpd/blog/Application/Model/Qiniu.class.php 第 56 行.
SQL: INSERT INTO `tp_bing` (`img_real_url`,`img_url`,`img_url_480`,`img_time`,`img_title`) VALUES ('http://s.cn.bing.net/az/hprichbg/rb/JamnikSlovenia_ZH-CN12254942310_1920x1080.jpg','http://ofsvy074q.bkt.clouddn.com/1920.2016-11-02.jpg','http://ofsvy074q.bkt.clouddn.com/1920.2016-11-02.jpg','2016-11-02','Saints Primus教堂和Felician教堂，亚姆尼克小镇， 斯洛文尼亚 (© Ian Middleton/Alamy)') [ RunTime:0.0263s ]
INFO: [ app_end ] --START--
INFO: Run Behavior\ShowPageTraceBehavior [ RunTime:0.000569s ]
INFO: [ app_end ] --END-- [ RunTime:0.000618s ]

[ 2016-11-02T06:10:20+08:00 ] 10.169.88.177 /
INFO: [ app_init ] --START--
INFO: Run Behavior\BuildLiteBehavior [ RunTime:0.000018s ]
INFO: [ app_init ] --END-- [ RunTime:0.000334s ]
INFO: [ app_begin ] --START--
INFO: Run Behavior\ReadHtmlCacheBehavior [ RunTime:0.000371s ]
INFO: [ app_begin ] --END-- [ RunTime:0.000416s ]
INFO: [ view_parse ] --START--
INFO: [ template_filter ] --START--
INFO: Run Behavior\ContentReplaceBehavior [ RunTime:0.000085s ]
INFO: [ template_filter ] --END-- [ RunTime:0.000155s ]
NOTIC: [8] Undefined variable: web_title /usr/share/httpd/blog/Application/Runtime/Cache/Home/2a94b8bda04ff446dcedd42276fc99ee.php 第 9 行.
NOTIC: [8] Undefined variable: web_title /usr/share/httpd/blog/Application/Runtime/Cache/Home/2a94b8bda04ff446dcedd42276fc99ee.php 第 23 行.
NOTIC: [8] Undefined variable: web_title /usr/share/httpd/blog/Application/Runtime/Cache/Home/2a94b8bda04ff446dcedd42276fc99ee.php 第 23 行.
NOTIC: [8] Undefined variable: web_title /usr/share/httpd/blog/Application/Runtime/Cache/Home/2a94b8bda04ff446dcedd42276fc99ee.php 第 68 行.
NOTIC: [8] Undefined variable: web_title /usr/share/httpd/blog/Application/Runtime/Cache/Home/2a94b8bda04ff446dcedd42276fc99ee.php 第 68 行.
INFO: Run Behavior\ParseTemplateBehavior [ RunTime:0.007941s ]
INFO: [ view_parse ] --END-- [ RunTime:0.007983s ]
INFO: [ view_filter ] --START--
INFO: Run Behavior\WriteHtmlCacheBehavior [ RunTime:0.000147s ]
INFO: [ view_filter ] --END-- [ RunTime:0.000186s ]
INFO: [ app_end ] --START--
INFO: Run Behavior\ShowPageTraceBehavior [ RunTime:0.000434s ]
INFO: [ app_end ] --END-- [ RunTime:0.000494s ]

[ 2016-11-02T14:52:13+08:00 ] 10.169.88.177 /home/bing
INFO: [ app_init ] --START--
INFO: Run Behavior\BuildLiteBehavior [ RunTime:0.000019s ]
INFO: [ app_init ] --END-- [ RunTime:0.000333s ]
INFO: [ app_begin ] --START--
INFO: Run Behavior\ReadHtmlCacheBehavior [ RunTime:0.003429s ]
INFO: [ app_begin ] --END-- [ RunTime:0.003477s ]
INFO: [ view_parse ] --START--
INFO: [ template_filter ] --START--
INFO: Run Behavior\ContentReplaceBehavior [ RunTime:0.000080s ]
INFO: [ template_filter ] --END-- [ RunTime:0.000134s ]
NOTIC: [8] Undefined variable: web_title /usr/share/httpd/blog/Application/Runtime/Cache/Home/1ea03fdd8a78f5ec7e5062d3ef956260.php 第 9 行.
NOTIC: [8] Undefined variable: web_title /usr/share/httpd/blog/Application/Runtime/Cache/Home/1ea03fdd8a78f5ec7e5062d3ef956260.php 第 23 行.
NOTIC: [8] Undefined variable: web_title /usr/share/httpd/blog/Application/Runtime/Cache/Home/1ea03fdd8a78f5ec7e5062d3ef956260.php 第 23 行.
NOTIC: [8] Undefined variable: web_title /usr/share/httpd/blog/Application/Runtime/Cache/Home/1ea03fdd8a78f5ec7e5062d3ef956260.php 第 68 行.
NOTIC: [8] Undefined variable: web_title /usr/share/httpd/blog/Application/Runtime/Cache/Home/1ea03fdd8a78f5ec7e5062d3ef956260.php 第 68 行.
INFO: Run Behavior\ParseTemplateBehavior [ RunTime:0.009254s ]
INFO: [ view_parse ] --END-- [ RunTime:0.009299s ]
INFO: [ view_filter ] --START--
INFO: Run Behavior\WriteHtmlCacheBehavior [ RunTime:0.000130s ]
INFO: [ view_filter ] --END-- [ RunTime:0.000169s ]
INFO: [ app_end ] --START--
INFO: Run Behavior\ShowPageTraceBehavior [ RunTime:0.000429s ]
INFO: [ app_end ] --END-- [ RunTime:0.000479s ]

[ 2016-11-02T14:52:16+08:00 ] 10.169.88.177 /home/bing/get_img_totalPage.html
INFO: [ app_init ] --START--
INFO: Run Behavior\BuildLiteBehavior [ RunTime:0.000014s ]
INFO: [ app_init ] --END-- [ RunTime:0.000299s ]
INFO: [ app_begin ] --START--
INFO: Run Behavior\ReadHtmlCacheBehavior [ RunTime:0.000387s ]
INFO: [ app_begin ] --END-- [ RunTime:0.000431s ]
SQL: SHOW COLUMNS FROM `tp_bing` [ RunTime:0.0006s ]
SQL: SELECT COUNT(*) AS tp_count FROM `tp_bing` LIMIT 1   [ RunTime:0.0003s ]

[ 2016-11-02T14:52:17+08:00 ] 10.169.88.177 /home/bing/lists.html?start=0&length=9
INFO: [ app_init ] --START--
INFO: Run Behavior\BuildLiteBehavior [ RunTime:0.000015s ]
INFO: [ app_init ] --END-- [ RunTime:0.000317s ]
INFO: [ app_begin ] --START--
INFO: Run Behavior\ReadHtmlCacheBehavior [ RunTime:0.000366s ]
INFO: [ app_begin ] --END-- [ RunTime:0.000408s ]
SQL: SHOW COLUMNS FROM `tp_bing` [ RunTime:0.0006s ]
NOTIC: [8] Undefined index: field /usr/share/httpd/blog/Application/Home/Entity/Bing.class.php 第 23 行.
SQL: SELECT * FROM `tp_bing` ORDER BY img_time desc LIMIT 0,9   [ RunTime:0.0004s ]
INFO: [ view_parse ] --START--
INFO: [ template_filter ] --START--
INFO: Run Behavior\ContentReplaceBehavior [ RunTime:0.000112s ]
INFO: [ template_filter ] --END-- [ RunTime:0.000160s ]
INFO: Run Behavior\ParseTemplateBehavior [ RunTime:0.010865s ]
INFO: [ view_parse ] --END-- [ RunTime:0.010909s ]
INFO: [ view_filter ] --START--
INFO: Run Behavior\WriteHtmlCacheBehavior [ RunTime:0.000146s ]
INFO: [ view_filter ] --END-- [ RunTime:0.000181s ]
INFO: [ app_end ] --START--
INFO: Run Behavior\ShowPageTraceBehavior [ RunTime:0.000381s ]
INFO: [ app_end ] --END-- [ RunTime:0.000420s ]

[ 2016-11-02T14:52:54+08:00 ] 10.169.88.177 /home/bing/lists.html?start=9&length=9
INFO: [ app_init ] --START--
INFO: Run Behavior\BuildLiteBehavior [ RunTime:0.000015s ]
INFO: [ app_init ] --END-- [ RunTime:0.000971s ]
INFO: [ app_begin ] --START--
INFO: Run Behavior\ReadHtmlCacheBehavior [ RunTime:0.000374s ]
INFO: [ app_begin ] --END-- [ RunTime:0.000416s ]
SQL: SHOW COLUMNS FROM `tp_bing` [ RunTime:0.0006s ]
NOTIC: [8] Undefined index: field /usr/share/httpd/blog/Application/Home/Entity/Bing.class.php 第 23 行.
SQL: SELECT * FROM `tp_bing` ORDER BY img_time desc LIMIT 9,9   [ RunTime:0.0005s ]
INFO: [ view_parse ] --START--
INFO: [ template_filter ] --START--
INFO: Run Behavior\ContentReplaceBehavior [ RunTime:0.000110s ]
INFO: [ template_filter ] --END-- [ RunTime:0.000157s ]
INFO: Run Behavior\ParseTemplateBehavior [ RunTime:0.011074s ]
INFO: [ view_parse ] --END-- [ RunTime:0.011119s ]
INFO: [ view_filter ] --START--
INFO: Run Behavior\WriteHtmlCacheBehavior [ RunTime:0.000125s ]
INFO: [ view_filter ] --END-- [ RunTime:0.000160s ]
INFO: [ app_end ] --START--
INFO: Run Behavior\ShowPageTraceBehavior [ RunTime:0.000386s ]
INFO: [ app_end ] --END-- [ RunTime:0.000425s ]

[ 2016-11-02T14:52:55+08:00 ] 10.169.88.177 /home/bing/lists.html?start=18&length=9
INFO: [ app_init ] --START--
INFO: Run Behavior\BuildLiteBehavior [ RunTime:0.000017s ]
INFO: [ app_init ] --END-- [ RunTime:0.000308s ]
INFO: [ app_begin ] --START--
INFO: Run Behavior\ReadHtmlCacheBehavior [ RunTime:0.000376s ]
INFO: [ app_begin ] --END-- [ RunTime:0.000420s ]
SQL: SHOW COLUMNS FROM `tp_bing` [ RunTime:0.0006s ]
NOTIC: [8] Undefined index: field /usr/share/httpd/blog/Application/Home/Entity/Bing.class.php 第 23 行.
SQL: SELECT * FROM `tp_bing` ORDER BY img_time desc LIMIT 18,9   [ RunTime:0.0012s ]
INFO: [ view_parse ] --START--
INFO: [ template_filter ] --START--
INFO: Run Behavior\ContentReplaceBehavior [ RunTime:0.000117s ]
INFO: [ template_filter ] --END-- [ RunTime:0.000166s ]
INFO: Run Behavior\ParseTemplateBehavior [ RunTime:0.010867s ]
INFO: [ view_parse ] --END-- [ RunTime:0.010911s ]
INFO: [ view_filter ] --START--
INFO: Run Behavior\WriteHtmlCacheBehavior [ RunTime:0.000118s ]
INFO: [ view_filter ] --END-- [ RunTime:0.000155s ]
INFO: [ app_end ] --START--
INFO: Run Behavior\ShowPageTraceBehavior [ RunTime:0.000398s ]
INFO: [ app_end ] --END-- [ RunTime:0.000441s ]

[ 2016-11-02T14:52:59+08:00 ] 10.169.88.177 /home/bing/lists.html?start=27&length=9
INFO: [ app_init ] --START--
INFO: Run Behavior\BuildLiteBehavior [ RunTime:0.000016s ]
INFO: [ app_init ] --END-- [ RunTime:0.000309s ]
INFO: [ app_begin ] --START--
INFO: Run Behavior\ReadHtmlCacheBehavior [ RunTime:0.000396s ]
INFO: [ app_begin ] --END-- [ RunTime:0.000438s ]
SQL: SHOW COLUMNS FROM `tp_bing` [ RunTime:0.0006s ]
NOTIC: [8] Undefined index: field /usr/share/httpd/blog/Application/Home/Entity/Bing.class.php 第 23 行.
SQL: SELECT * FROM `tp_bing` ORDER BY img_time desc LIMIT 27,9   [ RunTime:0.0005s ]
INFO: [ view_parse ] --START--
INFO: [ template_filter ] --START--
INFO: Run Behavior\ContentReplaceBehavior [ RunTime:0.000111s ]
INFO: [ template_filter ] --END-- [ RunTime:0.000160s ]
INFO: Run Behavior\ParseTemplateBehavior [ RunTime:0.011101s ]
INFO: [ view_parse ] --END-- [ RunTime:0.011147s ]
INFO: [ view_filter ] --START--
INFO: Run Behavior\WriteHtmlCacheBehavior [ RunTime:0.000122s ]
INFO: [ view_filter ] --END-- [ RunTime:0.000159s ]
INFO: [ app_end ] --START--
INFO: Run Behavior\ShowPageTraceBehavior [ RunTime:0.000382s ]
INFO: [ app_end ] --END-- [ RunTime:0.000421s ]

[ 2016-11-02T14:53:04+08:00 ] 10.169.88.177 /home/bing/lists.html?start=36&length=9
INFO: [ app_init ] --START--
INFO: Run Behavior\BuildLiteBehavior [ RunTime:0.000032s ]
INFO: [ app_init ] --END-- [ RunTime:0.000312s ]
INFO: [ app_begin ] --START--
INFO: Run Behavior\ReadHtmlCacheBehavior [ RunTime:0.000365s ]
INFO: [ app_begin ] --END-- [ RunTime:0.000406s ]
SQL: SHOW COLUMNS FROM `tp_bing` [ RunTime:0.0006s ]
NOTIC: [8] Undefined index: field /usr/share/httpd/blog/Application/Home/Entity/Bing.class.php 第 23 行.
SQL: SELECT * FROM `tp_bing` ORDER BY img_time desc LIMIT 36,9   [ RunTime:0.0005s ]
INFO: [ view_parse ] --START--
INFO: [ template_filter ] --START--
INFO: Run Behavior\ContentReplaceBehavior [ RunTime:0.000128s ]
INFO: [ template_filter ] --END-- [ RunTime:0.000179s ]
INFO: Run Behavior\ParseTemplateBehavior [ RunTime:0.011332s ]
INFO: [ view_parse ] --END-- [ RunTime:0.011376s ]
INFO: [ view_filter ] --START--
INFO: Run Behavior\WriteHtmlCacheBehavior [ RunTime:0.000139s ]
INFO: [ view_filter ] --END-- [ RunTime:0.000176s ]
INFO: [ app_end ] --START--
INFO: Run Behavior\ShowPageTraceBehavior [ RunTime:0.000381s ]
INFO: [ app_end ] --END-- [ RunTime:0.000419s ]

