[ 2016-11-14T00:01:02+08:00 ] 10.169.88.177 /home/bing/add_imginfo.html
INFO: [ app_init ] --START--
INFO: Run Behavior\BuildLiteBehavior [ RunTime:0.000018s ]
INFO: [ app_init ] --END-- [ RunTime:0.000376s ]
INFO: [ app_begin ] --START--
INFO: Run Behavior\ReadHtmlCacheBehavior [ RunTime:0.000430s ]
INFO: [ app_begin ] --END-- [ RunTime:0.000481s ]
SQL: SHOW COLUMNS FROM `tp_bing` [ RunTime:0.0006s ]
SQL: SELECT * FROM `tp_bing` WHERE `img_time` = '2016-11-14' LIMIT 1   [ RunTime:0.0004s ]
NOTIC: [8] Undefined index: error /usr/share/httpd/blog/Application/Model/Qiniu.class.php 第 56 行.
NOTIC: [8] Undefined index: error /usr/share/httpd/blog/Application/Model/Qiniu.class.php 第 56 行.
SQL: INSERT INTO `tp_bing` (`img_real_url`,`img_url`,`img_url_480`,`img_time`,`img_title`) VALUES ('http://s.cn.bing.net/az/hprichbg/rb/Hungerburgbahn_ZH-CN12632091555_1920x1080.jpg','http://ofsvy074q.bkt.clouddn.com/1920.2016-11-14.jpg','http://ofsvy074q.bkt.clouddn.com/480.2016-11-14.jpg','2016-11-14','罗德帕克缆车站，因斯布鲁克，奥地利 (© imageBROKER/Alamy)') [ RunTime:0.0499s ]
INFO: [ app_end ] --START--
INFO: Run Behavior\ShowPageTraceBehavior [ RunTime:0.000665s ]
INFO: [ app_end ] --END-- [ RunTime:0.000721s ]

[ 2016-11-14T06:26:57+08:00 ] 10.169.88.177 /
INFO: [ app_init ] --START--
INFO: Run Behavior\BuildLiteBehavior [ RunTime:0.000017s ]
INFO: [ app_init ] --END-- [ RunTime:0.000372s ]
INFO: [ app_begin ] --START--
INFO: Run Behavior\ReadHtmlCacheBehavior [ RunTime:0.000410s ]
INFO: [ app_begin ] --END-- [ RunTime:0.000462s ]
INFO: [ view_parse ] --START--
INFO: [ template_filter ] --START--
INFO: Run Behavior\ContentReplaceBehavior [ RunTime:0.000082s ]
INFO: [ template_filter ] --END-- [ RunTime:0.000130s ]
NOTIC: [8] Undefined variable: web_title /usr/share/httpd/blog/Application/Runtime/Cache/Home/2a94b8bda04ff446dcedd42276fc99ee.php 第 9 行.
NOTIC: [8] Undefined variable: web_title /usr/share/httpd/blog/Application/Runtime/Cache/Home/2a94b8bda04ff446dcedd42276fc99ee.php 第 23 行.
NOTIC: [8] Undefined variable: web_title /usr/share/httpd/blog/Application/Runtime/Cache/Home/2a94b8bda04ff446dcedd42276fc99ee.php 第 23 行.
NOTIC: [8] Undefined variable: web_title /usr/share/httpd/blog/Application/Runtime/Cache/Home/2a94b8bda04ff446dcedd42276fc99ee.php 第 68 行.
NOTIC: [8] Undefined variable: web_title /usr/share/httpd/blog/Application/Runtime/Cache/Home/2a94b8bda04ff446dcedd42276fc99ee.php 第 68 行.
INFO: Run Behavior\ParseTemplateBehavior [ RunTime:0.008932s ]
INFO: [ view_parse ] --END-- [ RunTime:0.008978s ]
INFO: [ view_filter ] --START--
INFO: Run Behavior\WriteHtmlCacheBehavior [ RunTime:0.000129s ]
INFO: [ view_filter ] --END-- [ RunTime:0.000168s ]
INFO: [ app_end ] --START--
INFO: Run Behavior\ShowPageTraceBehavior [ RunTime:0.000446s ]
INFO: [ app_end ] --END-- [ RunTime:0.000492s ]

[ 2016-11-14T11:03:05+08:00 ] 10.169.88.177 /
INFO: [ app_init ] --START--
INFO: Run Behavior\BuildLiteBehavior [ RunTime:0.000027s ]
INFO: [ app_init ] --END-- [ RunTime:0.000528s ]
INFO: [ app_begin ] --START--
INFO: Run Behavior\ReadHtmlCacheBehavior [ RunTime:0.000477s ]
INFO: [ app_begin ] --END-- [ RunTime:0.000528s ]
INFO: [ view_parse ] --START--
INFO: [ template_filter ] --START--
INFO: Run Behavior\ContentReplaceBehavior [ RunTime:0.000100s ]
INFO: [ template_filter ] --END-- [ RunTime:0.000162s ]
NOTIC: [8] Undefined variable: web_title /usr/share/httpd/blog/Application/Runtime/Cache/Home/2a94b8bda04ff446dcedd42276fc99ee.php 第 9 行.
NOTIC: [8] Undefined variable: web_title /usr/share/httpd/blog/Application/Runtime/Cache/Home/2a94b8bda04ff446dcedd42276fc99ee.php 第 23 行.
NOTIC: [8] Undefined variable: web_title /usr/share/httpd/blog/Application/Runtime/Cache/Home/2a94b8bda04ff446dcedd42276fc99ee.php 第 23 行.
NOTIC: [8] Undefined variable: web_title /usr/share/httpd/blog/Application/Runtime/Cache/Home/2a94b8bda04ff446dcedd42276fc99ee.php 第 68 行.
NOTIC: [8] Undefined variable: web_title /usr/share/httpd/blog/Application/Runtime/Cache/Home/2a94b8bda04ff446dcedd42276fc99ee.php 第 68 行.
INFO: Run Behavior\ParseTemplateBehavior [ RunTime:0.008982s ]
INFO: [ view_parse ] --END-- [ RunTime:0.009032s ]
INFO: [ view_filter ] --START--
INFO: Run Behavior\WriteHtmlCacheBehavior [ RunTime:0.000128s ]
INFO: [ view_filter ] --END-- [ RunTime:0.000167s ]
INFO: [ app_end ] --START--
INFO: Run Behavior\ShowPageTraceBehavior [ RunTime:0.000390s ]
INFO: [ app_end ] --END-- [ RunTime:0.000436s ]

[ 2016-11-14T11:03:11+08:00 ] 10.169.88.177 /home/index/get_article_totalPage.html
INFO: [ app_init ] --START--
INFO: Run Behavior\BuildLiteBehavior [ RunTime:0.000014s ]
INFO: [ app_init ] --END-- [ RunTime:0.000308s ]
INFO: [ app_begin ] --START--
INFO: Run Behavior\ReadHtmlCacheBehavior [ RunTime:0.000418s ]
INFO: [ app_begin ] --END-- [ RunTime:0.000466s ]
SQL: SHOW COLUMNS FROM `tp_article` [ RunTime:0.0007s ]
NOTIC: [8] Undefined index: tags_id /usr/share/httpd/blog/Application/Home/Entity/Article.class.php 第 42 行.
SQL: SELECT COUNT(*) AS tp_count FROM `tp_article` LIMIT 1   [ RunTime:0.0003s ]

[ 2016-11-14T11:03:28+08:00 ] 10.169.88.177 /home/bing/index.html
INFO: [ app_init ] --START--
INFO: Run Behavior\BuildLiteBehavior [ RunTime:0.000017s ]
INFO: [ app_init ] --END-- [ RunTime:0.000354s ]
INFO: [ app_begin ] --START--
INFO: Run Behavior\ReadHtmlCacheBehavior [ RunTime:0.000416s ]
INFO: [ app_begin ] --END-- [ RunTime:0.000476s ]
INFO: [ view_parse ] --START--
INFO: [ template_filter ] --START--
INFO: Run Behavior\ContentReplaceBehavior [ RunTime:0.000318s ]
INFO: [ template_filter ] --END-- [ RunTime:0.000372s ]
NOTIC: [8] Undefined variable: web_title /usr/share/httpd/blog/Application/Runtime/Cache/Home/1ea03fdd8a78f5ec7e5062d3ef956260.php 第 9 行.
NOTIC: [8] Undefined variable: web_title /usr/share/httpd/blog/Application/Runtime/Cache/Home/1ea03fdd8a78f5ec7e5062d3ef956260.php 第 23 行.
NOTIC: [8] Undefined variable: web_title /usr/share/httpd/blog/Application/Runtime/Cache/Home/1ea03fdd8a78f5ec7e5062d3ef956260.php 第 23 行.
NOTIC: [8] Undefined variable: web_title /usr/share/httpd/blog/Application/Runtime/Cache/Home/1ea03fdd8a78f5ec7e5062d3ef956260.php 第 68 行.
NOTIC: [8] Undefined variable: web_title /usr/share/httpd/blog/Application/Runtime/Cache/Home/1ea03fdd8a78f5ec7e5062d3ef956260.php 第 68 行.
INFO: Run Behavior\ParseTemplateBehavior [ RunTime:0.009578s ]
INFO: [ view_parse ] --END-- [ RunTime:0.009625s ]
INFO: [ view_filter ] --START--
INFO: Run Behavior\WriteHtmlCacheBehavior [ RunTime:0.000123s ]
INFO: [ view_filter ] --END-- [ RunTime:0.000162s ]
INFO: [ app_end ] --START--
INFO: Run Behavior\ShowPageTraceBehavior [ RunTime:0.000440s ]
INFO: [ app_end ] --END-- [ RunTime:0.000494s ]

[ 2016-11-14T11:03:29+08:00 ] 10.169.88.177 /home/bing/get_img_totalPage.html
INFO: [ app_init ] --START--
INFO: Run Behavior\BuildLiteBehavior [ RunTime:0.000018s ]
INFO: [ app_init ] --END-- [ RunTime:0.000356s ]
INFO: [ app_begin ] --START--
INFO: Run Behavior\ReadHtmlCacheBehavior [ RunTime:0.000613s ]
INFO: [ app_begin ] --END-- [ RunTime:0.000704s ]
SQL: SHOW COLUMNS FROM `tp_bing` [ RunTime:0.0006s ]
SQL: SELECT COUNT(*) AS tp_count FROM `tp_bing` LIMIT 1   [ RunTime:0.0003s ]

[ 2016-11-14T11:03:30+08:00 ] 10.169.88.177 /home/bing/lists.html?start=0&length=9
INFO: [ app_init ] --START--
INFO: Run Behavior\BuildLiteBehavior [ RunTime:0.000019s ]
INFO: [ app_init ] --END-- [ RunTime:0.000423s ]
INFO: [ app_begin ] --START--
INFO: Run Behavior\ReadHtmlCacheBehavior [ RunTime:0.000465s ]
INFO: [ app_begin ] --END-- [ RunTime:0.000541s ]
SQL: SHOW COLUMNS FROM `tp_bing` [ RunTime:0.0006s ]
NOTIC: [8] Undefined index: field /usr/share/httpd/blog/Application/Home/Entity/Bing.class.php 第 23 行.
SQL: SELECT * FROM `tp_bing` ORDER BY img_time desc LIMIT 0,9   [ RunTime:0.0004s ]
INFO: [ view_parse ] --START--
INFO: [ template_filter ] --START--
INFO: Run Behavior\ContentReplaceBehavior [ RunTime:0.000124s ]
INFO: [ template_filter ] --END-- [ RunTime:0.000170s ]
INFO: Run Behavior\ParseTemplateBehavior [ RunTime:0.011955s ]
INFO: [ view_parse ] --END-- [ RunTime:0.012005s ]
INFO: [ view_filter ] --START--
INFO: Run Behavior\WriteHtmlCacheBehavior [ RunTime:0.000122s ]
INFO: [ view_filter ] --END-- [ RunTime:0.000160s ]
INFO: [ app_end ] --START--
INFO: Run Behavior\ShowPageTraceBehavior [ RunTime:0.000389s ]
INFO: [ app_end ] --END-- [ RunTime:0.000429s ]

[ 2016-11-14T11:03:35+08:00 ] 10.169.88.177 /home/bing/lists.html?start=9&length=9
INFO: [ app_init ] --START--
INFO: Run Behavior\BuildLiteBehavior [ RunTime:0.000018s ]
INFO: [ app_init ] --END-- [ RunTime:0.000323s ]
INFO: [ app_begin ] --START--
INFO: Run Behavior\ReadHtmlCacheBehavior [ RunTime:0.000488s ]
INFO: [ app_begin ] --END-- [ RunTime:0.000535s ]
SQL: SHOW COLUMNS FROM `tp_bing` [ RunTime:0.0006s ]
NOTIC: [8] Undefined index: field /usr/share/httpd/blog/Application/Home/Entity/Bing.class.php 第 23 行.
SQL: SELECT * FROM `tp_bing` ORDER BY img_time desc LIMIT 9,9   [ RunTime:0.0004s ]
INFO: [ view_parse ] --START--
INFO: [ template_filter ] --START--
INFO: Run Behavior\ContentReplaceBehavior [ RunTime:0.000136s ]
INFO: [ template_filter ] --END-- [ RunTime:0.000185s ]
INFO: Run Behavior\ParseTemplateBehavior [ RunTime:0.012092s ]
INFO: [ view_parse ] --END-- [ RunTime:0.012136s ]
INFO: [ view_filter ] --START--
INFO: Run Behavior\WriteHtmlCacheBehavior [ RunTime:0.000139s ]
INFO: [ view_filter ] --END-- [ RunTime:0.000176s ]
INFO: [ app_end ] --START--
INFO: Run Behavior\ShowPageTraceBehavior [ RunTime:0.000388s ]
INFO: [ app_end ] --END-- [ RunTime:0.000432s ]

[ 2016-11-14T11:03:35+08:00 ] 10.169.88.177 /home/bing/lists.html?start=18&length=9
INFO: [ app_init ] --START--
INFO: Run Behavior\BuildLiteBehavior [ RunTime:0.000018s ]
INFO: [ app_init ] --END-- [ RunTime:0.000389s ]
INFO: [ app_begin ] --START--
INFO: Run Behavior\ReadHtmlCacheBehavior [ RunTime:0.000431s ]
INFO: [ app_begin ] --END-- [ RunTime:0.000480s ]
SQL: SHOW COLUMNS FROM `tp_bing` [ RunTime:0.0006s ]
NOTIC: [8] Undefined index: field /usr/share/httpd/blog/Application/Home/Entity/Bing.class.php 第 23 行.
SQL: SELECT * FROM `tp_bing` ORDER BY img_time desc LIMIT 18,9   [ RunTime:0.0005s ]
INFO: [ view_parse ] --START--
INFO: [ template_filter ] --START--
INFO: Run Behavior\ContentReplaceBehavior [ RunTime:0.000122s ]
INFO: [ template_filter ] --END-- [ RunTime:0.000201s ]
INFO: Run Behavior\ParseTemplateBehavior [ RunTime:0.011883s ]
INFO: [ view_parse ] --END-- [ RunTime:0.011930s ]
INFO: [ view_filter ] --START--
INFO: Run Behavior\WriteHtmlCacheBehavior [ RunTime:0.000120s ]
INFO: [ view_filter ] --END-- [ RunTime:0.000158s ]
INFO: [ app_end ] --START--
INFO: Run Behavior\ShowPageTraceBehavior [ RunTime:0.000386s ]
INFO: [ app_end ] --END-- [ RunTime:0.000428s ]

[ 2016-11-14T11:07:42+08:00 ] 10.169.88.177 /home/bing/index.html
INFO: [ app_init ] --START--
INFO: Run Behavior\BuildLiteBehavior [ RunTime:0.000016s ]
INFO: [ app_init ] --END-- [ RunTime:0.000296s ]
INFO: [ app_begin ] --START--
INFO: Run Behavior\ReadHtmlCacheBehavior [ RunTime:0.000411s ]
INFO: [ app_begin ] --END-- [ RunTime:0.000591s ]
INFO: [ view_parse ] --START--
INFO: [ template_filter ] --START--
INFO: Run Behavior\ContentReplaceBehavior [ RunTime:0.000082s ]
INFO: [ template_filter ] --END-- [ RunTime:0.000143s ]
NOTIC: [8] Undefined variable: web_title /usr/share/httpd/blog/Application/Runtime/Cache/Home/1ea03fdd8a78f5ec7e5062d3ef956260.php 第 9 行.
NOTIC: [8] Undefined variable: web_title /usr/share/httpd/blog/Application/Runtime/Cache/Home/1ea03fdd8a78f5ec7e5062d3ef956260.php 第 23 行.
NOTIC: [8] Undefined variable: web_title /usr/share/httpd/blog/Application/Runtime/Cache/Home/1ea03fdd8a78f5ec7e5062d3ef956260.php 第 23 行.
NOTIC: [8] Undefined variable: web_title /usr/share/httpd/blog/Application/Runtime/Cache/Home/1ea03fdd8a78f5ec7e5062d3ef956260.php 第 68 行.
NOTIC: [8] Undefined variable: web_title /usr/share/httpd/blog/Application/Runtime/Cache/Home/1ea03fdd8a78f5ec7e5062d3ef956260.php 第 68 行.
INFO: Run Behavior\ParseTemplateBehavior [ RunTime:0.007719s ]
INFO: [ view_parse ] --END-- [ RunTime:0.007760s ]
INFO: [ view_filter ] --START--
INFO: Run Behavior\WriteHtmlCacheBehavior [ RunTime:0.000122s ]
INFO: [ view_filter ] --END-- [ RunTime:0.000163s ]
INFO: [ app_end ] --START--
INFO: Run Behavior\ShowPageTraceBehavior [ RunTime:0.000440s ]
INFO: [ app_end ] --END-- [ RunTime:0.000488s ]

[ 2016-11-14T11:07:42+08:00 ] 10.169.88.177 /home/bing/get_img_totalPage.html
INFO: [ app_init ] --START--
INFO: Run Behavior\BuildLiteBehavior [ RunTime:0.000015s ]
INFO: [ app_init ] --END-- [ RunTime:0.000313s ]
INFO: [ app_begin ] --START--
INFO: Run Behavior\ReadHtmlCacheBehavior [ RunTime:0.000396s ]
INFO: [ app_begin ] --END-- [ RunTime:0.000450s ]
SQL: SHOW COLUMNS FROM `tp_bing` [ RunTime:0.0009s ]
SQL: SELECT COUNT(*) AS tp_count FROM `tp_bing` LIMIT 1   [ RunTime:0.0003s ]

[ 2016-11-14T11:07:43+08:00 ] 10.169.88.177 /home/bing/lists.html?start=0&length=9
INFO: [ app_init ] --START--
INFO: Run Behavior\BuildLiteBehavior [ RunTime:0.000017s ]
INFO: [ app_init ] --END-- [ RunTime:0.000366s ]
INFO: [ app_begin ] --START--
INFO: Run Behavior\ReadHtmlCacheBehavior [ RunTime:0.000412s ]
INFO: [ app_begin ] --END-- [ RunTime:0.000459s ]
SQL: SHOW COLUMNS FROM `tp_bing` [ RunTime:0.0006s ]
NOTIC: [8] Undefined index: field /usr/share/httpd/blog/Application/Home/Entity/Bing.class.php 第 23 行.
SQL: SELECT * FROM `tp_bing` ORDER BY img_time desc LIMIT 0,9   [ RunTime:0.0004s ]
INFO: [ view_parse ] --START--
INFO: [ template_filter ] --START--
INFO: Run Behavior\ContentReplaceBehavior [ RunTime:0.000127s ]
INFO: [ template_filter ] --END-- [ RunTime:0.000181s ]
INFO: Run Behavior\ParseTemplateBehavior [ RunTime:0.012531s ]
INFO: [ view_parse ] --END-- [ RunTime:0.012580s ]
INFO: [ view_filter ] --START--
INFO: Run Behavior\WriteHtmlCacheBehavior [ RunTime:0.000128s ]
INFO: [ view_filter ] --END-- [ RunTime:0.000166s ]
INFO: [ app_end ] --START--
INFO: Run Behavior\ShowPageTraceBehavior [ RunTime:0.000393s ]
INFO: [ app_end ] --END-- [ RunTime:0.000476s ]

[ 2016-11-14T11:07:50+08:00 ] 10.169.88.177 /home/bing/lists.html?start=9&length=9
INFO: [ app_init ] --START--
INFO: Run Behavior\BuildLiteBehavior [ RunTime:0.000015s ]
INFO: [ app_init ] --END-- [ RunTime:0.000310s ]
INFO: [ app_begin ] --START--
INFO: Run Behavior\ReadHtmlCacheBehavior [ RunTime:0.000385s ]
INFO: [ app_begin ] --END-- [ RunTime:0.000432s ]
SQL: SHOW COLUMNS FROM `tp_bing` [ RunTime:0.0006s ]
NOTIC: [8] Undefined index: field /usr/share/httpd/blog/Application/Home/Entity/Bing.class.php 第 23 行.
SQL: SELECT * FROM `tp_bing` ORDER BY img_time desc LIMIT 9,9   [ RunTime:0.0005s ]
INFO: [ view_parse ] --START--
INFO: [ template_filter ] --START--
INFO: Run Behavior\ContentReplaceBehavior [ RunTime:0.000120s ]
INFO: [ template_filter ] --END-- [ RunTime:0.000165s ]
INFO: Run Behavior\ParseTemplateBehavior [ RunTime:0.011855s ]
INFO: [ view_parse ] --END-- [ RunTime:0.011901s ]
INFO: [ view_filter ] --START--
INFO: Run Behavior\WriteHtmlCacheBehavior [ RunTime:0.000122s ]
INFO: [ view_filter ] --END-- [ RunTime:0.000159s ]
INFO: [ app_end ] --START--
INFO: Run Behavior\ShowPageTraceBehavior [ RunTime:0.000404s ]
INFO: [ app_end ] --END-- [ RunTime:0.000444s ]

[ 2016-11-14T11:07:50+08:00 ] 10.169.88.177 /home/bing/lists.html?start=18&length=9
INFO: [ app_init ] --START--
INFO: Run Behavior\BuildLiteBehavior [ RunTime:0.000015s ]
INFO: [ app_init ] --END-- [ RunTime:0.000326s ]
INFO: [ app_begin ] --START--
INFO: Run Behavior\ReadHtmlCacheBehavior [ RunTime:0.000400s ]
INFO: [ app_begin ] --END-- [ RunTime:0.000448s ]
SQL: SHOW COLUMNS FROM `tp_bing` [ RunTime:0.0006s ]
NOTIC: [8] Undefined index: field /usr/share/httpd/blog/Application/Home/Entity/Bing.class.php 第 23 行.
SQL: SELECT * FROM `tp_bing` ORDER BY img_time desc LIMIT 18,9   [ RunTime:0.0004s ]
INFO: [ view_parse ] --START--
INFO: [ template_filter ] --START--
INFO: Run Behavior\ContentReplaceBehavior [ RunTime:0.000125s ]
INFO: [ template_filter ] --END-- [ RunTime:0.000172s ]
INFO: Run Behavior\ParseTemplateBehavior [ RunTime:0.011217s ]
INFO: [ view_parse ] --END-- [ RunTime:0.011263s ]
INFO: [ view_filter ] --START--
INFO: Run Behavior\WriteHtmlCacheBehavior [ RunTime:0.000118s ]
INFO: [ view_filter ] --END-- [ RunTime:0.000153s ]
INFO: [ app_end ] --START--
INFO: Run Behavior\ShowPageTraceBehavior [ RunTime:0.000372s ]
INFO: [ app_end ] --END-- [ RunTime:0.000412s ]

[ 2016-11-14T11:09:30+08:00 ] 10.169.88.177 /home/bing/lists.html?start=27&length=9
INFO: [ app_init ] --START--
INFO: Run Behavior\BuildLiteBehavior [ RunTime:0.000018s ]
INFO: [ app_init ] --END-- [ RunTime:0.000333s ]
INFO: [ app_begin ] --START--
INFO: Run Behavior\ReadHtmlCacheBehavior [ RunTime:0.000403s ]
INFO: [ app_begin ] --END-- [ RunTime:0.000449s ]
SQL: SHOW COLUMNS FROM `tp_bing` [ RunTime:0.0006s ]
NOTIC: [8] Undefined index: field /usr/share/httpd/blog/Application/Home/Entity/Bing.class.php 第 23 行.
SQL: SELECT * FROM `tp_bing` ORDER BY img_time desc LIMIT 27,9   [ RunTime:0.0005s ]
INFO: [ view_parse ] --START--
INFO: [ template_filter ] --START--
INFO: Run Behavior\ContentReplaceBehavior [ RunTime:0.000138s ]
INFO: [ template_filter ] --END-- [ RunTime:0.000198s ]
INFO: Run Behavior\ParseTemplateBehavior [ RunTime:0.011583s ]
INFO: [ view_parse ] --END-- [ RunTime:0.011633s ]
INFO: [ view_filter ] --START--
INFO: Run Behavior\WriteHtmlCacheBehavior [ RunTime:0.000151s ]
INFO: [ view_filter ] --END-- [ RunTime:0.000189s ]
INFO: [ app_end ] --START--
INFO: Run Behavior\ShowPageTraceBehavior [ RunTime:0.000404s ]
INFO: [ app_end ] --END-- [ RunTime:0.000445s ]

[ 2016-11-14T11:09:31+08:00 ] 10.169.88.177 /home/bing/lists.html?start=36&length=9
INFO: [ app_init ] --START--
INFO: Run Behavior\BuildLiteBehavior [ RunTime:0.000025s ]
INFO: [ app_init ] --END-- [ RunTime:0.000471s ]
INFO: [ app_begin ] --START--
INFO: Run Behavior\ReadHtmlCacheBehavior [ RunTime:0.000444s ]
INFO: [ app_begin ] --END-- [ RunTime:0.000493s ]
SQL: SHOW COLUMNS FROM `tp_bing` [ RunTime:0.0006s ]
NOTIC: [8] Undefined index: field /usr/share/httpd/blog/Application/Home/Entity/Bing.class.php 第 23 行.
SQL: SELECT * FROM `tp_bing` ORDER BY img_time desc LIMIT 36,9   [ RunTime:0.0005s ]
INFO: [ view_parse ] --START--
INFO: [ template_filter ] --START--
INFO: Run Behavior\ContentReplaceBehavior [ RunTime:0.000125s ]
INFO: [ template_filter ] --END-- [ RunTime:0.000173s ]
INFO: Run Behavior\ParseTemplateBehavior [ RunTime:0.012198s ]
INFO: [ view_parse ] --END-- [ RunTime:0.012247s ]
INFO: [ view_filter ] --START--
INFO: Run Behavior\WriteHtmlCacheBehavior [ RunTime:0.000120s ]
INFO: [ view_filter ] --END-- [ RunTime:0.000156s ]
INFO: [ app_end ] --START--
INFO: Run Behavior\ShowPageTraceBehavior [ RunTime:0.000422s ]
INFO: [ app_end ] --END-- [ RunTime:0.000463s ]

[ 2016-11-14T16:17:42+08:00 ] 10.169.88.177 /home/index/index
INFO: [ app_init ] --START--
INFO: Run Behavior\BuildLiteBehavior [ RunTime:0.000016s ]
INFO: [ app_init ] --END-- [ RunTime:0.000300s ]
INFO: [ app_begin ] --START--
INFO: Run Behavior\ReadHtmlCacheBehavior [ RunTime:0.000374s ]
INFO: [ app_begin ] --END-- [ RunTime:0.000421s ]

[ 2016-11-14T16:18:25+08:00 ] 10.169.88.177 /home/index/test
INFO: [ app_init ] --START--
INFO: Run Behavior\BuildLiteBehavior [ RunTime:0.000015s ]
INFO: [ app_init ] --END-- [ RunTime:0.000300s ]
INFO: [ app_begin ] --START--
INFO: Run Behavior\ReadHtmlCacheBehavior [ RunTime:0.000366s ]
INFO: [ app_begin ] --END-- [ RunTime:0.000422s ]

[ 2016-11-14T16:18:33+08:00 ] 10.169.88.177 /home/index/test?param=1
INFO: [ app_init ] --START--
INFO: Run Behavior\BuildLiteBehavior [ RunTime:0.000015s ]
INFO: [ app_init ] --END-- [ RunTime:0.000294s ]
INFO: [ app_begin ] --START--
INFO: Run Behavior\ReadHtmlCacheBehavior [ RunTime:0.000364s ]
INFO: [ app_begin ] --END-- [ RunTime:0.000410s ]

[ 2016-11-14T16:18:41+08:00 ] 10.169.88.177 /home/index/test
INFO: [ app_init ] --START--
INFO: Run Behavior\BuildLiteBehavior [ RunTime:0.000015s ]
INFO: [ app_init ] --END-- [ RunTime:0.000327s ]
INFO: [ app_begin ] --START--
INFO: Run Behavior\ReadHtmlCacheBehavior [ RunTime:0.000426s ]
INFO: [ app_begin ] --END-- [ RunTime:0.000477s ]

[ 2016-11-14T16:18:45+08:00 ] 10.169.88.177 /home
INFO: [ app_init ] --START--
INFO: Run Behavior\BuildLiteBehavior [ RunTime:0.000015s ]
INFO: [ app_init ] --END-- [ RunTime:0.000310s ]
INFO: [ app_begin ] --START--
INFO: Run Behavior\ReadHtmlCacheBehavior [ RunTime:0.000401s ]
INFO: [ app_begin ] --END-- [ RunTime:0.000453s ]

[ 2016-11-14T16:18:45+08:00 ] 10.169.88.177 /home/index/test?param=1
INFO: [ app_init ] --START--
INFO: Run Behavior\BuildLiteBehavior [ RunTime:0.000015s ]
INFO: [ app_init ] --END-- [ RunTime:0.000304s ]
INFO: [ app_begin ] --START--
INFO: Run Behavior\ReadHtmlCacheBehavior [ RunTime:0.000361s ]
INFO: [ app_begin ] --END-- [ RunTime:0.000424s ]

[ 2016-11-14T16:18:48+08:00 ] 10.169.88.177 /
INFO: [ app_init ] --START--
INFO: Run Behavior\BuildLiteBehavior [ RunTime:0.000015s ]
INFO: [ app_init ] --END-- [ RunTime:0.000324s ]
INFO: [ app_begin ] --START--
INFO: Run Behavior\ReadHtmlCacheBehavior [ RunTime:0.000357s ]
INFO: [ app_begin ] --END-- [ RunTime:0.000403s ]

[ 2016-11-14T16:26:11+08:00 ] 10.169.88.177 /
INFO: [ app_init ] --START--
INFO: Run Behavior\BuildLiteBehavior [ RunTime:0.000015s ]
INFO: [ app_init ] --END-- [ RunTime:0.000306s ]
INFO: [ app_begin ] --START--
INFO: Run Behavior\ReadHtmlCacheBehavior [ RunTime:0.000392s ]
INFO: [ app_begin ] --END-- [ RunTime:0.000442s ]
INFO: [ view_parse ] --START--
INFO: [ template_filter ] --START--
INFO: Run Behavior\ContentReplaceBehavior [ RunTime:0.000071s ]
INFO: [ template_filter ] --END-- [ RunTime:0.000122s ]
NOTIC: [8] Undefined variable: web_title /usr/share/httpd/blog/Application/Runtime/Cache/Home/2a94b8bda04ff446dcedd42276fc99ee.php 第 9 行.
NOTIC: [8] Undefined variable: web_title /usr/share/httpd/blog/Application/Runtime/Cache/Home/2a94b8bda04ff446dcedd42276fc99ee.php 第 23 行.
NOTIC: [8] Undefined variable: web_title /usr/share/httpd/blog/Application/Runtime/Cache/Home/2a94b8bda04ff446dcedd42276fc99ee.php 第 23 行.
NOTIC: [8] Undefined variable: web_title /usr/share/httpd/blog/Application/Runtime/Cache/Home/2a94b8bda04ff446dcedd42276fc99ee.php 第 68 行.
NOTIC: [8] Undefined variable: web_title /usr/share/httpd/blog/Application/Runtime/Cache/Home/2a94b8bda04ff446dcedd42276fc99ee.php 第 68 行.
INFO: Run Behavior\ParseTemplateBehavior [ RunTime:0.007863s ]
INFO: [ view_parse ] --END-- [ RunTime:0.007914s ]
INFO: [ view_filter ] --START--
INFO: Run Behavior\WriteHtmlCacheBehavior [ RunTime:0.000121s ]
INFO: [ view_filter ] --END-- [ RunTime:0.000160s ]
INFO: [ app_end ] --START--
INFO: Run Behavior\ShowPageTraceBehavior [ RunTime:0.000398s ]
INFO: [ app_end ] --END-- [ RunTime:0.000439s ]

[ 2016-11-14T16:26:12+08:00 ] 10.169.88.177 /home/index/get_article_totalPage.html
INFO: [ app_init ] --START--
INFO: Run Behavior\BuildLiteBehavior [ RunTime:0.000015s ]
INFO: [ app_init ] --END-- [ RunTime:0.000293s ]
INFO: [ app_begin ] --START--
INFO: Run Behavior\ReadHtmlCacheBehavior [ RunTime:0.000362s ]
INFO: [ app_begin ] --END-- [ RunTime:0.000405s ]
SQL: SHOW COLUMNS FROM `tp_article` [ RunTime:0.0008s ]
NOTIC: [8] Undefined index: tags_id /usr/share/httpd/blog/Application/Home/Entity/Article.class.php 第 42 行.
SQL: SELECT COUNT(*) AS tp_count FROM `tp_article` LIMIT 1   [ RunTime:0.0005s ]

[ 2016-11-14T16:26:18+08:00 ] 10.169.88.177 /home/index/test
INFO: [ app_init ] --START--
INFO: Run Behavior\BuildLiteBehavior [ RunTime:0.000019s ]
INFO: [ app_init ] --END-- [ RunTime:0.000328s ]
INFO: [ app_begin ] --START--
INFO: Run Behavior\ReadHtmlCacheBehavior [ RunTime:0.000459s ]
INFO: [ app_begin ] --END-- [ RunTime:0.000512s ]
INFO: [ app_end ] --START--
INFO: Run Behavior\ShowPageTraceBehavior [ RunTime:0.000528s ]
INFO: [ app_end ] --END-- [ RunTime:0.000623s ]

[ 2016-11-14T16:26:24+08:00 ] 10.169.88.177 /home/index/test
INFO: [ app_init ] --START--
INFO: Run Behavior\BuildLiteBehavior [ RunTime:0.000015s ]
INFO: [ app_init ] --END-- [ RunTime:0.000315s ]
INFO: [ app_begin ] --START--
INFO: Run Behavior\ReadHtmlCacheBehavior [ RunTime:0.000409s ]
INFO: [ app_begin ] --END-- [ RunTime:0.000459s ]
INFO: [ app_end ] --START--
INFO: Run Behavior\ShowPageTraceBehavior [ RunTime:0.000443s ]
INFO: [ app_end ] --END-- [ RunTime:0.000498s ]

[ 2016-11-14T16:26:25+08:00 ] 10.169.88.177 /home/index/test
INFO: [ app_init ] --START--
INFO: Run Behavior\BuildLiteBehavior [ RunTime:0.000017s ]
INFO: [ app_init ] --END-- [ RunTime:0.000381s ]
INFO: [ app_begin ] --START--
INFO: Run Behavior\ReadHtmlCacheBehavior [ RunTime:0.000371s ]
INFO: [ app_begin ] --END-- [ RunTime:0.000419s ]
INFO: [ app_end ] --START--
INFO: Run Behavior\ShowPageTraceBehavior [ RunTime:0.000395s ]
INFO: [ app_end ] --END-- [ RunTime:0.000441s ]

[ 2016-11-14T16:26:25+08:00 ] 10.169.88.177 /home/index/test
INFO: [ app_init ] --START--
INFO: Run Behavior\BuildLiteBehavior [ RunTime:0.000016s ]
INFO: [ app_init ] --END-- [ RunTime:0.000294s ]
INFO: [ app_begin ] --START--
INFO: Run Behavior\ReadHtmlCacheBehavior [ RunTime:0.000369s ]
INFO: [ app_begin ] --END-- [ RunTime:0.000415s ]
INFO: [ app_end ] --START--
INFO: Run Behavior\ShowPageTraceBehavior [ RunTime:0.000402s ]
INFO: [ app_end ] --END-- [ RunTime:0.000447s ]

[ 2016-11-14T16:26:25+08:00 ] 10.169.88.177 /home/index/test
INFO: [ app_init ] --START--
INFO: Run Behavior\BuildLiteBehavior [ RunTime:0.000017s ]
INFO: [ app_init ] --END-- [ RunTime:0.000319s ]
INFO: [ app_begin ] --START--
INFO: Run Behavior\ReadHtmlCacheBehavior [ RunTime:0.000517s ]
INFO: [ app_begin ] --END-- [ RunTime:0.000571s ]
INFO: [ app_end ] --START--
INFO: Run Behavior\ShowPageTraceBehavior [ RunTime:0.000462s ]
INFO: [ app_end ] --END-- [ RunTime:0.000519s ]

[ 2016-11-14T16:26:26+08:00 ] 10.169.88.177 /home/index/test
INFO: [ app_init ] --START--
INFO: Run Behavior\BuildLiteBehavior [ RunTime:0.000016s ]
INFO: [ app_init ] --END-- [ RunTime:0.000311s ]
INFO: [ app_begin ] --START--
INFO: Run Behavior\ReadHtmlCacheBehavior [ RunTime:0.000391s ]
INFO: [ app_begin ] --END-- [ RunTime:0.000437s ]
INFO: [ app_end ] --START--
INFO: Run Behavior\ShowPageTraceBehavior [ RunTime:0.000632s ]
INFO: [ app_end ] --END-- [ RunTime:0.000713s ]

[ 2016-11-14T16:26:37+08:00 ] 10.169.88.177 /home/index/test?param=1
INFO: [ app_init ] --START--
INFO: Run Behavior\BuildLiteBehavior [ RunTime:0.000016s ]
INFO: [ app_init ] --END-- [ RunTime:0.000323s ]
INFO: [ app_begin ] --START--
INFO: Run Behavior\ReadHtmlCacheBehavior [ RunTime:0.000408s ]
INFO: [ app_begin ] --END-- [ RunTime:0.000459s ]
INFO: [ app_end ] --START--
INFO: Run Behavior\ShowPageTraceBehavior [ RunTime:0.000494s ]
INFO: [ app_end ] --END-- [ RunTime:0.000549s ]

[ 2016-11-14T16:26:42+08:00 ] 10.169.88.177 /home/index/test?param=1
INFO: [ app_init ] --START--
INFO: Run Behavior\BuildLiteBehavior [ RunTime:0.000014s ]
INFO: [ app_init ] --END-- [ RunTime:0.000294s ]
INFO: [ app_begin ] --START--
INFO: Run Behavior\ReadHtmlCacheBehavior [ RunTime:0.000386s ]
INFO: [ app_begin ] --END-- [ RunTime:0.000435s ]
INFO: [ app_end ] --START--
INFO: Run Behavior\ShowPageTraceBehavior [ RunTime:0.000408s ]
INFO: [ app_end ] --END-- [ RunTime:0.000455s ]

[ 2016-11-14T16:26:43+08:00 ] 10.169.88.177 /home/index/test?param=1
INFO: [ app_init ] --START--
INFO: Run Behavior\BuildLiteBehavior [ RunTime:0.000015s ]
INFO: [ app_init ] --END-- [ RunTime:0.000328s ]
INFO: [ app_begin ] --START--
INFO: Run Behavior\ReadHtmlCacheBehavior [ RunTime:0.000383s ]
INFO: [ app_begin ] --END-- [ RunTime:0.000433s ]
INFO: [ app_end ] --START--
INFO: Run Behavior\ShowPageTraceBehavior [ RunTime:0.000398s ]
INFO: [ app_end ] --END-- [ RunTime:0.000453s ]

[ 2016-11-14T16:26:48+08:00 ] 10.169.88.177 /home/index/test
INFO: [ app_init ] --START--
INFO: Run Behavior\BuildLiteBehavior [ RunTime:0.000015s ]
INFO: [ app_init ] --END-- [ RunTime:0.000315s ]
INFO: [ app_begin ] --START--
INFO: Run Behavior\ReadHtmlCacheBehavior [ RunTime:0.000381s ]
INFO: [ app_begin ] --END-- [ RunTime:0.000431s ]
INFO: [ app_end ] --START--
INFO: Run Behavior\ShowPageTraceBehavior [ RunTime:0.000392s ]
INFO: [ app_end ] --END-- [ RunTime:0.000447s ]

[ 2016-11-14T16:26:59+08:00 ] 10.169.88.177 /home/index/test
INFO: [ app_init ] --START--
INFO: Run Behavior\BuildLiteBehavior [ RunTime:0.000015s ]
INFO: [ app_init ] --END-- [ RunTime:0.000300s ]
INFO: [ app_begin ] --START--
INFO: Run Behavior\ReadHtmlCacheBehavior [ RunTime:0.000393s ]
INFO: [ app_begin ] --END-- [ RunTime:0.000442s ]
ERR: 非法操作:test

[ 2016-11-14T16:27:00+08:00 ] 10.169.88.177 /home/index/test
INFO: [ app_init ] --START--
INFO: Run Behavior\BuildLiteBehavior [ RunTime:0.000016s ]
INFO: [ app_init ] --END-- [ RunTime:0.000292s ]
INFO: [ app_begin ] --START--
INFO: Run Behavior\ReadHtmlCacheBehavior [ RunTime:0.000386s ]
INFO: [ app_begin ] --END-- [ RunTime:0.000433s ]
ERR: 非法操作:test

[ 2016-11-14T16:43:36+08:00 ] 10.169.88.177 /home/index/test?param=1
INFO: [ app_init ] --START--
INFO: Run Behavior\BuildLiteBehavior [ RunTime:0.000015s ]
INFO: [ app_init ] --END-- [ RunTime:0.000349s ]
INFO: [ app_begin ] --START--
INFO: Run Behavior\ReadHtmlCacheBehavior [ RunTime:0.000390s ]
INFO: [ app_begin ] --END-- [ RunTime:0.000441s ]
ERR: 非法操作:test

[ 2016-11-14T16:43:42+08:00 ] 10.169.88.177 /home/index/test?param=1
INFO: [ app_init ] --START--
INFO: Run Behavior\BuildLiteBehavior [ RunTime:0.000015s ]
INFO: [ app_init ] --END-- [ RunTime:0.000324s ]
INFO: [ app_begin ] --START--
INFO: Run Behavior\ReadHtmlCacheBehavior [ RunTime:0.000384s ]
INFO: [ app_begin ] --END-- [ RunTime:0.000430s ]
ERR: 非法操作:test

[ 2016-11-14T16:43:42+08:00 ] 10.169.88.177 /home/index/test?param=1
INFO: [ app_init ] --START--
INFO: Run Behavior\BuildLiteBehavior [ RunTime:0.000015s ]
INFO: [ app_init ] --END-- [ RunTime:0.000334s ]
INFO: [ app_begin ] --START--
INFO: Run Behavior\ReadHtmlCacheBehavior [ RunTime:0.000407s ]
INFO: [ app_begin ] --END-- [ RunTime:0.000462s ]
ERR: 非法操作:test

[ 2016-11-14T16:43:43+08:00 ] 10.169.88.177 /home/index/test?param=1
INFO: [ app_init ] --START--
INFO: Run Behavior\BuildLiteBehavior [ RunTime:0.000014s ]
INFO: [ app_init ] --END-- [ RunTime:0.000315s ]
INFO: [ app_begin ] --START--
INFO: Run Behavior\ReadHtmlCacheBehavior [ RunTime:0.000366s ]
INFO: [ app_begin ] --END-- [ RunTime:0.000413s ]
ERR: 非法操作:test

[ 2016-11-14T16:43:43+08:00 ] 10.169.88.177 /home/index/test?param=1
INFO: [ app_init ] --START--
INFO: Run Behavior\BuildLiteBehavior [ RunTime:0.000015s ]
INFO: [ app_init ] --END-- [ RunTime:0.000366s ]
INFO: [ app_begin ] --START--
INFO: Run Behavior\ReadHtmlCacheBehavior [ RunTime:0.000390s ]
INFO: [ app_begin ] --END-- [ RunTime:0.000440s ]
ERR: 非法操作:test

[ 2016-11-14T16:43:43+08:00 ] 10.169.88.177 /home/index/test?param=1
INFO: [ app_init ] --START--
INFO: Run Behavior\BuildLiteBehavior [ RunTime:0.000016s ]
INFO: [ app_init ] --END-- [ RunTime:0.000440s ]
INFO: [ app_begin ] --START--
INFO: Run Behavior\ReadHtmlCacheBehavior [ RunTime:0.000430s ]
INFO: [ app_begin ] --END-- [ RunTime:0.000482s ]
ERR: 非法操作:test

[ 2016-11-14T23:39:27+08:00 ] 10.169.88.177 /home/bing/index.html
INFO: [ app_init ] --START--
INFO: Run Behavior\BuildLiteBehavior [ RunTime:0.000016s ]
INFO: [ app_init ] --END-- [ RunTime:0.000309s ]
INFO: [ app_begin ] --START--
INFO: Run Behavior\ReadHtmlCacheBehavior [ RunTime:0.000392s ]
INFO: [ app_begin ] --END-- [ RunTime:0.000443s ]
INFO: [ view_parse ] --START--
INFO: [ template_filter ] --START--
INFO: Run Behavior\ContentReplaceBehavior [ RunTime:0.000082s ]
INFO: [ template_filter ] --END-- [ RunTime:0.000130s ]
NOTIC: [8] Undefined variable: web_title /usr/share/httpd/blog/Application/Runtime/Cache/Home/1ea03fdd8a78f5ec7e5062d3ef956260.php 第 9 行.
NOTIC: [8] Undefined variable: web_title /usr/share/httpd/blog/Application/Runtime/Cache/Home/1ea03fdd8a78f5ec7e5062d3ef956260.php 第 23 行.
NOTIC: [8] Undefined variable: web_title /usr/share/httpd/blog/Application/Runtime/Cache/Home/1ea03fdd8a78f5ec7e5062d3ef956260.php 第 23 行.
NOTIC: [8] Undefined variable: web_title /usr/share/httpd/blog/Application/Runtime/Cache/Home/1ea03fdd8a78f5ec7e5062d3ef956260.php 第 68 行.
NOTIC: [8] Undefined variable: web_title /usr/share/httpd/blog/Application/Runtime/Cache/Home/1ea03fdd8a78f5ec7e5062d3ef956260.php 第 68 行.
INFO: Run Behavior\ParseTemplateBehavior [ RunTime:0.008234s ]
INFO: [ view_parse ] --END-- [ RunTime:0.008281s ]
INFO: [ view_filter ] --START--
INFO: Run Behavior\WriteHtmlCacheBehavior [ RunTime:0.000122s ]
INFO: [ view_filter ] --END-- [ RunTime:0.000160s ]
INFO: [ app_end ] --START--
INFO: Run Behavior\ShowPageTraceBehavior [ RunTime:0.000419s ]
INFO: [ app_end ] --END-- [ RunTime:0.000472s ]

[ 2016-11-14T23:39:32+08:00 ] 10.169.88.177 /home/bing/get_img_totalPage.html
INFO: [ app_init ] --START--
INFO: Run Behavior\BuildLiteBehavior [ RunTime:0.000015s ]
INFO: [ app_init ] --END-- [ RunTime:0.000291s ]
INFO: [ app_begin ] --START--
INFO: Run Behavior\ReadHtmlCacheBehavior [ RunTime:0.000364s ]
INFO: [ app_begin ] --END-- [ RunTime:0.000410s ]
SQL: SHOW COLUMNS FROM `tp_bing` [ RunTime:0.0006s ]
SQL: SELECT COUNT(*) AS tp_count FROM `tp_bing` LIMIT 1   [ RunTime:0.0003s ]

[ 2016-11-14T23:39:32+08:00 ] 10.169.88.177 /home/bing/lists.html?start=0&length=9
INFO: [ app_init ] --START--
INFO: Run Behavior\BuildLiteBehavior [ RunTime:0.000015s ]
INFO: [ app_init ] --END-- [ RunTime:0.000343s ]
INFO: [ app_begin ] --START--
INFO: Run Behavior\ReadHtmlCacheBehavior [ RunTime:0.000370s ]
INFO: [ app_begin ] --END-- [ RunTime:0.000419s ]
SQL: SHOW COLUMNS FROM `tp_bing` [ RunTime:0.0006s ]
NOTIC: [8] Undefined index: field /usr/share/httpd/blog/Application/Home/Entity/Bing.class.php 第 23 行.
SQL: SELECT * FROM `tp_bing` ORDER BY img_time desc LIMIT 0,9   [ RunTime:0.0004s ]
INFO: [ view_parse ] --START--
INFO: [ template_filter ] --START--
INFO: Run Behavior\ContentReplaceBehavior [ RunTime:0.000113s ]
INFO: [ template_filter ] --END-- [ RunTime:0.000160s ]
INFO: Run Behavior\ParseTemplateBehavior [ RunTime:0.011168s ]
INFO: [ view_parse ] --END-- [ RunTime:0.011213s ]
INFO: [ view_filter ] --START--
INFO: Run Behavior\WriteHtmlCacheBehavior [ RunTime:0.000121s ]
INFO: [ view_filter ] --END-- [ RunTime:0.000157s ]
INFO: [ app_end ] --START--
INFO: Run Behavior\ShowPageTraceBehavior [ RunTime:0.000393s ]
INFO: [ app_end ] --END-- [ RunTime:0.000435s ]

[ 2016-11-14T23:48:18+08:00 ] 10.169.88.177 /home/bing/lists.html?start=9&length=9
INFO: [ app_init ] --START--
INFO: Run Behavior\BuildLiteBehavior [ RunTime:0.000018s ]
INFO: [ app_init ] --END-- [ RunTime:0.000326s ]
INFO: [ app_begin ] --START--
INFO: Run Behavior\ReadHtmlCacheBehavior [ RunTime:0.000393s ]
INFO: [ app_begin ] --END-- [ RunTime:0.000442s ]
SQL: SHOW COLUMNS FROM `tp_bing` [ RunTime:0.0035s ]
NOTIC: [8] Undefined index: field /usr/share/httpd/blog/Application/Home/Entity/Bing.class.php 第 23 行.
SQL: SELECT * FROM `tp_bing` ORDER BY img_time desc LIMIT 9,9   [ RunTime:0.0005s ]
INFO: [ view_parse ] --START--
INFO: [ template_filter ] --START--
INFO: Run Behavior\ContentReplaceBehavior [ RunTime:0.000132s ]
INFO: [ template_filter ] --END-- [ RunTime:0.000181s ]
INFO: Run Behavior\ParseTemplateBehavior [ RunTime:0.011599s ]
INFO: [ view_parse ] --END-- [ RunTime:0.011648s ]
INFO: [ view_filter ] --START--
INFO: Run Behavior\WriteHtmlCacheBehavior [ RunTime:0.000143s ]
INFO: [ view_filter ] --END-- [ RunTime:0.000180s ]
INFO: [ app_end ] --START--
INFO: Run Behavior\ShowPageTraceBehavior [ RunTime:0.000395s ]
INFO: [ app_end ] --END-- [ RunTime:0.000437s ]

[ 2016-11-14T23:48:19+08:00 ] 10.169.88.177 /home/bing/lists.html?start=18&length=9
INFO: [ app_init ] --START--
INFO: Run Behavior\BuildLiteBehavior [ RunTime:0.000016s ]
INFO: [ app_init ] --END-- [ RunTime:0.000312s ]
INFO: [ app_begin ] --START--
INFO: Run Behavior\ReadHtmlCacheBehavior [ RunTime:0.000387s ]
INFO: [ app_begin ] --END-- [ RunTime:0.000435s ]
SQL: SHOW COLUMNS FROM `tp_bing` [ RunTime:0.0006s ]
NOTIC: [8] Undefined index: field /usr/share/httpd/blog/Application/Home/Entity/Bing.class.php 第 23 行.
SQL: SELECT * FROM `tp_bing` ORDER BY img_time desc LIMIT 18,9   [ RunTime:0.0004s ]
INFO: [ view_parse ] --START--
INFO: [ template_filter ] --START--
INFO: Run Behavior\ContentReplaceBehavior [ RunTime:0.000110s ]
INFO: [ template_filter ] --END-- [ RunTime:0.000155s ]
INFO: Run Behavior\ParseTemplateBehavior [ RunTime:0.011101s ]
INFO: [ view_parse ] --END-- [ RunTime:0.011149s ]
INFO: [ view_filter ] --START--
INFO: Run Behavior\WriteHtmlCacheBehavior [ RunTime:0.000123s ]
INFO: [ view_filter ] --END-- [ RunTime:0.000159s ]
INFO: [ app_end ] --START--
INFO: Run Behavior\ShowPageTraceBehavior [ RunTime:0.000388s ]
INFO: [ app_end ] --END-- [ RunTime:0.000429s ]

[ 2016-11-14T23:53:03+08:00 ] 10.169.88.177 /home/bing/lists.html?start=27&length=9
INFO: [ app_init ] --START--
INFO: Run Behavior\BuildLiteBehavior [ RunTime:0.000024s ]
INFO: [ app_init ] --END-- [ RunTime:0.000339s ]
INFO: [ app_begin ] --START--
INFO: Run Behavior\ReadHtmlCacheBehavior [ RunTime:0.000552s ]
INFO: [ app_begin ] --END-- [ RunTime:0.000631s ]
SQL: SHOW COLUMNS FROM `tp_bing` [ RunTime:0.0006s ]
NOTIC: [8] Undefined index: field /usr/share/httpd/blog/Application/Home/Entity/Bing.class.php 第 23 行.
SQL: SELECT * FROM `tp_bing` ORDER BY img_time desc LIMIT 27,9   [ RunTime:0.0005s ]
INFO: [ view_parse ] --START--
INFO: [ template_filter ] --START--
INFO: Run Behavior\ContentReplaceBehavior [ RunTime:0.000122s ]
INFO: [ template_filter ] --END-- [ RunTime:0.000175s ]
INFO: Run Behavior\ParseTemplateBehavior [ RunTime:0.011727s ]
INFO: [ view_parse ] --END-- [ RunTime:0.011776s ]
INFO: [ view_filter ] --START--
INFO: Run Behavior\WriteHtmlCacheBehavior [ RunTime:0.000125s ]
INFO: [ view_filter ] --END-- [ RunTime:0.000167s ]
INFO: [ app_end ] --START--
INFO: Run Behavior\ShowPageTraceBehavior [ RunTime:0.000413s ]
INFO: [ app_end ] --END-- [ RunTime:0.000454s ]

[ 2016-11-14T23:53:04+08:00 ] 10.169.88.177 /home/bing/lists.html?start=36&length=9
INFO: [ app_init ] --START--
INFO: Run Behavior\BuildLiteBehavior [ RunTime:0.000016s ]
INFO: [ app_init ] --END-- [ RunTime:0.000316s ]
INFO: [ app_begin ] --START--
INFO: Run Behavior\ReadHtmlCacheBehavior [ RunTime:0.000365s ]
INFO: [ app_begin ] --END-- [ RunTime:0.000408s ]
SQL: SHOW COLUMNS FROM `tp_bing` [ RunTime:0.0006s ]
NOTIC: [8] Undefined index: field /usr/share/httpd/blog/Application/Home/Entity/Bing.class.php 第 23 行.
SQL: SELECT * FROM `tp_bing` ORDER BY img_time desc LIMIT 36,9   [ RunTime:0.0006s ]
INFO: [ view_parse ] --START--
INFO: [ template_filter ] --START--
INFO: Run Behavior\ContentReplaceBehavior [ RunTime:0.000110s ]
INFO: [ template_filter ] --END-- [ RunTime:0.000156s ]
INFO: Run Behavior\ParseTemplateBehavior [ RunTime:0.011496s ]
INFO: [ view_parse ] --END-- [ RunTime:0.011541s ]
INFO: [ view_filter ] --START--
INFO: Run Behavior\WriteHtmlCacheBehavior [ RunTime:0.000123s ]
INFO: [ view_filter ] --END-- [ RunTime:0.000159s ]
INFO: [ app_end ] --START--
INFO: Run Behavior\ShowPageTraceBehavior [ RunTime:0.000403s ]
INFO: [ app_end ] --END-- [ RunTime:0.000443s ]

[ 2016-11-14T23:53:04+08:00 ] 10.169.88.177 /home/bing/lists.html?start=45&length=9
INFO: [ app_init ] --START--
INFO: Run Behavior\BuildLiteBehavior [ RunTime:0.000019s ]
INFO: [ app_init ] --END-- [ RunTime:0.000332s ]
INFO: [ app_begin ] --START--
INFO: Run Behavior\ReadHtmlCacheBehavior [ RunTime:0.000366s ]
INFO: [ app_begin ] --END-- [ RunTime:0.000410s ]
SQL: SHOW COLUMNS FROM `tp_bing` [ RunTime:0.0006s ]
NOTIC: [8] Undefined index: field /usr/share/httpd/blog/Application/Home/Entity/Bing.class.php 第 23 行.
SQL: SELECT * FROM `tp_bing` ORDER BY img_time desc LIMIT 45,9   [ RunTime:0.0006s ]
INFO: [ view_parse ] --START--
INFO: [ template_filter ] --START--
INFO: Run Behavior\ContentReplaceBehavior [ RunTime:0.000197s ]
INFO: [ template_filter ] --END-- [ RunTime:0.000311s ]
INFO: Run Behavior\ParseTemplateBehavior [ RunTime:0.011932s ]
INFO: [ view_parse ] --END-- [ RunTime:0.012019s ]
INFO: [ view_filter ] --START--
INFO: Run Behavior\WriteHtmlCacheBehavior [ RunTime:0.000200s ]
INFO: [ view_filter ] --END-- [ RunTime:0.000257s ]
INFO: [ app_end ] --START--
INFO: Run Behavior\ShowPageTraceBehavior [ RunTime:0.000629s ]
INFO: [ app_end ] --END-- [ RunTime:0.000690s ]

[ 2016-11-14T23:56:02+08:00 ] 10.169.88.177 /home/qiniu
INFO: [ app_init ] --START--
INFO: Run Behavior\BuildLiteBehavior [ RunTime:0.000015s ]
INFO: [ app_init ] --END-- [ RunTime:0.000294s ]
INFO: [ app_begin ] --START--
INFO: Run Behavior\ReadHtmlCacheBehavior [ RunTime:0.000385s ]
INFO: [ app_begin ] --END-- [ RunTime:0.000432s ]
INFO: [ view_parse ] --START--
INFO: [ template_filter ] --START--
INFO: Run Behavior\ContentReplaceBehavior [ RunTime:0.000069s ]
INFO: [ template_filter ] --END-- [ RunTime:0.000113s ]
NOTIC: [8] Undefined variable: blog_title /usr/share/httpd/blog/Application/Runtime/Cache/Home/a9624174195a235ef65f423e9970006a.php 第 6 行.
NOTIC: [8] Undefined variable: web_title /usr/share/httpd/blog/Application/Runtime/Cache/Home/a9624174195a235ef65f423e9970006a.php 第 6 行.
NOTIC: [8] Undefined variable: web_title /usr/share/httpd/blog/Application/Runtime/Cache/Home/a9624174195a235ef65f423e9970006a.php 第 23 行.
NOTIC: [8] Undefined variable: web_title /usr/share/httpd/blog/Application/Runtime/Cache/Home/a9624174195a235ef65f423e9970006a.php 第 23 行.
NOTIC: [8] Undefined variable: web_title /usr/share/httpd/blog/Application/Runtime/Cache/Home/a9624174195a235ef65f423e9970006a.php 第 68 行.
NOTIC: [8] Undefined variable: web_title /usr/share/httpd/blog/Application/Runtime/Cache/Home/a9624174195a235ef65f423e9970006a.php 第 68 行.
INFO: Run Behavior\ParseTemplateBehavior [ RunTime:0.007294s ]
INFO: [ view_parse ] --END-- [ RunTime:0.007336s ]
INFO: [ view_filter ] --START--
INFO: Run Behavior\WriteHtmlCacheBehavior [ RunTime:0.000120s ]
INFO: [ view_filter ] --END-- [ RunTime:0.000159s ]
INFO: [ app_end ] --START--
INFO: Run Behavior\ShowPageTraceBehavior [ RunTime:0.000412s ]
INFO: [ app_end ] --END-- [ RunTime:0.000456s ]

[ 2016-11-14T23:56:14+08:00 ] 10.169.88.177 /home/qiniu/qiniu_base64.html
INFO: [ app_init ] --START--
INFO: Run Behavior\BuildLiteBehavior [ RunTime:0.000014s ]
INFO: [ app_init ] --END-- [ RunTime:0.000295s ]
INFO: [ app_begin ] --START--
INFO: Run Behavior\ReadHtmlCacheBehavior [ RunTime:0.000387s ]
INFO: [ app_begin ] --END-- [ RunTime:0.000430s ]
NOTIC: [2] file_put_contents(/.qiniu_phpsdk_hostscache.json): failed to open stream: Permission denied /usr/share/httpd/blog/ThinkPHP/Library/Vendor/qiniu_sdk/src/Qiniu/Zone.php 第 150 行.
NOTIC: [8] Undefined index: error /usr/share/httpd/blog/Application/Model/Qiniu.class.php 第 86 行.

[ 2016-11-14T23:57:05+08:00 ] 10.169.88.177 /home/qiniu/qiniu_base64.html
INFO: [ app_init ] --START--
INFO: Run Behavior\BuildLiteBehavior [ RunTime:0.000018s ]
INFO: [ app_init ] --END-- [ RunTime:0.000325s ]
INFO: [ app_begin ] --START--
INFO: Run Behavior\ReadHtmlCacheBehavior [ RunTime:0.000389s ]
INFO: [ app_begin ] --END-- [ RunTime:0.000433s ]
NOTIC: [2] file_put_contents(/.qiniu_phpsdk_hostscache.json): failed to open stream: Permission denied /usr/share/httpd/blog/ThinkPHP/Library/Vendor/qiniu_sdk/src/Qiniu/Zone.php 第 150 行.
NOTIC: [8] Undefined index: error /usr/share/httpd/blog/Application/Model/Qiniu.class.php 第 86 行.

