[ 2016-10-31T00:01:01+08:00 ] 10.169.88.177 /home/bing/add_imginfo.html
INFO: [ app_init ] --START--
INFO: Run Behavior\BuildLiteBehavior [ RunTime:0.000016s ]
INFO: [ app_init ] --END-- [ RunTime:0.000338s ]
INFO: [ app_begin ] --START--
INFO: Run Behavior\ReadHtmlCacheBehavior [ RunTime:0.001218s ]
INFO: [ app_begin ] --END-- [ RunTime:0.001288s ]
SQL: SHOW COLUMNS FROM `tp_bing` [ RunTime:0.0006s ]
SQL: SELECT * FROM `tp_bing` WHERE `img_time` = '2016-10-31' LIMIT 1   [ RunTime:0.0004s ]
SQL: INSERT INTO `tp_bing` (`img_real_url`,`img_url`,`img_url_480`,`img_time`,`img_title`) VALUES ('http://s.cn.bing.net/az/hprichbg/rb/Halloween2016_ZH-CN7682362704_1920x1080.jpg','Uploads/bing/2016-10-31.jpg','Uploads/bing/480.2016-10-31.jpg','2016-10-31','闹鬼的荒墓 (© Shutterstock/Getty Images)') [ RunTime:0.0295s ]
INFO: [ app_end ] --START--
INFO: Run Behavior\ShowPageTraceBehavior [ RunTime:0.000770s ]
INFO: [ app_end ] --END-- [ RunTime:0.000840s ]

[ 2016-10-31T03:37:04+08:00 ] 10.169.88.177 /home/index/details/id/34.html
INFO: [ app_init ] --START--
INFO: Run Behavior\BuildLiteBehavior [ RunTime:0.000017s ]
INFO: [ app_init ] --END-- [ RunTime:0.000363s ]
INFO: [ app_begin ] --START--
INFO: Run Behavior\ReadHtmlCacheBehavior [ RunTime:0.000476s ]
INFO: [ app_begin ] --END-- [ RunTime:0.000529s ]
SQL: SHOW COLUMNS FROM `tp_article` [ RunTime:0.0007s ]
SQL: SELECT `title`,`reprint_url`,`content`,u.uname,FROM_UNIXTIME( create_time,'%Y-%m-%d %H:%i:%s' ) as create_time,FROM_UNIXTIME( create_time,'%m月%d,%Y' ) as create_time2,FROM_UNIXTIME( modify_time,'%Y-%m-%d %H:%i:%s' ) as modify_time FROM `tp_article` INNER JOIN tp_user as u on create_user_id = u.id  WHERE tp_article.id = '34' LIMIT 1   [ RunTime:0.0005s ]
INFO: [ view_parse ] --START--
INFO: [ template_filter ] --START--
INFO: Run Behavior\ContentReplaceBehavior [ RunTime:0.000086s ]
INFO: [ template_filter ] --END-- [ RunTime:0.000137s ]
NOTIC: [8] Undefined variable: web_title /usr/share/httpd/blog/Application/Runtime/Cache/Home/37214a01e04274e0039680059f673b9e.php 第 9 行.
NOTIC: [8] Undefined variable: web_title /usr/share/httpd/blog/Application/Runtime/Cache/Home/37214a01e04274e0039680059f673b9e.php 第 23 行.
NOTIC: [8] Undefined variable: web_title /usr/share/httpd/blog/Application/Runtime/Cache/Home/37214a01e04274e0039680059f673b9e.php 第 23 行.
NOTIC: [8] Undefined variable: web_title /usr/share/httpd/blog/Application/Runtime/Cache/Home/37214a01e04274e0039680059f673b9e.php 第 68 行.
NOTIC: [8] Undefined variable: web_title /usr/share/httpd/blog/Application/Runtime/Cache/Home/37214a01e04274e0039680059f673b9e.php 第 68 行.
NOTIC: [8] Undefined variable: url /usr/share/httpd/blog/Application/Runtime/Cache/Home/37214a01e04274e0039680059f673b9e.php 第 98 行.
NOTIC: [8] Undefined variable: url /usr/share/httpd/blog/Application/Runtime/Cache/Home/37214a01e04274e0039680059f673b9e.php 第 98 行.
INFO: Run Behavior\ParseTemplateBehavior [ RunTime:0.008885s ]
INFO: [ view_parse ] --END-- [ RunTime:0.008933s ]
INFO: [ view_filter ] --START--
INFO: Run Behavior\WriteHtmlCacheBehavior [ RunTime:0.000120s ]
INFO: [ view_filter ] --END-- [ RunTime:0.000159s ]
INFO: [ app_end ] --START--
INFO: Run Behavior\ShowPageTraceBehavior [ RunTime:0.000396s ]
INFO: [ app_end ] --END-- [ RunTime:0.000442s ]

[ 2016-10-31T04:03:28+08:00 ] 10.169.88.177 /
INFO: [ app_init ] --START--
INFO: Run Behavior\BuildLiteBehavior [ RunTime:0.000015s ]
INFO: [ app_init ] --END-- [ RunTime:0.000307s ]
INFO: [ app_begin ] --START--
INFO: Run Behavior\ReadHtmlCacheBehavior [ RunTime:0.000353s ]
INFO: [ app_begin ] --END-- [ RunTime:0.000398s ]
INFO: [ view_parse ] --START--
INFO: [ template_filter ] --START--
INFO: Run Behavior\ContentReplaceBehavior [ RunTime:0.000072s ]
INFO: [ template_filter ] --END-- [ RunTime:0.000117s ]
NOTIC: [8] Undefined variable: web_title /usr/share/httpd/blog/Application/Runtime/Cache/Home/2a94b8bda04ff446dcedd42276fc99ee.php 第 9 行.
NOTIC: [8] Undefined variable: web_title /usr/share/httpd/blog/Application/Runtime/Cache/Home/2a94b8bda04ff446dcedd42276fc99ee.php 第 23 行.
NOTIC: [8] Undefined variable: web_title /usr/share/httpd/blog/Application/Runtime/Cache/Home/2a94b8bda04ff446dcedd42276fc99ee.php 第 23 行.
NOTIC: [8] Undefined variable: web_title /usr/share/httpd/blog/Application/Runtime/Cache/Home/2a94b8bda04ff446dcedd42276fc99ee.php 第 68 行.
NOTIC: [8] Undefined variable: web_title /usr/share/httpd/blog/Application/Runtime/Cache/Home/2a94b8bda04ff446dcedd42276fc99ee.php 第 68 行.
INFO: Run Behavior\ParseTemplateBehavior [ RunTime:0.007531s ]
INFO: [ view_parse ] --END-- [ RunTime:0.007573s ]
INFO: [ view_filter ] --START--
INFO: Run Behavior\WriteHtmlCacheBehavior [ RunTime:0.000119s ]
INFO: [ view_filter ] --END-- [ RunTime:0.000175s ]
INFO: [ app_end ] --START--
INFO: Run Behavior\ShowPageTraceBehavior [ RunTime:0.000386s ]
INFO: [ app_end ] --END-- [ RunTime:0.000427s ]

[ 2016-10-31T04:47:20+08:00 ] 10.169.88.177 /home/index/index.html
INFO: [ app_init ] --START--
INFO: Run Behavior\BuildLiteBehavior [ RunTime:0.000018s ]
INFO: [ app_init ] --END-- [ RunTime:0.002157s ]
INFO: [ app_begin ] --START--
INFO: Run Behavior\ReadHtmlCacheBehavior [ RunTime:0.000419s ]
INFO: [ app_begin ] --END-- [ RunTime:0.000475s ]
INFO: [ view_parse ] --START--
INFO: [ template_filter ] --START--
INFO: Run Behavior\ContentReplaceBehavior [ RunTime:0.000081s ]
INFO: [ template_filter ] --END-- [ RunTime:0.000132s ]
NOTIC: [8] Undefined variable: web_title /usr/share/httpd/blog/Application/Runtime/Cache/Home/2a94b8bda04ff446dcedd42276fc99ee.php 第 9 行.
NOTIC: [8] Undefined variable: web_title /usr/share/httpd/blog/Application/Runtime/Cache/Home/2a94b8bda04ff446dcedd42276fc99ee.php 第 23 行.
NOTIC: [8] Undefined variable: web_title /usr/share/httpd/blog/Application/Runtime/Cache/Home/2a94b8bda04ff446dcedd42276fc99ee.php 第 23 行.
NOTIC: [8] Undefined variable: web_title /usr/share/httpd/blog/Application/Runtime/Cache/Home/2a94b8bda04ff446dcedd42276fc99ee.php 第 68 行.
NOTIC: [8] Undefined variable: web_title /usr/share/httpd/blog/Application/Runtime/Cache/Home/2a94b8bda04ff446dcedd42276fc99ee.php 第 68 行.
INFO: Run Behavior\ParseTemplateBehavior [ RunTime:0.008620s ]
INFO: [ view_parse ] --END-- [ RunTime:0.008667s ]
INFO: [ view_filter ] --START--
INFO: Run Behavior\WriteHtmlCacheBehavior [ RunTime:0.000124s ]
INFO: [ view_filter ] --END-- [ RunTime:0.000163s ]
INFO: [ app_end ] --START--
INFO: Run Behavior\ShowPageTraceBehavior [ RunTime:0.000395s ]
INFO: [ app_end ] --END-- [ RunTime:0.000443s ]

[ 2016-10-31T04:47:20+08:00 ] 10.169.88.177 /home/index/
INFO: [ app_init ] --START--
INFO: Run Behavior\BuildLiteBehavior [ RunTime:0.000015s ]
INFO: [ app_init ] --END-- [ RunTime:0.000317s ]
INFO: [ app_begin ] --START--
INFO: Run Behavior\ReadHtmlCacheBehavior [ RunTime:0.000369s ]
INFO: [ app_begin ] --END-- [ RunTime:0.000414s ]
INFO: [ view_parse ] --START--
INFO: [ template_filter ] --START--
INFO: Run Behavior\ContentReplaceBehavior [ RunTime:0.000079s ]
INFO: [ template_filter ] --END-- [ RunTime:0.000128s ]
NOTIC: [8] Undefined variable: web_title /usr/share/httpd/blog/Application/Runtime/Cache/Home/2a94b8bda04ff446dcedd42276fc99ee.php 第 9 行.
NOTIC: [8] Undefined variable: web_title /usr/share/httpd/blog/Application/Runtime/Cache/Home/2a94b8bda04ff446dcedd42276fc99ee.php 第 23 行.
NOTIC: [8] Undefined variable: web_title /usr/share/httpd/blog/Application/Runtime/Cache/Home/2a94b8bda04ff446dcedd42276fc99ee.php 第 23 行.
NOTIC: [8] Undefined variable: web_title /usr/share/httpd/blog/Application/Runtime/Cache/Home/2a94b8bda04ff446dcedd42276fc99ee.php 第 68 行.
NOTIC: [8] Undefined variable: web_title /usr/share/httpd/blog/Application/Runtime/Cache/Home/2a94b8bda04ff446dcedd42276fc99ee.php 第 68 行.
INFO: Run Behavior\ParseTemplateBehavior [ RunTime:0.008625s ]
INFO: [ view_parse ] --END-- [ RunTime:0.008666s ]
INFO: [ view_filter ] --START--
INFO: Run Behavior\WriteHtmlCacheBehavior [ RunTime:0.000125s ]
INFO: [ view_filter ] --END-- [ RunTime:0.000164s ]
INFO: [ app_end ] --START--
INFO: Run Behavior\ShowPageTraceBehavior [ RunTime:0.000423s ]
INFO: [ app_end ] --END-- [ RunTime:0.000463s ]

[ 2016-10-31T04:49:20+08:00 ] 10.169.88.177 /home/archives/index.html
INFO: [ app_init ] --START--
INFO: Run Behavior\BuildLiteBehavior [ RunTime:0.000014s ]
INFO: [ app_init ] --END-- [ RunTime:0.000293s ]
INFO: [ app_begin ] --START--
INFO: Run Behavior\ReadHtmlCacheBehavior [ RunTime:0.000405s ]
INFO: [ app_begin ] --END-- [ RunTime:0.000455s ]
SQL: SHOW COLUMNS FROM `tp_article` [ RunTime:0.0006s ]
SQL: SELECT `create_time`,COUNT( * ),GROUP_CONCAT(id) as id FROM `tp_article` GROUP BY FROM_UNIXTIME( create_time, "%Y年%m月%日" ) ORDER BY create_time DESC  [ RunTime:0.0007s ]
SQL: SELECT `id`,`title`,`create_time` FROM `tp_article` WHERE `id` IN ('33','32','31','30','29','28','27','26','25','34') ORDER BY create_time desc  [ RunTime:0.0003s ]
SQL: SELECT `id`,`title`,`create_time` FROM `tp_article` WHERE `id` IN ('19','20','21','22','24') ORDER BY create_time desc  [ RunTime:0.0003s ]
INFO: [ view_parse ] --START--
INFO: [ template_filter ] --START--
INFO: Run Behavior\ContentReplaceBehavior [ RunTime:0.000081s ]
INFO: [ template_filter ] --END-- [ RunTime:0.000127s ]
NOTIC: [8] Undefined variable: web_title /usr/share/httpd/blog/Application/Runtime/Cache/Home/3366c561da1773637233efd0b7e03a47.php 第 9 行.
NOTIC: [8] Undefined variable: web_title /usr/share/httpd/blog/Application/Runtime/Cache/Home/3366c561da1773637233efd0b7e03a47.php 第 23 行.
NOTIC: [8] Undefined variable: web_title /usr/share/httpd/blog/Application/Runtime/Cache/Home/3366c561da1773637233efd0b7e03a47.php 第 23 行.
NOTIC: [8] Undefined variable: web_title /usr/share/httpd/blog/Application/Runtime/Cache/Home/3366c561da1773637233efd0b7e03a47.php 第 68 行.
NOTIC: [8] Undefined variable: web_title /usr/share/httpd/blog/Application/Runtime/Cache/Home/3366c561da1773637233efd0b7e03a47.php 第 68 行.
NOTIC: [8] Use of undefined constant id - assumed 'id' /usr/share/httpd/blog/Application/Runtime/Cache/Home/3366c561da1773637233efd0b7e03a47.php 第 83 行.
NOTIC: [8] Use of undefined constant id - assumed 'id' /usr/share/httpd/blog/Application/Runtime/Cache/Home/3366c561da1773637233efd0b7e03a47.php 第 83 行.
NOTIC: [8] Use of undefined constant id - assumed 'id' /usr/share/httpd/blog/Application/Runtime/Cache/Home/3366c561da1773637233efd0b7e03a47.php 第 83 行.
NOTIC: [8] Use of undefined constant id - assumed 'id' /usr/share/httpd/blog/Application/Runtime/Cache/Home/3366c561da1773637233efd0b7e03a47.php 第 83 行.
NOTIC: [8] Use of undefined constant id - assumed 'id' /usr/share/httpd/blog/Application/Runtime/Cache/Home/3366c561da1773637233efd0b7e03a47.php 第 83 行.
NOTIC: [8] Use of undefined constant id - assumed 'id' /usr/share/httpd/blog/Application/Runtime/Cache/Home/3366c561da1773637233efd0b7e03a47.php 第 83 行.
NOTIC: [8] Use of undefined constant id - assumed 'id' /usr/share/httpd/blog/Application/Runtime/Cache/Home/3366c561da1773637233efd0b7e03a47.php 第 83 行.
NOTIC: [8] Use of undefined constant id - assumed 'id' /usr/share/httpd/blog/Application/Runtime/Cache/Home/3366c561da1773637233efd0b7e03a47.php 第 83 行.
NOTIC: [8] Use of undefined constant id - assumed 'id' /usr/share/httpd/blog/Application/Runtime/Cache/Home/3366c561da1773637233efd0b7e03a47.php 第 83 行.
NOTIC: [8] Use of undefined constant id - assumed 'id' /usr/share/httpd/blog/Application/Runtime/Cache/Home/3366c561da1773637233efd0b7e03a47.php 第 83 行.
NOTIC: [8] Use of undefined constant id - assumed 'id' /usr/share/httpd/blog/Application/Runtime/Cache/Home/3366c561da1773637233efd0b7e03a47.php 第 83 行.
NOTIC: [8] Use of undefined constant id - assumed 'id' /usr/share/httpd/blog/Application/Runtime/Cache/Home/3366c561da1773637233efd0b7e03a47.php 第 83 行.
NOTIC: [8] Use of undefined constant id - assumed 'id' /usr/share/httpd/blog/Application/Runtime/Cache/Home/3366c561da1773637233efd0b7e03a47.php 第 83 行.
NOTIC: [8] Use of undefined constant id - assumed 'id' /usr/share/httpd/blog/Application/Runtime/Cache/Home/3366c561da1773637233efd0b7e03a47.php 第 83 行.
NOTIC: [8] Use of undefined constant id - assumed 'id' /usr/share/httpd/blog/Application/Runtime/Cache/Home/3366c561da1773637233efd0b7e03a47.php 第 83 行.
INFO: Run Behavior\ParseTemplateBehavior [ RunTime:0.010640s ]
INFO: [ view_parse ] --END-- [ RunTime:0.010693s ]
INFO: [ view_filter ] --START--
INFO: Run Behavior\WriteHtmlCacheBehavior [ RunTime:0.000145s ]
INFO: [ view_filter ] --END-- [ RunTime:0.000184s ]
INFO: [ app_end ] --START--
INFO: Run Behavior\ShowPageTraceBehavior [ RunTime:0.000403s ]
INFO: [ app_end ] --END-- [ RunTime:0.000448s ]

[ 2016-10-31T04:49:20+08:00 ] 10.169.88.177 /home/archives/
INFO: [ app_init ] --START--
INFO: Run Behavior\BuildLiteBehavior [ RunTime:0.000014s ]
INFO: [ app_init ] --END-- [ RunTime:0.000298s ]
INFO: [ app_begin ] --START--
INFO: Run Behavior\ReadHtmlCacheBehavior [ RunTime:0.000413s ]
INFO: [ app_begin ] --END-- [ RunTime:0.000463s ]
SQL: SHOW COLUMNS FROM `tp_article` [ RunTime:0.0006s ]
SQL: SELECT `create_time`,COUNT( * ),GROUP_CONCAT(id) as id FROM `tp_article` GROUP BY FROM_UNIXTIME( create_time, "%Y年%m月%日" ) ORDER BY create_time DESC  [ RunTime:0.0009s ]
SQL: SELECT `id`,`title`,`create_time` FROM `tp_article` WHERE `id` IN ('33','32','31','30','29','28','27','26','25','34') ORDER BY create_time desc  [ RunTime:0.0004s ]
SQL: SELECT `id`,`title`,`create_time` FROM `tp_article` WHERE `id` IN ('19','20','21','22','24') ORDER BY create_time desc  [ RunTime:0.0004s ]
INFO: [ view_parse ] --START--
INFO: [ template_filter ] --START--
INFO: Run Behavior\ContentReplaceBehavior [ RunTime:0.000086s ]
INFO: [ template_filter ] --END-- [ RunTime:0.000135s ]
NOTIC: [8] Undefined variable: web_title /usr/share/httpd/blog/Application/Runtime/Cache/Home/3366c561da1773637233efd0b7e03a47.php 第 9 行.
NOTIC: [8] Undefined variable: web_title /usr/share/httpd/blog/Application/Runtime/Cache/Home/3366c561da1773637233efd0b7e03a47.php 第 23 行.
NOTIC: [8] Undefined variable: web_title /usr/share/httpd/blog/Application/Runtime/Cache/Home/3366c561da1773637233efd0b7e03a47.php 第 23 行.
NOTIC: [8] Undefined variable: web_title /usr/share/httpd/blog/Application/Runtime/Cache/Home/3366c561da1773637233efd0b7e03a47.php 第 68 行.
NOTIC: [8] Undefined variable: web_title /usr/share/httpd/blog/Application/Runtime/Cache/Home/3366c561da1773637233efd0b7e03a47.php 第 68 行.
NOTIC: [8] Use of undefined constant id - assumed 'id' /usr/share/httpd/blog/Application/Runtime/Cache/Home/3366c561da1773637233efd0b7e03a47.php 第 83 行.
NOTIC: [8] Use of undefined constant id - assumed 'id' /usr/share/httpd/blog/Application/Runtime/Cache/Home/3366c561da1773637233efd0b7e03a47.php 第 83 行.
NOTIC: [8] Use of undefined constant id - assumed 'id' /usr/share/httpd/blog/Application/Runtime/Cache/Home/3366c561da1773637233efd0b7e03a47.php 第 83 行.
NOTIC: [8] Use of undefined constant id - assumed 'id' /usr/share/httpd/blog/Application/Runtime/Cache/Home/3366c561da1773637233efd0b7e03a47.php 第 83 行.
NOTIC: [8] Use of undefined constant id - assumed 'id' /usr/share/httpd/blog/Application/Runtime/Cache/Home/3366c561da1773637233efd0b7e03a47.php 第 83 行.
NOTIC: [8] Use of undefined constant id - assumed 'id' /usr/share/httpd/blog/Application/Runtime/Cache/Home/3366c561da1773637233efd0b7e03a47.php 第 83 行.
NOTIC: [8] Use of undefined constant id - assumed 'id' /usr/share/httpd/blog/Application/Runtime/Cache/Home/3366c561da1773637233efd0b7e03a47.php 第 83 行.
NOTIC: [8] Use of undefined constant id - assumed 'id' /usr/share/httpd/blog/Application/Runtime/Cache/Home/3366c561da1773637233efd0b7e03a47.php 第 83 行.
NOTIC: [8] Use of undefined constant id - assumed 'id' /usr/share/httpd/blog/Application/Runtime/Cache/Home/3366c561da1773637233efd0b7e03a47.php 第 83 行.
NOTIC: [8] Use of undefined constant id - assumed 'id' /usr/share/httpd/blog/Application/Runtime/Cache/Home/3366c561da1773637233efd0b7e03a47.php 第 83 行.
NOTIC: [8] Use of undefined constant id - assumed 'id' /usr/share/httpd/blog/Application/Runtime/Cache/Home/3366c561da1773637233efd0b7e03a47.php 第 83 行.
NOTIC: [8] Use of undefined constant id - assumed 'id' /usr/share/httpd/blog/Application/Runtime/Cache/Home/3366c561da1773637233efd0b7e03a47.php 第 83 行.
NOTIC: [8] Use of undefined constant id - assumed 'id' /usr/share/httpd/blog/Application/Runtime/Cache/Home/3366c561da1773637233efd0b7e03a47.php 第 83 行.
NOTIC: [8] Use of undefined constant id - assumed 'id' /usr/share/httpd/blog/Application/Runtime/Cache/Home/3366c561da1773637233efd0b7e03a47.php 第 83 行.
NOTIC: [8] Use of undefined constant id - assumed 'id' /usr/share/httpd/blog/Application/Runtime/Cache/Home/3366c561da1773637233efd0b7e03a47.php 第 83 行.
INFO: Run Behavior\ParseTemplateBehavior [ RunTime:0.011655s ]
INFO: [ view_parse ] --END-- [ RunTime:0.011711s ]
INFO: [ view_filter ] --START--
INFO: Run Behavior\WriteHtmlCacheBehavior [ RunTime:0.000132s ]
INFO: [ view_filter ] --END-- [ RunTime:0.000177s ]
INFO: [ app_end ] --START--
INFO: Run Behavior\ShowPageTraceBehavior [ RunTime:0.000397s ]
INFO: [ app_end ] --END-- [ RunTime:0.000440s ]

[ 2016-10-31T04:51:20+08:00 ] 10.169.88.177 /home/bing/index.html
INFO: [ app_init ] --START--
INFO: Run Behavior\BuildLiteBehavior [ RunTime:0.000014s ]
INFO: [ app_init ] --END-- [ RunTime:0.000326s ]
INFO: [ app_begin ] --START--
INFO: Run Behavior\ReadHtmlCacheBehavior [ RunTime:0.000427s ]
INFO: [ app_begin ] --END-- [ RunTime:0.000486s ]
INFO: [ view_parse ] --START--
INFO: [ template_filter ] --START--
INFO: Run Behavior\ContentReplaceBehavior [ RunTime:0.000097s ]
INFO: [ template_filter ] --END-- [ RunTime:0.000167s ]
NOTIC: [8] Undefined variable: web_title /usr/share/httpd/blog/Application/Runtime/Cache/Home/1ea03fdd8a78f5ec7e5062d3ef956260.php 第 9 行.
NOTIC: [8] Undefined variable: web_title /usr/share/httpd/blog/Application/Runtime/Cache/Home/1ea03fdd8a78f5ec7e5062d3ef956260.php 第 23 行.
NOTIC: [8] Undefined variable: web_title /usr/share/httpd/blog/Application/Runtime/Cache/Home/1ea03fdd8a78f5ec7e5062d3ef956260.php 第 23 行.
NOTIC: [8] Undefined variable: web_title /usr/share/httpd/blog/Application/Runtime/Cache/Home/1ea03fdd8a78f5ec7e5062d3ef956260.php 第 68 行.
NOTIC: [8] Undefined variable: web_title /usr/share/httpd/blog/Application/Runtime/Cache/Home/1ea03fdd8a78f5ec7e5062d3ef956260.php 第 68 行.
INFO: Run Behavior\ParseTemplateBehavior [ RunTime:0.020849s ]
INFO: [ view_parse ] --END-- [ RunTime:0.020903s ]
INFO: [ view_filter ] --START--
INFO: Run Behavior\WriteHtmlCacheBehavior [ RunTime:0.000127s ]
INFO: [ view_filter ] --END-- [ RunTime:0.000166s ]
INFO: [ app_end ] --START--
INFO: Run Behavior\ShowPageTraceBehavior [ RunTime:0.000399s ]
INFO: [ app_end ] --END-- [ RunTime:0.000455s ]

[ 2016-10-31T04:51:20+08:00 ] 10.169.88.177 /home/tags/index.html
INFO: [ app_init ] --START--
INFO: Run Behavior\BuildLiteBehavior [ RunTime:0.000017s ]
INFO: [ app_init ] --END-- [ RunTime:0.000313s ]
INFO: [ app_begin ] --START--
INFO: Run Behavior\ReadHtmlCacheBehavior [ RunTime:0.000372s ]
INFO: [ app_begin ] --END-- [ RunTime:0.000418s ]
SQL: SHOW COLUMNS FROM `tp_article_tags` [ RunTime:0.0006s ]
SQL: SELECT b.id,b.tags_name,count(tags_id) as counts FROM `tp_article_tags` RIGHT join tp_tags as b on tags_id = b.id   GROUP BY tags_name  [ RunTime:0.0020s ]
INFO: [ view_parse ] --START--
INFO: [ template_filter ] --START--
INFO: Run Behavior\ContentReplaceBehavior [ RunTime:0.000073s ]
INFO: [ template_filter ] --END-- [ RunTime:0.000128s ]
NOTIC: [8] Undefined variable: web_title /usr/share/httpd/blog/Application/Runtime/Cache/Home/2c62f1ac4c542712dfa6ee5ab4129fde.php 第 9 行.
NOTIC: [8] Undefined variable: web_title /usr/share/httpd/blog/Application/Runtime/Cache/Home/2c62f1ac4c542712dfa6ee5ab4129fde.php 第 23 行.
NOTIC: [8] Undefined variable: web_title /usr/share/httpd/blog/Application/Runtime/Cache/Home/2c62f1ac4c542712dfa6ee5ab4129fde.php 第 23 行.
NOTIC: [8] Undefined variable: web_title /usr/share/httpd/blog/Application/Runtime/Cache/Home/2c62f1ac4c542712dfa6ee5ab4129fde.php 第 68 行.
NOTIC: [8] Undefined variable: web_title /usr/share/httpd/blog/Application/Runtime/Cache/Home/2c62f1ac4c542712dfa6ee5ab4129fde.php 第 68 行.
NOTIC: [8] Use of undefined constant id - assumed 'id' /usr/share/httpd/blog/Application/Runtime/Cache/Home/2c62f1ac4c542712dfa6ee5ab4129fde.php 第 104 行.
NOTIC: [8] Use of undefined constant id - assumed 'id' /usr/share/httpd/blog/Application/Runtime/Cache/Home/2c62f1ac4c542712dfa6ee5ab4129fde.php 第 104 行.
NOTIC: [8] Use of undefined constant id - assumed 'id' /usr/share/httpd/blog/Application/Runtime/Cache/Home/2c62f1ac4c542712dfa6ee5ab4129fde.php 第 104 行.
NOTIC: [8] Use of undefined constant id - assumed 'id' /usr/share/httpd/blog/Application/Runtime/Cache/Home/2c62f1ac4c542712dfa6ee5ab4129fde.php 第 104 行.
NOTIC: [8] Use of undefined constant id - assumed 'id' /usr/share/httpd/blog/Application/Runtime/Cache/Home/2c62f1ac4c542712dfa6ee5ab4129fde.php 第 104 行.
NOTIC: [8] Use of undefined constant id - assumed 'id' /usr/share/httpd/blog/Application/Runtime/Cache/Home/2c62f1ac4c542712dfa6ee5ab4129fde.php 第 104 行.
NOTIC: [8] Use of undefined constant id - assumed 'id' /usr/share/httpd/blog/Application/Runtime/Cache/Home/2c62f1ac4c542712dfa6ee5ab4129fde.php 第 104 行.
NOTIC: [8] Use of undefined constant id - assumed 'id' /usr/share/httpd/blog/Application/Runtime/Cache/Home/2c62f1ac4c542712dfa6ee5ab4129fde.php 第 104 行.
INFO: Run Behavior\ParseTemplateBehavior [ RunTime:0.011568s ]
INFO: [ view_parse ] --END-- [ RunTime:0.011618s ]
INFO: [ view_filter ] --START--
INFO: Run Behavior\WriteHtmlCacheBehavior [ RunTime:0.000121s ]
INFO: [ view_filter ] --END-- [ RunTime:0.000159s ]
INFO: [ app_end ] --START--
INFO: Run Behavior\ShowPageTraceBehavior [ RunTime:0.000433s ]
INFO: [ app_end ] --END-- [ RunTime:0.000476s ]

[ 2016-10-31T04:51:20+08:00 ] 10.169.88.177 /home/bing/
INFO: [ app_init ] --START--
INFO: Run Behavior\BuildLiteBehavior [ RunTime:0.000015s ]
INFO: [ app_init ] --END-- [ RunTime:0.000311s ]
INFO: [ app_begin ] --START--
INFO: Run Behavior\ReadHtmlCacheBehavior [ RunTime:0.003442s ]
INFO: [ app_begin ] --END-- [ RunTime:0.003492s ]
INFO: [ view_parse ] --START--
INFO: [ template_filter ] --START--
INFO: Run Behavior\ContentReplaceBehavior [ RunTime:0.000087s ]
INFO: [ template_filter ] --END-- [ RunTime:0.000137s ]
NOTIC: [8] Undefined variable: web_title /usr/share/httpd/blog/Application/Runtime/Cache/Home/1ea03fdd8a78f5ec7e5062d3ef956260.php 第 9 行.
NOTIC: [8] Undefined variable: web_title /usr/share/httpd/blog/Application/Runtime/Cache/Home/1ea03fdd8a78f5ec7e5062d3ef956260.php 第 23 行.
NOTIC: [8] Undefined variable: web_title /usr/share/httpd/blog/Application/Runtime/Cache/Home/1ea03fdd8a78f5ec7e5062d3ef956260.php 第 23 行.
NOTIC: [8] Undefined variable: web_title /usr/share/httpd/blog/Application/Runtime/Cache/Home/1ea03fdd8a78f5ec7e5062d3ef956260.php 第 68 行.
NOTIC: [8] Undefined variable: web_title /usr/share/httpd/blog/Application/Runtime/Cache/Home/1ea03fdd8a78f5ec7e5062d3ef956260.php 第 68 行.
INFO: Run Behavior\ParseTemplateBehavior [ RunTime:0.017006s ]
INFO: [ view_parse ] --END-- [ RunTime:0.017061s ]
INFO: [ view_filter ] --START--
INFO: Run Behavior\WriteHtmlCacheBehavior [ RunTime:0.000120s ]
INFO: [ view_filter ] --END-- [ RunTime:0.000158s ]
INFO: [ app_end ] --START--
INFO: Run Behavior\ShowPageTraceBehavior [ RunTime:0.000436s ]
INFO: [ app_end ] --END-- [ RunTime:0.000488s ]

[ 2016-10-31T04:51:20+08:00 ] 10.169.88.177 /home/tags/
INFO: [ app_init ] --START--
INFO: Run Behavior\BuildLiteBehavior [ RunTime:0.000013s ]
INFO: [ app_init ] --END-- [ RunTime:0.000272s ]
INFO: [ app_begin ] --START--
INFO: Run Behavior\ReadHtmlCacheBehavior [ RunTime:0.000364s ]
INFO: [ app_begin ] --END-- [ RunTime:0.000412s ]
SQL: SHOW COLUMNS FROM `tp_article_tags` [ RunTime:0.0006s ]
SQL: SELECT b.id,b.tags_name,count(tags_id) as counts FROM `tp_article_tags` RIGHT join tp_tags as b on tags_id = b.id   GROUP BY tags_name  [ RunTime:0.0007s ]
INFO: [ view_parse ] --START--
INFO: [ template_filter ] --START--
INFO: Run Behavior\ContentReplaceBehavior [ RunTime:0.000076s ]
INFO: [ template_filter ] --END-- [ RunTime:0.000124s ]
NOTIC: [8] Undefined variable: web_title /usr/share/httpd/blog/Application/Runtime/Cache/Home/2c62f1ac4c542712dfa6ee5ab4129fde.php 第 9 行.
NOTIC: [8] Undefined variable: web_title /usr/share/httpd/blog/Application/Runtime/Cache/Home/2c62f1ac4c542712dfa6ee5ab4129fde.php 第 23 行.
NOTIC: [8] Undefined variable: web_title /usr/share/httpd/blog/Application/Runtime/Cache/Home/2c62f1ac4c542712dfa6ee5ab4129fde.php 第 23 行.
NOTIC: [8] Undefined variable: web_title /usr/share/httpd/blog/Application/Runtime/Cache/Home/2c62f1ac4c542712dfa6ee5ab4129fde.php 第 68 行.
NOTIC: [8] Undefined variable: web_title /usr/share/httpd/blog/Application/Runtime/Cache/Home/2c62f1ac4c542712dfa6ee5ab4129fde.php 第 68 行.
NOTIC: [8] Use of undefined constant id - assumed 'id' /usr/share/httpd/blog/Application/Runtime/Cache/Home/2c62f1ac4c542712dfa6ee5ab4129fde.php 第 104 行.
NOTIC: [8] Use of undefined constant id - assumed 'id' /usr/share/httpd/blog/Application/Runtime/Cache/Home/2c62f1ac4c542712dfa6ee5ab4129fde.php 第 104 行.
NOTIC: [8] Use of undefined constant id - assumed 'id' /usr/share/httpd/blog/Application/Runtime/Cache/Home/2c62f1ac4c542712dfa6ee5ab4129fde.php 第 104 行.
NOTIC: [8] Use of undefined constant id - assumed 'id' /usr/share/httpd/blog/Application/Runtime/Cache/Home/2c62f1ac4c542712dfa6ee5ab4129fde.php 第 104 行.
NOTIC: [8] Use of undefined constant id - assumed 'id' /usr/share/httpd/blog/Application/Runtime/Cache/Home/2c62f1ac4c542712dfa6ee5ab4129fde.php 第 104 行.
NOTIC: [8] Use of undefined constant id - assumed 'id' /usr/share/httpd/blog/Application/Runtime/Cache/Home/2c62f1ac4c542712dfa6ee5ab4129fde.php 第 104 行.
NOTIC: [8] Use of undefined constant id - assumed 'id' /usr/share/httpd/blog/Application/Runtime/Cache/Home/2c62f1ac4c542712dfa6ee5ab4129fde.php 第 104 行.
NOTIC: [8] Use of undefined constant id - assumed 'id' /usr/share/httpd/blog/Application/Runtime/Cache/Home/2c62f1ac4c542712dfa6ee5ab4129fde.php 第 104 行.
INFO: Run Behavior\ParseTemplateBehavior [ RunTime:0.008404s ]
INFO: [ view_parse ] --END-- [ RunTime:0.008455s ]
INFO: [ view_filter ] --START--
INFO: Run Behavior\WriteHtmlCacheBehavior [ RunTime:0.000121s ]
INFO: [ view_filter ] --END-- [ RunTime:0.000159s ]
INFO: [ app_end ] --START--
INFO: Run Behavior\ShowPageTraceBehavior [ RunTime:0.000405s ]
INFO: [ app_end ] --END-- [ RunTime:0.000464s ]

[ 2016-10-31T06:09:17+08:00 ] 10.169.88.177 /
INFO: [ app_init ] --START--
INFO: Run Behavior\BuildLiteBehavior [ RunTime:0.000018s ]
INFO: [ app_init ] --END-- [ RunTime:0.000403s ]
INFO: [ app_begin ] --START--
INFO: Run Behavior\ReadHtmlCacheBehavior [ RunTime:0.000560s ]
INFO: [ app_begin ] --END-- [ RunTime:0.000630s ]
INFO: [ view_parse ] --START--
INFO: [ template_filter ] --START--
INFO: Run Behavior\ContentReplaceBehavior [ RunTime:0.000081s ]
INFO: [ template_filter ] --END-- [ RunTime:0.000146s ]
NOTIC: [8] Undefined variable: web_title /usr/share/httpd/blog/Application/Runtime/Cache/Home/2a94b8bda04ff446dcedd42276fc99ee.php 第 9 行.
NOTIC: [8] Undefined variable: web_title /usr/share/httpd/blog/Application/Runtime/Cache/Home/2a94b8bda04ff446dcedd42276fc99ee.php 第 23 行.
NOTIC: [8] Undefined variable: web_title /usr/share/httpd/blog/Application/Runtime/Cache/Home/2a94b8bda04ff446dcedd42276fc99ee.php 第 23 行.
NOTIC: [8] Undefined variable: web_title /usr/share/httpd/blog/Application/Runtime/Cache/Home/2a94b8bda04ff446dcedd42276fc99ee.php 第 68 行.
NOTIC: [8] Undefined variable: web_title /usr/share/httpd/blog/Application/Runtime/Cache/Home/2a94b8bda04ff446dcedd42276fc99ee.php 第 68 行.
INFO: Run Behavior\ParseTemplateBehavior [ RunTime:0.008418s ]
INFO: [ view_parse ] --END-- [ RunTime:0.008466s ]
INFO: [ view_filter ] --START--
INFO: Run Behavior\WriteHtmlCacheBehavior [ RunTime:0.000125s ]
INFO: [ view_filter ] --END-- [ RunTime:0.000164s ]
INFO: [ app_end ] --START--
INFO: Run Behavior\ShowPageTraceBehavior [ RunTime:0.000451s ]
INFO: [ app_end ] --END-- [ RunTime:0.000494s ]

[ 2016-10-31T09:35:17+08:00 ] 10.169.88.177 /home/bing/get_lists?start=0&length=5
INFO: [ app_init ] --START--
INFO: Run Behavior\BuildLiteBehavior [ RunTime:0.000015s ]
INFO: [ app_init ] --END-- [ RunTime:0.000310s ]
INFO: [ app_begin ] --START--
INFO: Run Behavior\ReadHtmlCacheBehavior [ RunTime:0.000376s ]
INFO: [ app_begin ] --END-- [ RunTime:0.000419s ]
SQL: SHOW COLUMNS FROM `tp_bing` [ RunTime:0.0006s ]
NOTIC: [8] Undefined index: field /usr/share/httpd/blog/Application/Home/Entity/Bing.class.php 第 23 行.
SQL: SELECT * FROM `tp_bing` ORDER BY img_time desc LIMIT 0,5   [ RunTime:0.0004s ]

[ 2016-10-31T09:35:17+08:00 ] 10.169.88.177 /home/bing/get_img_totalPage?pageSize=5
INFO: [ app_init ] --START--
INFO: Run Behavior\BuildLiteBehavior [ RunTime:0.000013s ]
INFO: [ app_init ] --END-- [ RunTime:0.000279s ]
INFO: [ app_begin ] --START--
INFO: Run Behavior\ReadHtmlCacheBehavior [ RunTime:0.000387s ]
INFO: [ app_begin ] --END-- [ RunTime:0.000429s ]
SQL: SHOW COLUMNS FROM `tp_bing` [ RunTime:0.0004s ]
SQL: SELECT COUNT(*) AS tp_count FROM `tp_bing` LIMIT 1   [ RunTime:0.0003s ]

[ 2016-10-31T09:35:26+08:00 ] 10.169.88.177 /home/bing/get_lists?start=0&length=5
INFO: [ app_init ] --START--
INFO: Run Behavior\BuildLiteBehavior [ RunTime:0.000030s ]
INFO: [ app_init ] --END-- [ RunTime:0.000294s ]
INFO: [ app_begin ] --START--
INFO: Run Behavior\ReadHtmlCacheBehavior [ RunTime:0.000367s ]
INFO: [ app_begin ] --END-- [ RunTime:0.000410s ]
SQL: SHOW COLUMNS FROM `tp_bing` [ RunTime:0.0006s ]
NOTIC: [8] Undefined index: field /usr/share/httpd/blog/Application/Home/Entity/Bing.class.php 第 23 行.
SQL: SELECT * FROM `tp_bing` ORDER BY img_time desc LIMIT 0,5   [ RunTime:0.0012s ]

[ 2016-10-31T09:35:26+08:00 ] 10.169.88.177 /home/bing/get_img_totalPage?pageSize=5
INFO: [ app_init ] --START--
INFO: Run Behavior\BuildLiteBehavior [ RunTime:0.000015s ]
INFO: [ app_init ] --END-- [ RunTime:0.000333s ]
INFO: [ app_begin ] --START--
INFO: Run Behavior\ReadHtmlCacheBehavior [ RunTime:0.000399s ]
INFO: [ app_begin ] --END-- [ RunTime:0.000443s ]
SQL: SHOW COLUMNS FROM `tp_bing` [ RunTime:0.0004s ]
SQL: SELECT COUNT(*) AS tp_count FROM `tp_bing` LIMIT 1   [ RunTime:0.0015s ]

[ 2016-10-31T09:35:53+08:00 ] 10.169.88.177 /home/bing/get_lists?start=5&length=5
INFO: [ app_init ] --START--
INFO: Run Behavior\BuildLiteBehavior [ RunTime:0.000015s ]
INFO: [ app_init ] --END-- [ RunTime:0.000308s ]
INFO: [ app_begin ] --START--
INFO: Run Behavior\ReadHtmlCacheBehavior [ RunTime:0.000411s ]
INFO: [ app_begin ] --END-- [ RunTime:0.000458s ]
SQL: SHOW COLUMNS FROM `tp_bing` [ RunTime:0.0006s ]
NOTIC: [8] Undefined index: field /usr/share/httpd/blog/Application/Home/Entity/Bing.class.php 第 23 行.
SQL: SELECT * FROM `tp_bing` ORDER BY img_time desc LIMIT 5,5   [ RunTime:0.0004s ]

[ 2016-10-31T11:46:09+08:00 ] 10.169.88.177 /
INFO: [ app_init ] --START--
INFO: Run Behavior\BuildLiteBehavior [ RunTime:0.000012s ]
INFO: [ app_init ] --END-- [ RunTime:0.000298s ]
INFO: [ app_begin ] --START--
INFO: Run Behavior\ReadHtmlCacheBehavior [ RunTime:0.000427s ]
INFO: [ app_begin ] --END-- [ RunTime:0.000478s ]
INFO: [ view_parse ] --START--
INFO: [ template_filter ] --START--
INFO: Run Behavior\ContentReplaceBehavior [ RunTime:0.000071s ]
INFO: [ template_filter ] --END-- [ RunTime:0.000121s ]
NOTIC: [8] Undefined variable: web_title /usr/share/httpd/blog/Application/Runtime/Cache/Home/2a94b8bda04ff446dcedd42276fc99ee.php 第 9 行.
NOTIC: [8] Undefined variable: web_title /usr/share/httpd/blog/Application/Runtime/Cache/Home/2a94b8bda04ff446dcedd42276fc99ee.php 第 23 行.
NOTIC: [8] Undefined variable: web_title /usr/share/httpd/blog/Application/Runtime/Cache/Home/2a94b8bda04ff446dcedd42276fc99ee.php 第 23 行.
NOTIC: [8] Undefined variable: web_title /usr/share/httpd/blog/Application/Runtime/Cache/Home/2a94b8bda04ff446dcedd42276fc99ee.php 第 68 行.
NOTIC: [8] Undefined variable: web_title /usr/share/httpd/blog/Application/Runtime/Cache/Home/2a94b8bda04ff446dcedd42276fc99ee.php 第 68 行.
INFO: Run Behavior\ParseTemplateBehavior [ RunTime:0.008984s ]
INFO: [ view_parse ] --END-- [ RunTime:0.009029s ]
INFO: [ view_filter ] --START--
INFO: Run Behavior\WriteHtmlCacheBehavior [ RunTime:0.000149s ]
INFO: [ view_filter ] --END-- [ RunTime:0.000188s ]
INFO: [ app_end ] --START--
INFO: Run Behavior\ShowPageTraceBehavior [ RunTime:0.000389s ]
INFO: [ app_end ] --END-- [ RunTime:0.000434s ]

[ 2016-10-31T12:41:33+08:00 ] 10.169.88.177 /
INFO: [ app_init ] --START--
INFO: Run Behavior\BuildLiteBehavior [ RunTime:0.000013s ]
INFO: [ app_init ] --END-- [ RunTime:0.000288s ]
INFO: [ app_begin ] --START--
INFO: Run Behavior\ReadHtmlCacheBehavior [ RunTime:0.000382s ]
INFO: [ app_begin ] --END-- [ RunTime:0.000427s ]
INFO: [ view_parse ] --START--
INFO: [ template_filter ] --START--
INFO: Run Behavior\ContentReplaceBehavior [ RunTime:0.000069s ]
INFO: [ template_filter ] --END-- [ RunTime:0.000115s ]
NOTIC: [8] Undefined variable: web_title /usr/share/httpd/blog/Application/Runtime/Cache/Home/2a94b8bda04ff446dcedd42276fc99ee.php 第 9 行.
NOTIC: [8] Undefined variable: web_title /usr/share/httpd/blog/Application/Runtime/Cache/Home/2a94b8bda04ff446dcedd42276fc99ee.php 第 23 行.
NOTIC: [8] Undefined variable: web_title /usr/share/httpd/blog/Application/Runtime/Cache/Home/2a94b8bda04ff446dcedd42276fc99ee.php 第 23 行.
NOTIC: [8] Undefined variable: web_title /usr/share/httpd/blog/Application/Runtime/Cache/Home/2a94b8bda04ff446dcedd42276fc99ee.php 第 68 行.
NOTIC: [8] Undefined variable: web_title /usr/share/httpd/blog/Application/Runtime/Cache/Home/2a94b8bda04ff446dcedd42276fc99ee.php 第 68 行.
INFO: Run Behavior\ParseTemplateBehavior [ RunTime:0.022147s ]
INFO: [ view_parse ] --END-- [ RunTime:0.022190s ]
INFO: [ view_filter ] --START--
INFO: Run Behavior\WriteHtmlCacheBehavior [ RunTime:0.000145s ]
INFO: [ view_filter ] --END-- [ RunTime:0.000184s ]
INFO: [ app_end ] --START--
INFO: Run Behavior\ShowPageTraceBehavior [ RunTime:0.000389s ]
INFO: [ app_end ] --END-- [ RunTime:0.000429s ]

[ 2016-10-31T12:41:34+08:00 ] 10.169.88.177 /home/index/get_article_totalPage.html
INFO: [ app_init ] --START--
INFO: Run Behavior\BuildLiteBehavior [ RunTime:0.000017s ]
INFO: [ app_init ] --END-- [ RunTime:0.000413s ]
INFO: [ app_begin ] --START--
INFO: Run Behavior\ReadHtmlCacheBehavior [ RunTime:0.000395s ]
INFO: [ app_begin ] --END-- [ RunTime:0.000440s ]
SQL: SHOW COLUMNS FROM `tp_article` [ RunTime:0.0006s ]
NOTIC: [8] Undefined index: tags_id /usr/share/httpd/blog/Application/Home/Entity/Article.class.php 第 42 行.
SQL: SELECT COUNT(*) AS tp_count FROM `tp_article` LIMIT 1   [ RunTime:0.0003s ]

[ 2016-10-31T12:41:35+08:00 ] 10.169.88.177 /home/index/lists.html?start=0&length=3
INFO: [ app_init ] --START--
INFO: Run Behavior\BuildLiteBehavior [ RunTime:0.000019s ]
INFO: [ app_init ] --END-- [ RunTime:0.000339s ]
INFO: [ app_begin ] --START--
INFO: Run Behavior\ReadHtmlCacheBehavior [ RunTime:0.000383s ]
INFO: [ app_begin ] --END-- [ RunTime:0.000444s ]
SQL: SHOW COLUMNS FROM `tp_article` [ RunTime:0.0009s ]
NOTIC: [8] Undefined index: tags_id /usr/share/httpd/blog/Application/Home/Entity/Article.class.php 第 20 行.
SQL: SELECT a.id,`title`,`reprint_url`,`brief_introduction`,u.uname,`create_time` FROM `tp_article` as a left join tp_user as u on create_user_id = u.id  ORDER BY create_time desc LIMIT 0,3   [ RunTime:0.0004s ]
INFO: [ view_parse ] --START--
INFO: [ template_filter ] --START--
INFO: Run Behavior\ContentReplaceBehavior [ RunTime:0.000129s ]
INFO: [ template_filter ] --END-- [ RunTime:0.000190s ]
NOTIC: [8] Undefined index: create_time2 /usr/share/httpd/blog/Application/Runtime/Cache/Home/72653c5b98bacce026832b51aa92934a.php 第 14 行.
NOTIC: [8] Undefined index: create_time2 /usr/share/httpd/blog/Application/Runtime/Cache/Home/72653c5b98bacce026832b51aa92934a.php 第 14 行.
NOTIC: [8] Undefined index: create_time2 /usr/share/httpd/blog/Application/Runtime/Cache/Home/72653c5b98bacce026832b51aa92934a.php 第 14 行.
INFO: Run Behavior\ParseTemplateBehavior [ RunTime:0.013294s ]
INFO: [ view_parse ] --END-- [ RunTime:0.013338s ]
INFO: [ view_filter ] --START--
INFO: Run Behavior\WriteHtmlCacheBehavior [ RunTime:0.000129s ]
INFO: [ view_filter ] --END-- [ RunTime:0.000165s ]
INFO: [ app_end ] --START--
INFO: Run Behavior\ShowPageTraceBehavior [ RunTime:0.000457s ]
INFO: [ app_end ] --END-- [ RunTime:0.000508s ]

[ 2016-10-31T12:41:37+08:00 ] 10.169.88.177 /home/index/lists.html?start=3&length=3
INFO: [ app_init ] --START--
INFO: Run Behavior\BuildLiteBehavior [ RunTime:0.000014s ]
INFO: [ app_init ] --END-- [ RunTime:0.000293s ]
INFO: [ app_begin ] --START--
INFO: Run Behavior\ReadHtmlCacheBehavior [ RunTime:0.000390s ]
INFO: [ app_begin ] --END-- [ RunTime:0.000432s ]
SQL: SHOW COLUMNS FROM `tp_article` [ RunTime:0.0006s ]
NOTIC: [8] Undefined index: tags_id /usr/share/httpd/blog/Application/Home/Entity/Article.class.php 第 20 行.
SQL: SELECT a.id,`title`,`reprint_url`,`brief_introduction`,u.uname,`create_time` FROM `tp_article` as a left join tp_user as u on create_user_id = u.id  ORDER BY create_time desc LIMIT 3,3   [ RunTime:0.0004s ]
INFO: [ view_parse ] --START--
INFO: [ template_filter ] --START--
INFO: Run Behavior\ContentReplaceBehavior [ RunTime:0.000119s ]
INFO: [ template_filter ] --END-- [ RunTime:0.000166s ]
NOTIC: [8] Undefined index: create_time2 /usr/share/httpd/blog/Application/Runtime/Cache/Home/72653c5b98bacce026832b51aa92934a.php 第 14 行.
NOTIC: [8] Undefined index: create_time2 /usr/share/httpd/blog/Application/Runtime/Cache/Home/72653c5b98bacce026832b51aa92934a.php 第 14 行.
NOTIC: [8] Undefined index: create_time2 /usr/share/httpd/blog/Application/Runtime/Cache/Home/72653c5b98bacce026832b51aa92934a.php 第 14 行.
INFO: Run Behavior\ParseTemplateBehavior [ RunTime:0.012979s ]
INFO: [ view_parse ] --END-- [ RunTime:0.013035s ]
INFO: [ view_filter ] --START--
INFO: Run Behavior\WriteHtmlCacheBehavior [ RunTime:0.000128s ]
INFO: [ view_filter ] --END-- [ RunTime:0.000165s ]
INFO: [ app_end ] --START--
INFO: Run Behavior\ShowPageTraceBehavior [ RunTime:0.000394s ]
INFO: [ app_end ] --END-- [ RunTime:0.000435s ]

[ 2016-10-31T12:41:39+08:00 ] 10.169.88.177 /home/index/lists.html?start=6&length=3
INFO: [ app_init ] --START--
INFO: Run Behavior\BuildLiteBehavior [ RunTime:0.000014s ]
INFO: [ app_init ] --END-- [ RunTime:0.000371s ]
INFO: [ app_begin ] --START--
INFO: Run Behavior\ReadHtmlCacheBehavior [ RunTime:0.000376s ]
INFO: [ app_begin ] --END-- [ RunTime:0.000419s ]
SQL: SHOW COLUMNS FROM `tp_article` [ RunTime:0.0006s ]
NOTIC: [8] Undefined index: tags_id /usr/share/httpd/blog/Application/Home/Entity/Article.class.php 第 20 行.
SQL: SELECT a.id,`title`,`reprint_url`,`brief_introduction`,u.uname,`create_time` FROM `tp_article` as a left join tp_user as u on create_user_id = u.id  ORDER BY create_time desc LIMIT 6,3   [ RunTime:0.0004s ]
INFO: [ view_parse ] --START--
INFO: [ template_filter ] --START--
INFO: Run Behavior\ContentReplaceBehavior [ RunTime:0.000117s ]
INFO: [ template_filter ] --END-- [ RunTime:0.000165s ]
NOTIC: [8] Undefined index: create_time2 /usr/share/httpd/blog/Application/Runtime/Cache/Home/72653c5b98bacce026832b51aa92934a.php 第 14 行.
NOTIC: [8] Undefined index: create_time2 /usr/share/httpd/blog/Application/Runtime/Cache/Home/72653c5b98bacce026832b51aa92934a.php 第 14 行.
NOTIC: [8] Undefined index: create_time2 /usr/share/httpd/blog/Application/Runtime/Cache/Home/72653c5b98bacce026832b51aa92934a.php 第 14 行.
INFO: Run Behavior\ParseTemplateBehavior [ RunTime:0.012988s ]
INFO: [ view_parse ] --END-- [ RunTime:0.013034s ]
INFO: [ view_filter ] --START--
INFO: Run Behavior\WriteHtmlCacheBehavior [ RunTime:0.000120s ]
INFO: [ view_filter ] --END-- [ RunTime:0.000156s ]
INFO: [ app_end ] --START--
INFO: Run Behavior\ShowPageTraceBehavior [ RunTime:0.000409s ]
INFO: [ app_end ] --END-- [ RunTime:0.000450s ]

[ 2016-10-31T12:41:40+08:00 ] 10.169.88.177 /home/index/lists.html?start=9&length=3
INFO: [ app_init ] --START--
INFO: Run Behavior\BuildLiteBehavior [ RunTime:0.000015s ]
INFO: [ app_init ] --END-- [ RunTime:0.000293s ]
INFO: [ app_begin ] --START--
INFO: Run Behavior\ReadHtmlCacheBehavior [ RunTime:0.000388s ]
INFO: [ app_begin ] --END-- [ RunTime:0.000432s ]
SQL: SHOW COLUMNS FROM `tp_article` [ RunTime:0.0006s ]
NOTIC: [8] Undefined index: tags_id /usr/share/httpd/blog/Application/Home/Entity/Article.class.php 第 20 行.
SQL: SELECT a.id,`title`,`reprint_url`,`brief_introduction`,u.uname,`create_time` FROM `tp_article` as a left join tp_user as u on create_user_id = u.id  ORDER BY create_time desc LIMIT 9,3   [ RunTime:0.0004s ]
INFO: [ view_parse ] --START--
INFO: [ template_filter ] --START--
INFO: Run Behavior\ContentReplaceBehavior [ RunTime:0.000121s ]
INFO: [ template_filter ] --END-- [ RunTime:0.000174s ]
NOTIC: [8] Undefined index: create_time2 /usr/share/httpd/blog/Application/Runtime/Cache/Home/72653c5b98bacce026832b51aa92934a.php 第 14 行.
NOTIC: [8] Undefined index: create_time2 /usr/share/httpd/blog/Application/Runtime/Cache/Home/72653c5b98bacce026832b51aa92934a.php 第 14 行.
NOTIC: [8] Undefined index: create_time2 /usr/share/httpd/blog/Application/Runtime/Cache/Home/72653c5b98bacce026832b51aa92934a.php 第 14 行.
INFO: Run Behavior\ParseTemplateBehavior [ RunTime:0.012962s ]
INFO: [ view_parse ] --END-- [ RunTime:0.013002s ]
INFO: [ view_filter ] --START--
INFO: Run Behavior\WriteHtmlCacheBehavior [ RunTime:0.000125s ]
INFO: [ view_filter ] --END-- [ RunTime:0.000161s ]
INFO: [ app_end ] --START--
INFO: Run Behavior\ShowPageTraceBehavior [ RunTime:0.000422s ]
INFO: [ app_end ] --END-- [ RunTime:0.000461s ]

[ 2016-10-31T12:41:41+08:00 ] 10.169.88.177 /home/index/lists.html?start=12&length=3
INFO: [ app_init ] --START--
INFO: Run Behavior\BuildLiteBehavior [ RunTime:0.000019s ]
INFO: [ app_init ] --END-- [ RunTime:0.000316s ]
INFO: [ app_begin ] --START--
INFO: Run Behavior\ReadHtmlCacheBehavior [ RunTime:0.000399s ]
INFO: [ app_begin ] --END-- [ RunTime:0.000442s ]
SQL: SHOW COLUMNS FROM `tp_article` [ RunTime:0.0006s ]
NOTIC: [8] Undefined index: tags_id /usr/share/httpd/blog/Application/Home/Entity/Article.class.php 第 20 行.
SQL: SELECT a.id,`title`,`reprint_url`,`brief_introduction`,u.uname,`create_time` FROM `tp_article` as a left join tp_user as u on create_user_id = u.id  ORDER BY create_time desc LIMIT 12,3   [ RunTime:0.0004s ]
INFO: [ view_parse ] --START--
INFO: [ template_filter ] --START--
INFO: Run Behavior\ContentReplaceBehavior [ RunTime:0.000121s ]
INFO: [ template_filter ] --END-- [ RunTime:0.000171s ]
NOTIC: [8] Undefined index: create_time2 /usr/share/httpd/blog/Application/Runtime/Cache/Home/72653c5b98bacce026832b51aa92934a.php 第 14 行.
NOTIC: [8] Undefined index: create_time2 /usr/share/httpd/blog/Application/Runtime/Cache/Home/72653c5b98bacce026832b51aa92934a.php 第 14 行.
NOTIC: [8] Undefined index: create_time2 /usr/share/httpd/blog/Application/Runtime/Cache/Home/72653c5b98bacce026832b51aa92934a.php 第 14 行.
INFO: Run Behavior\ParseTemplateBehavior [ RunTime:0.012486s ]
INFO: [ view_parse ] --END-- [ RunTime:0.012528s ]
INFO: [ view_filter ] --START--
INFO: Run Behavior\WriteHtmlCacheBehavior [ RunTime:0.000125s ]
INFO: [ view_filter ] --END-- [ RunTime:0.000160s ]
INFO: [ app_end ] --START--
INFO: Run Behavior\ShowPageTraceBehavior [ RunTime:0.000421s ]
INFO: [ app_end ] --END-- [ RunTime:0.000462s ]

[ 2016-10-31T14:32:06+08:00 ] 10.169.88.177 /home/bing
INFO: [ app_init ] --START--
INFO: Run Behavior\BuildLiteBehavior [ RunTime:0.000015s ]
INFO: [ app_init ] --END-- [ RunTime:0.000291s ]
INFO: [ app_begin ] --START--
INFO: Run Behavior\ReadHtmlCacheBehavior [ RunTime:0.000363s ]
INFO: [ app_begin ] --END-- [ RunTime:0.000407s ]
INFO: [ view_parse ] --START--
INFO: [ template_filter ] --START--
INFO: Run Behavior\ContentReplaceBehavior [ RunTime:0.000119s ]
INFO: [ template_filter ] --END-- [ RunTime:0.000201s ]
NOTIC: [8] Undefined variable: web_title /usr/share/httpd/blog/Application/Runtime/Cache/Home/1ea03fdd8a78f5ec7e5062d3ef956260.php 第 9 行.
NOTIC: [8] Undefined variable: web_title /usr/share/httpd/blog/Application/Runtime/Cache/Home/1ea03fdd8a78f5ec7e5062d3ef956260.php 第 23 行.
NOTIC: [8] Undefined variable: web_title /usr/share/httpd/blog/Application/Runtime/Cache/Home/1ea03fdd8a78f5ec7e5062d3ef956260.php 第 23 行.
NOTIC: [8] Undefined variable: web_title /usr/share/httpd/blog/Application/Runtime/Cache/Home/1ea03fdd8a78f5ec7e5062d3ef956260.php 第 68 行.
NOTIC: [8] Undefined variable: web_title /usr/share/httpd/blog/Application/Runtime/Cache/Home/1ea03fdd8a78f5ec7e5062d3ef956260.php 第 68 行.
INFO: Run Behavior\ParseTemplateBehavior [ RunTime:0.008487s ]
INFO: [ view_parse ] --END-- [ RunTime:0.008546s ]
INFO: [ view_filter ] --START--
INFO: Run Behavior\WriteHtmlCacheBehavior [ RunTime:0.000168s ]
INFO: [ view_filter ] --END-- [ RunTime:0.000234s ]
INFO: [ app_end ] --START--
INFO: Run Behavior\ShowPageTraceBehavior [ RunTime:0.000710s ]
INFO: [ app_end ] --END-- [ RunTime:0.000853s ]

[ 2016-10-31T14:32:10+08:00 ] 10.169.88.177 /home/bing/get_img_totalPage.html
INFO: [ app_init ] --START--
INFO: Run Behavior\BuildLiteBehavior [ RunTime:0.000014s ]
INFO: [ app_init ] --END-- [ RunTime:0.000346s ]
INFO: [ app_begin ] --START--
INFO: Run Behavior\ReadHtmlCacheBehavior [ RunTime:0.000383s ]
INFO: [ app_begin ] --END-- [ RunTime:0.000426s ]
SQL: SHOW COLUMNS FROM `tp_bing` [ RunTime:0.0007s ]
SQL: SELECT COUNT(*) AS tp_count FROM `tp_bing` LIMIT 1   [ RunTime:0.0003s ]

[ 2016-10-31T14:32:11+08:00 ] 10.169.88.177 /home/bing/lists.html?start=0&length=9
INFO: [ app_init ] --START--
INFO: Run Behavior\BuildLiteBehavior [ RunTime:0.000014s ]
INFO: [ app_init ] --END-- [ RunTime:0.000314s ]
INFO: [ app_begin ] --START--
INFO: Run Behavior\ReadHtmlCacheBehavior [ RunTime:0.000368s ]
INFO: [ app_begin ] --END-- [ RunTime:0.000411s ]
SQL: SHOW COLUMNS FROM `tp_bing` [ RunTime:0.0151s ]
NOTIC: [8] Undefined index: field /usr/share/httpd/blog/Application/Home/Entity/Bing.class.php 第 23 行.
SQL: SELECT * FROM `tp_bing` ORDER BY img_time desc LIMIT 0,9   [ RunTime:0.0004s ]
INFO: [ view_parse ] --START--
INFO: [ template_filter ] --START--
INFO: Run Behavior\ContentReplaceBehavior [ RunTime:0.000119s ]
INFO: [ template_filter ] --END-- [ RunTime:0.000172s ]
INFO: Run Behavior\ParseTemplateBehavior [ RunTime:0.014510s ]
INFO: [ view_parse ] --END-- [ RunTime:0.014574s ]
INFO: [ view_filter ] --START--
INFO: Run Behavior\WriteHtmlCacheBehavior [ RunTime:0.000126s ]
INFO: [ view_filter ] --END-- [ RunTime:0.000161s ]
INFO: [ app_end ] --START--
INFO: Run Behavior\ShowPageTraceBehavior [ RunTime:0.000390s ]
INFO: [ app_end ] --END-- [ RunTime:0.000429s ]

[ 2016-10-31T16:00:06+08:00 ] 10.169.88.177 /home/bing/get_img_list
INFO: [ app_init ] --START--
INFO: Run Behavior\BuildLiteBehavior [ RunTime:0.000020s ]
INFO: [ app_init ] --END-- [ RunTime:0.000384s ]
INFO: [ app_begin ] --START--
INFO: Run Behavior\ReadHtmlCacheBehavior [ RunTime:0.000414s ]
INFO: [ app_begin ] --END-- [ RunTime:0.000465s ]
ERR: 非法操作:get_img_list

[ 2016-10-31T16:00:12+08:00 ] 10.169.88.177 /home/bing/get_imgsmall_list
INFO: [ app_init ] --START--
INFO: Run Behavior\BuildLiteBehavior [ RunTime:0.000014s ]
INFO: [ app_init ] --END-- [ RunTime:0.000294s ]
INFO: [ app_begin ] --START--
INFO: Run Behavior\ReadHtmlCacheBehavior [ RunTime:0.000381s ]
INFO: [ app_begin ] --END-- [ RunTime:0.000427s ]
ERR: 非法操作:get_imgsmall_list

[ 2016-10-31T16:00:17+08:00 ] 10.169.88.177 /home/bing/
INFO: [ app_init ] --START--
INFO: Run Behavior\BuildLiteBehavior [ RunTime:0.000015s ]
INFO: [ app_init ] --END-- [ RunTime:0.000293s ]
INFO: [ app_begin ] --START--
INFO: Run Behavior\ReadHtmlCacheBehavior [ RunTime:0.000492s ]
INFO: [ app_begin ] --END-- [ RunTime:0.000567s ]
INFO: [ view_parse ] --START--
INFO: [ template_filter ] --START--
INFO: Run Behavior\ContentReplaceBehavior [ RunTime:0.000089s ]
INFO: [ template_filter ] --END-- [ RunTime:0.000136s ]
NOTIC: [8] Undefined variable: web_title /usr/share/httpd/blog/Application/Runtime/Cache/Home/1ea03fdd8a78f5ec7e5062d3ef956260.php 第 9 行.
NOTIC: [8] Undefined variable: web_title /usr/share/httpd/blog/Application/Runtime/Cache/Home/1ea03fdd8a78f5ec7e5062d3ef956260.php 第 23 行.
NOTIC: [8] Undefined variable: web_title /usr/share/httpd/blog/Application/Runtime/Cache/Home/1ea03fdd8a78f5ec7e5062d3ef956260.php 第 23 行.
NOTIC: [8] Undefined variable: web_title /usr/share/httpd/blog/Application/Runtime/Cache/Home/1ea03fdd8a78f5ec7e5062d3ef956260.php 第 68 行.
NOTIC: [8] Undefined variable: web_title /usr/share/httpd/blog/Application/Runtime/Cache/Home/1ea03fdd8a78f5ec7e5062d3ef956260.php 第 68 行.
INFO: Run Behavior\ParseTemplateBehavior [ RunTime:0.008298s ]
INFO: [ view_parse ] --END-- [ RunTime:0.008341s ]
INFO: [ view_filter ] --START--
INFO: Run Behavior\WriteHtmlCacheBehavior [ RunTime:0.000122s ]
INFO: [ view_filter ] --END-- [ RunTime:0.000162s ]
INFO: [ app_end ] --START--
INFO: Run Behavior\ShowPageTraceBehavior [ RunTime:0.000457s ]
INFO: [ app_end ] --END-- [ RunTime:0.000505s ]

[ 2016-10-31T16:00:18+08:00 ] 10.169.88.177 /home/bing/get_img_totalPage.html
INFO: [ app_init ] --START--
INFO: Run Behavior\BuildLiteBehavior [ RunTime:0.000014s ]
INFO: [ app_init ] --END-- [ RunTime:0.000301s ]
INFO: [ app_begin ] --START--
INFO: Run Behavior\ReadHtmlCacheBehavior [ RunTime:0.000372s ]
INFO: [ app_begin ] --END-- [ RunTime:0.000415s ]
SQL: SHOW COLUMNS FROM `tp_bing` [ RunTime:0.0065s ]
SQL: SELECT COUNT(*) AS tp_count FROM `tp_bing` LIMIT 1   [ RunTime:0.0003s ]

[ 2016-10-31T16:00:18+08:00 ] 10.169.88.177 /home/bing/lists.html?start=0&length=9
INFO: [ app_init ] --START--
INFO: Run Behavior\BuildLiteBehavior [ RunTime:0.000015s ]
INFO: [ app_init ] --END-- [ RunTime:0.000315s ]
INFO: [ app_begin ] --START--
INFO: Run Behavior\ReadHtmlCacheBehavior [ RunTime:0.000367s ]
INFO: [ app_begin ] --END-- [ RunTime:0.000409s ]
SQL: SHOW COLUMNS FROM `tp_bing` [ RunTime:0.0006s ]
NOTIC: [8] Undefined index: field /usr/share/httpd/blog/Application/Home/Entity/Bing.class.php 第 23 行.
SQL: SELECT * FROM `tp_bing` ORDER BY img_time desc LIMIT 0,9   [ RunTime:0.0004s ]
INFO: [ view_parse ] --START--
INFO: [ template_filter ] --START--
INFO: Run Behavior\ContentReplaceBehavior [ RunTime:0.000112s ]
INFO: [ template_filter ] --END-- [ RunTime:0.000155s ]
INFO: Run Behavior\ParseTemplateBehavior [ RunTime:0.011024s ]
INFO: [ view_parse ] --END-- [ RunTime:0.011068s ]
INFO: [ view_filter ] --START--
INFO: Run Behavior\WriteHtmlCacheBehavior [ RunTime:0.000122s ]
INFO: [ view_filter ] --END-- [ RunTime:0.000158s ]
INFO: [ app_end ] --START--
INFO: Run Behavior\ShowPageTraceBehavior [ RunTime:0.000382s ]
INFO: [ app_end ] --END-- [ RunTime:0.000420s ]

[ 2016-10-31T16:00:29+08:00 ] 10.169.88.177 /home/bing/
INFO: [ app_init ] --START--
INFO: Run Behavior\BuildLiteBehavior [ RunTime:0.000020s ]
INFO: [ app_init ] --END-- [ RunTime:0.000400s ]
INFO: [ app_begin ] --START--
INFO: Run Behavior\ReadHtmlCacheBehavior [ RunTime:0.000426s ]
INFO: [ app_begin ] --END-- [ RunTime:0.000472s ]
INFO: [ view_parse ] --START--
INFO: [ template_filter ] --START--
INFO: Run Behavior\ContentReplaceBehavior [ RunTime:0.000079s ]
INFO: [ template_filter ] --END-- [ RunTime:0.000124s ]
NOTIC: [8] Undefined variable: web_title /usr/share/httpd/blog/Application/Runtime/Cache/Home/1ea03fdd8a78f5ec7e5062d3ef956260.php 第 9 行.
NOTIC: [8] Undefined variable: web_title /usr/share/httpd/blog/Application/Runtime/Cache/Home/1ea03fdd8a78f5ec7e5062d3ef956260.php 第 23 行.
NOTIC: [8] Undefined variable: web_title /usr/share/httpd/blog/Application/Runtime/Cache/Home/1ea03fdd8a78f5ec7e5062d3ef956260.php 第 23 行.
NOTIC: [8] Undefined variable: web_title /usr/share/httpd/blog/Application/Runtime/Cache/Home/1ea03fdd8a78f5ec7e5062d3ef956260.php 第 68 行.
NOTIC: [8] Undefined variable: web_title /usr/share/httpd/blog/Application/Runtime/Cache/Home/1ea03fdd8a78f5ec7e5062d3ef956260.php 第 68 行.
INFO: Run Behavior\ParseTemplateBehavior [ RunTime:0.011896s ]
INFO: [ view_parse ] --END-- [ RunTime:0.011937s ]
INFO: [ view_filter ] --START--
INFO: Run Behavior\WriteHtmlCacheBehavior [ RunTime:0.000119s ]
INFO: [ view_filter ] --END-- [ RunTime:0.000157s ]
INFO: [ app_end ] --START--
INFO: Run Behavior\ShowPageTraceBehavior [ RunTime:0.000457s ]
INFO: [ app_end ] --END-- [ RunTime:0.000520s ]

[ 2016-10-31T16:00:49+08:00 ] 10.169.88.177 /home/bing/
INFO: [ app_init ] --START--
INFO: Run Behavior\BuildLiteBehavior [ RunTime:0.000014s ]
INFO: [ app_init ] --END-- [ RunTime:0.000297s ]
INFO: [ app_begin ] --START--
INFO: Run Behavior\ReadHtmlCacheBehavior [ RunTime:0.000391s ]
INFO: [ app_begin ] --END-- [ RunTime:0.000435s ]
INFO: [ view_parse ] --START--
INFO: [ template_filter ] --START--
INFO: Run Behavior\ContentReplaceBehavior [ RunTime:0.000077s ]
INFO: [ template_filter ] --END-- [ RunTime:0.000122s ]
NOTIC: [8] Undefined variable: web_title /usr/share/httpd/blog/Application/Runtime/Cache/Home/1ea03fdd8a78f5ec7e5062d3ef956260.php 第 9 行.
NOTIC: [8] Undefined variable: web_title /usr/share/httpd/blog/Application/Runtime/Cache/Home/1ea03fdd8a78f5ec7e5062d3ef956260.php 第 23 行.
NOTIC: [8] Undefined variable: web_title /usr/share/httpd/blog/Application/Runtime/Cache/Home/1ea03fdd8a78f5ec7e5062d3ef956260.php 第 23 行.
NOTIC: [8] Undefined variable: web_title /usr/share/httpd/blog/Application/Runtime/Cache/Home/1ea03fdd8a78f5ec7e5062d3ef956260.php 第 68 行.
NOTIC: [8] Undefined variable: web_title /usr/share/httpd/blog/Application/Runtime/Cache/Home/1ea03fdd8a78f5ec7e5062d3ef956260.php 第 68 行.
INFO: Run Behavior\ParseTemplateBehavior [ RunTime:0.007798s ]
INFO: [ view_parse ] --END-- [ RunTime:0.007838s ]
INFO: [ view_filter ] --START--
INFO: Run Behavior\WriteHtmlCacheBehavior [ RunTime:0.000118s ]
INFO: [ view_filter ] --END-- [ RunTime:0.000155s ]
INFO: [ app_end ] --START--
INFO: Run Behavior\ShowPageTraceBehavior [ RunTime:0.000405s ]
INFO: [ app_end ] --END-- [ RunTime:0.000452s ]

[ 2016-10-31T16:00:54+08:00 ] 10.169.88.177 /home/bing/get_img_totalPage.html
INFO: [ app_init ] --START--
INFO: Run Behavior\BuildLiteBehavior [ RunTime:0.000016s ]
INFO: [ app_init ] --END-- [ RunTime:0.000304s ]
INFO: [ app_begin ] --START--
INFO: Run Behavior\ReadHtmlCacheBehavior [ RunTime:0.000383s ]
INFO: [ app_begin ] --END-- [ RunTime:0.000427s ]
SQL: SHOW COLUMNS FROM `tp_bing` [ RunTime:0.0006s ]
SQL: SELECT COUNT(*) AS tp_count FROM `tp_bing` LIMIT 1   [ RunTime:0.0003s ]

[ 2016-10-31T16:00:55+08:00 ] 10.169.88.177 /home/bing/lists.html?start=0&length=9
INFO: [ app_init ] --START--
INFO: Run Behavior\BuildLiteBehavior [ RunTime:0.000015s ]
INFO: [ app_init ] --END-- [ RunTime:0.000338s ]
INFO: [ app_begin ] --START--
INFO: Run Behavior\ReadHtmlCacheBehavior [ RunTime:0.000369s ]
INFO: [ app_begin ] --END-- [ RunTime:0.000411s ]
SQL: SHOW COLUMNS FROM `tp_bing` [ RunTime:0.0007s ]
NOTIC: [8] Undefined index: field /usr/share/httpd/blog/Application/Home/Entity/Bing.class.php 第 23 行.
SQL: SELECT * FROM `tp_bing` ORDER BY img_time desc LIMIT 0,9   [ RunTime:0.0004s ]
INFO: [ view_parse ] --START--
INFO: [ template_filter ] --START--
INFO: Run Behavior\ContentReplaceBehavior [ RunTime:0.000120s ]
INFO: [ template_filter ] --END-- [ RunTime:0.000170s ]
INFO: Run Behavior\ParseTemplateBehavior [ RunTime:0.012779s ]
INFO: [ view_parse ] --END-- [ RunTime:0.012840s ]
INFO: [ view_filter ] --START--
INFO: Run Behavior\WriteHtmlCacheBehavior [ RunTime:0.000130s ]
INFO: [ view_filter ] --END-- [ RunTime:0.000166s ]
INFO: [ app_end ] --START--
INFO: Run Behavior\ShowPageTraceBehavior [ RunTime:0.000398s ]
INFO: [ app_end ] --END-- [ RunTime:0.000438s ]

[ 2016-10-31T16:01:21+08:00 ] 10.169.88.177 /home/bing/get_lists
INFO: [ app_init ] --START--
INFO: Run Behavior\BuildLiteBehavior [ RunTime:0.000017s ]
INFO: [ app_init ] --END-- [ RunTime:0.000330s ]
INFO: [ app_begin ] --START--
INFO: Run Behavior\ReadHtmlCacheBehavior [ RunTime:0.000378s ]
INFO: [ app_begin ] --END-- [ RunTime:0.000479s ]
SQL: SHOW COLUMNS FROM `tp_bing` [ RunTime:0.0006s ]
NOTIC: [8] Undefined index: field /usr/share/httpd/blog/Application/Home/Entity/Bing.class.php 第 23 行.
NOTIC: [8] Undefined index: start /usr/share/httpd/blog/Application/Home/Entity/Bing.class.php 第 25 行.
NOTIC: [8] Undefined index: length /usr/share/httpd/blog/Application/Home/Entity/Bing.class.php 第 25 行.
SQL: SELECT * FROM `tp_bing` ORDER BY img_time desc  [ RunTime:0.0006s ]

[ 2016-10-31T16:21:11+08:00 ] 10.169.88.177 /home/bing/get_smallImg_lists
INFO: [ app_init ] --START--
INFO: Run Behavior\BuildLiteBehavior [ RunTime:0.000015s ]
INFO: [ app_init ] --END-- [ RunTime:0.000314s ]
INFO: [ app_begin ] --START--
INFO: Run Behavior\ReadHtmlCacheBehavior [ RunTime:0.000372s ]
INFO: [ app_begin ] --END-- [ RunTime:0.000418s ]
SQL: SHOW COLUMNS FROM `tp_bing` [ RunTime:0.0006s ]
NOTIC: [8] Undefined index: start /usr/share/httpd/blog/Application/Home/Entity/Bing.class.php 第 25 行.
NOTIC: [8] Undefined index: length /usr/share/httpd/blog/Application/Home/Entity/Bing.class.php 第 25 行.
SQL: SELECT `id`,`img_time`,`img_url_480`,`img_title` FROM `tp_bing` ORDER BY img_time desc  [ RunTime:0.0007s ]

[ 2016-10-31T16:23:14+08:00 ] 10.169.88.177 /home/bing/get_img_list
INFO: [ app_init ] --START--
INFO: Run Behavior\BuildLiteBehavior [ RunTime:0.000015s ]
INFO: [ app_init ] --END-- [ RunTime:0.000309s ]
INFO: [ app_begin ] --START--
INFO: Run Behavior\ReadHtmlCacheBehavior [ RunTime:0.000364s ]
INFO: [ app_begin ] --END-- [ RunTime:0.000411s ]
ERR: 非法操作:get_img_list

[ 2016-10-31T16:29:01+08:00 ] 10.169.88.177 /home/bing/get_smallImg_lists
INFO: [ app_init ] --START--
INFO: Run Behavior\BuildLiteBehavior [ RunTime:0.000015s ]
INFO: [ app_init ] --END-- [ RunTime:0.000312s ]
INFO: [ app_begin ] --START--
INFO: Run Behavior\ReadHtmlCacheBehavior [ RunTime:0.000369s ]
INFO: [ app_begin ] --END-- [ RunTime:0.000414s ]
SQL: SHOW COLUMNS FROM `tp_bing` [ RunTime:0.0006s ]
NOTIC: [8] Undefined index: start /usr/share/httpd/blog/Application/Home/Entity/Bing.class.php 第 25 行.
NOTIC: [8] Undefined index: length /usr/share/httpd/blog/Application/Home/Entity/Bing.class.php 第 25 行.
SQL: SELECT `id`,`img_time`,`img_url_480`,`img_title` FROM `tp_bing` ORDER BY img_time desc  [ RunTime:0.0006s ]

[ 2016-10-31T16:35:31+08:00 ] 10.169.88.177 /home/bing/get_smallImg_lists
INFO: [ app_init ] --START--
INFO: Run Behavior\BuildLiteBehavior [ RunTime:0.000015s ]
INFO: [ app_init ] --END-- [ RunTime:0.000315s ]
INFO: [ app_begin ] --START--
INFO: Run Behavior\ReadHtmlCacheBehavior [ RunTime:0.000402s ]
INFO: [ app_begin ] --END-- [ RunTime:0.000501s ]
SQL: SHOW COLUMNS FROM `tp_bing` [ RunTime:0.0006s ]
NOTIC: [8] Undefined index: start /usr/share/httpd/blog/Application/Home/Entity/Bing.class.php 第 25 行.
NOTIC: [8] Undefined index: length /usr/share/httpd/blog/Application/Home/Entity/Bing.class.php 第 25 行.
SQL: SELECT `id`,`img_time`,`img_url_480`,`img_title` FROM `tp_bing` ORDER BY img_time desc  [ RunTime:0.0005s ]

[ 2016-10-31T16:38:24+08:00 ] 10.169.88.177 /home/bing/get_smallImg_lists
INFO: [ app_init ] --START--
INFO: Run Behavior\BuildLiteBehavior [ RunTime:0.000015s ]
INFO: [ app_init ] --END-- [ RunTime:0.000318s ]
INFO: [ app_begin ] --START--
INFO: Run Behavior\ReadHtmlCacheBehavior [ RunTime:0.000363s ]
INFO: [ app_begin ] --END-- [ RunTime:0.000410s ]
SQL: SHOW COLUMNS FROM `tp_bing` [ RunTime:0.0006s ]
NOTIC: [8] Undefined index: start /usr/share/httpd/blog/Application/Home/Entity/Bing.class.php 第 25 行.
NOTIC: [8] Undefined index: length /usr/share/httpd/blog/Application/Home/Entity/Bing.class.php 第 25 行.
SQL: SELECT `id`,`img_time`,`img_url_480`,`img_title` FROM `tp_bing` ORDER BY img_time desc  [ RunTime:0.0005s ]

[ 2016-10-31T16:38:30+08:00 ] 10.169.88.177 /home/bing/get_smallImg_lists
INFO: [ app_init ] --START--
INFO: Run Behavior\BuildLiteBehavior [ RunTime:0.000015s ]
INFO: [ app_init ] --END-- [ RunTime:0.000400s ]
INFO: [ app_begin ] --START--
INFO: Run Behavior\ReadHtmlCacheBehavior [ RunTime:0.000367s ]
INFO: [ app_begin ] --END-- [ RunTime:0.000415s ]
SQL: SHOW COLUMNS FROM `tp_bing` [ RunTime:0.0006s ]
NOTIC: [8] Undefined index: start /usr/share/httpd/blog/Application/Home/Entity/Bing.class.php 第 25 行.
NOTIC: [8] Undefined index: length /usr/share/httpd/blog/Application/Home/Entity/Bing.class.php 第 25 行.
SQL: SELECT `id`,`img_time`,`img_url_480`,`img_title` FROM `tp_bing` ORDER BY img_time desc  [ RunTime:0.0005s ]

[ 2016-10-31T16:42:02+08:00 ] 10.169.88.177 /home/bing/get_smallImg_lists
INFO: [ app_init ] --START--
INFO: Run Behavior\BuildLiteBehavior [ RunTime:0.000016s ]
INFO: [ app_init ] --END-- [ RunTime:0.000297s ]
INFO: [ app_begin ] --START--
INFO: Run Behavior\ReadHtmlCacheBehavior [ RunTime:0.000365s ]
INFO: [ app_begin ] --END-- [ RunTime:0.000412s ]
SQL: SHOW COLUMNS FROM `tp_bing` [ RunTime:0.0006s ]
NOTIC: [8] Undefined index: start /usr/share/httpd/blog/Application/Home/Entity/Bing.class.php 第 25 行.
NOTIC: [8] Undefined index: length /usr/share/httpd/blog/Application/Home/Entity/Bing.class.php 第 25 行.
SQL: SELECT `id`,`img_time`,`img_url_480`,`img_title` FROM `tp_bing` ORDER BY img_time desc  [ RunTime:0.0005s ]

[ 2016-10-31T16:43:18+08:00 ] 10.169.88.177 /home/bing/get_smallImg_lists
INFO: [ app_init ] --START--
INFO: Run Behavior\BuildLiteBehavior [ RunTime:0.000014s ]
INFO: [ app_init ] --END-- [ RunTime:0.000301s ]
INFO: [ app_begin ] --START--
INFO: Run Behavior\ReadHtmlCacheBehavior [ RunTime:0.000386s ]
INFO: [ app_begin ] --END-- [ RunTime:0.000433s ]
SQL: SHOW COLUMNS FROM `tp_bing` [ RunTime:0.0006s ]
NOTIC: [8] Undefined index: start /usr/share/httpd/blog/Application/Home/Entity/Bing.class.php 第 25 行.
NOTIC: [8] Undefined index: length /usr/share/httpd/blog/Application/Home/Entity/Bing.class.php 第 25 行.
SQL: SELECT `id`,`img_time`,`img_url_480`,`img_title` FROM `tp_bing` ORDER BY img_time desc  [ RunTime:0.0005s ]

[ 2016-10-31T16:43:20+08:00 ] 10.169.88.177 /home/bing/get_smallImg_lists
INFO: [ app_init ] --START--
INFO: Run Behavior\BuildLiteBehavior [ RunTime:0.000015s ]
INFO: [ app_init ] --END-- [ RunTime:0.000295s ]
INFO: [ app_begin ] --START--
INFO: Run Behavior\ReadHtmlCacheBehavior [ RunTime:0.000374s ]
INFO: [ app_begin ] --END-- [ RunTime:0.000440s ]
SQL: SHOW COLUMNS FROM `tp_bing` [ RunTime:0.0006s ]
NOTIC: [8] Undefined index: start /usr/share/httpd/blog/Application/Home/Entity/Bing.class.php 第 25 行.
NOTIC: [8] Undefined index: length /usr/share/httpd/blog/Application/Home/Entity/Bing.class.php 第 25 行.
SQL: SELECT `id`,`img_time`,`img_url_480`,`img_title` FROM `tp_bing` ORDER BY img_time desc  [ RunTime:0.0004s ]

[ 2016-10-31T16:43:22+08:00 ] 10.169.88.177 /home/bing/get_smallImg_lists
INFO: [ app_init ] --START--
INFO: Run Behavior\BuildLiteBehavior [ RunTime:0.000014s ]
INFO: [ app_init ] --END-- [ RunTime:0.000293s ]
INFO: [ app_begin ] --START--
INFO: Run Behavior\ReadHtmlCacheBehavior [ RunTime:0.000381s ]
INFO: [ app_begin ] --END-- [ RunTime:0.000426s ]
SQL: SHOW COLUMNS FROM `tp_bing` [ RunTime:0.0085s ]
NOTIC: [8] Undefined index: start /usr/share/httpd/blog/Application/Home/Entity/Bing.class.php 第 25 行.
NOTIC: [8] Undefined index: length /usr/share/httpd/blog/Application/Home/Entity/Bing.class.php 第 25 行.
SQL: SELECT `id`,`img_time`,`img_url_480`,`img_title` FROM `tp_bing` ORDER BY img_time desc  [ RunTime:0.0004s ]

[ 2016-10-31T16:43:40+08:00 ] 10.169.88.177 /home/bing/get_smallImg_lists
INFO: [ app_init ] --START--
INFO: Run Behavior\BuildLiteBehavior [ RunTime:0.000039s ]
INFO: [ app_init ] --END-- [ RunTime:0.000381s ]
INFO: [ app_begin ] --START--
INFO: Run Behavior\ReadHtmlCacheBehavior [ RunTime:0.000415s ]
INFO: [ app_begin ] --END-- [ RunTime:0.000463s ]
SQL: SHOW COLUMNS FROM `tp_bing` [ RunTime:0.0006s ]
NOTIC: [8] Undefined index: start /usr/share/httpd/blog/Application/Home/Entity/Bing.class.php 第 25 行.
NOTIC: [8] Undefined index: length /usr/share/httpd/blog/Application/Home/Entity/Bing.class.php 第 25 行.
SQL: SELECT `id`,`img_time`,`img_url_480`,`img_title` FROM `tp_bing` ORDER BY img_time desc  [ RunTime:0.0005s ]

[ 2016-10-31T16:45:28+08:00 ] 10.169.88.177 /home/bing/get_smallImg_lists
INFO: [ app_init ] --START--
INFO: Run Behavior\BuildLiteBehavior [ RunTime:0.000020s ]
INFO: [ app_init ] --END-- [ RunTime:0.000387s ]
INFO: [ app_begin ] --START--
INFO: Run Behavior\ReadHtmlCacheBehavior [ RunTime:0.000418s ]
INFO: [ app_begin ] --END-- [ RunTime:0.000473s ]
SQL: SHOW COLUMNS FROM `tp_bing` [ RunTime:0.0006s ]
NOTIC: [8] Undefined index: start /usr/share/httpd/blog/Application/Home/Entity/Bing.class.php 第 25 行.
NOTIC: [8] Undefined index: length /usr/share/httpd/blog/Application/Home/Entity/Bing.class.php 第 25 行.
SQL: SELECT `id`,`img_time`,`img_url_480`,`img_title` FROM `tp_bing` ORDER BY img_time desc  [ RunTime:0.0006s ]

[ 2016-10-31T16:45:29+08:00 ] 10.169.88.177 /home/bing/get_smallImg_lists
INFO: [ app_init ] --START--
INFO: Run Behavior\BuildLiteBehavior [ RunTime:0.000014s ]
INFO: [ app_init ] --END-- [ RunTime:0.000291s ]
INFO: [ app_begin ] --START--
INFO: Run Behavior\ReadHtmlCacheBehavior [ RunTime:0.000371s ]
INFO: [ app_begin ] --END-- [ RunTime:0.000418s ]
SQL: SHOW COLUMNS FROM `tp_bing` [ RunTime:0.0006s ]
NOTIC: [8] Undefined index: start /usr/share/httpd/blog/Application/Home/Entity/Bing.class.php 第 25 行.
NOTIC: [8] Undefined index: length /usr/share/httpd/blog/Application/Home/Entity/Bing.class.php 第 25 行.
SQL: SELECT `id`,`img_time`,`img_url_480`,`img_title` FROM `tp_bing` ORDER BY img_time desc  [ RunTime:0.0005s ]

[ 2016-10-31T17:51:35+08:00 ] 10.169.88.177 /home/bing/get_smallImg_lists
INFO: [ app_init ] --START--
INFO: Run Behavior\BuildLiteBehavior [ RunTime:0.000015s ]
INFO: [ app_init ] --END-- [ RunTime:0.000298s ]
INFO: [ app_begin ] --START--
INFO: Run Behavior\ReadHtmlCacheBehavior [ RunTime:0.000374s ]
INFO: [ app_begin ] --END-- [ RunTime:0.000421s ]
SQL: SHOW COLUMNS FROM `tp_bing` [ RunTime:0.0006s ]
NOTIC: [8] Undefined index: start /usr/share/httpd/blog/Application/Home/Entity/Bing.class.php 第 25 行.
NOTIC: [8] Undefined index: length /usr/share/httpd/blog/Application/Home/Entity/Bing.class.php 第 25 行.
SQL: SELECT `id`,`img_time`,`img_url_480`,`img_title` FROM `tp_bing` ORDER BY img_time desc  [ RunTime:0.0005s ]

