[ 2016-11-10T00:01:02+08:00 ] 10.169.88.177 /home/bing/add_imginfo.html
INFO: [ app_init ] --START--
INFO: Run Behavior\BuildLiteBehavior [ RunTime:0.000016s ]
INFO: [ app_init ] --END-- [ RunTime:0.000320s ]
INFO: [ app_begin ] --START--
INFO: Run Behavior\ReadHtmlCacheBehavior [ RunTime:0.000385s ]
INFO: [ app_begin ] --END-- [ RunTime:0.000433s ]
SQL: SHOW COLUMNS FROM `tp_bing` [ RunTime:0.0005s ]
SQL: SELECT * FROM `tp_bing` WHERE `img_time` = '2016-11-10' LIMIT 1   [ RunTime:0.0007s ]
NOTIC: [8] Undefined index: error /usr/share/httpd/blog/Application/Model/Qiniu.class.php 第 56 行.
NOTIC: [8] Undefined index: error /usr/share/httpd/blog/Application/Model/Qiniu.class.php 第 56 行.
SQL: INSERT INTO `tp_bing` (`img_real_url`,`img_url`,`img_url_480`,`img_time`,`img_title`) VALUES ('http://s.cn.bing.net/az/hprichbg/rb/PingganVillage_ZH-CN10035092925_1920x1080.jpg','http://ofsvy074q.bkt.clouddn.com/1920.2016-11-10.jpg','http://ofsvy074q.bkt.clouddn.com/480.2016-11-10.jpg','2016-11-10','金塔马尼小镇，巴厘岛，印度尼西亚 (© Bobby Joshi/500px)') [ RunTime:0.0298s ]
INFO: [ app_end ] --START--
INFO: Run Behavior\ShowPageTraceBehavior [ RunTime:0.000767s ]
INFO: [ app_end ] --END-- [ RunTime:0.000821s ]

[ 2016-11-10T02:01:57+08:00 ] 10.169.88.177 /home/index/details/id/about.html
INFO: [ app_init ] --START--
INFO: Run Behavior\BuildLiteBehavior [ RunTime:0.000014s ]
INFO: [ app_init ] --END-- [ RunTime:0.000333s ]
INFO: [ app_begin ] --START--
INFO: Run Behavior\ReadHtmlCacheBehavior [ RunTime:0.000367s ]
INFO: [ app_begin ] --END-- [ RunTime:0.000429s ]
SQL: SHOW COLUMNS FROM `tp_article` [ RunTime:0.0006s ]
SQL: SELECT `title`,`reprint_url`,`content`,u.uname,FROM_UNIXTIME( create_time,'%Y-%m-%d %H:%i:%s' ) as create_time,FROM_UNIXTIME( create_time,'%m月%d,%Y' ) as create_time2,FROM_UNIXTIME( modify_time,'%Y-%m-%d %H:%i:%s' ) as modify_time FROM `tp_article` INNER JOIN tp_user as u on create_user_id = u.id  WHERE tp_article.id = 'about' LIMIT 1   [ RunTime:0.0004s ]
INFO: [ view_parse ] --START--
INFO: [ template_filter ] --START--
INFO: Run Behavior\ContentReplaceBehavior [ RunTime:0.000071s ]
INFO: [ template_filter ] --END-- [ RunTime:0.000121s ]
NOTIC: [8] Undefined variable: web_title /usr/share/httpd/blog/Application/Runtime/Cache/Home/37214a01e04274e0039680059f673b9e.php 第 6 行.
NOTIC: [8] Undefined variable: web_title /usr/share/httpd/blog/Application/Runtime/Cache/Home/37214a01e04274e0039680059f673b9e.php 第 23 行.
NOTIC: [8] Undefined variable: web_title /usr/share/httpd/blog/Application/Runtime/Cache/Home/37214a01e04274e0039680059f673b9e.php 第 23 行.
NOTIC: [8] Undefined variable: web_title /usr/share/httpd/blog/Application/Runtime/Cache/Home/37214a01e04274e0039680059f673b9e.php 第 68 行.
NOTIC: [8] Undefined variable: web_title /usr/share/httpd/blog/Application/Runtime/Cache/Home/37214a01e04274e0039680059f673b9e.php 第 68 行.
NOTIC: [8] Undefined variable: url /usr/share/httpd/blog/Application/Runtime/Cache/Home/37214a01e04274e0039680059f673b9e.php 第 98 行.
NOTIC: [8] Undefined variable: url /usr/share/httpd/blog/Application/Runtime/Cache/Home/37214a01e04274e0039680059f673b9e.php 第 98 行.
INFO: Run Behavior\ParseTemplateBehavior [ RunTime:0.008587s ]
INFO: [ view_parse ] --END-- [ RunTime:0.008630s ]
INFO: [ view_filter ] --START--
INFO: Run Behavior\WriteHtmlCacheBehavior [ RunTime:0.000123s ]
INFO: [ view_filter ] --END-- [ RunTime:0.000162s ]
INFO: [ app_end ] --START--
INFO: Run Behavior\ShowPageTraceBehavior [ RunTime:0.000409s ]
INFO: [ app_end ] --END-- [ RunTime:0.000455s ]

[ 2016-11-10T08:56:41+08:00 ] 10.169.88.177 /home/index/index.html
INFO: [ app_init ] --START--
INFO: Run Behavior\BuildLiteBehavior [ RunTime:0.000014s ]
INFO: [ app_init ] --END-- [ RunTime:0.000294s ]
INFO: [ app_begin ] --START--
INFO: Run Behavior\ReadHtmlCacheBehavior [ RunTime:0.000388s ]
INFO: [ app_begin ] --END-- [ RunTime:0.000434s ]
INFO: [ view_parse ] --START--
INFO: [ template_filter ] --START--
INFO: Run Behavior\ContentReplaceBehavior [ RunTime:0.000072s ]
INFO: [ template_filter ] --END-- [ RunTime:0.000118s ]
NOTIC: [8] Undefined variable: web_title /usr/share/httpd/blog/Application/Runtime/Cache/Home/2a94b8bda04ff446dcedd42276fc99ee.php 第 9 行.
NOTIC: [8] Undefined variable: web_title /usr/share/httpd/blog/Application/Runtime/Cache/Home/2a94b8bda04ff446dcedd42276fc99ee.php 第 23 行.
NOTIC: [8] Undefined variable: web_title /usr/share/httpd/blog/Application/Runtime/Cache/Home/2a94b8bda04ff446dcedd42276fc99ee.php 第 23 行.
NOTIC: [8] Undefined variable: web_title /usr/share/httpd/blog/Application/Runtime/Cache/Home/2a94b8bda04ff446dcedd42276fc99ee.php 第 68 行.
NOTIC: [8] Undefined variable: web_title /usr/share/httpd/blog/Application/Runtime/Cache/Home/2a94b8bda04ff446dcedd42276fc99ee.php 第 68 行.
INFO: Run Behavior\ParseTemplateBehavior [ RunTime:0.007575s ]
INFO: [ view_parse ] --END-- [ RunTime:0.007619s ]
INFO: [ view_filter ] --START--
INFO: Run Behavior\WriteHtmlCacheBehavior [ RunTime:0.000125s ]
INFO: [ view_filter ] --END-- [ RunTime:0.000165s ]
INFO: [ app_end ] --START--
INFO: Run Behavior\ShowPageTraceBehavior [ RunTime:0.000382s ]
INFO: [ app_end ] --END-- [ RunTime:0.000423s ]

[ 2016-11-10T10:02:13+08:00 ] 10.169.88.177 /home/bing
INFO: [ app_init ] --START--
INFO: Run Behavior\BuildLiteBehavior [ RunTime:0.000015s ]
INFO: [ app_init ] --END-- [ RunTime:0.000329s ]
INFO: [ app_begin ] --START--
INFO: Run Behavior\ReadHtmlCacheBehavior [ RunTime:0.000372s ]
INFO: [ app_begin ] --END-- [ RunTime:0.000417s ]
INFO: [ view_parse ] --START--
INFO: [ template_filter ] --START--
INFO: Run Behavior\ContentReplaceBehavior [ RunTime:0.000112s ]
INFO: [ template_filter ] --END-- [ RunTime:0.000190s ]
NOTIC: [8] Undefined variable: web_title /usr/share/httpd/blog/Application/Runtime/Cache/Home/1ea03fdd8a78f5ec7e5062d3ef956260.php 第 9 行.
NOTIC: [8] Undefined variable: web_title /usr/share/httpd/blog/Application/Runtime/Cache/Home/1ea03fdd8a78f5ec7e5062d3ef956260.php 第 23 行.
NOTIC: [8] Undefined variable: web_title /usr/share/httpd/blog/Application/Runtime/Cache/Home/1ea03fdd8a78f5ec7e5062d3ef956260.php 第 23 行.
NOTIC: [8] Undefined variable: web_title /usr/share/httpd/blog/Application/Runtime/Cache/Home/1ea03fdd8a78f5ec7e5062d3ef956260.php 第 68 行.
NOTIC: [8] Undefined variable: web_title /usr/share/httpd/blog/Application/Runtime/Cache/Home/1ea03fdd8a78f5ec7e5062d3ef956260.php 第 68 行.
INFO: Run Behavior\ParseTemplateBehavior [ RunTime:0.008336s ]
INFO: [ view_parse ] --END-- [ RunTime:0.008399s ]
INFO: [ view_filter ] --START--
INFO: Run Behavior\WriteHtmlCacheBehavior [ RunTime:0.000135s ]
INFO: [ view_filter ] --END-- [ RunTime:0.000173s ]
INFO: [ app_end ] --START--
INFO: Run Behavior\ShowPageTraceBehavior [ RunTime:0.000496s ]
INFO: [ app_end ] --END-- [ RunTime:0.000572s ]

[ 2016-11-10T10:02:15+08:00 ] 10.169.88.177 /home/bing/get_img_totalPage.html
INFO: [ app_init ] --START--
INFO: Run Behavior\BuildLiteBehavior [ RunTime:0.000017s ]
INFO: [ app_init ] --END-- [ RunTime:0.000312s ]
INFO: [ app_begin ] --START--
INFO: Run Behavior\ReadHtmlCacheBehavior [ RunTime:0.000413s ]
INFO: [ app_begin ] --END-- [ RunTime:0.000459s ]
SQL: SHOW COLUMNS FROM `tp_bing` [ RunTime:0.0006s ]
SQL: SELECT COUNT(*) AS tp_count FROM `tp_bing` LIMIT 1   [ RunTime:0.0030s ]

[ 2016-11-10T10:02:16+08:00 ] 10.169.88.177 /home/bing/lists.html?start=0&length=9
INFO: [ app_init ] --START--
INFO: Run Behavior\BuildLiteBehavior [ RunTime:0.000016s ]
INFO: [ app_init ] --END-- [ RunTime:0.000297s ]
INFO: [ app_begin ] --START--
INFO: Run Behavior\ReadHtmlCacheBehavior [ RunTime:0.000397s ]
INFO: [ app_begin ] --END-- [ RunTime:0.000451s ]
SQL: SHOW COLUMNS FROM `tp_bing` [ RunTime:0.0006s ]
NOTIC: [8] Undefined index: field /usr/share/httpd/blog/Application/Home/Entity/Bing.class.php 第 23 行.
SQL: SELECT * FROM `tp_bing` ORDER BY img_time desc LIMIT 0,9   [ RunTime:0.0004s ]
INFO: [ view_parse ] --START--
INFO: [ template_filter ] --START--
INFO: Run Behavior\ContentReplaceBehavior [ RunTime:0.000133s ]
INFO: [ template_filter ] --END-- [ RunTime:0.000211s ]
INFO: Run Behavior\ParseTemplateBehavior [ RunTime:0.011838s ]
INFO: [ view_parse ] --END-- [ RunTime:0.011889s ]
INFO: [ view_filter ] --START--
INFO: Run Behavior\WriteHtmlCacheBehavior [ RunTime:0.000150s ]
INFO: [ view_filter ] --END-- [ RunTime:0.000189s ]
INFO: [ app_end ] --START--
INFO: Run Behavior\ShowPageTraceBehavior [ RunTime:0.000498s ]
INFO: [ app_end ] --END-- [ RunTime:0.000548s ]

[ 2016-11-10T10:03:02+08:00 ] 10.169.88.177 /home/bing
INFO: [ app_init ] --START--
INFO: Run Behavior\BuildLiteBehavior [ RunTime:0.000038s ]
INFO: [ app_init ] --END-- [ RunTime:0.000340s ]
INFO: [ app_begin ] --START--
INFO: Run Behavior\ReadHtmlCacheBehavior [ RunTime:0.000397s ]
INFO: [ app_begin ] --END-- [ RunTime:0.000444s ]
INFO: [ view_parse ] --START--
INFO: [ template_filter ] --START--
INFO: Run Behavior\ContentReplaceBehavior [ RunTime:0.000078s ]
INFO: [ template_filter ] --END-- [ RunTime:0.000125s ]
NOTIC: [8] Undefined variable: web_title /usr/share/httpd/blog/Application/Runtime/Cache/Home/1ea03fdd8a78f5ec7e5062d3ef956260.php 第 9 行.
NOTIC: [8] Undefined variable: web_title /usr/share/httpd/blog/Application/Runtime/Cache/Home/1ea03fdd8a78f5ec7e5062d3ef956260.php 第 23 行.
NOTIC: [8] Undefined variable: web_title /usr/share/httpd/blog/Application/Runtime/Cache/Home/1ea03fdd8a78f5ec7e5062d3ef956260.php 第 23 行.
NOTIC: [8] Undefined variable: web_title /usr/share/httpd/blog/Application/Runtime/Cache/Home/1ea03fdd8a78f5ec7e5062d3ef956260.php 第 68 行.
NOTIC: [8] Undefined variable: web_title /usr/share/httpd/blog/Application/Runtime/Cache/Home/1ea03fdd8a78f5ec7e5062d3ef956260.php 第 68 行.
INFO: Run Behavior\ParseTemplateBehavior [ RunTime:0.008052s ]
INFO: [ view_parse ] --END-- [ RunTime:0.008098s ]
INFO: [ view_filter ] --START--
INFO: Run Behavior\WriteHtmlCacheBehavior [ RunTime:0.000363s ]
INFO: [ view_filter ] --END-- [ RunTime:0.000403s ]
INFO: [ app_end ] --START--
INFO: Run Behavior\ShowPageTraceBehavior [ RunTime:0.000414s ]
INFO: [ app_end ] --END-- [ RunTime:0.000722s ]

[ 2016-11-10T10:03:08+08:00 ] 10.169.88.177 /home/bing/get_img_totalPage.html
INFO: [ app_init ] --START--
INFO: Run Behavior\BuildLiteBehavior [ RunTime:0.000019s ]
INFO: [ app_init ] --END-- [ RunTime:0.000364s ]
INFO: [ app_begin ] --START--
INFO: Run Behavior\ReadHtmlCacheBehavior [ RunTime:0.000526s ]
INFO: [ app_begin ] --END-- [ RunTime:0.000572s ]
SQL: SHOW COLUMNS FROM `tp_bing` [ RunTime:0.0006s ]
SQL: SELECT COUNT(*) AS tp_count FROM `tp_bing` LIMIT 1   [ RunTime:0.0003s ]

[ 2016-11-10T10:03:09+08:00 ] 10.169.88.177 /home/bing/lists.html?start=0&length=9
INFO: [ app_init ] --START--
INFO: Run Behavior\BuildLiteBehavior [ RunTime:0.000015s ]
INFO: [ app_init ] --END-- [ RunTime:0.000293s ]
INFO: [ app_begin ] --START--
INFO: Run Behavior\ReadHtmlCacheBehavior [ RunTime:0.001002s ]
INFO: [ app_begin ] --END-- [ RunTime:0.001047s ]
SQL: SHOW COLUMNS FROM `tp_bing` [ RunTime:0.0006s ]
NOTIC: [8] Undefined index: field /usr/share/httpd/blog/Application/Home/Entity/Bing.class.php 第 23 行.
SQL: SELECT * FROM `tp_bing` ORDER BY img_time desc LIMIT 0,9   [ RunTime:0.0004s ]
INFO: [ view_parse ] --START--
INFO: [ template_filter ] --START--
INFO: Run Behavior\ContentReplaceBehavior [ RunTime:0.000113s ]
INFO: [ template_filter ] --END-- [ RunTime:0.000163s ]
INFO: Run Behavior\ParseTemplateBehavior [ RunTime:0.011050s ]
INFO: [ view_parse ] --END-- [ RunTime:0.011095s ]
INFO: [ view_filter ] --START--
INFO: Run Behavior\WriteHtmlCacheBehavior [ RunTime:0.000124s ]
INFO: [ view_filter ] --END-- [ RunTime:0.000161s ]
INFO: [ app_end ] --START--
INFO: Run Behavior\ShowPageTraceBehavior [ RunTime:0.000403s ]
INFO: [ app_end ] --END-- [ RunTime:0.000443s ]

[ 2016-11-10T10:04:07+08:00 ] 10.169.88.177 /home/bing/lists.html?start=9&length=9
INFO: [ app_init ] --START--
INFO: Run Behavior\BuildLiteBehavior [ RunTime:0.000022s ]
INFO: [ app_init ] --END-- [ RunTime:0.000646s ]
INFO: [ app_begin ] --START--
INFO: Run Behavior\ReadHtmlCacheBehavior [ RunTime:0.000466s ]
INFO: [ app_begin ] --END-- [ RunTime:0.000511s ]
SQL: SHOW COLUMNS FROM `tp_bing` [ RunTime:0.0006s ]
NOTIC: [8] Undefined index: field /usr/share/httpd/blog/Application/Home/Entity/Bing.class.php 第 23 行.
SQL: SELECT * FROM `tp_bing` ORDER BY img_time desc LIMIT 9,9   [ RunTime:0.0005s ]
INFO: [ view_parse ] --START--
INFO: [ template_filter ] --START--
INFO: Run Behavior\ContentReplaceBehavior [ RunTime:0.000115s ]
INFO: [ template_filter ] --END-- [ RunTime:0.000163s ]
INFO: Run Behavior\ParseTemplateBehavior [ RunTime:0.011087s ]
INFO: [ view_parse ] --END-- [ RunTime:0.011133s ]
INFO: [ view_filter ] --START--
INFO: Run Behavior\WriteHtmlCacheBehavior [ RunTime:0.000369s ]
INFO: [ view_filter ] --END-- [ RunTime:0.000408s ]
INFO: [ app_end ] --START--
INFO: Run Behavior\ShowPageTraceBehavior [ RunTime:0.000381s ]
INFO: [ app_end ] --END-- [ RunTime:0.000440s ]

[ 2016-11-10T10:04:07+08:00 ] 10.169.88.177 /home/bing/lists.html?start=18&length=9
INFO: [ app_init ] --START--
INFO: Run Behavior\BuildLiteBehavior [ RunTime:0.000016s ]
INFO: [ app_init ] --END-- [ RunTime:0.000327s ]
INFO: [ app_begin ] --START--
INFO: Run Behavior\ReadHtmlCacheBehavior [ RunTime:0.000386s ]
INFO: [ app_begin ] --END-- [ RunTime:0.000432s ]
SQL: SHOW COLUMNS FROM `tp_bing` [ RunTime:0.0006s ]
NOTIC: [8] Undefined index: field /usr/share/httpd/blog/Application/Home/Entity/Bing.class.php 第 23 行.
SQL: SELECT * FROM `tp_bing` ORDER BY img_time desc LIMIT 18,9   [ RunTime:0.0004s ]
INFO: [ view_parse ] --START--
INFO: [ template_filter ] --START--
INFO: Run Behavior\ContentReplaceBehavior [ RunTime:0.000115s ]
INFO: [ template_filter ] --END-- [ RunTime:0.000164s ]
INFO: Run Behavior\ParseTemplateBehavior [ RunTime:0.011755s ]
INFO: [ view_parse ] --END-- [ RunTime:0.011803s ]
INFO: [ view_filter ] --START--
INFO: Run Behavior\WriteHtmlCacheBehavior [ RunTime:0.000125s ]
INFO: [ view_filter ] --END-- [ RunTime:0.000162s ]
INFO: [ app_end ] --START--
INFO: Run Behavior\ShowPageTraceBehavior [ RunTime:0.000400s ]
INFO: [ app_end ] --END-- [ RunTime:0.000440s ]

[ 2016-11-10T10:04:10+08:00 ] 10.169.88.177 /home/bing/lists.html?start=27&length=9
INFO: [ app_init ] --START--
INFO: Run Behavior\BuildLiteBehavior [ RunTime:0.000015s ]
INFO: [ app_init ] --END-- [ RunTime:0.000315s ]
INFO: [ app_begin ] --START--
INFO: Run Behavior\ReadHtmlCacheBehavior [ RunTime:0.000406s ]
INFO: [ app_begin ] --END-- [ RunTime:0.000453s ]
SQL: SHOW COLUMNS FROM `tp_bing` [ RunTime:0.0006s ]
NOTIC: [8] Undefined index: field /usr/share/httpd/blog/Application/Home/Entity/Bing.class.php 第 23 行.
SQL: SELECT * FROM `tp_bing` ORDER BY img_time desc LIMIT 27,9   [ RunTime:0.0006s ]
INFO: [ view_parse ] --START--
INFO: [ template_filter ] --START--
INFO: Run Behavior\ContentReplaceBehavior [ RunTime:0.000128s ]
INFO: [ template_filter ] --END-- [ RunTime:0.000181s ]
INFO: Run Behavior\ParseTemplateBehavior [ RunTime:0.012557s ]
INFO: [ view_parse ] --END-- [ RunTime:0.012600s ]
INFO: [ view_filter ] --START--
INFO: Run Behavior\WriteHtmlCacheBehavior [ RunTime:0.000130s ]
INFO: [ view_filter ] --END-- [ RunTime:0.000166s ]
INFO: [ app_end ] --START--
INFO: Run Behavior\ShowPageTraceBehavior [ RunTime:0.000393s ]
INFO: [ app_end ] --END-- [ RunTime:0.000437s ]

[ 2016-11-10T10:04:11+08:00 ] 10.169.88.177 /home/bing/lists.html?start=36&length=9
INFO: [ app_init ] --START--
INFO: Run Behavior\BuildLiteBehavior [ RunTime:0.000019s ]
INFO: [ app_init ] --END-- [ RunTime:0.000332s ]
INFO: [ app_begin ] --START--
INFO: Run Behavior\ReadHtmlCacheBehavior [ RunTime:0.000377s ]
INFO: [ app_begin ] --END-- [ RunTime:0.000422s ]
SQL: SHOW COLUMNS FROM `tp_bing` [ RunTime:0.0006s ]
NOTIC: [8] Undefined index: field /usr/share/httpd/blog/Application/Home/Entity/Bing.class.php 第 23 行.
SQL: SELECT * FROM `tp_bing` ORDER BY img_time desc LIMIT 36,9   [ RunTime:0.0006s ]
INFO: [ view_parse ] --START--
INFO: [ template_filter ] --START--
INFO: Run Behavior\ContentReplaceBehavior [ RunTime:0.000120s ]
INFO: [ template_filter ] --END-- [ RunTime:0.000173s ]
INFO: Run Behavior\ParseTemplateBehavior [ RunTime:0.011709s ]
INFO: [ view_parse ] --END-- [ RunTime:0.011755s ]
INFO: [ view_filter ] --START--
INFO: Run Behavior\WriteHtmlCacheBehavior [ RunTime:0.000126s ]
INFO: [ view_filter ] --END-- [ RunTime:0.000165s ]
INFO: [ app_end ] --START--
INFO: Run Behavior\ShowPageTraceBehavior [ RunTime:0.000401s ]
INFO: [ app_end ] --END-- [ RunTime:0.000443s ]

[ 2016-11-10T10:04:31+08:00 ] 10.169.88.177 /home/bing
INFO: [ app_init ] --START--
INFO: Run Behavior\BuildLiteBehavior [ RunTime:0.000016s ]
INFO: [ app_init ] --END-- [ RunTime:0.000295s ]
INFO: [ app_begin ] --START--
INFO: Run Behavior\ReadHtmlCacheBehavior [ RunTime:0.000411s ]
INFO: [ app_begin ] --END-- [ RunTime:0.000458s ]
INFO: [ view_parse ] --START--
INFO: [ template_filter ] --START--
INFO: Run Behavior\ContentReplaceBehavior [ RunTime:0.000095s ]
INFO: [ template_filter ] --END-- [ RunTime:0.000144s ]
NOTIC: [8] Undefined variable: web_title /usr/share/httpd/blog/Application/Runtime/Cache/Home/1ea03fdd8a78f5ec7e5062d3ef956260.php 第 9 行.
NOTIC: [8] Undefined variable: web_title /usr/share/httpd/blog/Application/Runtime/Cache/Home/1ea03fdd8a78f5ec7e5062d3ef956260.php 第 23 行.
NOTIC: [8] Undefined variable: web_title /usr/share/httpd/blog/Application/Runtime/Cache/Home/1ea03fdd8a78f5ec7e5062d3ef956260.php 第 23 行.
NOTIC: [8] Undefined variable: web_title /usr/share/httpd/blog/Application/Runtime/Cache/Home/1ea03fdd8a78f5ec7e5062d3ef956260.php 第 68 行.
NOTIC: [8] Undefined variable: web_title /usr/share/httpd/blog/Application/Runtime/Cache/Home/1ea03fdd8a78f5ec7e5062d3ef956260.php 第 68 行.
INFO: Run Behavior\ParseTemplateBehavior [ RunTime:0.007724s ]
INFO: [ view_parse ] --END-- [ RunTime:0.007767s ]
INFO: [ view_filter ] --START--
INFO: Run Behavior\WriteHtmlCacheBehavior [ RunTime:0.000122s ]
INFO: [ view_filter ] --END-- [ RunTime:0.000162s ]
INFO: [ app_end ] --START--
INFO: Run Behavior\ShowPageTraceBehavior [ RunTime:0.000406s ]
INFO: [ app_end ] --END-- [ RunTime:0.000458s ]

[ 2016-11-10T10:04:33+08:00 ] 10.169.88.177 /home/bing/get_img_totalPage.html
INFO: [ app_init ] --START--
INFO: Run Behavior\BuildLiteBehavior [ RunTime:0.000015s ]
INFO: [ app_init ] --END-- [ RunTime:0.000298s ]
INFO: [ app_begin ] --START--
INFO: Run Behavior\ReadHtmlCacheBehavior [ RunTime:0.000380s ]
INFO: [ app_begin ] --END-- [ RunTime:0.000425s ]
SQL: SHOW COLUMNS FROM `tp_bing` [ RunTime:0.0006s ]
SQL: SELECT COUNT(*) AS tp_count FROM `tp_bing` LIMIT 1   [ RunTime:0.0003s ]

[ 2016-11-10T10:04:34+08:00 ] 10.169.88.177 /home/bing/lists.html?start=0&length=9
INFO: [ app_init ] --START--
INFO: Run Behavior\BuildLiteBehavior [ RunTime:0.000016s ]
INFO: [ app_init ] --END-- [ RunTime:0.000314s ]
INFO: [ app_begin ] --START--
INFO: Run Behavior\ReadHtmlCacheBehavior [ RunTime:0.000363s ]
INFO: [ app_begin ] --END-- [ RunTime:0.000423s ]
SQL: SHOW COLUMNS FROM `tp_bing` [ RunTime:0.0006s ]
NOTIC: [8] Undefined index: field /usr/share/httpd/blog/Application/Home/Entity/Bing.class.php 第 23 行.
SQL: SELECT * FROM `tp_bing` ORDER BY img_time desc LIMIT 0,9   [ RunTime:0.0004s ]
INFO: [ view_parse ] --START--
INFO: [ template_filter ] --START--
INFO: Run Behavior\ContentReplaceBehavior [ RunTime:0.000129s ]
INFO: [ template_filter ] --END-- [ RunTime:0.000180s ]
INFO: Run Behavior\ParseTemplateBehavior [ RunTime:0.011378s ]
INFO: [ view_parse ] --END-- [ RunTime:0.011428s ]
INFO: [ view_filter ] --START--
INFO: Run Behavior\WriteHtmlCacheBehavior [ RunTime:0.000146s ]
INFO: [ view_filter ] --END-- [ RunTime:0.000183s ]
INFO: [ app_end ] --START--
INFO: Run Behavior\ShowPageTraceBehavior [ RunTime:0.000384s ]
INFO: [ app_end ] --END-- [ RunTime:0.000426s ]

[ 2016-11-10T10:04:40+08:00 ] 10.169.88.177 /home/index/index.html
INFO: [ app_init ] --START--
INFO: Run Behavior\BuildLiteBehavior [ RunTime:0.000020s ]
INFO: [ app_init ] --END-- [ RunTime:0.000368s ]
INFO: [ app_begin ] --START--
INFO: Run Behavior\ReadHtmlCacheBehavior [ RunTime:0.000435s ]
INFO: [ app_begin ] --END-- [ RunTime:0.000484s ]
INFO: [ view_parse ] --START--
INFO: [ template_filter ] --START--
INFO: Run Behavior\ContentReplaceBehavior [ RunTime:0.000075s ]
INFO: [ template_filter ] --END-- [ RunTime:0.000136s ]
NOTIC: [8] Undefined variable: web_title /usr/share/httpd/blog/Application/Runtime/Cache/Home/2a94b8bda04ff446dcedd42276fc99ee.php 第 9 行.
NOTIC: [8] Undefined variable: web_title /usr/share/httpd/blog/Application/Runtime/Cache/Home/2a94b8bda04ff446dcedd42276fc99ee.php 第 23 行.
NOTIC: [8] Undefined variable: web_title /usr/share/httpd/blog/Application/Runtime/Cache/Home/2a94b8bda04ff446dcedd42276fc99ee.php 第 23 行.
NOTIC: [8] Undefined variable: web_title /usr/share/httpd/blog/Application/Runtime/Cache/Home/2a94b8bda04ff446dcedd42276fc99ee.php 第 68 行.
NOTIC: [8] Undefined variable: web_title /usr/share/httpd/blog/Application/Runtime/Cache/Home/2a94b8bda04ff446dcedd42276fc99ee.php 第 68 行.
INFO: Run Behavior\ParseTemplateBehavior [ RunTime:0.007996s ]
INFO: [ view_parse ] --END-- [ RunTime:0.008040s ]
INFO: [ view_filter ] --START--
INFO: Run Behavior\WriteHtmlCacheBehavior [ RunTime:0.000122s ]
INFO: [ view_filter ] --END-- [ RunTime:0.000162s ]
INFO: [ app_end ] --START--
INFO: Run Behavior\ShowPageTraceBehavior [ RunTime:0.000443s ]
INFO: [ app_end ] --END-- [ RunTime:0.000484s ]

[ 2016-11-10T10:04:40+08:00 ] 10.169.88.177 /home/index/get_article_totalPage.html
INFO: [ app_init ] --START--
INFO: Run Behavior\BuildLiteBehavior [ RunTime:0.000015s ]
INFO: [ app_init ] --END-- [ RunTime:0.000293s ]
INFO: [ app_begin ] --START--
INFO: Run Behavior\ReadHtmlCacheBehavior [ RunTime:0.000442s ]
INFO: [ app_begin ] --END-- [ RunTime:0.000499s ]
SQL: SHOW COLUMNS FROM `tp_article` [ RunTime:0.0007s ]
NOTIC: [8] Undefined index: tags_id /usr/share/httpd/blog/Application/Home/Entity/Article.class.php 第 42 行.
SQL: SELECT COUNT(*) AS tp_count FROM `tp_article` LIMIT 1   [ RunTime:0.0002s ]

[ 2016-11-10T10:04:42+08:00 ] 10.169.88.177 /home/archives/index.html
INFO: [ app_init ] --START--
INFO: Run Behavior\BuildLiteBehavior [ RunTime:0.000015s ]
INFO: [ app_init ] --END-- [ RunTime:0.000298s ]
INFO: [ app_begin ] --START--
INFO: Run Behavior\ReadHtmlCacheBehavior [ RunTime:0.000391s ]
INFO: [ app_begin ] --END-- [ RunTime:0.000441s ]
SQL: SHOW COLUMNS FROM `tp_article` [ RunTime:0.0163s ]
SQL: SELECT `create_time`,COUNT( * ),GROUP_CONCAT(id) as id FROM `tp_article` GROUP BY FROM_UNIXTIME( create_time, "%Y年%m月%日" ) ORDER BY create_time DESC  [ RunTime:0.0007s ]
SQL: SELECT `id`,`title`,`create_time` FROM `tp_article` WHERE `id` IN ('33','32','31','30','29','28','27','26','25','34') ORDER BY create_time desc  [ RunTime:0.0003s ]
SQL: SELECT `id`,`title`,`create_time` FROM `tp_article` WHERE `id` IN ('19','20','21','22','24') ORDER BY create_time desc  [ RunTime:0.0002s ]
INFO: [ view_parse ] --START--
INFO: [ template_filter ] --START--
INFO: Run Behavior\ContentReplaceBehavior [ RunTime:0.000122s ]
INFO: [ template_filter ] --END-- [ RunTime:0.000216s ]
NOTIC: [8] Undefined variable: web_title /usr/share/httpd/blog/Application/Runtime/Cache/Home/3366c561da1773637233efd0b7e03a47.php 第 9 行.
NOTIC: [8] Undefined variable: web_title /usr/share/httpd/blog/Application/Runtime/Cache/Home/3366c561da1773637233efd0b7e03a47.php 第 23 行.
NOTIC: [8] Undefined variable: web_title /usr/share/httpd/blog/Application/Runtime/Cache/Home/3366c561da1773637233efd0b7e03a47.php 第 23 行.
NOTIC: [8] Undefined variable: web_title /usr/share/httpd/blog/Application/Runtime/Cache/Home/3366c561da1773637233efd0b7e03a47.php 第 68 行.
NOTIC: [8] Undefined variable: web_title /usr/share/httpd/blog/Application/Runtime/Cache/Home/3366c561da1773637233efd0b7e03a47.php 第 68 行.
NOTIC: [8] Use of undefined constant id - assumed 'id' /usr/share/httpd/blog/Application/Runtime/Cache/Home/3366c561da1773637233efd0b7e03a47.php 第 83 行.
NOTIC: [8] Use of undefined constant id - assumed 'id' /usr/share/httpd/blog/Application/Runtime/Cache/Home/3366c561da1773637233efd0b7e03a47.php 第 83 行.
NOTIC: [8] Use of undefined constant id - assumed 'id' /usr/share/httpd/blog/Application/Runtime/Cache/Home/3366c561da1773637233efd0b7e03a47.php 第 83 行.
NOTIC: [8] Use of undefined constant id - assumed 'id' /usr/share/httpd/blog/Application/Runtime/Cache/Home/3366c561da1773637233efd0b7e03a47.php 第 83 行.
NOTIC: [8] Use of undefined constant id - assumed 'id' /usr/share/httpd/blog/Application/Runtime/Cache/Home/3366c561da1773637233efd0b7e03a47.php 第 83 行.
NOTIC: [8] Use of undefined constant id - assumed 'id' /usr/share/httpd/blog/Application/Runtime/Cache/Home/3366c561da1773637233efd0b7e03a47.php 第 83 行.
NOTIC: [8] Use of undefined constant id - assumed 'id' /usr/share/httpd/blog/Application/Runtime/Cache/Home/3366c561da1773637233efd0b7e03a47.php 第 83 行.
NOTIC: [8] Use of undefined constant id - assumed 'id' /usr/share/httpd/blog/Application/Runtime/Cache/Home/3366c561da1773637233efd0b7e03a47.php 第 83 行.
NOTIC: [8] Use of undefined constant id - assumed 'id' /usr/share/httpd/blog/Application/Runtime/Cache/Home/3366c561da1773637233efd0b7e03a47.php 第 83 行.
NOTIC: [8] Use of undefined constant id - assumed 'id' /usr/share/httpd/blog/Application/Runtime/Cache/Home/3366c561da1773637233efd0b7e03a47.php 第 83 行.
NOTIC: [8] Use of undefined constant id - assumed 'id' /usr/share/httpd/blog/Application/Runtime/Cache/Home/3366c561da1773637233efd0b7e03a47.php 第 83 行.
NOTIC: [8] Use of undefined constant id - assumed 'id' /usr/share/httpd/blog/Application/Runtime/Cache/Home/3366c561da1773637233efd0b7e03a47.php 第 83 行.
NOTIC: [8] Use of undefined constant id - assumed 'id' /usr/share/httpd/blog/Application/Runtime/Cache/Home/3366c561da1773637233efd0b7e03a47.php 第 83 行.
NOTIC: [8] Use of undefined constant id - assumed 'id' /usr/share/httpd/blog/Application/Runtime/Cache/Home/3366c561da1773637233efd0b7e03a47.php 第 83 行.
NOTIC: [8] Use of undefined constant id - assumed 'id' /usr/share/httpd/blog/Application/Runtime/Cache/Home/3366c561da1773637233efd0b7e03a47.php 第 83 行.
INFO: Run Behavior\ParseTemplateBehavior [ RunTime:0.010676s ]
INFO: [ view_parse ] --END-- [ RunTime:0.010720s ]
INFO: [ view_filter ] --START--
INFO: Run Behavior\WriteHtmlCacheBehavior [ RunTime:0.000127s ]
INFO: [ view_filter ] --END-- [ RunTime:0.000167s ]
INFO: [ app_end ] --START--
INFO: Run Behavior\ShowPageTraceBehavior [ RunTime:0.000436s ]
INFO: [ app_end ] --END-- [ RunTime:0.000481s ]

[ 2016-11-10T10:04:44+08:00 ] 10.169.88.177 /home/archives/index.html
INFO: [ app_init ] --START--
INFO: Run Behavior\BuildLiteBehavior [ RunTime:0.000015s ]
INFO: [ app_init ] --END-- [ RunTime:0.000309s ]
INFO: [ app_begin ] --START--
INFO: Run Behavior\ReadHtmlCacheBehavior [ RunTime:0.000359s ]
INFO: [ app_begin ] --END-- [ RunTime:0.000426s ]
SQL: SHOW COLUMNS FROM `tp_article` [ RunTime:0.0012s ]
SQL: SELECT `create_time`,COUNT( * ),GROUP_CONCAT(id) as id FROM `tp_article` GROUP BY FROM_UNIXTIME( create_time, "%Y年%m月%日" ) ORDER BY create_time DESC  [ RunTime:0.0006s ]
SQL: SELECT `id`,`title`,`create_time` FROM `tp_article` WHERE `id` IN ('33','32','31','30','29','28','27','26','25','34') ORDER BY create_time desc  [ RunTime:0.0003s ]
SQL: SELECT `id`,`title`,`create_time` FROM `tp_article` WHERE `id` IN ('19','20','21','22','24') ORDER BY create_time desc  [ RunTime:0.0002s ]
INFO: [ view_parse ] --START--
INFO: [ template_filter ] --START--
INFO: Run Behavior\ContentReplaceBehavior [ RunTime:0.000075s ]
INFO: [ template_filter ] --END-- [ RunTime:0.000121s ]
NOTIC: [8] Undefined variable: web_title /usr/share/httpd/blog/Application/Runtime/Cache/Home/3366c561da1773637233efd0b7e03a47.php 第 9 行.
NOTIC: [8] Undefined variable: web_title /usr/share/httpd/blog/Application/Runtime/Cache/Home/3366c561da1773637233efd0b7e03a47.php 第 23 行.
NOTIC: [8] Undefined variable: web_title /usr/share/httpd/blog/Application/Runtime/Cache/Home/3366c561da1773637233efd0b7e03a47.php 第 23 行.
NOTIC: [8] Undefined variable: web_title /usr/share/httpd/blog/Application/Runtime/Cache/Home/3366c561da1773637233efd0b7e03a47.php 第 68 行.
NOTIC: [8] Undefined variable: web_title /usr/share/httpd/blog/Application/Runtime/Cache/Home/3366c561da1773637233efd0b7e03a47.php 第 68 行.
NOTIC: [8] Use of undefined constant id - assumed 'id' /usr/share/httpd/blog/Application/Runtime/Cache/Home/3366c561da1773637233efd0b7e03a47.php 第 83 行.
NOTIC: [8] Use of undefined constant id - assumed 'id' /usr/share/httpd/blog/Application/Runtime/Cache/Home/3366c561da1773637233efd0b7e03a47.php 第 83 行.
NOTIC: [8] Use of undefined constant id - assumed 'id' /usr/share/httpd/blog/Application/Runtime/Cache/Home/3366c561da1773637233efd0b7e03a47.php 第 83 行.
NOTIC: [8] Use of undefined constant id - assumed 'id' /usr/share/httpd/blog/Application/Runtime/Cache/Home/3366c561da1773637233efd0b7e03a47.php 第 83 行.
NOTIC: [8] Use of undefined constant id - assumed 'id' /usr/share/httpd/blog/Application/Runtime/Cache/Home/3366c561da1773637233efd0b7e03a47.php 第 83 行.
NOTIC: [8] Use of undefined constant id - assumed 'id' /usr/share/httpd/blog/Application/Runtime/Cache/Home/3366c561da1773637233efd0b7e03a47.php 第 83 行.
NOTIC: [8] Use of undefined constant id - assumed 'id' /usr/share/httpd/blog/Application/Runtime/Cache/Home/3366c561da1773637233efd0b7e03a47.php 第 83 行.
NOTIC: [8] Use of undefined constant id - assumed 'id' /usr/share/httpd/blog/Application/Runtime/Cache/Home/3366c561da1773637233efd0b7e03a47.php 第 83 行.
NOTIC: [8] Use of undefined constant id - assumed 'id' /usr/share/httpd/blog/Application/Runtime/Cache/Home/3366c561da1773637233efd0b7e03a47.php 第 83 行.
NOTIC: [8] Use of undefined constant id - assumed 'id' /usr/share/httpd/blog/Application/Runtime/Cache/Home/3366c561da1773637233efd0b7e03a47.php 第 83 行.
NOTIC: [8] Use of undefined constant id - assumed 'id' /usr/share/httpd/blog/Application/Runtime/Cache/Home/3366c561da1773637233efd0b7e03a47.php 第 83 行.
NOTIC: [8] Use of undefined constant id - assumed 'id' /usr/share/httpd/blog/Application/Runtime/Cache/Home/3366c561da1773637233efd0b7e03a47.php 第 83 行.
NOTIC: [8] Use of undefined constant id - assumed 'id' /usr/share/httpd/blog/Application/Runtime/Cache/Home/3366c561da1773637233efd0b7e03a47.php 第 83 行.
NOTIC: [8] Use of undefined constant id - assumed 'id' /usr/share/httpd/blog/Application/Runtime/Cache/Home/3366c561da1773637233efd0b7e03a47.php 第 83 行.
NOTIC: [8] Use of undefined constant id - assumed 'id' /usr/share/httpd/blog/Application/Runtime/Cache/Home/3366c561da1773637233efd0b7e03a47.php 第 83 行.
INFO: Run Behavior\ParseTemplateBehavior [ RunTime:0.010002s ]
INFO: [ view_parse ] --END-- [ RunTime:0.010045s ]
INFO: [ view_filter ] --START--
INFO: Run Behavior\WriteHtmlCacheBehavior [ RunTime:0.000141s ]
INFO: [ view_filter ] --END-- [ RunTime:0.000180s ]
INFO: [ app_end ] --START--
INFO: Run Behavior\ShowPageTraceBehavior [ RunTime:0.000374s ]
INFO: [ app_end ] --END-- [ RunTime:0.000417s ]

[ 2016-11-10T10:04:45+08:00 ] 10.169.88.177 /home/archives/index.html
INFO: [ app_init ] --START--
INFO: Run Behavior\BuildLiteBehavior [ RunTime:0.000015s ]
INFO: [ app_init ] --END-- [ RunTime:0.000312s ]
INFO: [ app_begin ] --START--
INFO: Run Behavior\ReadHtmlCacheBehavior [ RunTime:0.000361s ]
INFO: [ app_begin ] --END-- [ RunTime:0.000408s ]
SQL: SHOW COLUMNS FROM `tp_article` [ RunTime:0.0006s ]
SQL: SELECT `create_time`,COUNT( * ),GROUP_CONCAT(id) as id FROM `tp_article` GROUP BY FROM_UNIXTIME( create_time, "%Y年%m月%日" ) ORDER BY create_time DESC  [ RunTime:0.0006s ]
SQL: SELECT `id`,`title`,`create_time` FROM `tp_article` WHERE `id` IN ('33','32','31','30','29','28','27','26','25','34') ORDER BY create_time desc  [ RunTime:0.0003s ]
SQL: SELECT `id`,`title`,`create_time` FROM `tp_article` WHERE `id` IN ('19','20','21','22','24') ORDER BY create_time desc  [ RunTime:0.0002s ]
INFO: [ view_parse ] --START--
INFO: [ template_filter ] --START--
INFO: Run Behavior\ContentReplaceBehavior [ RunTime:0.000098s ]
INFO: [ template_filter ] --END-- [ RunTime:0.000148s ]
NOTIC: [8] Undefined variable: web_title /usr/share/httpd/blog/Application/Runtime/Cache/Home/3366c561da1773637233efd0b7e03a47.php 第 9 行.
NOTIC: [8] Undefined variable: web_title /usr/share/httpd/blog/Application/Runtime/Cache/Home/3366c561da1773637233efd0b7e03a47.php 第 23 行.
NOTIC: [8] Undefined variable: web_title /usr/share/httpd/blog/Application/Runtime/Cache/Home/3366c561da1773637233efd0b7e03a47.php 第 23 行.
NOTIC: [8] Undefined variable: web_title /usr/share/httpd/blog/Application/Runtime/Cache/Home/3366c561da1773637233efd0b7e03a47.php 第 68 行.
NOTIC: [8] Undefined variable: web_title /usr/share/httpd/blog/Application/Runtime/Cache/Home/3366c561da1773637233efd0b7e03a47.php 第 68 行.
NOTIC: [8] Use of undefined constant id - assumed 'id' /usr/share/httpd/blog/Application/Runtime/Cache/Home/3366c561da1773637233efd0b7e03a47.php 第 83 行.
NOTIC: [8] Use of undefined constant id - assumed 'id' /usr/share/httpd/blog/Application/Runtime/Cache/Home/3366c561da1773637233efd0b7e03a47.php 第 83 行.
NOTIC: [8] Use of undefined constant id - assumed 'id' /usr/share/httpd/blog/Application/Runtime/Cache/Home/3366c561da1773637233efd0b7e03a47.php 第 83 行.
NOTIC: [8] Use of undefined constant id - assumed 'id' /usr/share/httpd/blog/Application/Runtime/Cache/Home/3366c561da1773637233efd0b7e03a47.php 第 83 行.
NOTIC: [8] Use of undefined constant id - assumed 'id' /usr/share/httpd/blog/Application/Runtime/Cache/Home/3366c561da1773637233efd0b7e03a47.php 第 83 行.
NOTIC: [8] Use of undefined constant id - assumed 'id' /usr/share/httpd/blog/Application/Runtime/Cache/Home/3366c561da1773637233efd0b7e03a47.php 第 83 行.
NOTIC: [8] Use of undefined constant id - assumed 'id' /usr/share/httpd/blog/Application/Runtime/Cache/Home/3366c561da1773637233efd0b7e03a47.php 第 83 行.
NOTIC: [8] Use of undefined constant id - assumed 'id' /usr/share/httpd/blog/Application/Runtime/Cache/Home/3366c561da1773637233efd0b7e03a47.php 第 83 行.
NOTIC: [8] Use of undefined constant id - assumed 'id' /usr/share/httpd/blog/Application/Runtime/Cache/Home/3366c561da1773637233efd0b7e03a47.php 第 83 行.
NOTIC: [8] Use of undefined constant id - assumed 'id' /usr/share/httpd/blog/Application/Runtime/Cache/Home/3366c561da1773637233efd0b7e03a47.php 第 83 行.
NOTIC: [8] Use of undefined constant id - assumed 'id' /usr/share/httpd/blog/Application/Runtime/Cache/Home/3366c561da1773637233efd0b7e03a47.php 第 83 行.
NOTIC: [8] Use of undefined constant id - assumed 'id' /usr/share/httpd/blog/Application/Runtime/Cache/Home/3366c561da1773637233efd0b7e03a47.php 第 83 行.
NOTIC: [8] Use of undefined constant id - assumed 'id' /usr/share/httpd/blog/Application/Runtime/Cache/Home/3366c561da1773637233efd0b7e03a47.php 第 83 行.
NOTIC: [8] Use of undefined constant id - assumed 'id' /usr/share/httpd/blog/Application/Runtime/Cache/Home/3366c561da1773637233efd0b7e03a47.php 第 83 行.
NOTIC: [8] Use of undefined constant id - assumed 'id' /usr/share/httpd/blog/Application/Runtime/Cache/Home/3366c561da1773637233efd0b7e03a47.php 第 83 行.
INFO: Run Behavior\ParseTemplateBehavior [ RunTime:0.010777s ]
INFO: [ view_parse ] --END-- [ RunTime:0.010826s ]
INFO: [ view_filter ] --START--
INFO: Run Behavior\WriteHtmlCacheBehavior [ RunTime:0.000127s ]
INFO: [ view_filter ] --END-- [ RunTime:0.000168s ]
INFO: [ app_end ] --START--
INFO: Run Behavior\ShowPageTraceBehavior [ RunTime:0.000411s ]
INFO: [ app_end ] --END-- [ RunTime:0.000453s ]

[ 2016-11-10T10:04:45+08:00 ] 10.169.88.177 /home/archives/index.html
INFO: [ app_init ] --START--
INFO: Run Behavior\BuildLiteBehavior [ RunTime:0.000017s ]
INFO: [ app_init ] --END-- [ RunTime:0.000338s ]
INFO: [ app_begin ] --START--
INFO: Run Behavior\ReadHtmlCacheBehavior [ RunTime:0.000390s ]
INFO: [ app_begin ] --END-- [ RunTime:0.000447s ]
SQL: SHOW COLUMNS FROM `tp_article` [ RunTime:0.0006s ]
SQL: SELECT `create_time`,COUNT( * ),GROUP_CONCAT(id) as id FROM `tp_article` GROUP BY FROM_UNIXTIME( create_time, "%Y年%m月%日" ) ORDER BY create_time DESC  [ RunTime:0.0006s ]
SQL: SELECT `id`,`title`,`create_time` FROM `tp_article` WHERE `id` IN ('33','32','31','30','29','28','27','26','25','34') ORDER BY create_time desc  [ RunTime:0.0003s ]
SQL: SELECT `id`,`title`,`create_time` FROM `tp_article` WHERE `id` IN ('19','20','21','22','24') ORDER BY create_time desc  [ RunTime:0.0002s ]
INFO: [ view_parse ] --START--
INFO: [ template_filter ] --START--
INFO: Run Behavior\ContentReplaceBehavior [ RunTime:0.000100s ]
INFO: [ template_filter ] --END-- [ RunTime:0.000189s ]
NOTIC: [8] Undefined variable: web_title /usr/share/httpd/blog/Application/Runtime/Cache/Home/3366c561da1773637233efd0b7e03a47.php 第 9 行.
NOTIC: [8] Undefined variable: web_title /usr/share/httpd/blog/Application/Runtime/Cache/Home/3366c561da1773637233efd0b7e03a47.php 第 23 行.
NOTIC: [8] Undefined variable: web_title /usr/share/httpd/blog/Application/Runtime/Cache/Home/3366c561da1773637233efd0b7e03a47.php 第 23 行.
NOTIC: [8] Undefined variable: web_title /usr/share/httpd/blog/Application/Runtime/Cache/Home/3366c561da1773637233efd0b7e03a47.php 第 68 行.
NOTIC: [8] Undefined variable: web_title /usr/share/httpd/blog/Application/Runtime/Cache/Home/3366c561da1773637233efd0b7e03a47.php 第 68 行.
NOTIC: [8] Use of undefined constant id - assumed 'id' /usr/share/httpd/blog/Application/Runtime/Cache/Home/3366c561da1773637233efd0b7e03a47.php 第 83 行.
NOTIC: [8] Use of undefined constant id - assumed 'id' /usr/share/httpd/blog/Application/Runtime/Cache/Home/3366c561da1773637233efd0b7e03a47.php 第 83 行.
NOTIC: [8] Use of undefined constant id - assumed 'id' /usr/share/httpd/blog/Application/Runtime/Cache/Home/3366c561da1773637233efd0b7e03a47.php 第 83 行.
NOTIC: [8] Use of undefined constant id - assumed 'id' /usr/share/httpd/blog/Application/Runtime/Cache/Home/3366c561da1773637233efd0b7e03a47.php 第 83 行.
NOTIC: [8] Use of undefined constant id - assumed 'id' /usr/share/httpd/blog/Application/Runtime/Cache/Home/3366c561da1773637233efd0b7e03a47.php 第 83 行.
NOTIC: [8] Use of undefined constant id - assumed 'id' /usr/share/httpd/blog/Application/Runtime/Cache/Home/3366c561da1773637233efd0b7e03a47.php 第 83 行.
NOTIC: [8] Use of undefined constant id - assumed 'id' /usr/share/httpd/blog/Application/Runtime/Cache/Home/3366c561da1773637233efd0b7e03a47.php 第 83 行.
NOTIC: [8] Use of undefined constant id - assumed 'id' /usr/share/httpd/blog/Application/Runtime/Cache/Home/3366c561da1773637233efd0b7e03a47.php 第 83 行.
NOTIC: [8] Use of undefined constant id - assumed 'id' /usr/share/httpd/blog/Application/Runtime/Cache/Home/3366c561da1773637233efd0b7e03a47.php 第 83 行.
NOTIC: [8] Use of undefined constant id - assumed 'id' /usr/share/httpd/blog/Application/Runtime/Cache/Home/3366c561da1773637233efd0b7e03a47.php 第 83 行.
NOTIC: [8] Use of undefined constant id - assumed 'id' /usr/share/httpd/blog/Application/Runtime/Cache/Home/3366c561da1773637233efd0b7e03a47.php 第 83 行.
NOTIC: [8] Use of undefined constant id - assumed 'id' /usr/share/httpd/blog/Application/Runtime/Cache/Home/3366c561da1773637233efd0b7e03a47.php 第 83 行.
NOTIC: [8] Use of undefined constant id - assumed 'id' /usr/share/httpd/blog/Application/Runtime/Cache/Home/3366c561da1773637233efd0b7e03a47.php 第 83 行.
NOTIC: [8] Use of undefined constant id - assumed 'id' /usr/share/httpd/blog/Application/Runtime/Cache/Home/3366c561da1773637233efd0b7e03a47.php 第 83 行.
NOTIC: [8] Use of undefined constant id - assumed 'id' /usr/share/httpd/blog/Application/Runtime/Cache/Home/3366c561da1773637233efd0b7e03a47.php 第 83 行.
INFO: Run Behavior\ParseTemplateBehavior [ RunTime:0.013262s ]
INFO: [ view_parse ] --END-- [ RunTime:0.013313s ]
INFO: [ view_filter ] --START--
INFO: Run Behavior\WriteHtmlCacheBehavior [ RunTime:0.000142s ]
INFO: [ view_filter ] --END-- [ RunTime:0.000182s ]
INFO: [ app_end ] --START--
INFO: Run Behavior\ShowPageTraceBehavior [ RunTime:0.000459s ]
INFO: [ app_end ] --END-- [ RunTime:0.000505s ]

[ 2016-11-10T10:04:46+08:00 ] 10.169.88.177 /home/archives/index.html
INFO: [ app_init ] --START--
INFO: Run Behavior\BuildLiteBehavior [ RunTime:0.000015s ]
INFO: [ app_init ] --END-- [ RunTime:0.000293s ]
INFO: [ app_begin ] --START--
INFO: Run Behavior\ReadHtmlCacheBehavior [ RunTime:0.000359s ]
INFO: [ app_begin ] --END-- [ RunTime:0.000407s ]
SQL: SHOW COLUMNS FROM `tp_article` [ RunTime:0.0006s ]
SQL: SELECT `create_time`,COUNT( * ),GROUP_CONCAT(id) as id FROM `tp_article` GROUP BY FROM_UNIXTIME( create_time, "%Y年%m月%日" ) ORDER BY create_time DESC  [ RunTime:0.0006s ]
SQL: SELECT `id`,`title`,`create_time` FROM `tp_article` WHERE `id` IN ('33','32','31','30','29','28','27','26','25','34') ORDER BY create_time desc  [ RunTime:0.0003s ]
SQL: SELECT `id`,`title`,`create_time` FROM `tp_article` WHERE `id` IN ('19','20','21','22','24') ORDER BY create_time desc  [ RunTime:0.0002s ]
INFO: [ view_parse ] --START--
INFO: [ template_filter ] --START--
INFO: Run Behavior\ContentReplaceBehavior [ RunTime:0.000081s ]
INFO: [ template_filter ] --END-- [ RunTime:0.000131s ]
NOTIC: [8] Undefined variable: web_title /usr/share/httpd/blog/Application/Runtime/Cache/Home/3366c561da1773637233efd0b7e03a47.php 第 9 行.
NOTIC: [8] Undefined variable: web_title /usr/share/httpd/blog/Application/Runtime/Cache/Home/3366c561da1773637233efd0b7e03a47.php 第 23 行.
NOTIC: [8] Undefined variable: web_title /usr/share/httpd/blog/Application/Runtime/Cache/Home/3366c561da1773637233efd0b7e03a47.php 第 23 行.
NOTIC: [8] Undefined variable: web_title /usr/share/httpd/blog/Application/Runtime/Cache/Home/3366c561da1773637233efd0b7e03a47.php 第 68 行.
NOTIC: [8] Undefined variable: web_title /usr/share/httpd/blog/Application/Runtime/Cache/Home/3366c561da1773637233efd0b7e03a47.php 第 68 行.
NOTIC: [8] Use of undefined constant id - assumed 'id' /usr/share/httpd/blog/Application/Runtime/Cache/Home/3366c561da1773637233efd0b7e03a47.php 第 83 行.
NOTIC: [8] Use of undefined constant id - assumed 'id' /usr/share/httpd/blog/Application/Runtime/Cache/Home/3366c561da1773637233efd0b7e03a47.php 第 83 行.
NOTIC: [8] Use of undefined constant id - assumed 'id' /usr/share/httpd/blog/Application/Runtime/Cache/Home/3366c561da1773637233efd0b7e03a47.php 第 83 行.
NOTIC: [8] Use of undefined constant id - assumed 'id' /usr/share/httpd/blog/Application/Runtime/Cache/Home/3366c561da1773637233efd0b7e03a47.php 第 83 行.
NOTIC: [8] Use of undefined constant id - assumed 'id' /usr/share/httpd/blog/Application/Runtime/Cache/Home/3366c561da1773637233efd0b7e03a47.php 第 83 行.
NOTIC: [8] Use of undefined constant id - assumed 'id' /usr/share/httpd/blog/Application/Runtime/Cache/Home/3366c561da1773637233efd0b7e03a47.php 第 83 行.
NOTIC: [8] Use of undefined constant id - assumed 'id' /usr/share/httpd/blog/Application/Runtime/Cache/Home/3366c561da1773637233efd0b7e03a47.php 第 83 行.
NOTIC: [8] Use of undefined constant id - assumed 'id' /usr/share/httpd/blog/Application/Runtime/Cache/Home/3366c561da1773637233efd0b7e03a47.php 第 83 行.
NOTIC: [8] Use of undefined constant id - assumed 'id' /usr/share/httpd/blog/Application/Runtime/Cache/Home/3366c561da1773637233efd0b7e03a47.php 第 83 行.
NOTIC: [8] Use of undefined constant id - assumed 'id' /usr/share/httpd/blog/Application/Runtime/Cache/Home/3366c561da1773637233efd0b7e03a47.php 第 83 行.
NOTIC: [8] Use of undefined constant id - assumed 'id' /usr/share/httpd/blog/Application/Runtime/Cache/Home/3366c561da1773637233efd0b7e03a47.php 第 83 行.
NOTIC: [8] Use of undefined constant id - assumed 'id' /usr/share/httpd/blog/Application/Runtime/Cache/Home/3366c561da1773637233efd0b7e03a47.php 第 83 行.
NOTIC: [8] Use of undefined constant id - assumed 'id' /usr/share/httpd/blog/Application/Runtime/Cache/Home/3366c561da1773637233efd0b7e03a47.php 第 83 行.
NOTIC: [8] Use of undefined constant id - assumed 'id' /usr/share/httpd/blog/Application/Runtime/Cache/Home/3366c561da1773637233efd0b7e03a47.php 第 83 行.
NOTIC: [8] Use of undefined constant id - assumed 'id' /usr/share/httpd/blog/Application/Runtime/Cache/Home/3366c561da1773637233efd0b7e03a47.php 第 83 行.
INFO: Run Behavior\ParseTemplateBehavior [ RunTime:0.010724s ]
INFO: [ view_parse ] --END-- [ RunTime:0.010768s ]
INFO: [ view_filter ] --START--
INFO: Run Behavior\WriteHtmlCacheBehavior [ RunTime:0.000123s ]
INFO: [ view_filter ] --END-- [ RunTime:0.000171s ]
INFO: [ app_end ] --START--
INFO: Run Behavior\ShowPageTraceBehavior [ RunTime:0.000384s ]
INFO: [ app_end ] --END-- [ RunTime:0.000428s ]

[ 2016-11-10T10:04:47+08:00 ] 10.169.88.177 /home/archives/index.html
INFO: [ app_init ] --START--
INFO: Run Behavior\BuildLiteBehavior [ RunTime:0.000015s ]
INFO: [ app_init ] --END-- [ RunTime:0.000321s ]
INFO: [ app_begin ] --START--
INFO: Run Behavior\ReadHtmlCacheBehavior [ RunTime:0.000361s ]
INFO: [ app_begin ] --END-- [ RunTime:0.000407s ]
SQL: SHOW COLUMNS FROM `tp_article` [ RunTime:0.0006s ]
SQL: SELECT `create_time`,COUNT( * ),GROUP_CONCAT(id) as id FROM `tp_article` GROUP BY FROM_UNIXTIME( create_time, "%Y年%m月%日" ) ORDER BY create_time DESC  [ RunTime:0.0006s ]
SQL: SELECT `id`,`title`,`create_time` FROM `tp_article` WHERE `id` IN ('33','32','31','30','29','28','27','26','25','34') ORDER BY create_time desc  [ RunTime:0.0003s ]
SQL: SELECT `id`,`title`,`create_time` FROM `tp_article` WHERE `id` IN ('19','20','21','22','24') ORDER BY create_time desc  [ RunTime:0.0003s ]
INFO: [ view_parse ] --START--
INFO: [ template_filter ] --START--
INFO: Run Behavior\ContentReplaceBehavior [ RunTime:0.000085s ]
INFO: [ template_filter ] --END-- [ RunTime:0.000142s ]
NOTIC: [8] Undefined variable: web_title /usr/share/httpd/blog/Application/Runtime/Cache/Home/3366c561da1773637233efd0b7e03a47.php 第 9 行.
NOTIC: [8] Undefined variable: web_title /usr/share/httpd/blog/Application/Runtime/Cache/Home/3366c561da1773637233efd0b7e03a47.php 第 23 行.
NOTIC: [8] Undefined variable: web_title /usr/share/httpd/blog/Application/Runtime/Cache/Home/3366c561da1773637233efd0b7e03a47.php 第 23 行.
NOTIC: [8] Undefined variable: web_title /usr/share/httpd/blog/Application/Runtime/Cache/Home/3366c561da1773637233efd0b7e03a47.php 第 68 行.
NOTIC: [8] Undefined variable: web_title /usr/share/httpd/blog/Application/Runtime/Cache/Home/3366c561da1773637233efd0b7e03a47.php 第 68 行.
NOTIC: [8] Use of undefined constant id - assumed 'id' /usr/share/httpd/blog/Application/Runtime/Cache/Home/3366c561da1773637233efd0b7e03a47.php 第 83 行.
NOTIC: [8] Use of undefined constant id - assumed 'id' /usr/share/httpd/blog/Application/Runtime/Cache/Home/3366c561da1773637233efd0b7e03a47.php 第 83 行.
NOTIC: [8] Use of undefined constant id - assumed 'id' /usr/share/httpd/blog/Application/Runtime/Cache/Home/3366c561da1773637233efd0b7e03a47.php 第 83 行.
NOTIC: [8] Use of undefined constant id - assumed 'id' /usr/share/httpd/blog/Application/Runtime/Cache/Home/3366c561da1773637233efd0b7e03a47.php 第 83 行.
NOTIC: [8] Use of undefined constant id - assumed 'id' /usr/share/httpd/blog/Application/Runtime/Cache/Home/3366c561da1773637233efd0b7e03a47.php 第 83 行.
NOTIC: [8] Use of undefined constant id - assumed 'id' /usr/share/httpd/blog/Application/Runtime/Cache/Home/3366c561da1773637233efd0b7e03a47.php 第 83 行.
NOTIC: [8] Use of undefined constant id - assumed 'id' /usr/share/httpd/blog/Application/Runtime/Cache/Home/3366c561da1773637233efd0b7e03a47.php 第 83 行.
NOTIC: [8] Use of undefined constant id - assumed 'id' /usr/share/httpd/blog/Application/Runtime/Cache/Home/3366c561da1773637233efd0b7e03a47.php 第 83 行.
NOTIC: [8] Use of undefined constant id - assumed 'id' /usr/share/httpd/blog/Application/Runtime/Cache/Home/3366c561da1773637233efd0b7e03a47.php 第 83 行.
NOTIC: [8] Use of undefined constant id - assumed 'id' /usr/share/httpd/blog/Application/Runtime/Cache/Home/3366c561da1773637233efd0b7e03a47.php 第 83 行.
NOTIC: [8] Use of undefined constant id - assumed 'id' /usr/share/httpd/blog/Application/Runtime/Cache/Home/3366c561da1773637233efd0b7e03a47.php 第 83 行.
NOTIC: [8] Use of undefined constant id - assumed 'id' /usr/share/httpd/blog/Application/Runtime/Cache/Home/3366c561da1773637233efd0b7e03a47.php 第 83 行.
NOTIC: [8] Use of undefined constant id - assumed 'id' /usr/share/httpd/blog/Application/Runtime/Cache/Home/3366c561da1773637233efd0b7e03a47.php 第 83 行.
NOTIC: [8] Use of undefined constant id - assumed 'id' /usr/share/httpd/blog/Application/Runtime/Cache/Home/3366c561da1773637233efd0b7e03a47.php 第 83 行.
NOTIC: [8] Use of undefined constant id - assumed 'id' /usr/share/httpd/blog/Application/Runtime/Cache/Home/3366c561da1773637233efd0b7e03a47.php 第 83 行.
INFO: Run Behavior\ParseTemplateBehavior [ RunTime:0.010640s ]
INFO: [ view_parse ] --END-- [ RunTime:0.010692s ]
INFO: [ view_filter ] --START--
INFO: Run Behavior\WriteHtmlCacheBehavior [ RunTime:0.000136s ]
INFO: [ view_filter ] --END-- [ RunTime:0.000179s ]
INFO: [ app_end ] --START--
INFO: Run Behavior\ShowPageTraceBehavior [ RunTime:0.000415s ]
INFO: [ app_end ] --END-- [ RunTime:0.000457s ]

[ 2016-11-10T10:04:48+08:00 ] 10.169.88.177 /home/archives/index.html
INFO: [ app_init ] --START--
INFO: Run Behavior\BuildLiteBehavior [ RunTime:0.000018s ]
INFO: [ app_init ] --END-- [ RunTime:0.000306s ]
INFO: [ app_begin ] --START--
INFO: Run Behavior\ReadHtmlCacheBehavior [ RunTime:0.000383s ]
INFO: [ app_begin ] --END-- [ RunTime:0.000429s ]
SQL: SHOW COLUMNS FROM `tp_article` [ RunTime:0.0067s ]
SQL: SELECT `create_time`,COUNT( * ),GROUP_CONCAT(id) as id FROM `tp_article` GROUP BY FROM_UNIXTIME( create_time, "%Y年%m月%日" ) ORDER BY create_time DESC  [ RunTime:0.0008s ]
SQL: SELECT `id`,`title`,`create_time` FROM `tp_article` WHERE `id` IN ('33','32','31','30','29','28','27','26','25','34') ORDER BY create_time desc  [ RunTime:0.0003s ]
SQL: SELECT `id`,`title`,`create_time` FROM `tp_article` WHERE `id` IN ('19','20','21','22','24') ORDER BY create_time desc  [ RunTime:0.0002s ]
INFO: [ view_parse ] --START--
INFO: [ template_filter ] --START--
INFO: Run Behavior\ContentReplaceBehavior [ RunTime:0.000084s ]
INFO: [ template_filter ] --END-- [ RunTime:0.000131s ]
NOTIC: [8] Undefined variable: web_title /usr/share/httpd/blog/Application/Runtime/Cache/Home/3366c561da1773637233efd0b7e03a47.php 第 9 行.
NOTIC: [8] Undefined variable: web_title /usr/share/httpd/blog/Application/Runtime/Cache/Home/3366c561da1773637233efd0b7e03a47.php 第 23 行.
NOTIC: [8] Undefined variable: web_title /usr/share/httpd/blog/Application/Runtime/Cache/Home/3366c561da1773637233efd0b7e03a47.php 第 23 行.
NOTIC: [8] Undefined variable: web_title /usr/share/httpd/blog/Application/Runtime/Cache/Home/3366c561da1773637233efd0b7e03a47.php 第 68 行.
NOTIC: [8] Undefined variable: web_title /usr/share/httpd/blog/Application/Runtime/Cache/Home/3366c561da1773637233efd0b7e03a47.php 第 68 行.
NOTIC: [8] Use of undefined constant id - assumed 'id' /usr/share/httpd/blog/Application/Runtime/Cache/Home/3366c561da1773637233efd0b7e03a47.php 第 83 行.
NOTIC: [8] Use of undefined constant id - assumed 'id' /usr/share/httpd/blog/Application/Runtime/Cache/Home/3366c561da1773637233efd0b7e03a47.php 第 83 行.
NOTIC: [8] Use of undefined constant id - assumed 'id' /usr/share/httpd/blog/Application/Runtime/Cache/Home/3366c561da1773637233efd0b7e03a47.php 第 83 行.
NOTIC: [8] Use of undefined constant id - assumed 'id' /usr/share/httpd/blog/Application/Runtime/Cache/Home/3366c561da1773637233efd0b7e03a47.php 第 83 行.
NOTIC: [8] Use of undefined constant id - assumed 'id' /usr/share/httpd/blog/Application/Runtime/Cache/Home/3366c561da1773637233efd0b7e03a47.php 第 83 行.
NOTIC: [8] Use of undefined constant id - assumed 'id' /usr/share/httpd/blog/Application/Runtime/Cache/Home/3366c561da1773637233efd0b7e03a47.php 第 83 行.
NOTIC: [8] Use of undefined constant id - assumed 'id' /usr/share/httpd/blog/Application/Runtime/Cache/Home/3366c561da1773637233efd0b7e03a47.php 第 83 行.
NOTIC: [8] Use of undefined constant id - assumed 'id' /usr/share/httpd/blog/Application/Runtime/Cache/Home/3366c561da1773637233efd0b7e03a47.php 第 83 行.
NOTIC: [8] Use of undefined constant id - assumed 'id' /usr/share/httpd/blog/Application/Runtime/Cache/Home/3366c561da1773637233efd0b7e03a47.php 第 83 行.
NOTIC: [8] Use of undefined constant id - assumed 'id' /usr/share/httpd/blog/Application/Runtime/Cache/Home/3366c561da1773637233efd0b7e03a47.php 第 83 行.
NOTIC: [8] Use of undefined constant id - assumed 'id' /usr/share/httpd/blog/Application/Runtime/Cache/Home/3366c561da1773637233efd0b7e03a47.php 第 83 行.
NOTIC: [8] Use of undefined constant id - assumed 'id' /usr/share/httpd/blog/Application/Runtime/Cache/Home/3366c561da1773637233efd0b7e03a47.php 第 83 行.
NOTIC: [8] Use of undefined constant id - assumed 'id' /usr/share/httpd/blog/Application/Runtime/Cache/Home/3366c561da1773637233efd0b7e03a47.php 第 83 行.
NOTIC: [8] Use of undefined constant id - assumed 'id' /usr/share/httpd/blog/Application/Runtime/Cache/Home/3366c561da1773637233efd0b7e03a47.php 第 83 行.
NOTIC: [8] Use of undefined constant id - assumed 'id' /usr/share/httpd/blog/Application/Runtime/Cache/Home/3366c561da1773637233efd0b7e03a47.php 第 83 行.
INFO: Run Behavior\ParseTemplateBehavior [ RunTime:0.010401s ]
INFO: [ view_parse ] --END-- [ RunTime:0.010449s ]
INFO: [ view_filter ] --START--
INFO: Run Behavior\WriteHtmlCacheBehavior [ RunTime:0.000123s ]
INFO: [ view_filter ] --END-- [ RunTime:0.000162s ]
INFO: [ app_end ] --START--
INFO: Run Behavior\ShowPageTraceBehavior [ RunTime:0.000385s ]
INFO: [ app_end ] --END-- [ RunTime:0.000429s ]

[ 2016-11-10T10:04:49+08:00 ] 10.169.88.177 /home/tags/index.html
INFO: [ app_init ] --START--
INFO: Run Behavior\BuildLiteBehavior [ RunTime:0.000015s ]
INFO: [ app_init ] --END-- [ RunTime:0.000340s ]
INFO: [ app_begin ] --START--
INFO: Run Behavior\ReadHtmlCacheBehavior [ RunTime:0.000388s ]
INFO: [ app_begin ] --END-- [ RunTime:0.000435s ]
SQL: SHOW COLUMNS FROM `tp_article_tags` [ RunTime:0.0006s ]
SQL: SELECT b.id,b.tags_name,count(tags_id) as counts FROM `tp_article_tags` RIGHT join tp_tags as b on tags_id = b.id   GROUP BY tags_name  [ RunTime:0.0007s ]
INFO: [ view_parse ] --START--
INFO: [ template_filter ] --START--
INFO: Run Behavior\ContentReplaceBehavior [ RunTime:0.000082s ]
INFO: [ template_filter ] --END-- [ RunTime:0.000150s ]
NOTIC: [8] Undefined variable: web_title /usr/share/httpd/blog/Application/Runtime/Cache/Home/2c62f1ac4c542712dfa6ee5ab4129fde.php 第 9 行.
NOTIC: [8] Undefined variable: web_title /usr/share/httpd/blog/Application/Runtime/Cache/Home/2c62f1ac4c542712dfa6ee5ab4129fde.php 第 23 行.
NOTIC: [8] Undefined variable: web_title /usr/share/httpd/blog/Application/Runtime/Cache/Home/2c62f1ac4c542712dfa6ee5ab4129fde.php 第 23 行.
NOTIC: [8] Undefined variable: web_title /usr/share/httpd/blog/Application/Runtime/Cache/Home/2c62f1ac4c542712dfa6ee5ab4129fde.php 第 68 行.
NOTIC: [8] Undefined variable: web_title /usr/share/httpd/blog/Application/Runtime/Cache/Home/2c62f1ac4c542712dfa6ee5ab4129fde.php 第 68 行.
NOTIC: [8] Use of undefined constant id - assumed 'id' /usr/share/httpd/blog/Application/Runtime/Cache/Home/2c62f1ac4c542712dfa6ee5ab4129fde.php 第 104 行.
NOTIC: [8] Use of undefined constant id - assumed 'id' /usr/share/httpd/blog/Application/Runtime/Cache/Home/2c62f1ac4c542712dfa6ee5ab4129fde.php 第 104 行.
NOTIC: [8] Use of undefined constant id - assumed 'id' /usr/share/httpd/blog/Application/Runtime/Cache/Home/2c62f1ac4c542712dfa6ee5ab4129fde.php 第 104 行.
NOTIC: [8] Use of undefined constant id - assumed 'id' /usr/share/httpd/blog/Application/Runtime/Cache/Home/2c62f1ac4c542712dfa6ee5ab4129fde.php 第 104 行.
NOTIC: [8] Use of undefined constant id - assumed 'id' /usr/share/httpd/blog/Application/Runtime/Cache/Home/2c62f1ac4c542712dfa6ee5ab4129fde.php 第 104 行.
NOTIC: [8] Use of undefined constant id - assumed 'id' /usr/share/httpd/blog/Application/Runtime/Cache/Home/2c62f1ac4c542712dfa6ee5ab4129fde.php 第 104 行.
NOTIC: [8] Use of undefined constant id - assumed 'id' /usr/share/httpd/blog/Application/Runtime/Cache/Home/2c62f1ac4c542712dfa6ee5ab4129fde.php 第 104 行.
NOTIC: [8] Use of undefined constant id - assumed 'id' /usr/share/httpd/blog/Application/Runtime/Cache/Home/2c62f1ac4c542712dfa6ee5ab4129fde.php 第 104 行.
INFO: Run Behavior\ParseTemplateBehavior [ RunTime:0.008575s ]
INFO: [ view_parse ] --END-- [ RunTime:0.008626s ]
INFO: [ view_filter ] --START--
INFO: Run Behavior\WriteHtmlCacheBehavior [ RunTime:0.000122s ]
INFO: [ view_filter ] --END-- [ RunTime:0.000160s ]
INFO: [ app_end ] --START--
INFO: Run Behavior\ShowPageTraceBehavior [ RunTime:0.000430s ]
INFO: [ app_end ] --END-- [ RunTime:0.000473s ]

[ 2016-11-10T10:04:50+08:00 ] 10.169.88.177 /home/tags/index.html
INFO: [ app_init ] --START--
INFO: Run Behavior\BuildLiteBehavior [ RunTime:0.000017s ]
INFO: [ app_init ] --END-- [ RunTime:0.000316s ]
INFO: [ app_begin ] --START--
INFO: Run Behavior\ReadHtmlCacheBehavior [ RunTime:0.000363s ]
INFO: [ app_begin ] --END-- [ RunTime:0.000409s ]
SQL: SHOW COLUMNS FROM `tp_article_tags` [ RunTime:0.0006s ]
SQL: SELECT b.id,b.tags_name,count(tags_id) as counts FROM `tp_article_tags` RIGHT join tp_tags as b on tags_id = b.id   GROUP BY tags_name  [ RunTime:0.0007s ]
INFO: [ view_parse ] --START--
INFO: [ template_filter ] --START--
INFO: Run Behavior\ContentReplaceBehavior [ RunTime:0.000072s ]
INFO: [ template_filter ] --END-- [ RunTime:0.000119s ]
NOTIC: [8] Undefined variable: web_title /usr/share/httpd/blog/Application/Runtime/Cache/Home/2c62f1ac4c542712dfa6ee5ab4129fde.php 第 9 行.
NOTIC: [8] Undefined variable: web_title /usr/share/httpd/blog/Application/Runtime/Cache/Home/2c62f1ac4c542712dfa6ee5ab4129fde.php 第 23 行.
NOTIC: [8] Undefined variable: web_title /usr/share/httpd/blog/Application/Runtime/Cache/Home/2c62f1ac4c542712dfa6ee5ab4129fde.php 第 23 行.
NOTIC: [8] Undefined variable: web_title /usr/share/httpd/blog/Application/Runtime/Cache/Home/2c62f1ac4c542712dfa6ee5ab4129fde.php 第 68 行.
NOTIC: [8] Undefined variable: web_title /usr/share/httpd/blog/Application/Runtime/Cache/Home/2c62f1ac4c542712dfa6ee5ab4129fde.php 第 68 行.
NOTIC: [8] Use of undefined constant id - assumed 'id' /usr/share/httpd/blog/Application/Runtime/Cache/Home/2c62f1ac4c542712dfa6ee5ab4129fde.php 第 104 行.
NOTIC: [8] Use of undefined constant id - assumed 'id' /usr/share/httpd/blog/Application/Runtime/Cache/Home/2c62f1ac4c542712dfa6ee5ab4129fde.php 第 104 行.
NOTIC: [8] Use of undefined constant id - assumed 'id' /usr/share/httpd/blog/Application/Runtime/Cache/Home/2c62f1ac4c542712dfa6ee5ab4129fde.php 第 104 行.
NOTIC: [8] Use of undefined constant id - assumed 'id' /usr/share/httpd/blog/Application/Runtime/Cache/Home/2c62f1ac4c542712dfa6ee5ab4129fde.php 第 104 行.
NOTIC: [8] Use of undefined constant id - assumed 'id' /usr/share/httpd/blog/Application/Runtime/Cache/Home/2c62f1ac4c542712dfa6ee5ab4129fde.php 第 104 行.
NOTIC: [8] Use of undefined constant id - assumed 'id' /usr/share/httpd/blog/Application/Runtime/Cache/Home/2c62f1ac4c542712dfa6ee5ab4129fde.php 第 104 行.
NOTIC: [8] Use of undefined constant id - assumed 'id' /usr/share/httpd/blog/Application/Runtime/Cache/Home/2c62f1ac4c542712dfa6ee5ab4129fde.php 第 104 行.
NOTIC: [8] Use of undefined constant id - assumed 'id' /usr/share/httpd/blog/Application/Runtime/Cache/Home/2c62f1ac4c542712dfa6ee5ab4129fde.php 第 104 行.
INFO: Run Behavior\ParseTemplateBehavior [ RunTime:0.008171s ]
INFO: [ view_parse ] --END-- [ RunTime:0.008221s ]
INFO: [ view_filter ] --START--
INFO: Run Behavior\WriteHtmlCacheBehavior [ RunTime:0.000123s ]
INFO: [ view_filter ] --END-- [ RunTime:0.000161s ]
INFO: [ app_end ] --START--
INFO: Run Behavior\ShowPageTraceBehavior [ RunTime:0.000406s ]
INFO: [ app_end ] --END-- [ RunTime:0.000466s ]

[ 2016-11-10T10:04:51+08:00 ] 10.169.88.177 /home/archives/index.html
INFO: [ app_init ] --START--
INFO: Run Behavior\BuildLiteBehavior [ RunTime:0.000015s ]
INFO: [ app_init ] --END-- [ RunTime:0.000290s ]
INFO: [ app_begin ] --START--
INFO: Run Behavior\ReadHtmlCacheBehavior [ RunTime:0.000458s ]
INFO: [ app_begin ] --END-- [ RunTime:0.000508s ]
SQL: SHOW COLUMNS FROM `tp_article` [ RunTime:0.0006s ]
SQL: SELECT `create_time`,COUNT( * ),GROUP_CONCAT(id) as id FROM `tp_article` GROUP BY FROM_UNIXTIME( create_time, "%Y年%m月%日" ) ORDER BY create_time DESC  [ RunTime:0.0006s ]
SQL: SELECT `id`,`title`,`create_time` FROM `tp_article` WHERE `id` IN ('33','32','31','30','29','28','27','26','25','34') ORDER BY create_time desc  [ RunTime:0.0003s ]
SQL: SELECT `id`,`title`,`create_time` FROM `tp_article` WHERE `id` IN ('19','20','21','22','24') ORDER BY create_time desc  [ RunTime:0.0002s ]
INFO: [ view_parse ] --START--
INFO: [ template_filter ] --START--
INFO: Run Behavior\ContentReplaceBehavior [ RunTime:0.000081s ]
INFO: [ template_filter ] --END-- [ RunTime:0.000130s ]
NOTIC: [8] Undefined variable: web_title /usr/share/httpd/blog/Application/Runtime/Cache/Home/3366c561da1773637233efd0b7e03a47.php 第 9 行.
NOTIC: [8] Undefined variable: web_title /usr/share/httpd/blog/Application/Runtime/Cache/Home/3366c561da1773637233efd0b7e03a47.php 第 23 行.
NOTIC: [8] Undefined variable: web_title /usr/share/httpd/blog/Application/Runtime/Cache/Home/3366c561da1773637233efd0b7e03a47.php 第 23 行.
NOTIC: [8] Undefined variable: web_title /usr/share/httpd/blog/Application/Runtime/Cache/Home/3366c561da1773637233efd0b7e03a47.php 第 68 行.
NOTIC: [8] Undefined variable: web_title /usr/share/httpd/blog/Application/Runtime/Cache/Home/3366c561da1773637233efd0b7e03a47.php 第 68 行.
NOTIC: [8] Use of undefined constant id - assumed 'id' /usr/share/httpd/blog/Application/Runtime/Cache/Home/3366c561da1773637233efd0b7e03a47.php 第 83 行.
NOTIC: [8] Use of undefined constant id - assumed 'id' /usr/share/httpd/blog/Application/Runtime/Cache/Home/3366c561da1773637233efd0b7e03a47.php 第 83 行.
NOTIC: [8] Use of undefined constant id - assumed 'id' /usr/share/httpd/blog/Application/Runtime/Cache/Home/3366c561da1773637233efd0b7e03a47.php 第 83 行.
NOTIC: [8] Use of undefined constant id - assumed 'id' /usr/share/httpd/blog/Application/Runtime/Cache/Home/3366c561da1773637233efd0b7e03a47.php 第 83 行.
NOTIC: [8] Use of undefined constant id - assumed 'id' /usr/share/httpd/blog/Application/Runtime/Cache/Home/3366c561da1773637233efd0b7e03a47.php 第 83 行.
NOTIC: [8] Use of undefined constant id - assumed 'id' /usr/share/httpd/blog/Application/Runtime/Cache/Home/3366c561da1773637233efd0b7e03a47.php 第 83 行.
NOTIC: [8] Use of undefined constant id - assumed 'id' /usr/share/httpd/blog/Application/Runtime/Cache/Home/3366c561da1773637233efd0b7e03a47.php 第 83 行.
NOTIC: [8] Use of undefined constant id - assumed 'id' /usr/share/httpd/blog/Application/Runtime/Cache/Home/3366c561da1773637233efd0b7e03a47.php 第 83 行.
NOTIC: [8] Use of undefined constant id - assumed 'id' /usr/share/httpd/blog/Application/Runtime/Cache/Home/3366c561da1773637233efd0b7e03a47.php 第 83 行.
NOTIC: [8] Use of undefined constant id - assumed 'id' /usr/share/httpd/blog/Application/Runtime/Cache/Home/3366c561da1773637233efd0b7e03a47.php 第 83 行.
NOTIC: [8] Use of undefined constant id - assumed 'id' /usr/share/httpd/blog/Application/Runtime/Cache/Home/3366c561da1773637233efd0b7e03a47.php 第 83 行.
NOTIC: [8] Use of undefined constant id - assumed 'id' /usr/share/httpd/blog/Application/Runtime/Cache/Home/3366c561da1773637233efd0b7e03a47.php 第 83 行.
NOTIC: [8] Use of undefined constant id - assumed 'id' /usr/share/httpd/blog/Application/Runtime/Cache/Home/3366c561da1773637233efd0b7e03a47.php 第 83 行.
NOTIC: [8] Use of undefined constant id - assumed 'id' /usr/share/httpd/blog/Application/Runtime/Cache/Home/3366c561da1773637233efd0b7e03a47.php 第 83 行.
NOTIC: [8] Use of undefined constant id - assumed 'id' /usr/share/httpd/blog/Application/Runtime/Cache/Home/3366c561da1773637233efd0b7e03a47.php 第 83 行.
INFO: Run Behavior\ParseTemplateBehavior [ RunTime:0.010276s ]
INFO: [ view_parse ] --END-- [ RunTime:0.010338s ]
INFO: [ view_filter ] --START--
INFO: Run Behavior\WriteHtmlCacheBehavior [ RunTime:0.000121s ]
INFO: [ view_filter ] --END-- [ RunTime:0.000160s ]
INFO: [ app_end ] --START--
INFO: Run Behavior\ShowPageTraceBehavior [ RunTime:0.000384s ]
INFO: [ app_end ] --END-- [ RunTime:0.000426s ]

[ 2016-11-10T10:04:51+08:00 ] 10.169.88.177 /home/index/index.html
INFO: [ app_init ] --START--
INFO: Run Behavior\BuildLiteBehavior [ RunTime:0.000015s ]
INFO: [ app_init ] --END-- [ RunTime:0.000302s ]
INFO: [ app_begin ] --START--
INFO: Run Behavior\ReadHtmlCacheBehavior [ RunTime:0.000506s ]
INFO: [ app_begin ] --END-- [ RunTime:0.000563s ]
INFO: [ view_parse ] --START--
INFO: [ template_filter ] --START--
INFO: Run Behavior\ContentReplaceBehavior [ RunTime:0.000077s ]
INFO: [ template_filter ] --END-- [ RunTime:0.000123s ]
NOTIC: [8] Undefined variable: web_title /usr/share/httpd/blog/Application/Runtime/Cache/Home/2a94b8bda04ff446dcedd42276fc99ee.php 第 9 行.
NOTIC: [8] Undefined variable: web_title /usr/share/httpd/blog/Application/Runtime/Cache/Home/2a94b8bda04ff446dcedd42276fc99ee.php 第 23 行.
NOTIC: [8] Undefined variable: web_title /usr/share/httpd/blog/Application/Runtime/Cache/Home/2a94b8bda04ff446dcedd42276fc99ee.php 第 23 行.
NOTIC: [8] Undefined variable: web_title /usr/share/httpd/blog/Application/Runtime/Cache/Home/2a94b8bda04ff446dcedd42276fc99ee.php 第 68 行.
NOTIC: [8] Undefined variable: web_title /usr/share/httpd/blog/Application/Runtime/Cache/Home/2a94b8bda04ff446dcedd42276fc99ee.php 第 68 行.
INFO: Run Behavior\ParseTemplateBehavior [ RunTime:0.007979s ]
INFO: [ view_parse ] --END-- [ RunTime:0.008027s ]
INFO: [ view_filter ] --START--
INFO: Run Behavior\WriteHtmlCacheBehavior [ RunTime:0.000122s ]
INFO: [ view_filter ] --END-- [ RunTime:0.000161s ]
INFO: [ app_end ] --START--
INFO: Run Behavior\ShowPageTraceBehavior [ RunTime:0.000445s ]
INFO: [ app_end ] --END-- [ RunTime:0.000516s ]

[ 2016-11-10T10:04:52+08:00 ] 10.169.88.177 /home/index/get_article_totalPage.html
INFO: [ app_init ] --START--
INFO: Run Behavior\BuildLiteBehavior [ RunTime:0.000016s ]
INFO: [ app_init ] --END-- [ RunTime:0.000291s ]
INFO: [ app_begin ] --START--
INFO: Run Behavior\ReadHtmlCacheBehavior [ RunTime:0.000392s ]
INFO: [ app_begin ] --END-- [ RunTime:0.000445s ]
SQL: SHOW COLUMNS FROM `tp_article` [ RunTime:0.0006s ]
NOTIC: [8] Undefined index: tags_id /usr/share/httpd/blog/Application/Home/Entity/Article.class.php 第 42 行.
SQL: SELECT COUNT(*) AS tp_count FROM `tp_article` LIMIT 1   [ RunTime:0.0003s ]

[ 2016-11-10T13:17:19+08:00 ] 10.169.88.177 /home/bing/add_imginfo.html
INFO: [ app_init ] --START--
INFO: Run Behavior\BuildLiteBehavior [ RunTime:0.000015s ]
INFO: [ app_init ] --END-- [ RunTime:0.000298s ]
INFO: [ app_begin ] --START--
INFO: Run Behavior\ReadHtmlCacheBehavior [ RunTime:0.000402s ]
INFO: [ app_begin ] --END-- [ RunTime:0.000450s ]
SQL: SHOW COLUMNS FROM `tp_bing` [ RunTime:0.0006s ]
SQL: SELECT * FROM `tp_bing` WHERE `img_time` = '2016-11-10' LIMIT 1   [ RunTime:0.0004s ]
INFO: [ app_end ] --START--
INFO: Run Behavior\ShowPageTraceBehavior [ RunTime:0.000469s ]
INFO: [ app_end ] --END-- [ RunTime:0.000535s ]

[ 2016-11-10T13:17:24+08:00 ] 10.169.88.177 /home/bing/
INFO: [ app_init ] --START--
INFO: Run Behavior\BuildLiteBehavior [ RunTime:0.000017s ]
INFO: [ app_init ] --END-- [ RunTime:0.000301s ]
INFO: [ app_begin ] --START--
INFO: Run Behavior\ReadHtmlCacheBehavior [ RunTime:0.000366s ]
INFO: [ app_begin ] --END-- [ RunTime:0.000413s ]
INFO: [ view_parse ] --START--
INFO: [ template_filter ] --START--
INFO: Run Behavior\ContentReplaceBehavior [ RunTime:0.000091s ]
INFO: [ template_filter ] --END-- [ RunTime:0.000161s ]
NOTIC: [8] Undefined variable: web_title /usr/share/httpd/blog/Application/Runtime/Cache/Home/1ea03fdd8a78f5ec7e5062d3ef956260.php 第 9 行.
NOTIC: [8] Undefined variable: web_title /usr/share/httpd/blog/Application/Runtime/Cache/Home/1ea03fdd8a78f5ec7e5062d3ef956260.php 第 23 行.
NOTIC: [8] Undefined variable: web_title /usr/share/httpd/blog/Application/Runtime/Cache/Home/1ea03fdd8a78f5ec7e5062d3ef956260.php 第 23 行.
NOTIC: [8] Undefined variable: web_title /usr/share/httpd/blog/Application/Runtime/Cache/Home/1ea03fdd8a78f5ec7e5062d3ef956260.php 第 68 行.
NOTIC: [8] Undefined variable: web_title /usr/share/httpd/blog/Application/Runtime/Cache/Home/1ea03fdd8a78f5ec7e5062d3ef956260.php 第 68 行.
INFO: Run Behavior\ParseTemplateBehavior [ RunTime:0.008233s ]
INFO: [ view_parse ] --END-- [ RunTime:0.008277s ]
INFO: [ view_filter ] --START--
INFO: Run Behavior\WriteHtmlCacheBehavior [ RunTime:0.000336s ]
INFO: [ view_filter ] --END-- [ RunTime:0.000379s ]
INFO: [ app_end ] --START--
INFO: Run Behavior\ShowPageTraceBehavior [ RunTime:0.000462s ]
INFO: [ app_end ] --END-- [ RunTime:0.000512s ]

[ 2016-11-10T13:17:25+08:00 ] 10.169.88.177 /home/bing/get_img_totalPage.html
INFO: [ app_init ] --START--
INFO: Run Behavior\BuildLiteBehavior [ RunTime:0.000014s ]
INFO: [ app_init ] --END-- [ RunTime:0.000311s ]
INFO: [ app_begin ] --START--
INFO: Run Behavior\ReadHtmlCacheBehavior [ RunTime:0.000362s ]
INFO: [ app_begin ] --END-- [ RunTime:0.000406s ]
SQL: SHOW COLUMNS FROM `tp_bing` [ RunTime:0.0008s ]
SQL: SELECT COUNT(*) AS tp_count FROM `tp_bing` LIMIT 1   [ RunTime:0.0004s ]

[ 2016-11-10T13:17:26+08:00 ] 10.169.88.177 /home/bing/lists.html?start=0&length=9
INFO: [ app_init ] --START--
INFO: Run Behavior\BuildLiteBehavior [ RunTime:0.000015s ]
INFO: [ app_init ] --END-- [ RunTime:0.000313s ]
INFO: [ app_begin ] --START--
INFO: Run Behavior\ReadHtmlCacheBehavior [ RunTime:0.000364s ]
INFO: [ app_begin ] --END-- [ RunTime:0.000407s ]
SQL: SHOW COLUMNS FROM `tp_bing` [ RunTime:0.0071s ]
NOTIC: [8] Undefined index: field /usr/share/httpd/blog/Application/Home/Entity/Bing.class.php 第 23 行.
SQL: SELECT * FROM `tp_bing` ORDER BY img_time desc LIMIT 0,9   [ RunTime:0.0005s ]
INFO: [ view_parse ] --START--
INFO: [ template_filter ] --START--
INFO: Run Behavior\ContentReplaceBehavior [ RunTime:0.000115s ]
INFO: [ template_filter ] --END-- [ RunTime:0.000166s ]
INFO: Run Behavior\ParseTemplateBehavior [ RunTime:0.011409s ]
INFO: [ view_parse ] --END-- [ RunTime:0.011529s ]
INFO: [ view_filter ] --START--
INFO: Run Behavior\WriteHtmlCacheBehavior [ RunTime:0.000121s ]
INFO: [ view_filter ] --END-- [ RunTime:0.000159s ]
INFO: [ app_end ] --START--
INFO: Run Behavior\ShowPageTraceBehavior [ RunTime:0.000374s ]
INFO: [ app_end ] --END-- [ RunTime:0.000414s ]

[ 2016-11-10T14:17:52+08:00 ] 10.169.88.177 /
INFO: [ app_init ] --START--
INFO: Run Behavior\BuildLiteBehavior [ RunTime:0.000015s ]
INFO: [ app_init ] --END-- [ RunTime:0.000382s ]
INFO: [ app_begin ] --START--
INFO: Run Behavior\ReadHtmlCacheBehavior [ RunTime:0.000388s ]
INFO: [ app_begin ] --END-- [ RunTime:0.000436s ]
INFO: [ view_parse ] --START--
INFO: [ template_filter ] --START--
INFO: Run Behavior\ContentReplaceBehavior [ RunTime:0.000070s ]
INFO: [ template_filter ] --END-- [ RunTime:0.000117s ]
NOTIC: [8] Undefined variable: web_title /usr/share/httpd/blog/Application/Runtime/Cache/Home/2a94b8bda04ff446dcedd42276fc99ee.php 第 9 行.
NOTIC: [8] Undefined variable: web_title /usr/share/httpd/blog/Application/Runtime/Cache/Home/2a94b8bda04ff446dcedd42276fc99ee.php 第 23 行.
NOTIC: [8] Undefined variable: web_title /usr/share/httpd/blog/Application/Runtime/Cache/Home/2a94b8bda04ff446dcedd42276fc99ee.php 第 23 行.
NOTIC: [8] Undefined variable: web_title /usr/share/httpd/blog/Application/Runtime/Cache/Home/2a94b8bda04ff446dcedd42276fc99ee.php 第 68 行.
NOTIC: [8] Undefined variable: web_title /usr/share/httpd/blog/Application/Runtime/Cache/Home/2a94b8bda04ff446dcedd42276fc99ee.php 第 68 行.
INFO: Run Behavior\ParseTemplateBehavior [ RunTime:0.007592s ]
INFO: [ view_parse ] --END-- [ RunTime:0.007635s ]
INFO: [ view_filter ] --START--
INFO: Run Behavior\WriteHtmlCacheBehavior [ RunTime:0.000122s ]
INFO: [ view_filter ] --END-- [ RunTime:0.000162s ]
INFO: [ app_end ] --START--
INFO: Run Behavior\ShowPageTraceBehavior [ RunTime:0.000380s ]
INFO: [ app_end ] --END-- [ RunTime:0.000422s ]

[ 2016-11-10T14:43:27+08:00 ] 10.169.88.177 /
INFO: [ app_init ] --START--
INFO: Run Behavior\BuildLiteBehavior [ RunTime:0.000015s ]
INFO: [ app_init ] --END-- [ RunTime:0.000322s ]
INFO: [ app_begin ] --START--
INFO: Run Behavior\ReadHtmlCacheBehavior [ RunTime:0.000363s ]
INFO: [ app_begin ] --END-- [ RunTime:0.000409s ]
INFO: [ view_parse ] --START--
INFO: [ template_filter ] --START--
INFO: Run Behavior\ContentReplaceBehavior [ RunTime:0.000089s ]
INFO: [ template_filter ] --END-- [ RunTime:0.000138s ]
NOTIC: [8] Undefined variable: web_title /usr/share/httpd/blog/Application/Runtime/Cache/Home/2a94b8bda04ff446dcedd42276fc99ee.php 第 9 行.
NOTIC: [8] Undefined variable: web_title /usr/share/httpd/blog/Application/Runtime/Cache/Home/2a94b8bda04ff446dcedd42276fc99ee.php 第 23 行.
NOTIC: [8] Undefined variable: web_title /usr/share/httpd/blog/Application/Runtime/Cache/Home/2a94b8bda04ff446dcedd42276fc99ee.php 第 23 行.
NOTIC: [8] Undefined variable: web_title /usr/share/httpd/blog/Application/Runtime/Cache/Home/2a94b8bda04ff446dcedd42276fc99ee.php 第 68 行.
NOTIC: [8] Undefined variable: web_title /usr/share/httpd/blog/Application/Runtime/Cache/Home/2a94b8bda04ff446dcedd42276fc99ee.php 第 68 行.
INFO: Run Behavior\ParseTemplateBehavior [ RunTime:0.007738s ]
INFO: [ view_parse ] --END-- [ RunTime:0.007783s ]
INFO: [ view_filter ] --START--
INFO: Run Behavior\WriteHtmlCacheBehavior [ RunTime:0.000123s ]
INFO: [ view_filter ] --END-- [ RunTime:0.000163s ]
INFO: [ app_end ] --START--
INFO: Run Behavior\ShowPageTraceBehavior [ RunTime:0.000409s ]
INFO: [ app_end ] --END-- [ RunTime:0.000457s ]

[ 2016-11-10T14:43:28+08:00 ] 10.169.88.177 /home/index/get_article_totalPage.html
INFO: [ app_init ] --START--
INFO: Run Behavior\BuildLiteBehavior [ RunTime:0.000015s ]
INFO: [ app_init ] --END-- [ RunTime:0.000294s ]
INFO: [ app_begin ] --START--
INFO: Run Behavior\ReadHtmlCacheBehavior [ RunTime:0.000360s ]
INFO: [ app_begin ] --END-- [ RunTime:0.000405s ]
SQL: SHOW COLUMNS FROM `tp_article` [ RunTime:0.0006s ]
NOTIC: [8] Undefined index: tags_id /usr/share/httpd/blog/Application/Home/Entity/Article.class.php 第 42 行.
SQL: SELECT COUNT(*) AS tp_count FROM `tp_article` LIMIT 1   [ RunTime:0.0003s ]

[ 2016-11-10T23:15:05+08:00 ] 10.169.88.177 /
INFO: [ app_init ] --START--
INFO: Run Behavior\BuildLiteBehavior [ RunTime:0.000016s ]
INFO: [ app_init ] --END-- [ RunTime:0.000298s ]
INFO: [ app_begin ] --START--
INFO: Run Behavior\ReadHtmlCacheBehavior [ RunTime:0.000389s ]
INFO: [ app_begin ] --END-- [ RunTime:0.000435s ]
INFO: [ view_parse ] --START--
INFO: [ template_filter ] --START--
INFO: Run Behavior\ContentReplaceBehavior [ RunTime:0.000072s ]
INFO: [ template_filter ] --END-- [ RunTime:0.000117s ]
NOTIC: [8] Undefined variable: web_title /usr/share/httpd/blog/Application/Runtime/Cache/Home/2a94b8bda04ff446dcedd42276fc99ee.php 第 9 行.
NOTIC: [8] Undefined variable: web_title /usr/share/httpd/blog/Application/Runtime/Cache/Home/2a94b8bda04ff446dcedd42276fc99ee.php 第 23 行.
NOTIC: [8] Undefined variable: web_title /usr/share/httpd/blog/Application/Runtime/Cache/Home/2a94b8bda04ff446dcedd42276fc99ee.php 第 23 行.
NOTIC: [8] Undefined variable: web_title /usr/share/httpd/blog/Application/Runtime/Cache/Home/2a94b8bda04ff446dcedd42276fc99ee.php 第 68 行.
NOTIC: [8] Undefined variable: web_title /usr/share/httpd/blog/Application/Runtime/Cache/Home/2a94b8bda04ff446dcedd42276fc99ee.php 第 68 行.
INFO: Run Behavior\ParseTemplateBehavior [ RunTime:0.007691s ]
INFO: [ view_parse ] --END-- [ RunTime:0.007735s ]
INFO: [ view_filter ] --START--
INFO: Run Behavior\WriteHtmlCacheBehavior [ RunTime:0.000121s ]
INFO: [ view_filter ] --END-- [ RunTime:0.000159s ]
INFO: [ app_end ] --START--
INFO: Run Behavior\ShowPageTraceBehavior [ RunTime:0.000405s ]
INFO: [ app_end ] --END-- [ RunTime:0.000447s ]

[ 2016-11-10T23:15:13+08:00 ] 10.169.88.177 /home/index/get_article_totalPage.html
INFO: [ app_init ] --START--
INFO: Run Behavior\BuildLiteBehavior [ RunTime:0.000015s ]
INFO: [ app_init ] --END-- [ RunTime:0.000289s ]
INFO: [ app_begin ] --START--
INFO: Run Behavior\ReadHtmlCacheBehavior [ RunTime:0.000389s ]
INFO: [ app_begin ] --END-- [ RunTime:0.000434s ]
SQL: SHOW COLUMNS FROM `tp_article` [ RunTime:0.0006s ]
NOTIC: [8] Undefined index: tags_id /usr/share/httpd/blog/Application/Home/Entity/Article.class.php 第 42 行.
SQL: SELECT COUNT(*) AS tp_count FROM `tp_article` LIMIT 1   [ RunTime:0.0003s ]

[ 2016-11-10T23:17:39+08:00 ] 10.169.88.177 /home/bing/index.html
INFO: [ app_init ] --START--
INFO: Run Behavior\BuildLiteBehavior [ RunTime:0.000015s ]
INFO: [ app_init ] --END-- [ RunTime:0.000336s ]
INFO: [ app_begin ] --START--
INFO: Run Behavior\ReadHtmlCacheBehavior [ RunTime:0.000361s ]
INFO: [ app_begin ] --END-- [ RunTime:0.000407s ]
INFO: [ view_parse ] --START--
INFO: [ template_filter ] --START--
INFO: Run Behavior\ContentReplaceBehavior [ RunTime:0.000120s ]
INFO: [ template_filter ] --END-- [ RunTime:0.000208s ]
NOTIC: [8] Undefined variable: web_title /usr/share/httpd/blog/Application/Runtime/Cache/Home/1ea03fdd8a78f5ec7e5062d3ef956260.php 第 9 行.
NOTIC: [8] Undefined variable: web_title /usr/share/httpd/blog/Application/Runtime/Cache/Home/1ea03fdd8a78f5ec7e5062d3ef956260.php 第 23 行.
NOTIC: [8] Undefined variable: web_title /usr/share/httpd/blog/Application/Runtime/Cache/Home/1ea03fdd8a78f5ec7e5062d3ef956260.php 第 23 行.
NOTIC: [8] Undefined variable: web_title /usr/share/httpd/blog/Application/Runtime/Cache/Home/1ea03fdd8a78f5ec7e5062d3ef956260.php 第 68 行.
NOTIC: [8] Undefined variable: web_title /usr/share/httpd/blog/Application/Runtime/Cache/Home/1ea03fdd8a78f5ec7e5062d3ef956260.php 第 68 行.
INFO: Run Behavior\ParseTemplateBehavior [ RunTime:0.008744s ]
INFO: [ view_parse ] --END-- [ RunTime:0.008790s ]
INFO: [ view_filter ] --START--
INFO: Run Behavior\WriteHtmlCacheBehavior [ RunTime:0.000152s ]
INFO: [ view_filter ] --END-- [ RunTime:0.000191s ]
INFO: [ app_end ] --START--
INFO: Run Behavior\ShowPageTraceBehavior [ RunTime:0.000551s ]
INFO: [ app_end ] --END-- [ RunTime:0.000606s ]

[ 2016-11-10T23:17:40+08:00 ] 10.169.88.177 /home/bing/get_img_totalPage.html
INFO: [ app_init ] --START--
INFO: Run Behavior\BuildLiteBehavior [ RunTime:0.000018s ]
INFO: [ app_init ] --END-- [ RunTime:0.000311s ]
INFO: [ app_begin ] --START--
INFO: Run Behavior\ReadHtmlCacheBehavior [ RunTime:0.000380s ]
INFO: [ app_begin ] --END-- [ RunTime:0.000426s ]
SQL: SHOW COLUMNS FROM `tp_bing` [ RunTime:0.0007s ]
SQL: SELECT COUNT(*) AS tp_count FROM `tp_bing` LIMIT 1   [ RunTime:0.0003s ]

[ 2016-11-10T23:17:41+08:00 ] 10.169.88.177 /home/bing/lists.html?start=0&length=9
INFO: [ app_init ] --START--
INFO: Run Behavior\BuildLiteBehavior [ RunTime:0.000015s ]
INFO: [ app_init ] --END-- [ RunTime:0.000313s ]
INFO: [ app_begin ] --START--
INFO: Run Behavior\ReadHtmlCacheBehavior [ RunTime:0.000382s ]
INFO: [ app_begin ] --END-- [ RunTime:0.000426s ]
SQL: SHOW COLUMNS FROM `tp_bing` [ RunTime:0.0006s ]
NOTIC: [8] Undefined index: field /usr/share/httpd/blog/Application/Home/Entity/Bing.class.php 第 23 行.
SQL: SELECT * FROM `tp_bing` ORDER BY img_time desc LIMIT 0,9   [ RunTime:0.0004s ]
INFO: [ view_parse ] --START--
INFO: [ template_filter ] --START--
INFO: Run Behavior\ContentReplaceBehavior [ RunTime:0.000108s ]
INFO: [ template_filter ] --END-- [ RunTime:0.000154s ]
INFO: Run Behavior\ParseTemplateBehavior [ RunTime:0.011061s ]
INFO: [ view_parse ] --END-- [ RunTime:0.011114s ]
INFO: [ view_filter ] --START--
INFO: Run Behavior\WriteHtmlCacheBehavior [ RunTime:0.000120s ]
INFO: [ view_filter ] --END-- [ RunTime:0.000157s ]
INFO: [ app_end ] --START--
INFO: Run Behavior\ShowPageTraceBehavior [ RunTime:0.000383s ]
INFO: [ app_end ] --END-- [ RunTime:0.000423s ]

