[ 2016-11-20T00:01:02+08:00 ] 10.169.88.177 /home/bing/add_imginfo.html
INFO: [ app_init ] --START--
INFO: Run Behavior\BuildLiteBehavior [ RunTime:0.000017s ]
INFO: [ app_init ] --END-- [ RunTime:0.000308s ]
INFO: [ app_begin ] --START--
INFO: Run Behavior\ReadHtmlCacheBehavior [ RunTime:0.000389s ]
INFO: [ app_begin ] --END-- [ RunTime:0.000435s ]
SQL: SHOW COLUMNS FROM `tp_bing` [ RunTime:0.0006s ]
SQL: SELECT * FROM `tp_bing` WHERE `img_time` = '2016-11-20' LIMIT 1   [ RunTime:0.0004s ]
NOTIC: [8] Undefined index: error /usr/share/httpd/blog/Application/Model/Qiniu.class.php 第 56 行.
NOTIC: [8] Undefined index: error /usr/share/httpd/blog/Application/Model/Qiniu.class.php 第 56 行.
SQL: INSERT INTO `tp_bing` (`img_real_url`,`img_url`,`img_url_480`,`img_time`,`img_title`) VALUES ('http://s.cn.bing.net/az/hprichbg/rb/WallPaintingChildren_ZH-CN7327764062_1920x1080.jpg','http://cdn.mrabit.com/1920.2016-11-20.jpg','http://cdn.mrabit.com/480.2016-11-20.jpg','2016-11-20','乔治城的壁画，槟城，马来西亚 (© JTB Photo/UIG/Getty Images)') [ RunTime:0.0133s ]
INFO: [ app_end ] --START--
INFO: Run Behavior\ShowPageTraceBehavior [ RunTime:0.000641s ]
INFO: [ app_end ] --END-- [ RunTime:0.000700s ]

[ 2016-11-20T00:52:07+08:00 ] 10.169.88.177 /
INFO: [ app_init ] --START--
INFO: Run Behavior\BuildLiteBehavior [ RunTime:0.000015s ]
INFO: [ app_init ] --END-- [ RunTime:0.000322s ]
INFO: [ app_begin ] --START--
INFO: Run Behavior\ReadHtmlCacheBehavior [ RunTime:0.000391s ]
INFO: [ app_begin ] --END-- [ RunTime:0.000441s ]
INFO: [ view_parse ] --START--
INFO: [ template_filter ] --START--
INFO: Run Behavior\ContentReplaceBehavior [ RunTime:0.000083s ]
INFO: [ template_filter ] --END-- [ RunTime:0.000134s ]
NOTIC: [8] Undefined variable: web_title /usr/share/httpd/blog/Application/Runtime/Cache/Home/2a94b8bda04ff446dcedd42276fc99ee.php 第 9 行.
NOTIC: [8] Undefined variable: web_title /usr/share/httpd/blog/Application/Runtime/Cache/Home/2a94b8bda04ff446dcedd42276fc99ee.php 第 23 行.
NOTIC: [8] Undefined variable: web_title /usr/share/httpd/blog/Application/Runtime/Cache/Home/2a94b8bda04ff446dcedd42276fc99ee.php 第 23 行.
NOTIC: [8] Undefined variable: web_title /usr/share/httpd/blog/Application/Runtime/Cache/Home/2a94b8bda04ff446dcedd42276fc99ee.php 第 68 行.
NOTIC: [8] Undefined variable: web_title /usr/share/httpd/blog/Application/Runtime/Cache/Home/2a94b8bda04ff446dcedd42276fc99ee.php 第 68 行.
INFO: Run Behavior\ParseTemplateBehavior [ RunTime:0.011873s ]
INFO: [ view_parse ] --END-- [ RunTime:0.011923s ]
INFO: [ view_filter ] --START--
INFO: Run Behavior\WriteHtmlCacheBehavior [ RunTime:0.000137s ]
INFO: [ view_filter ] --END-- [ RunTime:0.000178s ]
INFO: [ app_end ] --START--
INFO: Run Behavior\ShowPageTraceBehavior [ RunTime:0.000527s ]
INFO: [ app_end ] --END-- [ RunTime:0.000587s ]

[ 2016-11-20T00:52:12+08:00 ] 10.169.88.177 /home/index/get_article_totalPage.html
INFO: [ app_init ] --START--
INFO: Run Behavior\BuildLiteBehavior [ RunTime:0.000018s ]
INFO: [ app_init ] --END-- [ RunTime:0.000335s ]
INFO: [ app_begin ] --START--
INFO: Run Behavior\ReadHtmlCacheBehavior [ RunTime:0.000421s ]
INFO: [ app_begin ] --END-- [ RunTime:0.000470s ]
SQL: SHOW COLUMNS FROM `tp_article` [ RunTime:0.0007s ]
NOTIC: [8] Undefined index: tags_id /usr/share/httpd/blog/Application/Home/Entity/Article.class.php 第 42 行.
SQL: SELECT COUNT(*) AS tp_count FROM `tp_article` LIMIT 1   [ RunTime:0.0003s ]

[ 2016-11-20T00:52:13+08:00 ] 10.169.88.177 /home/bing/index.html
INFO: [ app_init ] --START--
INFO: Run Behavior\BuildLiteBehavior [ RunTime:0.000019s ]
INFO: [ app_init ] --END-- [ RunTime:0.000336s ]
INFO: [ app_begin ] --START--
INFO: Run Behavior\ReadHtmlCacheBehavior [ RunTime:0.000413s ]
INFO: [ app_begin ] --END-- [ RunTime:0.000466s ]
INFO: [ view_parse ] --START--
INFO: [ template_filter ] --START--
INFO: Run Behavior\ContentReplaceBehavior [ RunTime:0.000091s ]
INFO: [ template_filter ] --END-- [ RunTime:0.000141s ]
NOTIC: [8] Undefined variable: web_title /usr/share/httpd/blog/Application/Runtime/Cache/Home/1ea03fdd8a78f5ec7e5062d3ef956260.php 第 9 行.
NOTIC: [8] Undefined variable: web_title /usr/share/httpd/blog/Application/Runtime/Cache/Home/1ea03fdd8a78f5ec7e5062d3ef956260.php 第 23 行.
NOTIC: [8] Undefined variable: web_title /usr/share/httpd/blog/Application/Runtime/Cache/Home/1ea03fdd8a78f5ec7e5062d3ef956260.php 第 23 行.
NOTIC: [8] Undefined variable: web_title /usr/share/httpd/blog/Application/Runtime/Cache/Home/1ea03fdd8a78f5ec7e5062d3ef956260.php 第 68 行.
NOTIC: [8] Undefined variable: web_title /usr/share/httpd/blog/Application/Runtime/Cache/Home/1ea03fdd8a78f5ec7e5062d3ef956260.php 第 68 行.
INFO: Run Behavior\ParseTemplateBehavior [ RunTime:0.009175s ]
INFO: [ view_parse ] --END-- [ RunTime:0.009222s ]
INFO: [ view_filter ] --START--
INFO: Run Behavior\WriteHtmlCacheBehavior [ RunTime:0.000127s ]
INFO: [ view_filter ] --END-- [ RunTime:0.000166s ]
INFO: [ app_end ] --START--
INFO: Run Behavior\ShowPageTraceBehavior [ RunTime:0.000421s ]
INFO: [ app_end ] --END-- [ RunTime:0.000478s ]

[ 2016-11-20T00:52:14+08:00 ] 10.169.88.177 /home/bing/get_img_totalPage.html
INFO: [ app_init ] --START--
INFO: Run Behavior\BuildLiteBehavior [ RunTime:0.000017s ]
INFO: [ app_init ] --END-- [ RunTime:0.000358s ]
INFO: [ app_begin ] --START--
INFO: Run Behavior\ReadHtmlCacheBehavior [ RunTime:0.000401s ]
INFO: [ app_begin ] --END-- [ RunTime:0.000452s ]
SQL: SHOW COLUMNS FROM `tp_bing` [ RunTime:0.0006s ]
SQL: SELECT COUNT(*) AS tp_count FROM `tp_bing` LIMIT 1   [ RunTime:0.0002s ]

[ 2016-11-20T00:52:15+08:00 ] 10.169.88.177 /home/bing/lists.html?start=0&length=9
INFO: [ app_init ] --START--
INFO: Run Behavior\BuildLiteBehavior [ RunTime:0.000015s ]
INFO: [ app_init ] --END-- [ RunTime:0.000292s ]
INFO: [ app_begin ] --START--
INFO: Run Behavior\ReadHtmlCacheBehavior [ RunTime:0.000394s ]
INFO: [ app_begin ] --END-- [ RunTime:0.000437s ]
SQL: SHOW COLUMNS FROM `tp_bing` [ RunTime:0.0006s ]
NOTIC: [8] Undefined index: field /usr/share/httpd/blog/Application/Home/Entity/Bing.class.php 第 23 行.
SQL: SELECT * FROM `tp_bing` ORDER BY img_time desc LIMIT 0,9   [ RunTime:0.0005s ]
INFO: [ view_parse ] --START--
INFO: [ template_filter ] --START--
INFO: Run Behavior\ContentReplaceBehavior [ RunTime:0.000114s ]
INFO: [ template_filter ] --END-- [ RunTime:0.000168s ]
INFO: Run Behavior\ParseTemplateBehavior [ RunTime:0.019404s ]
INFO: [ view_parse ] --END-- [ RunTime:0.019464s ]
INFO: [ view_filter ] --START--
INFO: Run Behavior\WriteHtmlCacheBehavior [ RunTime:0.000125s ]
INFO: [ view_filter ] --END-- [ RunTime:0.000162s ]
INFO: [ app_end ] --START--
INFO: Run Behavior\ShowPageTraceBehavior [ RunTime:0.000391s ]
INFO: [ app_end ] --END-- [ RunTime:0.000430s ]

[ 2016-11-20T00:52:21+08:00 ] 10.169.88.177 /home/index/get_article_totalPage.html
INFO: [ app_init ] --START--
INFO: Run Behavior\BuildLiteBehavior [ RunTime:0.000015s ]
INFO: [ app_init ] --END-- [ RunTime:0.000295s ]
INFO: [ app_begin ] --START--
INFO: Run Behavior\ReadHtmlCacheBehavior [ RunTime:0.000397s ]
INFO: [ app_begin ] --END-- [ RunTime:0.000442s ]
SQL: SHOW COLUMNS FROM `tp_article` [ RunTime:0.0006s ]
NOTIC: [8] Undefined index: tags_id /usr/share/httpd/blog/Application/Home/Entity/Article.class.php 第 42 行.
SQL: SELECT COUNT(*) AS tp_count FROM `tp_article` LIMIT 1   [ RunTime:0.0002s ]

[ 2016-11-20T06:25:03+08:00 ] 10.169.88.177 /
INFO: [ app_init ] --START--
INFO: Run Behavior\BuildLiteBehavior [ RunTime:0.000027s ]
INFO: [ app_init ] --END-- [ RunTime:0.000476s ]
INFO: [ app_begin ] --START--
INFO: Run Behavior\ReadHtmlCacheBehavior [ RunTime:0.000440s ]
INFO: [ app_begin ] --END-- [ RunTime:0.000492s ]
INFO: [ view_parse ] --START--
INFO: [ template_filter ] --START--
INFO: Run Behavior\ContentReplaceBehavior [ RunTime:0.000088s ]
INFO: [ template_filter ] --END-- [ RunTime:0.000139s ]
NOTIC: [8] Undefined variable: web_title /usr/share/httpd/blog/Application/Runtime/Cache/Home/2a94b8bda04ff446dcedd42276fc99ee.php 第 9 行.
NOTIC: [8] Undefined variable: web_title /usr/share/httpd/blog/Application/Runtime/Cache/Home/2a94b8bda04ff446dcedd42276fc99ee.php 第 23 行.
NOTIC: [8] Undefined variable: web_title /usr/share/httpd/blog/Application/Runtime/Cache/Home/2a94b8bda04ff446dcedd42276fc99ee.php 第 23 行.
NOTIC: [8] Undefined variable: web_title /usr/share/httpd/blog/Application/Runtime/Cache/Home/2a94b8bda04ff446dcedd42276fc99ee.php 第 68 行.
NOTIC: [8] Undefined variable: web_title /usr/share/httpd/blog/Application/Runtime/Cache/Home/2a94b8bda04ff446dcedd42276fc99ee.php 第 68 行.
INFO: Run Behavior\ParseTemplateBehavior [ RunTime:0.016415s ]
INFO: [ view_parse ] --END-- [ RunTime:0.016465s ]
INFO: [ view_filter ] --START--
INFO: Run Behavior\WriteHtmlCacheBehavior [ RunTime:0.000148s ]
INFO: [ view_filter ] --END-- [ RunTime:0.000187s ]
INFO: [ app_end ] --START--
INFO: Run Behavior\ShowPageTraceBehavior [ RunTime:0.000387s ]
INFO: [ app_end ] --END-- [ RunTime:0.000434s ]

