[ 2016-10-11T00:01:27+08:00 ] 127.0.0.1 /home/bing/add_imginfo.html
INFO: [ app_init ] --START--
INFO: Run Behavior\BuildLiteBehavior [ RunTime:0.000021s ]
INFO: [ app_init ] --END-- [ RunTime:0.000581s ]
INFO: [ app_begin ] --START--
INFO: Run Behavior\ReadHtmlCacheBehavior [ RunTime:0.001244s ]
INFO: [ app_begin ] --END-- [ RunTime:0.001344s ]
SQL: SHOW COLUMNS FROM `tp_bing` [ RunTime:0.0166s ]
SQL: SELECT * FROM `tp_bing` WHERE `img_time` = '2016-10-11' LIMIT 1   [ RunTime:0.0095s ]
SQL: INSERT INTO `tp_bing` (`img_real_url`,`img_url`,`img_time`,`img_title`) VALUES ('http://s.cn.bing.net/az/hprichbg/rb/YellowFrontedWoodpecker_ZH-CN12671581596_1920x1080.jpg','Uploads/bing/2016-10-11.jpg','2016-10-11','一只黄额啄木鸟，巴西  (© Rafael Guadeluppe/Getty Images)') [ RunTime:0.1703s ]
INFO: [ view_parse ] --START--
INFO: [ template_filter ] --START--
INFO: Run Behavior\ContentReplaceBehavior [ RunTime:0.000163s ]
INFO: [ template_filter ] --END-- [ RunTime:0.000370s ]
INFO: Run Behavior\ParseTemplateBehavior [ RunTime:0.015053s ]
INFO: [ view_parse ] --END-- [ RunTime:0.015222s ]
INFO: [ view_filter ] --START--
INFO: Run Behavior\WriteHtmlCacheBehavior [ RunTime:0.001369s ]
INFO: [ view_filter ] --END-- [ RunTime:0.001483s ]
INFO: [ app_end ] --START--
INFO: Run Behavior\ShowPageTraceBehavior [ RunTime:0.003498s ]
INFO: [ app_end ] --END-- [ RunTime:0.003623s ]

[ 2016-10-11T15:30:56+08:00 ] 61.148.244.56 /
INFO: [ app_init ] --START--
INFO: Run Behavior\BuildLiteBehavior [ RunTime:0.000021s ]
INFO: [ app_init ] --END-- [ RunTime:0.000609s ]
INFO: [ app_begin ] --START--
INFO: Run Behavior\ReadHtmlCacheBehavior [ RunTime:0.001510s ]
INFO: [ app_begin ] --END-- [ RunTime:0.001582s ]
INFO: [ view_parse ] --START--
INFO: [ template_filter ] --START--
INFO: Run Behavior\ContentReplaceBehavior [ RunTime:0.000154s ]
INFO: [ template_filter ] --END-- [ RunTime:0.000243s ]
NOTIC: [8] Undefined variable: web_title D:\website\blog\Application\Runtime\Cache\Home\2a94b8bda04ff446dcedd42276fc99ee.php 第 9 行.
NOTIC: [8] Undefined variable: web_title D:\website\blog\Application\Runtime\Cache\Home\2a94b8bda04ff446dcedd42276fc99ee.php 第 23 行.
NOTIC: [8] Undefined variable: web_title D:\website\blog\Application\Runtime\Cache\Home\2a94b8bda04ff446dcedd42276fc99ee.php 第 23 行.
NOTIC: [8] Undefined variable: web_title D:\website\blog\Application\Runtime\Cache\Home\2a94b8bda04ff446dcedd42276fc99ee.php 第 68 行.
NOTIC: [8] Undefined variable: web_title D:\website\blog\Application\Runtime\Cache\Home\2a94b8bda04ff446dcedd42276fc99ee.php 第 68 行.
INFO: Run Behavior\ParseTemplateBehavior [ RunTime:0.021068s ]
INFO: [ view_parse ] --END-- [ RunTime:0.021126s ]
INFO: [ view_filter ] --START--
INFO: Run Behavior\WriteHtmlCacheBehavior [ RunTime:0.001310s ]
INFO: [ view_filter ] --END-- [ RunTime:0.001386s ]
INFO: [ app_end ] --START--
INFO: Run Behavior\ShowPageTraceBehavior [ RunTime:0.002057s ]
INFO: [ app_end ] --END-- [ RunTime:0.002127s ]

[ 2016-10-11T15:30:57+08:00 ] 61.148.244.56 /home/index/get_article_totalPage.html
INFO: [ app_init ] --START--
INFO: Run Behavior\BuildLiteBehavior [ RunTime:0.000025s ]
INFO: [ app_init ] --END-- [ RunTime:0.000765s ]
INFO: [ app_begin ] --START--
INFO: Run Behavior\ReadHtmlCacheBehavior [ RunTime:0.001142s ]
INFO: [ app_begin ] --END-- [ RunTime:0.001245s ]
SQL: SHOW COLUMNS FROM `tp_article` [ RunTime:0.0788s ]
NOTIC: [8] Undefined index: tags_id D:\website\blog\Application\Home\Entity\Article.class.php 第 42 行.
SQL: SELECT COUNT(*) AS tp_count FROM `tp_article` LIMIT 1   [ RunTime:0.0081s ]

[ 2016-10-11T15:30:58+08:00 ] 61.148.244.56 /home/index/lists.html?start=0&length=3
INFO: [ app_init ] --START--
INFO: Run Behavior\BuildLiteBehavior [ RunTime:0.000015s ]
INFO: [ app_init ] --END-- [ RunTime:0.000562s ]
INFO: [ app_begin ] --START--
INFO: Run Behavior\ReadHtmlCacheBehavior [ RunTime:0.000901s ]
INFO: [ app_begin ] --END-- [ RunTime:0.000982s ]
SQL: SHOW COLUMNS FROM `tp_article` [ RunTime:0.0530s ]
NOTIC: [8] Undefined index: tags_id D:\website\blog\Application\Home\Entity\Article.class.php 第 20 行.
SQL: SELECT a.id,`title`,`reprint_url`,`brief_introduction`,u.uname,`create_time` FROM `tp_article` as a left join tp_user as u on create_user_id = u.id  ORDER BY create_time desc LIMIT 0,3   [ RunTime:0.0340s ]
INFO: [ view_parse ] --START--
INFO: [ template_filter ] --START--
INFO: Run Behavior\ContentReplaceBehavior [ RunTime:0.000236s ]
INFO: [ template_filter ] --END-- [ RunTime:0.000323s ]
NOTIC: [8] Undefined index: create_time2 D:\website\blog\Application\Runtime\Cache\Home\72653c5b98bacce026832b51aa92934a.php 第 14 行.
NOTIC: [8] Undefined index: create_time2 D:\website\blog\Application\Runtime\Cache\Home\72653c5b98bacce026832b51aa92934a.php 第 14 行.
NOTIC: [8] Undefined index: create_time2 D:\website\blog\Application\Runtime\Cache\Home\72653c5b98bacce026832b51aa92934a.php 第 14 行.
INFO: Run Behavior\ParseTemplateBehavior [ RunTime:0.013380s ]
INFO: [ view_parse ] --END-- [ RunTime:0.013455s ]
INFO: [ view_filter ] --START--
INFO: Run Behavior\WriteHtmlCacheBehavior [ RunTime:0.000589s ]
INFO: [ view_filter ] --END-- [ RunTime:0.000660s ]
INFO: [ app_end ] --START--
INFO: Run Behavior\ShowPageTraceBehavior [ RunTime:0.000798s ]
INFO: [ app_end ] --END-- [ RunTime:0.000857s ]

[ 2016-10-11T15:31:01+08:00 ] 61.148.244.56 /home/bing/index.html
INFO: [ app_init ] --START--
INFO: Run Behavior\BuildLiteBehavior [ RunTime:0.000018s ]
INFO: [ app_init ] --END-- [ RunTime:0.000475s ]
INFO: [ app_begin ] --START--
INFO: Run Behavior\ReadHtmlCacheBehavior [ RunTime:0.000863s ]
INFO: [ app_begin ] --END-- [ RunTime:0.000963s ]
INFO: [ view_parse ] --START--
INFO: [ template_filter ] --START--
INFO: Run Behavior\ContentReplaceBehavior [ RunTime:0.000109s ]
INFO: [ template_filter ] --END-- [ RunTime:0.000180s ]
NOTIC: [8] Undefined variable: web_title D:\website\blog\Application\Runtime\Cache\Home\1ea03fdd8a78f5ec7e5062d3ef956260.php 第 9 行.
NOTIC: [8] Undefined variable: web_title D:\website\blog\Application\Runtime\Cache\Home\1ea03fdd8a78f5ec7e5062d3ef956260.php 第 23 行.
NOTIC: [8] Undefined variable: web_title D:\website\blog\Application\Runtime\Cache\Home\1ea03fdd8a78f5ec7e5062d3ef956260.php 第 23 行.
NOTIC: [8] Undefined variable: web_title D:\website\blog\Application\Runtime\Cache\Home\1ea03fdd8a78f5ec7e5062d3ef956260.php 第 68 行.
NOTIC: [8] Undefined variable: web_title D:\website\blog\Application\Runtime\Cache\Home\1ea03fdd8a78f5ec7e5062d3ef956260.php 第 68 行.
INFO: Run Behavior\ParseTemplateBehavior [ RunTime:0.012059s ]
INFO: [ view_parse ] --END-- [ RunTime:0.012132s ]
INFO: [ view_filter ] --START--
INFO: Run Behavior\WriteHtmlCacheBehavior [ RunTime:0.000283s ]
INFO: [ view_filter ] --END-- [ RunTime:0.000324s ]
INFO: [ app_end ] --START--
INFO: Run Behavior\ShowPageTraceBehavior [ RunTime:0.000485s ]
INFO: [ app_end ] --END-- [ RunTime:0.000538s ]

[ 2016-10-11T15:31:02+08:00 ] 61.148.244.56 /home/bing/get_img_totalPage.html
INFO: [ app_init ] --START--
INFO: Run Behavior\BuildLiteBehavior [ RunTime:0.000023s ]
INFO: [ app_init ] --END-- [ RunTime:0.000657s ]
INFO: [ app_begin ] --START--
INFO: Run Behavior\ReadHtmlCacheBehavior [ RunTime:0.000851s ]
INFO: [ app_begin ] --END-- [ RunTime:0.000948s ]
SQL: SHOW COLUMNS FROM `tp_bing` [ RunTime:0.0813s ]
SQL: SELECT COUNT(*) AS tp_count FROM `tp_bing` LIMIT 1   [ RunTime:0.0123s ]

[ 2016-10-11T15:31:03+08:00 ] 61.148.244.56 /home/bing/lists.html?start=0&length=9
INFO: [ app_init ] --START--
INFO: Run Behavior\BuildLiteBehavior [ RunTime:0.000013s ]
INFO: [ app_init ] --END-- [ RunTime:0.000412s ]
INFO: [ app_begin ] --START--
INFO: Run Behavior\ReadHtmlCacheBehavior [ RunTime:0.000452s ]
INFO: [ app_begin ] --END-- [ RunTime:0.000506s ]
SQL: SHOW COLUMNS FROM `tp_bing` [ RunTime:0.0552s ]
SQL: SELECT * FROM `tp_bing` ORDER BY img_time desc LIMIT 0,9   [ RunTime:0.0104s ]
INFO: [ view_parse ] --START--
INFO: [ template_filter ] --START--
INFO: Run Behavior\ContentReplaceBehavior [ RunTime:0.000574s ]
INFO: [ template_filter ] --END-- [ RunTime:0.000752s ]
INFO: Run Behavior\ParseTemplateBehavior [ RunTime:0.035054s ]
INFO: [ view_parse ] --END-- [ RunTime:0.035268s ]
INFO: [ view_filter ] --START--
INFO: Run Behavior\WriteHtmlCacheBehavior [ RunTime:0.000618s ]
INFO: [ view_filter ] --END-- [ RunTime:0.000732s ]
INFO: [ app_end ] --START--
INFO: Run Behavior\ShowPageTraceBehavior [ RunTime:0.000935s ]
INFO: [ app_end ] --END-- [ RunTime:0.001027s ]

