[ 2016-09-26T03:46:59+08:00 ] 178.154.189.31 /robots.txt
INFO: [ app_init ] --START--
INFO: Run Behavior\BuildLiteBehavior [ RunTime:0.000012s ]
INFO: [ app_init ] --END-- [ RunTime:0.000358s ]
ERR: 无法加载模块:Robots

[ 2016-09-26T08:40:29+08:00 ] 172.82.166.210 http://www.baidu.com/cache/global/img/gs.gif
INFO: [ app_init ] --START--
INFO: Run Behavior\BuildLiteBehavior [ RunTime:0.000018s ]
INFO: [ app_init ] --END-- [ RunTime:0.001240s ]
ERR: 无法加载模块:Cache

[ 2016-09-26T10:01:16+08:00 ] 171.221.254.8 /favicon.ico
INFO: [ app_init ] --START--
INFO: Run Behavior\BuildLiteBehavior [ RunTime:0.000017s ]
INFO: [ app_init ] --END-- [ RunTime:0.000522s ]
ERR: 无法加载模块:Favicon

[ 2016-09-26T10:01:22+08:00 ] 171.221.254.8 /Uploads/Picture/2016-09-14/57d9133f0258c.jpg
INFO: [ app_init ] --START--
INFO: Run Behavior\BuildLiteBehavior [ RunTime:0.000040s ]
INFO: [ app_init ] --END-- [ RunTime:0.001131s ]
ERR: 无法加载模块:Uploads

[ 2016-09-26T10:01:32+08:00 ] 171.221.254.8 /Uploads/Picture/2016-09-14/57d9133f0258c.jpg
INFO: [ app_init ] --START--
INFO: Run Behavior\BuildLiteBehavior [ RunTime:0.000017s ]
INFO: [ app_init ] --END-- [ RunTime:0.000480s ]
ERR: 无法加载模块:Uploads

[ 2016-09-26T10:01:57+08:00 ] 171.221.254.8 /Uploads/Picture/2016-09-14/57d9133f0258c.jpg
INFO: [ app_init ] --START--
INFO: Run Behavior\BuildLiteBehavior [ RunTime:0.000016s ]
INFO: [ app_init ] --END-- [ RunTime:0.000442s ]
ERR: 无法加载模块:Uploads

[ 2016-09-26T10:08:18+08:00 ] 171.221.254.8 /favicon.ico
INFO: [ app_init ] --START--
INFO: Run Behavior\BuildLiteBehavior [ RunTime:0.000018s ]
INFO: [ app_init ] --END-- [ RunTime:0.000504s ]
ERR: 无法加载模块:Favicon

[ 2016-09-26T10:14:44+08:00 ] 171.221.254.8 /favicon.ico
INFO: [ app_init ] --START--
INFO: Run Behavior\BuildLiteBehavior [ RunTime:0.000017s ]
INFO: [ app_init ] --END-- [ RunTime:0.000497s ]
ERR: 无法加载模块:Favicon

[ 2016-09-26T10:14:55+08:00 ] 171.221.254.8 /Uploads/Picture/2016-09-14/57d9133f0258c.jpg
INFO: [ app_init ] --START--
INFO: Run Behavior\BuildLiteBehavior [ RunTime:0.000019s ]
INFO: [ app_init ] --END-- [ RunTime:0.000511s ]
ERR: 无法加载模块:Uploads

[ 2016-09-26T10:15:00+08:00 ] 171.221.254.8 /Uploads/Picture/2016-09-14/57d9133f0258c.jpg
INFO: [ app_init ] --START--
INFO: Run Behavior\BuildLiteBehavior [ RunTime:0.000016s ]
INFO: [ app_init ] --END-- [ RunTime:0.000453s ]
ERR: 无法加载模块:Uploads

[ 2016-09-26T10:16:13+08:00 ] 171.221.254.8 /Uploads/Picture/2016-09-14/57d9133f0258c.jpg
INFO: [ app_init ] --START--
INFO: Run Behavior\BuildLiteBehavior [ RunTime:0.000019s ]
INFO: [ app_init ] --END-- [ RunTime:0.000508s ]
ERR: 无法加载模块:Uploads

[ 2016-09-26T10:59:38+08:00 ] 171.221.254.8 /Uploads/Picture/2016-09-14/57d9133f0258c.jpg
INFO: [ app_init ] --START--
INFO: Run Behavior\BuildLiteBehavior [ RunTime:0.000019s ]
INFO: [ app_init ] --END-- [ RunTime:0.000492s ]
ERR: 无法加载模块:Uploads

[ 2016-09-26T11:00:32+08:00 ] 171.221.254.8 /Uploads/Picture/2016-09-14/57d9133f0258c.jpg
INFO: [ app_init ] --START--
INFO: Run Behavior\BuildLiteBehavior [ RunTime:0.000021s ]
INFO: [ app_init ] --END-- [ RunTime:0.000383s ]
ERR: 无法加载模块:Uploads

[ 2016-09-26T11:00:41+08:00 ] 171.221.254.8 /Uploads/Picture/2016-09-14/57d9133f0258c.jpg
INFO: [ app_init ] --START--
INFO: Run Behavior\BuildLiteBehavior [ RunTime:0.000043s ]
INFO: [ app_init ] --END-- [ RunTime:0.001171s ]
ERR: 无法加载模块:Uploads

[ 2016-09-26T11:04:43+08:00 ] 171.221.254.8 /Uploads/Picture/2016-09-14/57d9133f0258c.jpg
INFO: [ app_init ] --START--
INFO: Run Behavior\BuildLiteBehavior [ RunTime:0.000017s ]
INFO: [ app_init ] --END-- [ RunTime:0.000579s ]
ERR: 无法加载模块:Uploads

[ 2016-09-26T14:53:17+08:00 ] 171.221.254.8 /Uploads/Picture/2016-09-14/57d9133f0258c.jpg
INFO: [ app_init ] --START--
INFO: Run Behavior\BuildLiteBehavior [ RunTime:0.000025s ]
INFO: [ app_init ] --END-- [ RunTime:0.000848s ]
ERR: 无法加载模块:Uploads

[ 2016-09-26T16:54:52+08:00 ] 171.221.254.8 /Uploads/Picture/2016-09-14/57d9133f0258c.jpg
INFO: [ app_init ] --START--
INFO: Run Behavior\BuildLiteBehavior [ RunTime:0.000021s ]
INFO: [ app_init ] --END-- [ RunTime:0.000655s ]
ERR: 无法加载模块:Uploads

[ 2016-09-26T17:05:52+08:00 ] 171.221.254.8 /Uploads/Picture/2016-09-14/57d9133f0258c.jpg
INFO: [ app_init ] --START--
INFO: Run Behavior\BuildLiteBehavior [ RunTime:0.000014s ]
INFO: [ app_init ] --END-- [ RunTime:0.000358s ]
ERR: 无法加载模块:Uploads

[ 2016-09-26T17:06:13+08:00 ] 171.221.254.8 /Uploads/Picture/2016-09-14/57d9133f0258c.jpg
INFO: [ app_init ] --START--
INFO: Run Behavior\BuildLiteBehavior [ RunTime:0.000015s ]
INFO: [ app_init ] --END-- [ RunTime:0.000405s ]
ERR: 无法加载模块:Uploads

[ 2016-09-26T17:06:21+08:00 ] 171.221.254.8 /Uploads/Picture/2016-09-14/57d9133f0258c.jpg
INFO: [ app_init ] --START--
INFO: Run Behavior\BuildLiteBehavior [ RunTime:0.000017s ]
INFO: [ app_init ] --END-- [ RunTime:0.000533s ]
ERR: 无法加载模块:Uploads

[ 2016-09-26T17:06:24+08:00 ] 171.221.254.8 /Uploads/Picture/2016-09-14/57d9133f0258c.jpg
INFO: [ app_init ] --START--
INFO: Run Behavior\BuildLiteBehavior [ RunTime:0.000013s ]
INFO: [ app_init ] --END-- [ RunTime:0.000337s ]
ERR: 无法加载模块:Uploads

[ 2016-09-26T17:07:52+08:00 ] 171.221.254.8 /Uploads/Picture/2016-09-14/57d9133f0258c.jpg
INFO: [ app_init ] --START--
INFO: Run Behavior\BuildLiteBehavior [ RunTime:0.000013s ]
INFO: [ app_init ] --END-- [ RunTime:0.000364s ]
ERR: 无法加载模块:Uploads

[ 2016-09-26T17:09:05+08:00 ] 171.221.254.8 /Uploads/Picture/2016-09-14/57d9133f0258c.jpg
INFO: [ app_init ] --START--
INFO: Run Behavior\BuildLiteBehavior [ RunTime:0.000017s ]
INFO: [ app_init ] --END-- [ RunTime:0.000519s ]
ERR: 无法加载模块:Uploads

[ 2016-09-26T17:13:48+08:00 ] 171.221.254.8 /Uploads/Picture/2016-09-14/57d9133f0258c.jpg
INFO: [ app_init ] --START--
INFO: Run Behavior\BuildLiteBehavior [ RunTime:0.000019s ]
INFO: [ app_init ] --END-- [ RunTime:0.000590s ]
ERR: 无法加载模块:Uploads

[ 2016-09-26T17:14:27+08:00 ] 218.88.30.186 /favicon.ico
INFO: [ app_init ] --START--
INFO: Run Behavior\BuildLiteBehavior [ RunTime:0.000021s ]
INFO: [ app_init ] --END-- [ RunTime:0.000505s ]
ERR: 无法加载模块:Favicon

[ 2016-09-26T17:14:34+08:00 ] 218.88.30.186 /favicon.ico
INFO: [ app_init ] --START--
INFO: Run Behavior\BuildLiteBehavior [ RunTime:0.000017s ]
INFO: [ app_init ] --END-- [ RunTime:0.000508s ]
ERR: 无法加载模块:Favicon

[ 2016-09-26T17:59:56+08:00 ] 93.174.93.136 http://www.baidu.com/cache/global/img/gs.gif
INFO: [ app_init ] --START--
INFO: Run Behavior\BuildLiteBehavior [ RunTime:0.000017s ]
INFO: [ app_init ] --END-- [ RunTime:0.001253s ]
ERR: 无法加载模块:Cache

[ 2016-09-26T19:08:02+08:00 ] 125.71.135.100 /favicon.ico
INFO: [ app_init ] --START--
INFO: Run Behavior\BuildLiteBehavior [ RunTime:0.000029s ]
INFO: [ app_init ] --END-- [ RunTime:0.001045s ]
ERR: 无法加载模块:Favicon

[ 2016-09-26T19:08:05+08:00 ] 125.71.135.100 /favicon.ico
INFO: [ app_init ] --START--
INFO: Run Behavior\BuildLiteBehavior [ RunTime:0.000012s ]
INFO: [ app_init ] --END-- [ RunTime:0.000380s ]
ERR: 无法加载模块:Favicon

[ 2016-09-26T19:08:11+08:00 ] 125.71.135.100 /Uploads/Picture/2016-09-14/57d9133f0258c.jpg
INFO: [ app_init ] --START--
INFO: Run Behavior\BuildLiteBehavior [ RunTime:0.000022s ]
INFO: [ app_init ] --END-- [ RunTime:0.000667s ]
ERR: 无法加载模块:Uploads

[ 2016-09-26T19:35:10+08:00 ] 125.71.134.108 /favicon.ico
INFO: [ app_init ] --START--
INFO: Run Behavior\BuildLiteBehavior [ RunTime:0.000015s ]
INFO: [ app_init ] --END-- [ RunTime:0.000427s ]
ERR: 无法加载模块:Favicon

[ 2016-09-26T19:35:14+08:00 ] 125.71.134.108 /favicon.ico
INFO: [ app_init ] --START--
INFO: Run Behavior\BuildLiteBehavior [ RunTime:0.000021s ]
INFO: [ app_init ] --END-- [ RunTime:0.000576s ]
ERR: 无法加载模块:Favicon

[ 2016-09-26T20:53:58+08:00 ] 125.71.134.108 /favicon.ico
INFO: [ app_init ] --START--
INFO: Run Behavior\BuildLiteBehavior [ RunTime:0.000018s ]
INFO: [ app_init ] --END-- [ RunTime:0.001443s ]
ERR: 无法加载模块:Favicon

[ 2016-09-26T20:55:57+08:00 ] 127.0.0.1 /favicon.ico
INFO: [ app_init ] --START--
INFO: Run Behavior\BuildLiteBehavior [ RunTime:0.000023s ]
INFO: [ app_init ] --END-- [ RunTime:0.000636s ]
ERR: 无法加载模块:Favicon

[ 2016-09-26T20:56:02+08:00 ] 127.0.0.1 /favicon.ico
INFO: [ app_init ] --START--
INFO: Run Behavior\BuildLiteBehavior [ RunTime:0.000014s ]
INFO: [ app_init ] --END-- [ RunTime:0.000527s ]
ERR: 无法加载模块:Favicon

[ 2016-09-26T20:56:10+08:00 ] 127.0.0.1 /Public/static/js/angular/angular.min.js.map
INFO: [ app_init ] --START--
INFO: Run Behavior\BuildLiteBehavior [ RunTime:0.000022s ]
INFO: [ app_init ] --END-- [ RunTime:0.000554s ]
ERR: 无法加载模块:Public

[ 2016-09-26T20:56:33+08:00 ] 127.0.0.1 /Public/static/js/angular/angular.min.js.map
INFO: [ app_init ] --START--
INFO: Run Behavior\BuildLiteBehavior [ RunTime:0.000023s ]
INFO: [ app_init ] --END-- [ RunTime:0.000598s ]
ERR: 无法加载模块:Public

[ 2016-09-26T20:56:51+08:00 ] 127.0.0.1 /Public/static/js/angular/angular.min.js.map
INFO: [ app_init ] --START--
INFO: Run Behavior\BuildLiteBehavior [ RunTime:0.000020s ]
INFO: [ app_init ] --END-- [ RunTime:0.000585s ]
ERR: 无法加载模块:Public

[ 2016-09-26T20:56:58+08:00 ] 127.0.0.1 /Public/static/js/angular/angular.min.js.map
INFO: [ app_init ] --START--
INFO: Run Behavior\BuildLiteBehavior [ RunTime:0.000012s ]
INFO: [ app_init ] --END-- [ RunTime:0.000374s ]
ERR: 无法加载模块:Public

[ 2016-09-26T20:58:22+08:00 ] 127.0.0.1 /Public/static/js/angular/angular.min.js.map
INFO: [ app_init ] --START--
INFO: Run Behavior\BuildLiteBehavior [ RunTime:0.000020s ]
INFO: [ app_init ] --END-- [ RunTime:0.000579s ]
ERR: 无法加载模块:Public

[ 2016-09-26T21:03:45+08:00 ] 127.0.0.1 /Public/static/js/angular/angular.min.js.map
INFO: [ app_init ] --START--
INFO: Run Behavior\BuildLiteBehavior [ RunTime:0.000022s ]
INFO: [ app_init ] --END-- [ RunTime:0.000605s ]
ERR: 无法加载模块:Public

[ 2016-09-26T21:04:00+08:00 ] 127.0.0.1 /Public/static/js/angular/angular.min.js.map
INFO: [ app_init ] --START--
INFO: Run Behavior\BuildLiteBehavior [ RunTime:0.000019s ]
INFO: [ app_init ] --END-- [ RunTime:0.000416s ]
ERR: 无法加载模块:Public

[ 2016-09-26T21:04:03+08:00 ] 127.0.0.1 /Public/static/js/angular/angular.min.js.map
INFO: [ app_init ] --START--
INFO: Run Behavior\BuildLiteBehavior [ RunTime:0.000025s ]
INFO: [ app_init ] --END-- [ RunTime:0.000569s ]
ERR: 无法加载模块:Public

[ 2016-09-26T21:04:19+08:00 ] 127.0.0.1 /Public/static/js/angular/angular.min.js.map
INFO: [ app_init ] --START--
INFO: Run Behavior\BuildLiteBehavior [ RunTime:0.000015s ]
INFO: [ app_init ] --END-- [ RunTime:0.000475s ]
ERR: 无法加载模块:Public

[ 2016-09-26T21:04:48+08:00 ] 127.0.0.1 /Public/static/js/angular/angular.min.js.map
INFO: [ app_init ] --START--
INFO: Run Behavior\BuildLiteBehavior [ RunTime:0.000015s ]
INFO: [ app_init ] --END-- [ RunTime:0.000404s ]
ERR: 无法加载模块:Public

[ 2016-09-26T21:05:24+08:00 ] 127.0.0.1 /Public/static/js/angular/angular.min.js.map
INFO: [ app_init ] --START--
INFO: Run Behavior\BuildLiteBehavior [ RunTime:0.000024s ]
INFO: [ app_init ] --END-- [ RunTime:0.000598s ]
ERR: 无法加载模块:Public

[ 2016-09-26T21:06:18+08:00 ] 127.0.0.1 /Public/static/js/angular/angular.min.js.map
INFO: [ app_init ] --START--
INFO: Run Behavior\BuildLiteBehavior [ RunTime:0.000013s ]
INFO: [ app_init ] --END-- [ RunTime:0.000337s ]
ERR: 无法加载模块:Public

[ 2016-09-26T21:08:00+08:00 ] 127.0.0.1 /Public/static/js/angular/angular.min.js.map
INFO: [ app_init ] --START--
INFO: Run Behavior\BuildLiteBehavior [ RunTime:0.000025s ]
INFO: [ app_init ] --END-- [ RunTime:0.000696s ]
ERR: 无法加载模块:Public

[ 2016-09-26T21:09:56+08:00 ] 127.0.0.1 /Public/static/js/angular/angular.min.js.map
INFO: [ app_init ] --START--
INFO: Run Behavior\BuildLiteBehavior [ RunTime:0.000022s ]
INFO: [ app_init ] --END-- [ RunTime:0.000627s ]
ERR: 无法加载模块:Public

[ 2016-09-26T21:10:33+08:00 ] 127.0.0.1 /Public/static/js/angular/angular.min.js.map
INFO: [ app_init ] --START--
INFO: Run Behavior\BuildLiteBehavior [ RunTime:0.000022s ]
INFO: [ app_init ] --END-- [ RunTime:0.000555s ]
ERR: 无法加载模块:Public

[ 2016-09-26T21:13:04+08:00 ] 127.0.0.1 /Public/static/js/angular/angular.min.js.map
INFO: [ app_init ] --START--
INFO: Run Behavior\BuildLiteBehavior [ RunTime:0.000024s ]
INFO: [ app_init ] --END-- [ RunTime:0.000540s ]
ERR: 无法加载模块:Public

[ 2016-09-26T21:13:15+08:00 ] 127.0.0.1 /Public/static/js/angular/angular.min.js.map
INFO: [ app_init ] --START--
INFO: Run Behavior\BuildLiteBehavior [ RunTime:0.000056s ]
INFO: [ app_init ] --END-- [ RunTime:0.000957s ]
ERR: 无法加载模块:Public

[ 2016-09-26T21:13:20+08:00 ] 127.0.0.1 /Public/static/js/angular/angular.min.js.map
INFO: [ app_init ] --START--
INFO: Run Behavior\BuildLiteBehavior [ RunTime:0.000026s ]
INFO: [ app_init ] --END-- [ RunTime:0.000674s ]
ERR: 无法加载模块:Public

[ 2016-09-26T21:15:38+08:00 ] 127.0.0.1 /Public/static/js/angular/angular.min.js.map
INFO: [ app_init ] --START--
INFO: Run Behavior\BuildLiteBehavior [ RunTime:0.000048s ]
INFO: [ app_init ] --END-- [ RunTime:0.000909s ]
ERR: 无法加载模块:Public

[ 2016-09-26T21:16:26+08:00 ] 127.0.0.1 /Public/static/js/angular/angular.min.js.map
INFO: [ app_init ] --START--
INFO: Run Behavior\BuildLiteBehavior [ RunTime:0.000025s ]
INFO: [ app_init ] --END-- [ RunTime:0.000885s ]
ERR: 无法加载模块:Public

[ 2016-09-26T21:17:46+08:00 ] 127.0.0.1 /Public/static/js/angular/angular.min.js.map
INFO: [ app_init ] --START--
INFO: Run Behavior\BuildLiteBehavior [ RunTime:0.000018s ]
INFO: [ app_init ] --END-- [ RunTime:0.000569s ]
ERR: 无法加载模块:Public

[ 2016-09-26T21:18:17+08:00 ] 127.0.0.1 /Public/static/js/angular/angular.min.js.map
INFO: [ app_init ] --START--
INFO: Run Behavior\BuildLiteBehavior [ RunTime:0.000020s ]
INFO: [ app_init ] --END-- [ RunTime:0.000534s ]
ERR: 无法加载模块:Public

[ 2016-09-26T21:20:51+08:00 ] 127.0.0.1 /Public/static/js/angular/angular.min.js.map
INFO: [ app_init ] --START--
INFO: Run Behavior\BuildLiteBehavior [ RunTime:0.000025s ]
INFO: [ app_init ] --END-- [ RunTime:0.000576s ]
ERR: 无法加载模块:Public

[ 2016-09-26T21:21:34+08:00 ] 127.0.0.1 /Public/static/js/angular/angular.min.js.map
INFO: [ app_init ] --START--
INFO: Run Behavior\BuildLiteBehavior [ RunTime:0.000024s ]
INFO: [ app_init ] --END-- [ RunTime:0.000749s ]
ERR: 无法加载模块:Public

[ 2016-09-26T21:24:27+08:00 ] 127.0.0.1 /Public/static/js/angular/angular.min.js.map
INFO: [ app_init ] --START--
INFO: Run Behavior\BuildLiteBehavior [ RunTime:0.000021s ]
INFO: [ app_init ] --END-- [ RunTime:0.000647s ]
ERR: 无法加载模块:Public

[ 2016-09-26T21:24:45+08:00 ] 127.0.0.1 /Public/static/js/angular/angular.min.js.map
INFO: [ app_init ] --START--
INFO: Run Behavior\BuildLiteBehavior [ RunTime:0.000022s ]
INFO: [ app_init ] --END-- [ RunTime:0.000505s ]
ERR: 无法加载模块:Public

[ 2016-09-26T21:24:53+08:00 ] 127.0.0.1 /Public/static/js/angular/angular.min.js.map
INFO: [ app_init ] --START--
INFO: Run Behavior\BuildLiteBehavior [ RunTime:0.000014s ]
INFO: [ app_init ] --END-- [ RunTime:0.000345s ]
ERR: 无法加载模块:Public

[ 2016-09-26T21:25:18+08:00 ] 127.0.0.1 /Public/static/js/angular/angular.min.js.map
INFO: [ app_init ] --START--
INFO: Run Behavior\BuildLiteBehavior [ RunTime:0.000027s ]
INFO: [ app_init ] --END-- [ RunTime:0.000886s ]
ERR: 无法加载模块:Public

[ 2016-09-26T21:25:45+08:00 ] 127.0.0.1 /Public/static/js/angular/angular.min.js.map
INFO: [ app_init ] --START--
INFO: Run Behavior\BuildLiteBehavior [ RunTime:0.000029s ]
INFO: [ app_init ] --END-- [ RunTime:0.000738s ]
ERR: 无法加载模块:Public

[ 2016-09-26T21:25:50+08:00 ] 127.0.0.1 /Public/static/js/angular/angular.min.js.map
INFO: [ app_init ] --START--
INFO: Run Behavior\BuildLiteBehavior [ RunTime:0.000021s ]
INFO: [ app_init ] --END-- [ RunTime:0.000506s ]
ERR: 无法加载模块:Public

[ 2016-09-26T21:25:57+08:00 ] 127.0.0.1 /Public/static/js/angular/angular.min.js.map
INFO: [ app_init ] --START--
INFO: Run Behavior\BuildLiteBehavior [ RunTime:0.000022s ]
INFO: [ app_init ] --END-- [ RunTime:0.000521s ]
ERR: 无法加载模块:Public

[ 2016-09-26T21:26:14+08:00 ] 127.0.0.1 /Public/static/js/angular/angular.min.js.map
INFO: [ app_init ] --START--
INFO: Run Behavior\BuildLiteBehavior [ RunTime:0.000024s ]
INFO: [ app_init ] --END-- [ RunTime:0.000355s ]
ERR: 无法加载模块:Public

[ 2016-09-26T21:26:28+08:00 ] 127.0.0.1 /Public/static/js/angular/angular.min.js.map
INFO: [ app_init ] --START--
INFO: Run Behavior\BuildLiteBehavior [ RunTime:0.000014s ]
INFO: [ app_init ] --END-- [ RunTime:0.000340s ]
ERR: 无法加载模块:Public

[ 2016-09-26T21:26:37+08:00 ] 127.0.0.1 /Public/static/js/angular/angular.min.js.map
INFO: [ app_init ] --START--
INFO: Run Behavior\BuildLiteBehavior [ RunTime:0.000021s ]
INFO: [ app_init ] --END-- [ RunTime:0.000508s ]
ERR: 无法加载模块:Public

[ 2016-09-26T21:26:46+08:00 ] 127.0.0.1 /Public/static/js/angular/angular.min.js.map
INFO: [ app_init ] --START--
INFO: Run Behavior\BuildLiteBehavior [ RunTime:0.000021s ]
INFO: [ app_init ] --END-- [ RunTime:0.000510s ]
ERR: 无法加载模块:Public

[ 2016-09-26T21:27:44+08:00 ] 125.71.134.108 /favicon.ico
INFO: [ app_init ] --START--
INFO: Run Behavior\BuildLiteBehavior [ RunTime:0.000012s ]
INFO: [ app_init ] --END-- [ RunTime:0.000348s ]
ERR: 无法加载模块:Favicon

[ 2016-09-26T22:25:41+08:00 ] 127.0.0.1 /Public/static/js/angular/angular.min.js.map
INFO: [ app_init ] --START--
INFO: Run Behavior\BuildLiteBehavior [ RunTime:0.000025s ]
INFO: [ app_init ] --END-- [ RunTime:0.000880s ]
ERR: 无法加载模块:Public

[ 2016-09-26T22:26:07+08:00 ] 127.0.0.1 /Public/static/js/angular/angular.min.js.map
INFO: [ app_init ] --START--
INFO: Run Behavior\BuildLiteBehavior [ RunTime:0.000024s ]
INFO: [ app_init ] --END-- [ RunTime:0.000883s ]
ERR: 无法加载模块:Public

[ 2016-09-26T22:26:42+08:00 ] 127.0.0.1 /Public/static/js/angular/angular.min.js.map
INFO: [ app_init ] --START--
INFO: Run Behavior\BuildLiteBehavior [ RunTime:0.000024s ]
INFO: [ app_init ] --END-- [ RunTime:0.000592s ]
ERR: 无法加载模块:Public

[ 2016-09-26T22:26:57+08:00 ] 127.0.0.1 /Public/static/js/angular/angular.min.js.map
INFO: [ app_init ] --START--
INFO: Run Behavior\BuildLiteBehavior [ RunTime:0.000024s ]
INFO: [ app_init ] --END-- [ RunTime:0.000702s ]
ERR: 无法加载模块:Public

[ 2016-09-26T22:27:28+08:00 ] 127.0.0.1 /favicon.ico
INFO: [ app_init ] --START--
INFO: Run Behavior\BuildLiteBehavior [ RunTime:0.000020s ]
INFO: [ app_init ] --END-- [ RunTime:0.000551s ]
ERR: 无法加载模块:Favicon

[ 2016-09-26T22:27:44+08:00 ] 127.0.0.1 /Public/static/js/angular/angular.min.js.map
INFO: [ app_init ] --START--
INFO: Run Behavior\BuildLiteBehavior [ RunTime:0.000023s ]
INFO: [ app_init ] --END-- [ RunTime:0.000563s ]
ERR: 无法加载模块:Public

[ 2016-09-26T22:28:03+08:00 ] 127.0.0.1 /Public/static/js/angular/angular.min.js.map
INFO: [ app_init ] --START--
INFO: Run Behavior\BuildLiteBehavior [ RunTime:0.000025s ]
INFO: [ app_init ] --END-- [ RunTime:0.000642s ]
ERR: 无法加载模块:Public

[ 2016-09-26T22:28:26+08:00 ] 127.0.0.1 /Public/static/js/angular/angular.min.js.map
INFO: [ app_init ] --START--
INFO: Run Behavior\BuildLiteBehavior [ RunTime:0.000020s ]
INFO: [ app_init ] --END-- [ RunTime:0.000560s ]
ERR: 无法加载模块:Public

[ 2016-09-26T22:28:40+08:00 ] 127.0.0.1 /Public/static/js/angular/angular.min.js.map
INFO: [ app_init ] --START--
INFO: Run Behavior\BuildLiteBehavior [ RunTime:0.000033s ]
INFO: [ app_init ] --END-- [ RunTime:0.000825s ]
ERR: 无法加载模块:Public

[ 2016-09-26T22:29:29+08:00 ] 127.0.0.1 /Public/static/js/angular/angular.min.js.map
INFO: [ app_init ] --START--
INFO: Run Behavior\BuildLiteBehavior [ RunTime:0.000027s ]
INFO: [ app_init ] --END-- [ RunTime:0.000676s ]
ERR: 无法加载模块:Public

[ 2016-09-26T22:29:34+08:00 ] 127.0.0.1 /Public/static/js/angular/angular.min.js.map
INFO: [ app_init ] --START--
INFO: Run Behavior\BuildLiteBehavior [ RunTime:0.000016s ]
INFO: [ app_init ] --END-- [ RunTime:0.000348s ]
ERR: 无法加载模块:Public

[ 2016-09-26T22:30:58+08:00 ] 127.0.0.1 /Public/static/js/angular/angular.min.js.map
INFO: [ app_init ] --START--
INFO: Run Behavior\BuildLiteBehavior [ RunTime:0.000021s ]
INFO: [ app_init ] --END-- [ RunTime:0.000600s ]
ERR: 无法加载模块:Public

[ 2016-09-26T22:35:41+08:00 ] 125.71.134.108 /favicon.ico
INFO: [ app_init ] --START--
INFO: Run Behavior\BuildLiteBehavior [ RunTime:0.000022s ]
INFO: [ app_init ] --END-- [ RunTime:0.000497s ]
ERR: 无法加载模块:Favicon

[ 2016-09-26T22:41:27+08:00 ] 212.47.246.179 http://www.baidu.com/cache/global/img/gs.gif
INFO: [ app_init ] --START--
INFO: Run Behavior\BuildLiteBehavior [ RunTime:0.000016s ]
INFO: [ app_init ] --END-- [ RunTime:0.000475s ]
ERR: 无法加载模块:Cache

[ 2016-09-26T22:48:59+08:00 ] 127.0.0.1 /Public/static/js/angular/angular.min.js.map
INFO: [ app_init ] --START--
INFO: Run Behavior\BuildLiteBehavior [ RunTime:0.000051s ]
INFO: [ app_init ] --END-- [ RunTime:0.000952s ]
ERR: 无法加载模块:Public

[ 2016-09-26T22:49:34+08:00 ] 127.0.0.1 /Public/static/js/angular/angular.min.js.map
INFO: [ app_init ] --START--
INFO: Run Behavior\BuildLiteBehavior [ RunTime:0.000016s ]
INFO: [ app_init ] --END-- [ RunTime:0.000565s ]
ERR: 无法加载模块:Public

[ 2016-09-26T22:49:51+08:00 ] 127.0.0.1 /Public/static/js/angular/angular.min.js.map
INFO: [ app_init ] --START--
INFO: Run Behavior\BuildLiteBehavior [ RunTime:0.000021s ]
INFO: [ app_init ] --END-- [ RunTime:0.000639s ]
ERR: 无法加载模块:Public

[ 2016-09-26T22:49:51+08:00 ] 127.0.0.1 /Public/static/js/datatables.net.js
INFO: [ app_init ] --START--
INFO: Run Behavior\BuildLiteBehavior [ RunTime:0.000020s ]
INFO: [ app_init ] --END-- [ RunTime:0.000553s ]
ERR: 无法加载模块:Public

[ 2016-09-26T22:52:24+08:00 ] 127.0.0.1 /Public/static/js/angular/angular.min.js.map
INFO: [ app_init ] --START--
INFO: Run Behavior\BuildLiteBehavior [ RunTime:0.000026s ]
INFO: [ app_init ] --END-- [ RunTime:0.000771s ]
ERR: 无法加载模块:Public

[ 2016-09-26T22:52:43+08:00 ] 127.0.0.1 /Public/static/js/angular/angular.min.js.map
INFO: [ app_init ] --START--
INFO: Run Behavior\BuildLiteBehavior [ RunTime:0.000014s ]
INFO: [ app_init ] --END-- [ RunTime:0.000403s ]
ERR: 无法加载模块:Public

[ 2016-09-26T22:52:44+08:00 ] 127.0.0.1 /Public/static/js/datatables.net.js
INFO: [ app_init ] --START--
INFO: Run Behavior\BuildLiteBehavior [ RunTime:0.000019s ]
INFO: [ app_init ] --END-- [ RunTime:0.000360s ]
ERR: 无法加载模块:Public

[ 2016-09-26T22:53:56+08:00 ] 127.0.0.1 /Public/static/js/datatables.js
INFO: [ app_init ] --START--
INFO: Run Behavior\BuildLiteBehavior [ RunTime:0.000023s ]
INFO: [ app_init ] --END-- [ RunTime:0.000650s ]
ERR: 无法加载模块:Public

[ 2016-09-26T22:53:56+08:00 ] 127.0.0.1 /Public/static/js/angular/angular.min.js.map
INFO: [ app_init ] --START--
INFO: Run Behavior\BuildLiteBehavior [ RunTime:0.000015s ]
INFO: [ app_init ] --END-- [ RunTime:0.000413s ]
ERR: 无法加载模块:Public

[ 2016-09-26T22:54:04+08:00 ] 127.0.0.1 /Public/static/js/angular/angular.min.js.map
INFO: [ app_init ] --START--
INFO: Run Behavior\BuildLiteBehavior [ RunTime:0.000013s ]
INFO: [ app_init ] --END-- [ RunTime:0.000388s ]
ERR: 无法加载模块:Public

[ 2016-09-26T22:54:43+08:00 ] 127.0.0.1 /Public/static/js/angular/angular.min.js.map
INFO: [ app_init ] --START--
INFO: Run Behavior\BuildLiteBehavior [ RunTime:0.000027s ]
INFO: [ app_init ] --END-- [ RunTime:0.001412s ]
ERR: 无法加载模块:Public

[ 2016-09-26T22:58:39+08:00 ] 127.0.0.1 /Public/static/js/angular/angular.min.js.map
INFO: [ app_init ] --START--
INFO: Run Behavior\BuildLiteBehavior [ RunTime:0.000022s ]
INFO: [ app_init ] --END-- [ RunTime:0.000707s ]
ERR: 无法加载模块:Public

[ 2016-09-26T22:58:39+08:00 ] 127.0.0.1 /Public/static/js/datatables.net.js
INFO: [ app_init ] --START--
INFO: Run Behavior\BuildLiteBehavior [ RunTime:0.000012s ]
INFO: [ app_init ] --END-- [ RunTime:0.000359s ]
ERR: 无法加载模块:Public

[ 2016-09-26T22:59:06+08:00 ] 127.0.0.1 /Public/static/js/angular/angular.min.js.map
INFO: [ app_init ] --START--
INFO: Run Behavior\BuildLiteBehavior [ RunTime:0.000022s ]
INFO: [ app_init ] --END-- [ RunTime:0.000691s ]
ERR: 无法加载模块:Public

[ 2016-09-26T22:59:34+08:00 ] 127.0.0.1 /Public/static/js/angular/angular.min.js.map
INFO: [ app_init ] --START--
INFO: Run Behavior\BuildLiteBehavior [ RunTime:0.000026s ]
INFO: [ app_init ] --END-- [ RunTime:0.001318s ]
ERR: 无法加载模块:Public

[ 2016-09-26T23:03:57+08:00 ] 127.0.0.1 /Public/static/js/angular/angular.min.js.map
INFO: [ app_init ] --START--
INFO: Run Behavior\BuildLiteBehavior [ RunTime:0.000012s ]
INFO: [ app_init ] --END-- [ RunTime:0.000385s ]
ERR: 无法加载模块:Public

[ 2016-09-26T23:04:14+08:00 ] 127.0.0.1 /Public/static/js/datatables.js
INFO: [ app_init ] --START--
INFO: Run Behavior\BuildLiteBehavior [ RunTime:0.000023s ]
INFO: [ app_init ] --END-- [ RunTime:0.000607s ]
ERR: 无法加载模块:Public

[ 2016-09-26T23:04:14+08:00 ] 127.0.0.1 /Public/static/js/angular/angular.min.js.map
INFO: [ app_init ] --START--
INFO: Run Behavior\BuildLiteBehavior [ RunTime:0.000019s ]
INFO: [ app_init ] --END-- [ RunTime:0.000608s ]
ERR: 无法加载模块:Public

[ 2016-09-26T23:04:33+08:00 ] 127.0.0.1 /Public/static/js/angular/angular.min.js.map
INFO: [ app_init ] --START--
INFO: Run Behavior\BuildLiteBehavior [ RunTime:0.000023s ]
INFO: [ app_init ] --END-- [ RunTime:0.000775s ]
ERR: 无法加载模块:Public

[ 2016-09-26T23:05:41+08:00 ] 127.0.0.1 /Public/static/js/angular/angular.min.js.map
INFO: [ app_init ] --START--
INFO: Run Behavior\BuildLiteBehavior [ RunTime:0.000022s ]
INFO: [ app_init ] --END-- [ RunTime:0.000606s ]
ERR: 无法加载模块:Public

[ 2016-09-26T23:06:35+08:00 ] 127.0.0.1 /Public/static/js/angular/angular.min.js.map
INFO: [ app_init ] --START--
INFO: Run Behavior\BuildLiteBehavior [ RunTime:0.000023s ]
INFO: [ app_init ] --END-- [ RunTime:0.000670s ]
ERR: 无法加载模块:Public

[ 2016-09-26T23:07:39+08:00 ] 127.0.0.1 /Public/static/js/angular/angular.min.js.map
INFO: [ app_init ] --START--
INFO: Run Behavior\BuildLiteBehavior [ RunTime:0.000025s ]
INFO: [ app_init ] --END-- [ RunTime:0.000597s ]
ERR: 无法加载模块:Public

[ 2016-09-26T23:08:24+08:00 ] 127.0.0.1 /Public/static/js/angular/angular.min.js.map
INFO: [ app_init ] --START--
INFO: Run Behavior\BuildLiteBehavior [ RunTime:0.000021s ]
INFO: [ app_init ] --END-- [ RunTime:0.000653s ]
ERR: 无法加载模块:Public

[ 2016-09-26T23:08:46+08:00 ] 127.0.0.1 /Public/static/js/angular/angular.min.js.map
INFO: [ app_init ] --START--
INFO: Run Behavior\BuildLiteBehavior [ RunTime:0.000020s ]
INFO: [ app_init ] --END-- [ RunTime:0.000482s ]
ERR: 无法加载模块:Public

[ 2016-09-26T23:10:01+08:00 ] 127.0.0.1 /Public/static/js/angular/angular.min.js.map
INFO: [ app_init ] --START--
INFO: Run Behavior\BuildLiteBehavior [ RunTime:0.000021s ]
INFO: [ app_init ] --END-- [ RunTime:0.000633s ]
ERR: 无法加载模块:Public

[ 2016-09-26T23:13:08+08:00 ] 127.0.0.1 /Public/static/js/angular/angular.min.js.map
INFO: [ app_init ] --START--
INFO: Run Behavior\BuildLiteBehavior [ RunTime:0.000027s ]
INFO: [ app_init ] --END-- [ RunTime:0.001001s ]
ERR: 无法加载模块:Public

[ 2016-09-26T23:13:19+08:00 ] 127.0.0.1 /Public/static/js/angular/angular.min.js.map
INFO: [ app_init ] --START--
INFO: Run Behavior\BuildLiteBehavior [ RunTime:0.000021s ]
INFO: [ app_init ] --END-- [ RunTime:0.000623s ]
ERR: 无法加载模块:Public

[ 2016-09-26T23:13:41+08:00 ] 127.0.0.1 /Public/static/js/angular/angular.min.js.map
INFO: [ app_init ] --START--
INFO: Run Behavior\BuildLiteBehavior [ RunTime:0.000023s ]
INFO: [ app_init ] --END-- [ RunTime:0.000644s ]
ERR: 无法加载模块:Public

[ 2016-09-26T23:18:08+08:00 ] 127.0.0.1 /Public/static/js/angular/angular.min.js.map
INFO: [ app_init ] --START--
INFO: Run Behavior\BuildLiteBehavior [ RunTime:0.000024s ]
INFO: [ app_init ] --END-- [ RunTime:0.000625s ]
ERR: 无法加载模块:Public

[ 2016-09-26T23:18:15+08:00 ] 127.0.0.1 /Public/static/js/angular/angular.min.js.map
INFO: [ app_init ] --START--
INFO: Run Behavior\BuildLiteBehavior [ RunTime:0.000020s ]
INFO: [ app_init ] --END-- [ RunTime:0.000508s ]
ERR: 无法加载模块:Public

[ 2016-09-26T23:21:40+08:00 ] 127.0.0.1 /Public/static/js/angular/angular.min.js.map
INFO: [ app_init ] --START--
INFO: Run Behavior\BuildLiteBehavior [ RunTime:0.000021s ]
INFO: [ app_init ] --END-- [ RunTime:0.000597s ]
ERR: 无法加载模块:Public

[ 2016-09-26T23:21:53+08:00 ] 127.0.0.1 /Public/static/js/angular/angular.min.js.map
INFO: [ app_init ] --START--
INFO: Run Behavior\BuildLiteBehavior [ RunTime:0.000022s ]
INFO: [ app_init ] --END-- [ RunTime:0.000588s ]
ERR: 无法加载模块:Public

[ 2016-09-26T23:22:20+08:00 ] 127.0.0.1 /Public/static/js/angular/angular.min.js.map
INFO: [ app_init ] --START--
INFO: Run Behavior\BuildLiteBehavior [ RunTime:0.000021s ]
INFO: [ app_init ] --END-- [ RunTime:0.000595s ]
ERR: 无法加载模块:Public

[ 2016-09-26T23:22:44+08:00 ] 127.0.0.1 /Public/static/js/angular/angular.min.js.map
INFO: [ app_init ] --START--
INFO: Run Behavior\BuildLiteBehavior [ RunTime:0.000018s ]
INFO: [ app_init ] --END-- [ RunTime:0.000425s ]
ERR: 无法加载模块:Public

[ 2016-09-26T23:23:04+08:00 ] 127.0.0.1 /Public/static/js/angular/angular.min.js.map
INFO: [ app_init ] --START--
INFO: Run Behavior\BuildLiteBehavior [ RunTime:0.000024s ]
INFO: [ app_init ] --END-- [ RunTime:0.000688s ]
ERR: 无法加载模块:Public

[ 2016-09-26T23:23:45+08:00 ] 127.0.0.1 /Public/static/js/angular/angular.min.js.map
INFO: [ app_init ] --START--
INFO: Run Behavior\BuildLiteBehavior [ RunTime:0.000070s ]
INFO: [ app_init ] --END-- [ RunTime:0.000687s ]
ERR: 无法加载模块:Public

[ 2016-09-26T23:24:25+08:00 ] 127.0.0.1 /Public/static/js/angular/angular.min.js.map
INFO: [ app_init ] --START--
INFO: Run Behavior\BuildLiteBehavior [ RunTime:0.000021s ]
INFO: [ app_init ] --END-- [ RunTime:0.000585s ]
ERR: 无法加载模块:Public

[ 2016-09-26T23:24:33+08:00 ] 127.0.0.1 /Public/static/js/angular/angular.min.js.map
INFO: [ app_init ] --START--
INFO: Run Behavior\BuildLiteBehavior [ RunTime:0.000021s ]
INFO: [ app_init ] --END-- [ RunTime:0.000592s ]
ERR: 无法加载模块:Public

[ 2016-09-26T23:25:07+08:00 ] 127.0.0.1 /Public/static/js/angular/angular.min.js.map
INFO: [ app_init ] --START--
INFO: Run Behavior\BuildLiteBehavior [ RunTime:0.000020s ]
INFO: [ app_init ] --END-- [ RunTime:0.000629s ]
ERR: 无法加载模块:Public

[ 2016-09-26T23:25:22+08:00 ] 127.0.0.1 /Public/static/js/angular/angular.min.js.map
INFO: [ app_init ] --START--
INFO: Run Behavior\BuildLiteBehavior [ RunTime:0.000016s ]
INFO: [ app_init ] --END-- [ RunTime:0.000425s ]
ERR: 无法加载模块:Public

[ 2016-09-26T23:25:58+08:00 ] 127.0.0.1 /Public/static/js/angular/angular.min.js.map
INFO: [ app_init ] --START--
INFO: Run Behavior\BuildLiteBehavior [ RunTime:0.000014s ]
INFO: [ app_init ] --END-- [ RunTime:0.000444s ]
ERR: 无法加载模块:Public

[ 2016-09-26T23:28:27+08:00 ] 127.0.0.1 /Public/static/js/angular/angular.min.js.map
INFO: [ app_init ] --START--
INFO: Run Behavior\BuildLiteBehavior [ RunTime:0.000012s ]
INFO: [ app_init ] --END-- [ RunTime:0.000371s ]
ERR: 无法加载模块:Public

