[ 2016-10-18T00:02:13+08:00 ] 150.138.150.66 /favicon.ico
INFO: [ app_init ] --START--
INFO: Run Behavior\BuildLiteBehavior [ RunTime:0.000020s ]
INFO: [ app_init ] --END-- [ RunTime:0.000140s ]
ERR: 无法加载模块:Favicon

[ 2016-10-18T00:02:21+08:00 ] 150.138.150.72 /a
INFO: [ app_init ] --START--
INFO: Run Behavior\BuildLiteBehavior [ RunTime:0.000018s ]
INFO: [ app_init ] --END-- [ RunTime:0.000125s ]
ERR: 无法加载模块:A

[ 2016-10-18T00:02:26+08:00 ] 150.138.150.24 /Uploads/bing/2016-10-18.jpg
INFO: [ app_init ] --START--
INFO: Run Behavior\BuildLiteBehavior [ RunTime:0.000015s ]
INFO: [ app_init ] --END-- [ RunTime:0.000108s ]
ERR: 无法加载模块:Uploads

[ 2016-10-18T14:38:13+08:00 ] 182.150.0.109 /Uploads//bing//480.2016-10-14.jpg
INFO: [ app_init ] --START--
INFO: Run Behavior\BuildLiteBehavior [ RunTime:0.000011s ]
INFO: [ app_init ] --END-- [ RunTime:0.000077s ]
ERR: 无法加载模块:Uploads

[ 2016-10-18T15:04:03+08:00 ] 182.150.0.119 /Uploads/bing/490.2016-10-09.jpg
INFO: [ app_init ] --START--
INFO: Run Behavior\BuildLiteBehavior [ RunTime:0.000017s ]
INFO: [ app_init ] --END-- [ RunTime:0.000123s ]
ERR: 无法加载模块:Uploads

[ 2016-10-18T15:39:19+08:00 ] 182.150.0.124 /Uploads/bing/480.2016-10-07.jpg
INFO: [ app_init ] --START--
INFO: Run Behavior\BuildLiteBehavior [ RunTime:0.000016s ]
INFO: [ app_init ] --END-- [ RunTime:0.000140s ]
ERR: 无法加载模块:Uploads

[ 2016-10-18T15:39:24+08:00 ] 182.150.0.124 /Uploads/bing/480.2016-10-08.jpg
INFO: [ app_init ] --START--
INFO: Run Behavior\BuildLiteBehavior [ RunTime:0.000028s ]
INFO: [ app_init ] --END-- [ RunTime:0.000191s ]
ERR: 无法加载模块:Uploads

[ 2016-10-18T15:44:20+08:00 ] 182.150.0.124 /Uploads/bing/480.2016-10-05.jpg
INFO: [ app_init ] --START--
INFO: Run Behavior\BuildLiteBehavior [ RunTime:0.000035s ]
INFO: [ app_init ] --END-- [ RunTime:0.000140s ]
ERR: 无法加载模块:Uploads

[ 2016-10-18T15:51:30+08:00 ] 182.150.0.124 /Uploads/bing/480.2016-10-03.jpg
INFO: [ app_init ] --START--
INFO: Run Behavior\BuildLiteBehavior [ RunTime:0.000017s ]
INFO: [ app_init ] --END-- [ RunTime:0.000153s ]
ERR: 无法加载模块:Uploads

[ 2016-10-18T20:35:29+08:00 ] 172.68.10.69 /robots.txt
INFO: [ app_init ] --START--
INFO: Run Behavior\BuildLiteBehavior [ RunTime:0.000021s ]
INFO: [ app_init ] --END-- [ RunTime:0.000149s ]
ERR: 无法加载模块:Robots

[ 2016-10-18T21:35:14+08:00 ] 182.150.0.124 /favicon.ico
INFO: [ app_init ] --START--
INFO: Run Behavior\BuildLiteBehavior [ RunTime:0.000015s ]
INFO: [ app_init ] --END-- [ RunTime:0.000107s ]
ERR: 无法加载模块:Favicon

[ 2016-10-18T21:35:36+08:00 ] 182.150.0.124 /favicon.ico
INFO: [ app_init ] --START--
INFO: Run Behavior\BuildLiteBehavior [ RunTime:0.000014s ]
INFO: [ app_init ] --END-- [ RunTime:0.000103s ]
ERR: 无法加载模块:Favicon

