[ 2016-10-18T16:51:14+08:00 ] 172.68.11.72 /admin/login/index.html
INFO: [ app_init ] --START--
INFO: Run Behavior\BuildLiteBehavior [ RunTime:0.000020s ]
INFO: [ app_init ] --END-- [ RunTime:0.000129s ]
INFO: [ app_begin ] --START--
INFO: Run Behavior\ReadHtmlCacheBehavior [ RunTime:0.000062s ]
INFO: [ app_begin ] --END-- [ RunTime:0.000119s ]
SQL: SHOW COLUMNS FROM `tp_user` [ RunTime:0.0079s ]
SQL: SELECT `user_header_img` FROM `tp_user` WHERE `uname` = 'yuany' LIMIT 1   [ RunTime:0.0003s ]
INFO: [ view_parse ] --START--
INFO: [ template_filter ] --START--
INFO: Run Behavior\ContentReplaceBehavior [ RunTime:0.000051s ]
INFO: [ template_filter ] --END-- [ RunTime:0.000107s ]
NOTIC: [8] Undefined variable: web_title /usr/share/httpd/blog/Application/Runtime/Cache/Admin/32ec6c906c117a7c2bf504769276d87a.php 第 9 行.
INFO: Run Behavior\ParseTemplateBehavior [ RunTime:0.002505s ]
INFO: [ view_parse ] --END-- [ RunTime:0.002570s ]
INFO: [ view_filter ] --START--
INFO: Run Behavior\WriteHtmlCacheBehavior [ RunTime:0.000056s ]
INFO: [ view_filter ] --END-- [ RunTime:0.000092s ]
INFO: [ app_end ] --START--
INFO: Run Behavior\ShowPageTraceBehavior [ RunTime:0.000047s ]
INFO: [ app_end ] --END-- [ RunTime:0.000093s ]

