[ 2016-10-07T21:58:59+08:00 ] 125.71.132.94 /admin/login/index.html
INFO: [ app_init ] --START--
INFO: Run Behavior\BuildLiteBehavior [ RunTime:0.000014s ]
INFO: [ app_init ] --END-- [ RunTime:0.000369s ]
INFO: [ app_begin ] --START--
INFO: Run Behavior\ReadHtmlCacheBehavior [ RunTime:0.000948s ]
INFO: [ app_begin ] --END-- [ RunTime:0.001074s ]
SQL: SHOW COLUMNS FROM `tp_user` [ RunTime:0.1077s ]
SQL: SELECT `user_header_img` FROM `tp_user` WHERE `uname` = 'yuany' LIMIT 1   [ RunTime:0.0137s ]
INFO: [ view_parse ] --START--
INFO: [ template_filter ] --START--
INFO: Run Behavior\ContentReplaceBehavior [ RunTime:0.000383s ]
INFO: [ template_filter ] --END-- [ RunTime:0.000638s ]
NOTIC: [8] Undefined variable: web_title D:\website\blog\Application\Runtime\Cache\Admin\32ec6c906c117a7c2bf504769276d87a.php 第 9 行.
INFO: Run Behavior\ParseTemplateBehavior [ RunTime:0.066740s ]
INFO: [ view_parse ] --END-- [ RunTime:0.066836s ]
INFO: [ view_filter ] --START--
INFO: Run Behavior\WriteHtmlCacheBehavior [ RunTime:0.000274s ]
INFO: [ view_filter ] --END-- [ RunTime:0.000319s ]
INFO: [ app_end ] --START--
INFO: Run Behavior\ShowPageTraceBehavior [ RunTime:0.000560s ]
INFO: [ app_end ] --END-- [ RunTime:0.000619s ]

[ 2016-10-07T21:59:03+08:00 ] 125.71.132.94 /admin/login/login_by_uname.html
INFO: [ app_init ] --START--
INFO: Run Behavior\BuildLiteBehavior [ RunTime:0.000015s ]
INFO: [ app_init ] --END-- [ RunTime:0.000441s ]
INFO: [ app_begin ] --START--
INFO: Run Behavior\ReadHtmlCacheBehavior [ RunTime:0.000646s ]
INFO: [ app_begin ] --END-- [ RunTime:0.000709s ]
SQL: SHOW COLUMNS FROM `tp_user` [ RunTime:0.0807s ]
SQL: SELECT * FROM `tp_user` WHERE `uname` = 'yuany' AND `upwd` = '21232f297a57a5a743894a0e4a801fc3' LIMIT 1   [ RunTime:0.0117s ]
SQL: UPDATE `tp_user` SET `last_login_time`='1475848743',`last_login_ip`='125.71.132.94' WHERE `id` = 17 [ RunTime:0.0703s ]

[ 2016-10-07T21:59:04+08:00 ] 125.71.132.94 /admin/index.html
INFO: [ app_init ] --START--
INFO: Run Behavior\BuildLiteBehavior [ RunTime:0.000020s ]
INFO: [ app_init ] --END-- [ RunTime:0.000407s ]
INFO: [ app_begin ] --START--
INFO: Run Behavior\ReadHtmlCacheBehavior [ RunTime:0.000836s ]
INFO: [ app_begin ] --END-- [ RunTime:0.000978s ]
INFO: [ view_parse ] --START--
INFO: [ template_filter ] --START--
INFO: Run Behavior\ContentReplaceBehavior [ RunTime:0.000157s ]
INFO: [ template_filter ] --END-- [ RunTime:0.000212s ]
NOTIC: [8] Undefined variable: blog_title D:\website\blog\Application\Runtime\Cache\Admin\b595b808c2ebeeeb0478ffc30bb4e87a.php 第 6 行.
NOTIC: [8] Undefined variable: web_title D:\website\blog\Application\Runtime\Cache\Admin\b595b808c2ebeeeb0478ffc30bb4e87a.php 第 6 行.
NOTIC: [8] Undefined variable: time D:\website\blog\Application\Runtime\Cache\Admin\b595b808c2ebeeeb0478ffc30bb4e87a.php 第 326 行.
INFO: Run Behavior\ParseTemplateBehavior [ RunTime:0.084038s ]
INFO: [ view_parse ] --END-- [ RunTime:0.084118s ]
INFO: [ view_filter ] --START--
INFO: Run Behavior\WriteHtmlCacheBehavior [ RunTime:0.000477s ]
INFO: [ view_filter ] --END-- [ RunTime:0.000528s ]
INFO: [ app_end ] --START--
INFO: Run Behavior\ShowPageTraceBehavior [ RunTime:0.000907s ]
INFO: [ app_end ] --END-- [ RunTime:0.000966s ]

[ 2016-10-07T21:59:05+08:00 ] 125.71.132.94 /admin/index/get_article_list_by_time.html
INFO: [ app_init ] --START--
INFO: Run Behavior\BuildLiteBehavior [ RunTime:0.000020s ]
INFO: [ app_init ] --END-- [ RunTime:0.000486s ]
INFO: [ app_begin ] --START--
INFO: Run Behavior\ReadHtmlCacheBehavior [ RunTime:0.000680s ]
INFO: [ app_begin ] --END-- [ RunTime:0.000774s ]
SQL: SHOW COLUMNS FROM `tp_article` [ RunTime:0.1392s ]
SQL: SELECT a.id,a.title,u.uname,a.create_time FROM `tp_article` as a LEFT JOIN tp_user as u on u.id = a.create_user_id  WHERE `create_time` >= '1475762345' ORDER BY create_time DESC  [ RunTime:0.0113s ]

